{"@timestamp":"2020-10-22T02:58:00.588Z","TimeCreated":"2020-10-22T02:58:00.588Z","Hashes":"SHA1=A330EDE32DFA03AE6808EE7FB6916D8DEB8F5DDE,MD5=A094E2B38D3DD864B07580D243CB6E43,SHA256=C441E19D20961D4E990E117A300ED318BEDBF2F8BA0FF07BEE7832AC502CDDF2,IMPHASH=CE4BD072766253F6A267D0284CA82002","Signature":"Microsoft Windows","ProviderGuid":"{5770385f-c22a-43e0-bf4c-06f5698ffbd9}","Company":"Microsoft Corporation","UtcTime":"2020-10-22 06:58:00.569","ProcessGuid":"{39e4a257-2d78-5f91-6d13-000000000700}","Image":"C:\\Windows\\System32\\conhost.exe","ImageLoaded":"C:\\Windows\\System32\\sechost.dll","Level":"4","Channel":"Microsoft-Windows-Sysmon/Operational","Task":"7","RuleName":"-","FileVersion":"10.0.18362.959 (WinBuild.160101.0800)","SourceName":"Microsoft-Windows-Sysmon","Hostname":"WORKSTATION5","ProcessId":"10164","Description":"Host for SCM/SDDL/LSA Lookup APIs","SignatureStatus":"Valid","Product":"Microsoft Windows Operating System","EventID":7,"Keywords":"0x8000000000000000","Signed":"true","OriginalFileName":"sechost.dll","Message":"Image loaded:\r\nRuleName: -\r\nUtcTime: 2020-10-22 06:58:00.569\r\nProcessGuid: {39e4a257-2d78-5f91-6d13-000000000700}\r\nProcessId: 10164\r\nImage: C:\\Windows\\System32\\conhost.exe\r\nImageLoaded: C:\\Windows\\System32\\sechost.dll\r\nFileVersion: 10.0.18362.959 (WinBuild.160101.0800)\r\nDescription: Host for SCM/SDDL/LSA Lookup APIs\r\nProduct: Microsoft Windows Operating System\r\nCompany: Microsoft Corporation\r\nOriginalFileName: sechost.dll\r\nHashes: SHA1=A330EDE32DFA03AE6808EE7FB6916D8DEB8F5DDE,MD5=A094E2B38D3DD864B07580D243CB6E43,SHA256=C441E19D20961D4E990E117A300ED318BEDBF2F8BA0FF07BEE7832AC502CDDF2,IMPHASH=CE4BD072766253F6A267D0284CA82002\r\nSigned: true\r\nSignature: Microsoft Windows\r\nSignatureStatus: Valid"}
{"GrantedAccess":"0x1fffff","@timestamp":"2020-10-22T02:58:00.590Z","TimeCreated":"2020-10-22T02:58:00.590Z","SourceThreadId":"3036","SourceImage":"C:\\windows\\system32\\conhost.exe","ProviderGuid":"{5770385f-c22a-43e0-bf4c-06f5698ffbd9}","CallTrace":"C:\\windows\\SYSTEM32\\ntdll.dll+9c584|C:\\windows\\System32\\KERNELBASE.dll+305fe|C:\\windows\\system32\\conhost.exe+1260d|C:\\windows\\system32\\conhost.exe+12505|C:\\windows\\system32\\conhost.exe+895c|C:\\windows\\system32\\conhost.exe+f2e6|C:\\windows\\System32\\KERNEL32.DLL+17c24|C:\\windows\\SYSTEM32\\ntdll.dll+6cea1","UtcTime":"2020-10-22 06:58:00.584","TargetProcessGUID":"{39e4a257-2d78-5f91-6c13-000000000700}","SourceProcessId":"10164","Level":"4","Channel":"Microsoft-Windows-Sysmon/Operational","Task":"10","RuleName":"-","SourceName":"Microsoft-Windows-Sysmon","Hostname":"WORKSTATION5","SourceProcessGUID":"{39e4a257-2d78-5f91-6d13-000000000700}","TargetProcessId":"9572","EventID":10,"Keywords":"0x8000000000000000","TargetImage":"C:\\Windows\\System32\\WindowsPowerShell\\v1.0\\powershell.exe","Message":"Process accessed:\r\nRuleName: -\r\nUtcTime: 2020-10-22 06:58:00.584\r\nSourceProcessGUID: {39e4a257-2d78-5f91-6d13-000000000700}\r\nSourceProcessId: 10164\r\nSourceThreadId: 3036\r\nSourceImage: C:\\windows\\system32\\conhost.exe\r\nTargetProcessGUID: {39e4a257-2d78-5f91-6c13-000000000700}\r\nTargetProcessId: 9572\r\nTargetImage: C:\\Windows\\System32\\WindowsPowerShell\\v1.0\\powershell.exe\r\nGrantedAccess: 0x1FFFFF\r\nCallTrace: C:\\windows\\SYSTEM32\\ntdll.dll+9c584|C:\\windows\\System32\\KERNELBASE.dll+305fe|C:\\windows\\system32\\conhost.exe+1260d|C:\\windows\\system32\\conhost.exe+12505|C:\\windows\\system32\\conhost.exe+895c|C:\\windows\\system32\\conhost.exe+f2e6|C:\\windows\\System32\\KERNEL32.DLL+17c24|C:\\windows\\SYSTEM32\\ntdll.dll+6cea1"}
{"@timestamp":"2020-10-22T02:58:00.591Z","TimeCreated":"2020-10-22T02:58:00.591Z","Hashes":"SHA1=6B56618013746DA2480E9B14DBD03BD1C6DC009F,MD5=99391EBA3F88D56C3D27268D7947782F,SHA256=3AC2B856DD34D51A631C26791916A036C6C917667D8562676CCE8F2F35349221,IMPHASH=70F6F0466DB32D0AA9E18434AE996907","Signature":"Microsoft Windows","ProviderGuid":"{5770385f-c22a-43e0-bf4c-06f5698ffbd9}","Company":"Microsoft Corporation","UtcTime":"2020-10-22 06:58:00.584","ProcessGuid":"{39e4a257-2d78-5f91-6d13-000000000700}","Image":"C:\\Windows\\System32\\conhost.exe","ImageLoaded":"C:\\Windows\\System32\\user32.dll","Level":"4","Channel":"Microsoft-Windows-Sysmon/Operational","Task":"7","RuleName":"-","FileVersion":"10.0.18362.1110 (WinBuild.160101.0800)","SourceName":"Microsoft-Windows-Sysmon","Hostname":"WORKSTATION5","ProcessId":"10164","Description":"Multi-User Windows USER API Client DLL","SignatureStatus":"Valid","Product":"Microsoft Windows Operating System","EventID":7,"Keywords":"0x8000000000000000","Signed":"true","OriginalFileName":"user32","Message":"Image loaded:\r\nRuleName: -\r\nUtcTime: 2020-10-22 06:58:00.584\r\nProcessGuid: {39e4a257-2d78-5f91-6d13-000000000700}\r\nProcessId: 10164\r\nImage: C:\\Windows\\System32\\conhost.exe\r\nImageLoaded: C:\\Windows\\System32\\user32.dll\r\nFileVersion: 10.0.18362.1110 (WinBuild.160101.0800)\r\nDescription: Multi-User Windows USER API Client DLL\r\nProduct: Microsoft Windows Operating System\r\nCompany: Microsoft Corporation\r\nOriginalFileName: user32\r\nHashes: SHA1=6B56618013746DA2480E9B14DBD03BD1C6DC009F,MD5=99391EBA3F88D56C3D27268D7947782F,SHA256=3AC2B856DD34D51A631C26791916A036C6C917667D8562676CCE8F2F35349221,IMPHASH=70F6F0466DB32D0AA9E18434AE996907\r\nSigned: true\r\nSignature: Microsoft Windows\r\nSignatureStatus: Valid"}
{"@timestamp":"2020-10-22T02:58:00.592Z","TimeCreated":"2020-10-22T02:58:00.592Z","Hashes":"SHA1=09CAA4704CC828100AA4BDB1366B5156CD1A63E4,MD5=BE23D5C90313AACEC36448136408D336,SHA256=20EE5EE473456C0853CC7B64FA9BCDBFB3C00B0848B3CFE141535C10AC944478,IMPHASH=00000000000000000000000000000000","Signature":"Microsoft Windows","ProviderGuid":"{5770385f-c22a-43e0-bf4c-06f5698ffbd9}","Company":"Microsoft Corporation","UtcTime":"2020-10-22 06:58:00.584","ProcessGuid":"{39e4a257-2d78-5f91-6d13-000000000700}","Image":"C:\\Windows\\System32\\conhost.exe","ImageLoaded":"C:\\Windows\\System32\\win32u.dll","Level":"4","Channel":"Microsoft-Windows-Sysmon/Operational","Task":"7","RuleName":"-","FileVersion":"10.0.18362.1139 (WinBuild.160101.0800)","SourceName":"Microsoft-Windows-Sysmon","Hostname":"WORKSTATION5","ProcessId":"10164","Description":"Win32u","SignatureStatus":"Valid","Product":"Microsoft Windows Operating System","EventID":7,"Keywords":"0x8000000000000000","Signed":"true","OriginalFileName":"Win32u.DLL","Message":"Image loaded:\r\nRuleName: -\r\nUtcTime: 2020-10-22 06:58:00.584\r\nProcessGuid: {39e4a257-2d78-5f91-6d13-000000000700}\r\nProcessId: 10164\r\nImage: C:\\Windows\\System32\\conhost.exe\r\nImageLoaded: C:\\Windows\\System32\\win32u.dll\r\nFileVersion: 10.0.18362.1139 (WinBuild.160101.0800)\r\nDescription: Win32u\r\nProduct: Microsoft Windows Operating System\r\nCompany: Microsoft Corporation\r\nOriginalFileName: Win32u.DLL\r\nHashes: SHA1=09CAA4704CC828100AA4BDB1366B5156CD1A63E4,MD5=BE23D5C90313AACEC36448136408D336,SHA256=20EE5EE473456C0853CC7B64FA9BCDBFB3C00B0848B3CFE141535C10AC944478,IMPHASH=00000000000000000000000000000000\r\nSigned: true\r\nSignature: Microsoft Windows\r\nSignatureStatus: Valid"}
{"@timestamp":"2020-10-22T02:58:00.593Z","TimeCreated":"2020-10-22T02:58:00.593Z","Hashes":"SHA1=9E91D74D5B9BF64A3D4BE8C5EA3594F5DA2BC299,MD5=2839609118F48DEA292084E43FAA72D8,SHA256=4FC9460147D5A3AA1F9498863CF10BB7BE6099BEF1A3D55503164CA51E36E27E,IMPHASH=C5F30E6A06AB646153863B68366FE58A","Signature":"Microsoft Windows","ProviderGuid":"{5770385f-c22a-43e0-bf4c-06f5698ffbd9}","Company":"Microsoft Corporation","UtcTime":"2020-10-22 06:58:00.584","ProcessGuid":"{39e4a257-2d78-5f91-6d13-000000000700}","Image":"C:\\Windows\\System32\\conhost.exe","ImageLoaded":"C:\\Windows\\System32\\gdi32.dll","Level":"4","Channel":"Microsoft-Windows-Sysmon/Operational","Task":"7","RuleName":"-","FileVersion":"10.0.18362.1 (WinBuild.160101.0800)","SourceName":"Microsoft-Windows-Sysmon","Hostname":"WORKSTATION5","ProcessId":"10164","Description":"GDI Client DLL","SignatureStatus":"Valid","Product":"Microsoft Windows Operating System","EventID":7,"Keywords":"0x8000000000000000","Signed":"true","OriginalFileName":"gdi32","Message":"Image loaded:\r\nRuleName: -\r\nUtcTime: 2020-10-22 06:58:00.584\r\nProcessGuid: {39e4a257-2d78-5f91-6d13-000000000700}\r\nProcessId: 10164\r\nImage: C:\\Windows\\System32\\conhost.exe\r\nImageLoaded: C:\\Windows\\System32\\gdi32.dll\r\nFileVersion: 10.0.18362.1 (WinBuild.160101.0800)\r\nDescription: GDI Client DLL\r\nProduct: Microsoft Windows Operating System\r\nCompany: Microsoft Corporation\r\nOriginalFileName: gdi32\r\nHashes: SHA1=9E91D74D5B9BF64A3D4BE8C5EA3594F5DA2BC299,MD5=2839609118F48DEA292084E43FAA72D8,SHA256=4FC9460147D5A3AA1F9498863CF10BB7BE6099BEF1A3D55503164CA51E36E27E,IMPHASH=C5F30E6A06AB646153863B68366FE58A\r\nSigned: true\r\nSignature: Microsoft Windows\r\nSignatureStatus: Valid"}
{"@timestamp":"2020-10-22T02:58:00.593Z","TimeCreated":"2020-10-22T02:58:00.593Z","Hashes":"SHA1=F9E2F12438029B6CC54E25DC77E0CDAF4E2F60E6,MD5=EF7E6E4AA8B9EB0B9C2915F6C8F0C71A,SHA256=0428CCE46E90E781510B784E97DC514D4F0564B31591526CDABD40654D4A8F79,IMPHASH=4D32F6E2211CD04CA28C2CD4FAC607E8","Signature":"Microsoft Windows","ProviderGuid":"{5770385f-c22a-43e0-bf4c-06f5698ffbd9}","Company":"Microsoft Corporation","UtcTime":"2020-10-22 06:58:00.584","ProcessGuid":"{39e4a257-2d78-5f91-6d13-000000000700}","Image":"C:\\Windows\\System32\\conhost.exe","ImageLoaded":"C:\\Windows\\System32\\gdi32full.dll","Level":"4","Channel":"Microsoft-Windows-Sysmon/Operational","Task":"7","RuleName":"-","FileVersion":"10.0.18362.1139 (WinBuild.160101.0800)","SourceName":"Microsoft-Windows-Sysmon","Hostname":"WORKSTATION5","ProcessId":"10164","Description":"GDI Client DLL","SignatureStatus":"Valid","Product":"Microsoft Windows Operating System","EventID":7,"Keywords":"0x8000000000000000","Signed":"true","OriginalFileName":"gdi32","Message":"Image loaded:\r\nRuleName: -\r\nUtcTime: 2020-10-22 06:58:00.584\r\nProcessGuid: {39e4a257-2d78-5f91-6d13-000000000700}\r\nProcessId: 10164\r\nImage: C:\\Windows\\System32\\conhost.exe\r\nImageLoaded: C:\\Windows\\System32\\gdi32full.dll\r\nFileVersion: 10.0.18362.1139 (WinBuild.160101.0800)\r\nDescription: GDI Client DLL\r\nProduct: Microsoft Windows Operating System\r\nCompany: Microsoft Corporation\r\nOriginalFileName: gdi32\r\nHashes: SHA1=F9E2F12438029B6CC54E25DC77E0CDAF4E2F60E6,MD5=EF7E6E4AA8B9EB0B9C2915F6C8F0C71A,SHA256=0428CCE46E90E781510B784E97DC514D4F0564B31591526CDABD40654D4A8F79,IMPHASH=4D32F6E2211CD04CA28C2CD4FAC607E8\r\nSigned: true\r\nSignature: Microsoft Windows\r\nSignatureStatus: Valid"}
{"@timestamp":"2020-10-22T02:58:00.596Z","TimeCreated":"2020-10-22T02:58:00.596Z","Hashes":"SHA1=76BB2AB8D3CB6DB6D23F4771334C9AA9C231B03A,MD5=025CC332EDC4B1A38290F3E36BCEF4FB,SHA256=0FE3C1C575EA1B0257B2EB12527EC35E3004CD88EA5BAEC7095386A9F9EB70AD,IMPHASH=24F54B6761C10BA12481CF6C780605BF","Signature":"Microsoft Windows","ProviderGuid":"{5770385f-c22a-43e0-bf4c-06f5698ffbd9}","Company":"Microsoft Corporation","UtcTime":"2020-10-22 06:58:00.584","ProcessGuid":"{39e4a257-2d78-5f91-6d13-000000000700}","Image":"C:\\Windows\\System32\\conhost.exe","ImageLoaded":"C:\\Windows\\System32\\imm32.dll","Level":"4","Channel":"Microsoft-Windows-Sysmon/Operational","Task":"7","RuleName":"-","FileVersion":"10.0.18362.387 (WinBuild.160101.0800)","SourceName":"Microsoft-Windows-Sysmon","Hostname":"WORKSTATION5","ProcessId":"10164","Description":"Multi-User Windows IMM32 API Client DLL","SignatureStatus":"Valid","Product":"Microsoft Windows Operating System","EventID":7,"Keywords":"0x8000000000000000","Signed":"true","OriginalFileName":"imm32","Message":"Image loaded:\r\nRuleName: -\r\nUtcTime: 2020-10-22 06:58:00.584\r\nProcessGuid: {39e4a257-2d78-5f91-6d13-000000000700}\r\nProcessId: 10164\r\nImage: C:\\Windows\\System32\\conhost.exe\r\nImageLoaded: C:\\Windows\\System32\\imm32.dll\r\nFileVersion: 10.0.18362.387 (WinBuild.160101.0800)\r\nDescription: Multi-User Windows IMM32 API Client DLL\r\nProduct: Microsoft Windows Operating System\r\nCompany: Microsoft Corporation\r\nOriginalFileName: imm32\r\nHashes: SHA1=76BB2AB8D3CB6DB6D23F4771334C9AA9C231B03A,MD5=025CC332EDC4B1A38290F3E36BCEF4FB,SHA256=0FE3C1C575EA1B0257B2EB12527EC35E3004CD88EA5BAEC7095386A9F9EB70AD,IMPHASH=24F54B6761C10BA12481CF6C780605BF\r\nSigned: true\r\nSignature: Microsoft Windows\r\nSignatureStatus: Valid"}
{"@timestamp":"2020-10-22T02:58:00.597Z","TimeCreated":"2020-10-22T02:58:00.597Z","Hashes":"SHA1=D837B06466C7DDE8B0F1F557BD64869F7D8461CB,MD5=AE65F0EB55CCA3989D318F8553B86D45,SHA256=8D32A4ED11296334F1600FB24AA257D459230260414FD507505C132A38795559,IMPHASH=CF1CF044B71EA0BFF6B8C06A1A7D28F0","Signature":"Microsoft Windows","ProviderGuid":"{5770385f-c22a-43e0-bf4c-06f5698ffbd9}","Company":"Microsoft Corporation","UtcTime":"2020-10-22 06:58:00.225","ProcessGuid":"{39e4a257-2d77-5f91-6b13-000000000700}","Image":"C:\\Windows\\System32\\mshta.exe","ImageLoaded":"C:\\Windows\\System32\\msIso.dll","Level":"4","Channel":"Microsoft-Windows-Sysmon/Operational","Task":"7","RuleName":"-","FileVersion":"11.00.18362.1110 (WinBuild.160101.0800)","SourceName":"Microsoft-Windows-Sysmon","Hostname":"WORKSTATION5","ProcessId":"10980","Description":"Isolation Library for Internet Explorer","SignatureStatus":"Valid","Product":"Internet Explorer","EventID":7,"Keywords":"0x8000000000000000","Signed":"true","OriginalFileName":"msIso.dll","Message":"Image loaded:\r\nRuleName: -\r\nUtcTime: 2020-10-22 06:58:00.225\r\nProcessGuid: {39e4a257-2d77-5f91-6b13-000000000700}\r\nProcessId: 10980\r\nImage: C:\\Windows\\System32\\mshta.exe\r\nImageLoaded: C:\\Windows\\System32\\msIso.dll\r\nFileVersion: 11.00.18362.1110 (WinBuild.160101.0800)\r\nDescription: Isolation Library for Internet Explorer\r\nProduct: Internet Explorer\r\nCompany: Microsoft Corporation\r\nOriginalFileName: msIso.dll\r\nHashes: SHA1=D837B06466C7DDE8B0F1F557BD64869F7D8461CB,MD5=AE65F0EB55CCA3989D318F8553B86D45,SHA256=8D32A4ED11296334F1600FB24AA257D459230260414FD507505C132A38795559,IMPHASH=CF1CF044B71EA0BFF6B8C06A1A7D28F0\r\nSigned: true\r\nSignature: Microsoft Windows\r\nSignatureStatus: Valid"}
{"@timestamp":"2020-10-22T02:58:00.599Z","TimeCreated":"2020-10-22T02:58:00.599Z","ProviderGuid":"{5770385f-c22a-43e0-bf4c-06f5698ffbd9}","UtcTime":"2020-10-22 06:58:00.584","ProcessGuid":"{39e4a257-2d77-5f91-6b13-000000000700}","Image":"C:\\Windows\\System32\\mshta.exe","Level":"4","Channel":"Microsoft-Windows-Sysmon/Operational","Task":"5","RuleName":"-","SourceName":"Microsoft-Windows-Sysmon","Hostname":"WORKSTATION5","ProcessId":"10980","EventID":5,"Keywords":"0x8000000000000000","Message":"Process terminated:\r\nRuleName: -\r\nUtcTime: 2020-10-22 06:58:00.584\r\nProcessGuid: {39e4a257-2d77-5f91-6b13-000000000700}\r\nProcessId: 10980\r\nImage: C:\\Windows\\System32\\mshta.exe"}
{"@timestamp":"2020-10-22T02:58:00.600Z","TimeCreated":"2020-10-22T02:58:00.600Z","Hashes":"SHA1=1BE5EC1130E4B812224AF98D1C4B81B91C8D8BCE,MD5=698E67C04A48B58FE0FE2B7DAB428BD2,SHA256=D4F8395347B3C952DA3309BD3ADFBF87F52582C744204692DEDB0B6E720AEE1A,IMPHASH=5DE31297232BD99BC22531D7CE95B80E","Signature":"Microsoft Windows","ProviderGuid":"{5770385f-c22a-43e0-bf4c-06f5698ffbd9}","Company":"Microsoft Corporation","UtcTime":"2020-10-22 06:58:00.584","ProcessGuid":"{39e4a257-2d78-5f91-6d13-000000000700}","Image":"C:\\Windows\\System32\\conhost.exe","ImageLoaded":"C:\\Windows\\System32\\shell32.dll","Level":"4","Channel":"Microsoft-Windows-Sysmon/Operational","Task":"7","RuleName":"-","FileVersion":"10.0.18362.1110 (WinBuild.160101.0800)","SourceName":"Microsoft-Windows-Sysmon","Hostname":"WORKSTATION5","ProcessId":"10164","Description":"Windows Shell Common Dll","SignatureStatus":"Valid","Product":"Microsoft Windows Operating System","EventID":7,"Keywords":"0x8000000000000000","Signed":"true","OriginalFileName":"SHELL32.DLL","Message":"Image loaded:\r\nRuleName: -\r\nUtcTime: 2020-10-22 06:58:00.584\r\nProcessGuid: {39e4a257-2d78-5f91-6d13-000000000700}\r\nProcessId: 10164\r\nImage: C:\\Windows\\System32\\conhost.exe\r\nImageLoaded: C:\\Windows\\System32\\shell32.dll\r\nFileVersion: 10.0.18362.1110 (WinBuild.160101.0800)\r\nDescription: Windows Shell Common Dll\r\nProduct: Microsoft Windows Operating System\r\nCompany: Microsoft Corporation\r\nOriginalFileName: SHELL32.DLL\r\nHashes: SHA1=1BE5EC1130E4B812224AF98D1C4B81B91C8D8BCE,MD5=698E67C04A48B58FE0FE2B7DAB428BD2,SHA256=D4F8395347B3C952DA3309BD3ADFBF87F52582C744204692DEDB0B6E720AEE1A,IMPHASH=5DE31297232BD99BC22531D7CE95B80E\r\nSigned: true\r\nSignature: Microsoft Windows\r\nSignatureStatus: Valid"}
{"@timestamp":"2020-10-22T02:58:00.601Z","TimeCreated":"2020-10-22T02:58:00.601Z","Hashes":"SHA1=FA3A718BEED81C7084675E250ADC305677A6B5E4,MD5=3A99A40872AF3B87406CC57DBDF53748,SHA256=96A1DB38C74A81FBA4C4AB29020551364FD1ADA3B6FED789D193C787E757979D,IMPHASH=4B4464C7677B6F07342800F4CF0BA273","Signature":"Microsoft Windows","ProviderGuid":"{5770385f-c22a-43e0-bf4c-06f5698ffbd9}","Company":"Microsoft Corporation","UtcTime":"2020-10-22 06:58:00.600","ProcessGuid":"{39e4a257-2d78-5f91-6d13-000000000700}","Image":"C:\\Windows\\System32\\conhost.exe","ImageLoaded":"C:\\Windows\\System32\\cfgmgr32.dll","Level":"4","Channel":"Microsoft-Windows-Sysmon/Operational","Task":"7","RuleName":"-","FileVersion":"10.0.18362.387 (WinBuild.160101.0800)","SourceName":"Microsoft-Windows-Sysmon","Hostname":"WORKSTATION5","ProcessId":"10164","Description":"Configuration Manager DLL","SignatureStatus":"Valid","Product":"Microsoft Windows Operating System","EventID":7,"Keywords":"0x8000000000000000","Signed":"true","OriginalFileName":"CFGMGR32.DLL","Message":"Image loaded:\r\nRuleName: -\r\nUtcTime: 2020-10-22 06:58:00.600\r\nProcessGuid: {39e4a257-2d78-5f91-6d13-000000000700}\r\nProcessId: 10164\r\nImage: C:\\Windows\\System32\\conhost.exe\r\nImageLoaded: C:\\Windows\\System32\\cfgmgr32.dll\r\nFileVersion: 10.0.18362.387 (WinBuild.160101.0800)\r\nDescription: Configuration Manager DLL\r\nProduct: Microsoft Windows Operating System\r\nCompany: Microsoft Corporation\r\nOriginalFileName: CFGMGR32.DLL\r\nHashes: SHA1=FA3A718BEED81C7084675E250ADC305677A6B5E4,MD5=3A99A40872AF3B87406CC57DBDF53748,SHA256=96A1DB38C74A81FBA4C4AB29020551364FD1ADA3B6FED789D193C787E757979D,IMPHASH=4B4464C7677B6F07342800F4CF0BA273\r\nSigned: true\r\nSignature: Microsoft Windows\r\nSignatureStatus: Valid"}
{"@timestamp":"2020-10-22T02:58:00.602Z","TimeCreated":"2020-10-22T02:58:00.602Z","Hashes":"SHA1=DF7D0248848C0247FD5F65ABD9799FDA0380C77D,MD5=DDD102204FDCD3FC8DD0AA89CF6609A3,SHA256=49F37639155096444C1B780071B8D63320FD8F8DC1D7CEF7A9031830C4F90968,IMPHASH=BDB3E400A78EE2D42C647E85CD2D827B","Signature":"Microsoft Windows","ProviderGuid":"{5770385f-c22a-43e0-bf4c-06f5698ffbd9}","Company":"Microsoft Corporation","UtcTime":"2020-10-22 06:58:00.600","ProcessGuid":"{39e4a257-2d78-5f91-6d13-000000000700}","Image":"C:\\Windows\\System32\\conhost.exe","ImageLoaded":"C:\\Windows\\System32\\windows.storage.dll","Level":"4","Channel":"Microsoft-Windows-Sysmon/Operational","Task":"7","RuleName":"-","FileVersion":"10.0.18362.1082 (WinBuild.160101.0800)","SourceName":"Microsoft-Windows-Sysmon","Hostname":"WORKSTATION5","ProcessId":"10164","Description":"Microsoft WinRT Storage API","SignatureStatus":"Valid","Product":"Microsoft Windows Operating System","EventID":7,"Keywords":"0x8000000000000000","Signed":"true","OriginalFileName":"Windows.Storage.dll","Message":"Image loaded:\r\nRuleName: -\r\nUtcTime: 2020-10-22 06:58:00.600\r\nProcessGuid: {39e4a257-2d78-5f91-6d13-000000000700}\r\nProcessId: 10164\r\nImage: C:\\Windows\\System32\\conhost.exe\r\nImageLoaded: C:\\Windows\\System32\\windows.storage.dll\r\nFileVersion: 10.0.18362.1082 (WinBuild.160101.0800)\r\nDescription: Microsoft WinRT Storage API\r\nProduct: Microsoft Windows Operating System\r\nCompany: Microsoft Corporation\r\nOriginalFileName: Windows.Storage.dll\r\nHashes: SHA1=DF7D0248848C0247FD5F65ABD9799FDA0380C77D,MD5=DDD102204FDCD3FC8DD0AA89CF6609A3,SHA256=49F37639155096444C1B780071B8D63320FD8F8DC1D7CEF7A9031830C4F90968,IMPHASH=BDB3E400A78EE2D42C647E85CD2D827B\r\nSigned: true\r\nSignature: Microsoft Windows\r\nSignatureStatus: Valid"}
{"@timestamp":"2020-10-22T02:58:00.607Z","TimeCreated":"2020-10-22T02:58:00.607Z","Hashes":"SHA1=387FC7660AFDEC45CFFB84980EB77D0E787ED31B,MD5=F4862E1CC68687B9D4B245512BDF8383,SHA256=A2DF0AC95B9AA338EB6062BA5739F65BFBA86658546F4C5CAC6045C363F55E24,IMPHASH=192CF98320740B7D296297054A9C3EEA","Signature":"Microsoft Windows","ProviderGuid":"{5770385f-c22a-43e0-bf4c-06f5698ffbd9}","Company":"Microsoft Corporation","UtcTime":"2020-10-22 06:58:00.600","ProcessGuid":"{39e4a257-2d78-5f91-6d13-000000000700}","Image":"C:\\Windows\\System32\\conhost.exe","ImageLoaded":"C:\\Windows\\System32\\profapi.dll","Level":"4","Channel":"Microsoft-Windows-Sysmon/Operational","Task":"7","RuleName":"-","FileVersion":"10.0.18362.693 (WinBuild.160101.0800)","SourceName":"Microsoft-Windows-Sysmon","Hostname":"WORKSTATION5","ProcessId":"10164","Description":"User Profile Basic API","SignatureStatus":"Valid","Product":"Microsoft Windows Operating System","EventID":7,"Keywords":"0x8000000000000000","Signed":"true","OriginalFileName":"PROFAPI.DLL","Message":"Image loaded:\r\nRuleName: -\r\nUtcTime: 2020-10-22 06:58:00.600\r\nProcessGuid: {39e4a257-2d78-5f91-6d13-000000000700}\r\nProcessId: 10164\r\nImage: C:\\Windows\\System32\\conhost.exe\r\nImageLoaded: C:\\Windows\\System32\\profapi.dll\r\nFileVersion: 10.0.18362.693 (WinBuild.160101.0800)\r\nDescription: User Profile Basic API\r\nProduct: Microsoft Windows Operating System\r\nCompany: Microsoft Corporation\r\nOriginalFileName: PROFAPI.DLL\r\nHashes: SHA1=387FC7660AFDEC45CFFB84980EB77D0E787ED31B,MD5=F4862E1CC68687B9D4B245512BDF8383,SHA256=A2DF0AC95B9AA338EB6062BA5739F65BFBA86658546F4C5CAC6045C363F55E24,IMPHASH=192CF98320740B7D296297054A9C3EEA\r\nSigned: true\r\nSignature: Microsoft Windows\r\nSignatureStatus: Valid"}
{"@timestamp":"2020-10-22T02:58:00.608Z","TimeCreated":"2020-10-22T02:58:00.608Z","Hashes":"SHA1=30D5ADBC0664977C27B65622F514632581C9AF45,MD5=07B027B1E0B775FAE815E487F28137B9,SHA256=21358CE9A416C7F6DB063095102E91F014BDB85B08A4E783E17234792C9B483A,IMPHASH=817FF4748665EB442F0081A91349F764","Signature":"Microsoft Windows","ProviderGuid":"{5770385f-c22a-43e0-bf4c-06f5698ffbd9}","Company":"Microsoft Corporation","UtcTime":"2020-10-22 06:58:00.600","ProcessGuid":"{39e4a257-2d78-5f91-6d13-000000000700}","Image":"C:\\Windows\\System32\\conhost.exe","ImageLoaded":"C:\\Windows\\System32\\powrprof.dll","Level":"4","Channel":"Microsoft-Windows-Sysmon/Operational","Task":"7","RuleName":"-","FileVersion":"10.0.18362.1 (WinBuild.160101.0800)","SourceName":"Microsoft-Windows-Sysmon","Hostname":"WORKSTATION5","ProcessId":"10164","Description":"Power Profile Helper DLL","SignatureStatus":"Valid","Product":"Microsoft Windows Operating System","EventID":7,"Keywords":"0x8000000000000000","Signed":"true","OriginalFileName":"POWRPROF.DLL","Message":"Image loaded:\r\nRuleName: -\r\nUtcTime: 2020-10-22 06:58:00.600\r\nProcessGuid: {39e4a257-2d78-5f91-6d13-000000000700}\r\nProcessId: 10164\r\nImage: C:\\Windows\\System32\\conhost.exe\r\nImageLoaded: C:\\Windows\\System32\\powrprof.dll\r\nFileVersion: 10.0.18362.1 (WinBuild.160101.0800)\r\nDescription: Power Profile Helper DLL\r\nProduct: Microsoft Windows Operating System\r\nCompany: Microsoft Corporation\r\nOriginalFileName: POWRPROF.DLL\r\nHashes: SHA1=30D5ADBC0664977C27B65622F514632581C9AF45,MD5=07B027B1E0B775FAE815E487F28137B9,SHA256=21358CE9A416C7F6DB063095102E91F014BDB85B08A4E783E17234792C9B483A,IMPHASH=817FF4748665EB442F0081A91349F764\r\nSigned: true\r\nSignature: Microsoft Windows\r\nSignatureStatus: Valid"}
{"@timestamp":"2020-10-22T02:58:00.608Z","TimeCreated":"2020-10-22T02:58:00.608Z","Hashes":"SHA1=6ABB78FB1614C12E3E9FFF3DE98B0E13E79201D9,MD5=B9A75ED4500DD953DF172FE6F63578E8,SHA256=709B99BA1DFEF6D9B2483F37D242B12F29B1E1ADE13E338B4D7041C55B55204B,IMPHASH=5A0FF5293A05BFEBAE6F2C9C302FC5E7","Signature":"Microsoft Windows","ProviderGuid":"{5770385f-c22a-43e0-bf4c-06f5698ffbd9}","Company":"-","UtcTime":"2020-10-22 06:58:00.600","ProcessGuid":"{39e4a257-2d78-5f91-6d13-000000000700}","Image":"C:\\Windows\\System32\\conhost.exe","ImageLoaded":"C:\\Windows\\System32\\umpdc.dll","Level":"4","Channel":"Microsoft-Windows-Sysmon/Operational","Task":"7","RuleName":"-","FileVersion":"-","SourceName":"Microsoft-Windows-Sysmon","Hostname":"WORKSTATION5","ProcessId":"10164","Description":"-","SignatureStatus":"Valid","Product":"-","EventID":7,"Keywords":"0x8000000000000000","Signed":"true","OriginalFileName":"-","Message":"Image loaded:\r\nRuleName: -\r\nUtcTime: 2020-10-22 06:58:00.600\r\nProcessGuid: {39e4a257-2d78-5f91-6d13-000000000700}\r\nProcessId: 10164\r\nImage: C:\\Windows\\System32\\conhost.exe\r\nImageLoaded: C:\\Windows\\System32\\umpdc.dll\r\nFileVersion: -\r\nDescription: -\r\nProduct: -\r\nCompany: -\r\nOriginalFileName: -\r\nHashes: SHA1=6ABB78FB1614C12E3E9FFF3DE98B0E13E79201D9,MD5=B9A75ED4500DD953DF172FE6F63578E8,SHA256=709B99BA1DFEF6D9B2483F37D242B12F29B1E1ADE13E338B4D7041C55B55204B,IMPHASH=5A0FF5293A05BFEBAE6F2C9C302FC5E7\r\nSigned: true\r\nSignature: Microsoft Windows\r\nSignatureStatus: Valid"}
{"@timestamp":"2020-10-22T02:58:00.608Z","TimeCreated":"2020-10-22T02:58:00.608Z","Hashes":"SHA1=9074DF3335B785BB00B43AE76ACC66B799118FAE,MD5=BFB85A9022324E41FCEC5011BCB5FD23,SHA256=3CDA144CFB6278DA47267FE1E1FE258716A074C3D3DD8413B259DA7DA1039871,IMPHASH=6659A49ABF33952444C5A7FA22FD9032","Signature":"Microsoft Windows","ProviderGuid":"{5770385f-c22a-43e0-bf4c-06f5698ffbd9}","Company":"Microsoft Corporation","UtcTime":"2020-10-22 06:58:00.600","ProcessGuid":"{39e4a257-2d78-5f91-6d13-000000000700}","Image":"C:\\Windows\\System32\\conhost.exe","ImageLoaded":"C:\\Windows\\System32\\shlwapi.dll","Level":"4","Channel":"Microsoft-Windows-Sysmon/Operational","Task":"7","RuleName":"-","FileVersion":"10.0.18362.1 (WinBuild.160101.0800)","SourceName":"Microsoft-Windows-Sysmon","Hostname":"WORKSTATION5","ProcessId":"10164","Description":"Shell Light-weight Utility Library","SignatureStatus":"Valid","Product":"Microsoft Windows Operating System","EventID":7,"Keywords":"0x8000000000000000","Signed":"true","OriginalFileName":"SHLWAPI.DLL","Message":"Image loaded:\r\nRuleName: -\r\nUtcTime: 2020-10-22 06:58:00.600\r\nProcessGuid: {39e4a257-2d78-5f91-6d13-000000000700}\r\nProcessId: 10164\r\nImage: C:\\Windows\\System32\\conhost.exe\r\nImageLoaded: C:\\Windows\\System32\\shlwapi.dll\r\nFileVersion: 10.0.18362.1 (WinBuild.160101.0800)\r\nDescription: Shell Light-weight Utility Library\r\nProduct: Microsoft Windows Operating System\r\nCompany: Microsoft Corporation\r\nOriginalFileName: SHLWAPI.DLL\r\nHashes: SHA1=9074DF3335B785BB00B43AE76ACC66B799118FAE,MD5=BFB85A9022324E41FCEC5011BCB5FD23,SHA256=3CDA144CFB6278DA47267FE1E1FE258716A074C3D3DD8413B259DA7DA1039871,IMPHASH=6659A49ABF33952444C5A7FA22FD9032\r\nSigned: true\r\nSignature: Microsoft Windows\r\nSignatureStatus: Valid"}
{"@timestamp":"2020-10-22T02:58:00.608Z","TimeCreated":"2020-10-22T02:58:00.608Z","Hashes":"SHA1=F1D1D942ACBA432D60C139A8AE9644665044BCD6,MD5=5539643D8D55C97FB3A5F7E24C448A3F,SHA256=4FB47D56F0FC6C27FEC884E078A2999F7B2E10994359960CC78182544CA80C36,IMPHASH=639D16ACD736EAE912B88E985A0A7A0F","Signature":"Microsoft Windows","ProviderGuid":"{5770385f-c22a-43e0-bf4c-06f5698ffbd9}","Company":"Microsoft Corporation","UtcTime":"2020-10-22 06:58:00.600","ProcessGuid":"{39e4a257-2d78-5f91-6d13-000000000700}","Image":"C:\\Windows\\System32\\conhost.exe","ImageLoaded":"C:\\Windows\\System32\\kernel.appcore.dll","Level":"4","Channel":"Microsoft-Windows-Sysmon/Operational","Task":"7","RuleName":"-","FileVersion":"10.0.18362.1110 (WinBuild.160101.0800)","SourceName":"Microsoft-Windows-Sysmon","Hostname":"WORKSTATION5","ProcessId":"10164","Description":"AppModel API Host","SignatureStatus":"Valid","Product":"Microsoft Windows Operating System","EventID":7,"Keywords":"0x8000000000000000","Signed":"true","OriginalFileName":"kernel.appcore.dll","Message":"Image loaded:\r\nRuleName: -\r\nUtcTime: 2020-10-22 06:58:00.600\r\nProcessGuid: {39e4a257-2d78-5f91-6d13-000000000700}\r\nProcessId: 10164\r\nImage: C:\\Windows\\System32\\conhost.exe\r\nImageLoaded: C:\\Windows\\System32\\kernel.appcore.dll\r\nFileVersion: 10.0.18362.1110 (WinBuild.160101.0800)\r\nDescription: AppModel API Host\r\nProduct: Microsoft Windows Operating System\r\nCompany: Microsoft Corporation\r\nOriginalFileName: kernel.appcore.dll\r\nHashes: SHA1=F1D1D942ACBA432D60C139A8AE9644665044BCD6,MD5=5539643D8D55C97FB3A5F7E24C448A3F,SHA256=4FB47D56F0FC6C27FEC884E078A2999F7B2E10994359960CC78182544CA80C36,IMPHASH=639D16ACD736EAE912B88E985A0A7A0F\r\nSigned: true\r\nSignature: Microsoft Windows\r\nSignatureStatus: Valid"}
{"@timestamp":"2020-10-22T02:58:00.609Z","TimeCreated":"2020-10-22T02:58:00.609Z","Hashes":"SHA1=90F229FB5DB52DF3604195B10C48E946684929ED,MD5=ACE18C6797090A1AA259BB8713917F98,SHA256=F5E118F67745792909973717FAE1F9FE68B2619332A4451AD04E0C9072B8D605,IMPHASH=A9B9D04D0B53DC48ABB37BE77AD01B55","Signature":"Microsoft Windows","ProviderGuid":"{5770385f-c22a-43e0-bf4c-06f5698ffbd9}","Company":"Microsoft Corporation","UtcTime":"2020-10-22 06:58:00.600","ProcessGuid":"{39e4a257-2d78-5f91-6d13-000000000700}","Image":"C:\\Windows\\System32\\conhost.exe","ImageLoaded":"C:\\Windows\\System32\\cryptsp.dll","Level":"4","Channel":"Microsoft-Windows-Sysmon/Operational","Task":"7","RuleName":"-","FileVersion":"10.0.18362.1 (WinBuild.160101.0800)","SourceName":"Microsoft-Windows-Sysmon","Hostname":"WORKSTATION5","ProcessId":"10164","Description":"Cryptographic Service Provider API","SignatureStatus":"Valid","Product":"Microsoft Windows Operating System","EventID":7,"Keywords":"0x8000000000000000","Signed":"true","OriginalFileName":"cryptsp.dll","Message":"Image loaded:\r\nRuleName: -\r\nUtcTime: 2020-10-22 06:58:00.600\r\nProcessGuid: {39e4a257-2d78-5f91-6d13-000000000700}\r\nProcessId: 10164\r\nImage: C:\\Windows\\System32\\conhost.exe\r\nImageLoaded: C:\\Windows\\System32\\cryptsp.dll\r\nFileVersion: 10.0.18362.1 (WinBuild.160101.0800)\r\nDescription: Cryptographic Service Provider API\r\nProduct: Microsoft Windows Operating System\r\nCompany: Microsoft Corporation\r\nOriginalFileName: cryptsp.dll\r\nHashes: SHA1=90F229FB5DB52DF3604195B10C48E946684929ED,MD5=ACE18C6797090A1AA259BB8713917F98,SHA256=F5E118F67745792909973717FAE1F9FE68B2619332A4451AD04E0C9072B8D605,IMPHASH=A9B9D04D0B53DC48ABB37BE77AD01B55\r\nSigned: true\r\nSignature: Microsoft Windows\r\nSignatureStatus: Valid"}
{"@timestamp":"2020-10-22T02:58:00.609Z","TimeCreated":"2020-10-22T02:58:00.609Z","Hashes":"SHA1=62956D6FAEB4EC8EA54315A8E3CC15F06165AD57,MD5=3C9D22CAE173AD19806B6A016CD4CC28,SHA256=D95E7D07EA46D7D2AEFA01CD0A64CF266BE26D40FA6BE42F7CF60F6DEB8FBAF3,IMPHASH=64BAD10B75B987F62BF08E1852DE4022","Signature":"Microsoft Windows","ProviderGuid":"{5770385f-c22a-43e0-bf4c-06f5698ffbd9}","Company":"Microsoft Corporation","UtcTime":"2020-10-22 06:58:00.600","ProcessGuid":"{39e4a257-2d78-5f91-6d13-000000000700}","Image":"C:\\Windows\\System32\\conhost.exe","ImageLoaded":"C:\\Windows\\System32\\uxtheme.dll","Level":"4","Channel":"Microsoft-Windows-Sysmon/Operational","Task":"7","RuleName":"-","FileVersion":"10.0.18362.449 (WinBuild.160101.0800)","SourceName":"Microsoft-Windows-Sysmon","Hostname":"WORKSTATION5","ProcessId":"10164","Description":"Microsoft UxTheme Library","SignatureStatus":"Valid","Product":"Microsoft Windows Operating System","EventID":7,"Keywords":"0x8000000000000000","Signed":"true","OriginalFileName":"UxTheme.dll","Message":"Image loaded:\r\nRuleName: -\r\nUtcTime: 2020-10-22 06:58:00.600\r\nProcessGuid: {39e4a257-2d78-5f91-6d13-000000000700}\r\nProcessId: 10164\r\nImage: C:\\Windows\\System32\\conhost.exe\r\nImageLoaded: C:\\Windows\\System32\\uxtheme.dll\r\nFileVersion: 10.0.18362.449 (WinBuild.160101.0800)\r\nDescription: Microsoft UxTheme Library\r\nProduct: Microsoft Windows Operating System\r\nCompany: Microsoft Corporation\r\nOriginalFileName: UxTheme.dll\r\nHashes: SHA1=62956D6FAEB4EC8EA54315A8E3CC15F06165AD57,MD5=3C9D22CAE173AD19806B6A016CD4CC28,SHA256=D95E7D07EA46D7D2AEFA01CD0A64CF266BE26D40FA6BE42F7CF60F6DEB8FBAF3,IMPHASH=64BAD10B75B987F62BF08E1852DE4022\r\nSigned: true\r\nSignature: Microsoft Windows\r\nSignatureStatus: Valid"}
{"GrantedAccess":"0x1478","@timestamp":"2020-10-22T02:58:00.609Z","TimeCreated":"2020-10-22T02:58:00.609Z","SourceThreadId":"2236","SourceImage":"C:\\windows\\System32\\svchost.exe","ProviderGuid":"{5770385f-c22a-43e0-bf4c-06f5698ffbd9}","CallTrace":"C:\\windows\\SYSTEM32\\ntdll.dll+9c584|c:\\windows\\system32\\themeservice.dll+1a9a|c:\\windows\\system32\\themeservice.dll+1736|c:\\windows\\system32\\themeservice.dll+6026|c:\\windows\\system32\\themeservice.dll+ad9a|c:\\windows\\system32\\themeservice.dll+9dcf|C:\\windows\\System32\\svchost.exe+314c|C:\\windows\\System32\\sechost.dll+2de2|C:\\windows\\System32\\KERNEL32.DLL+17c24|C:\\windows\\SYSTEM32\\ntdll.dll+6cea1","UtcTime":"2020-10-22 06:58:00.600","TargetProcessGUID":"{39e4a257-2d78-5f91-6d13-000000000700}","SourceProcessId":"2064","Level":"4","Channel":"Microsoft-Windows-Sysmon/Operational","Task":"10","RuleName":"-","SourceName":"Microsoft-Windows-Sysmon","Hostname":"WORKSTATION5","SourceProcessGUID":"{39e4a257-f133-5f8b-3400-000000000700}","TargetProcessId":"10164","EventID":10,"Keywords":"0x8000000000000000","TargetImage":"C:\\windows\\system32\\conhost.exe","Message":"Process accessed:\r\nRuleName: -\r\nUtcTime: 2020-10-22 06:58:00.600\r\nSourceProcessGUID: {39e4a257-f133-5f8b-3400-000000000700}\r\nSourceProcessId: 2064\r\nSourceThreadId: 2236\r\nSourceImage: C:\\windows\\System32\\svchost.exe\r\nTargetProcessGUID: {39e4a257-2d78-5f91-6d13-000000000700}\r\nTargetProcessId: 10164\r\nTargetImage: C:\\windows\\system32\\conhost.exe\r\nGrantedAccess: 0x1478\r\nCallTrace: C:\\windows\\SYSTEM32\\ntdll.dll+9c584|c:\\windows\\system32\\themeservice.dll+1a9a|c:\\windows\\system32\\themeservice.dll+1736|c:\\windows\\system32\\themeservice.dll+6026|c:\\windows\\system32\\themeservice.dll+ad9a|c:\\windows\\system32\\themeservice.dll+9dcf|C:\\windows\\System32\\svchost.exe+314c|C:\\windows\\System32\\sechost.dll+2de2|C:\\windows\\System32\\KERNEL32.DLL+17c24|C:\\windows\\SYSTEM32\\ntdll.dll+6cea1"}
{"@timestamp":"2020-10-22T02:58:00.610Z","TimeCreated":"2020-10-22T02:58:00.610Z","Hashes":"SHA1=7C5E867EAC1A444F647F2E57F81CA1562CB576DD,MD5=CBD0768F19FD2CECB4DA3143AD631D70,SHA256=A6880164D01DCCCE1A27641CB86DAD1288BE11D0BED00730018E6D347DB01CB3,IMPHASH=709246AFE247776C2A5FC8556FBC82E9","Signature":"Microsoft Windows","ProviderGuid":"{5770385f-c22a-43e0-bf4c-06f5698ffbd9}","Company":"Microsoft Corporation","UtcTime":"2020-10-22 06:58:00.240","ProcessGuid":"{39e4a257-2d77-5f91-6b13-000000000700}","Image":"C:\\Windows\\System32\\mshta.exe","ImageLoaded":"C:\\Windows\\System32\\msimtf.dll","Level":"4","Channel":"Microsoft-Windows-Sysmon/Operational","Task":"7","RuleName":"-","FileVersion":"10.0.18362.1 (WinBuild.160101.0800)","SourceName":"Microsoft-Windows-Sysmon","Hostname":"WORKSTATION5","ProcessId":"10980","Description":"Active IMM Server DLL","SignatureStatus":"Valid","Product":"Microsoft Windows Operating System","EventID":7,"Keywords":"0x8000000000000000","Signed":"true","OriginalFileName":"MSIMTF.DLL","Message":"Image loaded:\r\nRuleName: -\r\nUtcTime: 2020-10-22 06:58:00.240\r\nProcessGuid: {39e4a257-2d77-5f91-6b13-000000000700}\r\nProcessId: 10980\r\nImage: C:\\Windows\\System32\\mshta.exe\r\nImageLoaded: C:\\Windows\\System32\\msimtf.dll\r\nFileVersion: 10.0.18362.1 (WinBuild.160101.0800)\r\nDescription: Active IMM Server DLL\r\nProduct: Microsoft Windows Operating System\r\nCompany: Microsoft Corporation\r\nOriginalFileName: MSIMTF.DLL\r\nHashes: SHA1=7C5E867EAC1A444F647F2E57F81CA1562CB576DD,MD5=CBD0768F19FD2CECB4DA3143AD631D70,SHA256=A6880164D01DCCCE1A27641CB86DAD1288BE11D0BED00730018E6D347DB01CB3,IMPHASH=709246AFE247776C2A5FC8556FBC82E9\r\nSigned: true\r\nSignature: Microsoft Windows\r\nSignatureStatus: Valid"}
{"GrantedAccess":"0x1400","@timestamp":"2020-10-22T02:58:00.611Z","TimeCreated":"2020-10-22T02:58:00.611Z","SourceThreadId":"9408","SourceImage":"C:\\windows\\System32\\svchost.exe","ProviderGuid":"{5770385f-c22a-43e0-bf4c-06f5698ffbd9}","CallTrace":"C:\\windows\\SYSTEM32\\ntdll.dll+9c584|c:\\windows\\system32\\themeservice.dll+1d60|c:\\windows\\system32\\themeservice.dll+1595|c:\\windows\\system32\\themeservice.dll+1461|c:\\windows\\system32\\themeservice.dll+1886|C:\\windows\\SYSTEM32\\ntdll.dll+2f655|C:\\windows\\SYSTEM32\\ntdll.dll+345b4|C:\\windows\\System32\\KERNEL32.DLL+17c24|C:\\windows\\SYSTEM32\\ntdll.dll+6cea1","UtcTime":"2020-10-22 06:58:00.600","TargetProcessGUID":"{39e4a257-2d78-5f91-6d13-000000000700}","SourceProcessId":"2064","Level":"4","Channel":"Microsoft-Windows-Sysmon/Operational","Task":"10","RuleName":"-","SourceName":"Microsoft-Windows-Sysmon","Hostname":"WORKSTATION5","SourceProcessGUID":"{39e4a257-f133-5f8b-3400-000000000700}","TargetProcessId":"10164","EventID":10,"Keywords":"0x8000000000000000","TargetImage":"C:\\windows\\system32\\conhost.exe","Message":"Process accessed:\r\nRuleName: -\r\nUtcTime: 2020-10-22 06:58:00.600\r\nSourceProcessGUID: {39e4a257-f133-5f8b-3400-000000000700}\r\nSourceProcessId: 2064\r\nSourceThreadId: 9408\r\nSourceImage: C:\\windows\\System32\\svchost.exe\r\nTargetProcessGUID: {39e4a257-2d78-5f91-6d13-000000000700}\r\nTargetProcessId: 10164\r\nTargetImage: C:\\windows\\system32\\conhost.exe\r\nGrantedAccess: 0x1400\r\nCallTrace: C:\\windows\\SYSTEM32\\ntdll.dll+9c584|c:\\windows\\system32\\themeservice.dll+1d60|c:\\windows\\system32\\themeservice.dll+1595|c:\\windows\\system32\\themeservice.dll+1461|c:\\windows\\system32\\themeservice.dll+1886|C:\\windows\\SYSTEM32\\ntdll.dll+2f655|C:\\windows\\SYSTEM32\\ntdll.dll+345b4|C:\\windows\\System32\\KERNEL32.DLL+17c24|C:\\windows\\SYSTEM32\\ntdll.dll+6cea1"}
{"@timestamp":"2020-10-22T02:58:00.625Z","TimeCreated":"2020-10-22T02:58:00.625Z","Hashes":"SHA1=303846D5F07AE346E79B1D3757DF2B2398BCEDBC,MD5=DD5128D5E571389C12A06537E3BAC40D,SHA256=5D19E51A05DB19EECCB258F3B57E202CCF3C7C9C4ACB34BE1512333153F04607,IMPHASH=7B4706167FE5F26CD7D99FE8A59ECB37","Signature":"Microsoft Windows","ProviderGuid":"{5770385f-c22a-43e0-bf4c-06f5698ffbd9}","Company":"Microsoft Corporation","UtcTime":"2020-10-22 06:58:00.272","ProcessGuid":"{39e4a257-2d77-5f91-6b13-000000000700}","Image":"C:\\Windows\\System32\\mshta.exe","ImageLoaded":"C:\\Windows\\System32\\DataExchange.dll","Level":"4","Channel":"Microsoft-Windows-Sysmon/Operational","Task":"7","RuleName":"-","FileVersion":"10.0.18362.836 (WinBuild.160101.0800)","SourceName":"Microsoft-Windows-Sysmon","Hostname":"WORKSTATION5","ProcessId":"10980","Description":"Data exchange","SignatureStatus":"Valid","Product":"Microsoft Windows Operating System","EventID":7,"Keywords":"0x8000000000000000","Signed":"true","OriginalFileName":"DataExchange.dll","Message":"Image loaded:\r\nRuleName: -\r\nUtcTime: 2020-10-22 06:58:00.272\r\nProcessGuid: {39e4a257-2d77-5f91-6b13-000000000700}\r\nProcessId: 10980\r\nImage: C:\\Windows\\System32\\mshta.exe\r\nImageLoaded: C:\\Windows\\System32\\DataExchange.dll\r\nFileVersion: 10.0.18362.836 (WinBuild.160101.0800)\r\nDescription: Data exchange\r\nProduct: Microsoft Windows Operating System\r\nCompany: Microsoft Corporation\r\nOriginalFileName: DataExchange.dll\r\nHashes: SHA1=303846D5F07AE346E79B1D3757DF2B2398BCEDBC,MD5=DD5128D5E571389C12A06537E3BAC40D,SHA256=5D19E51A05DB19EECCB258F3B57E202CCF3C7C9C4ACB34BE1512333153F04607,IMPHASH=7B4706167FE5F26CD7D99FE8A59ECB37\r\nSigned: true\r\nSignature: Microsoft Windows\r\nSignatureStatus: Valid"}
{"@timestamp":"2020-10-22T02:58:00.632Z","TimeCreated":"2020-10-22T02:58:00.632Z","Hashes":"SHA1=5F7008EE8ADAABADD68C6DD5BE92D63E65FA246F,MD5=52FEBDEBB997A30DE66EBFF6C84458FE,SHA256=D5036280A629574D7421D12EDE96C8E05ED595A5DEDF1ED9678FF5667035514B,IMPHASH=E36139468C6DD82FE56B6A135839960B","Signature":"Microsoft Windows","ProviderGuid":"{5770385f-c22a-43e0-bf4c-06f5698ffbd9}","Company":"Microsoft Corporation","UtcTime":"2020-10-22 06:58:00.615","ProcessGuid":"{39e4a257-2d78-5f91-6d13-000000000700}","Image":"C:\\Windows\\System32\\conhost.exe","ImageLoaded":"C:\\Windows\\System32\\msctf.dll","Level":"4","Channel":"Microsoft-Windows-Sysmon/Operational","Task":"7","RuleName":"-","FileVersion":"10.0.18362.1139 (WinBuild.160101.0800)","SourceName":"Microsoft-Windows-Sysmon","Hostname":"WORKSTATION5","ProcessId":"10164","Description":"MSCTF Server DLL","SignatureStatus":"Valid","Product":"Microsoft Windows Operating System","EventID":7,"Keywords":"0x8000000000000000","Signed":"true","OriginalFileName":"MSCTF.DLL","Message":"Image loaded:\r\nRuleName: -\r\nUtcTime: 2020-10-22 06:58:00.615\r\nProcessGuid: {39e4a257-2d78-5f91-6d13-000000000700}\r\nProcessId: 10164\r\nImage: C:\\Windows\\System32\\conhost.exe\r\nImageLoaded: C:\\Windows\\System32\\msctf.dll\r\nFileVersion: 10.0.18362.1139 (WinBuild.160101.0800)\r\nDescription: MSCTF Server DLL\r\nProduct: Microsoft Windows Operating System\r\nCompany: Microsoft Corporation\r\nOriginalFileName: MSCTF.DLL\r\nHashes: SHA1=5F7008EE8ADAABADD68C6DD5BE92D63E65FA246F,MD5=52FEBDEBB997A30DE66EBFF6C84458FE,SHA256=D5036280A629574D7421D12EDE96C8E05ED595A5DEDF1ED9678FF5667035514B,IMPHASH=E36139468C6DD82FE56B6A135839960B\r\nSigned: true\r\nSignature: Microsoft Windows\r\nSignatureStatus: Valid"}
{"@timestamp":"2020-10-22T02:58:00.632Z","TimeCreated":"2020-10-22T02:58:00.632Z","Hashes":"SHA1=35C3365E5F385CB7025DC51D1359BC92CEACB8F4,MD5=81CC27927690AC3A552D92269CBA4899,SHA256=49C1A7FFB5DC382E35F19C1771A0B43120BBB4159EE5BFE23E0410A76A36D68A,IMPHASH=F010E2DB51A2E86CCF6052A1ACC0854F","Signature":"Microsoft Windows","ProviderGuid":"{5770385f-c22a-43e0-bf4c-06f5698ffbd9}","Company":"Microsoft Corporation","UtcTime":"2020-10-22 06:58:00.631","ProcessGuid":"{39e4a257-2d78-5f91-6d13-000000000700}","Image":"C:\\Windows\\System32\\conhost.exe","ImageLoaded":"C:\\Windows\\System32\\oleaut32.dll","Level":"4","Channel":"Microsoft-Windows-Sysmon/Operational","Task":"7","RuleName":"-","FileVersion":"10.0.18362.1110 (WinBuild.160101.0800)","SourceName":"Microsoft-Windows-Sysmon","Hostname":"WORKSTATION5","ProcessId":"10164","Description":"OLEAUT32.DLL","SignatureStatus":"Valid","Product":"Microsoft Windows Operating System","EventID":7,"Keywords":"0x8000000000000000","Signed":"true","OriginalFileName":"OLEAUT32.DLL","Message":"Image loaded:\r\nRuleName: -\r\nUtcTime: 2020-10-22 06:58:00.631\r\nProcessGuid: {39e4a257-2d78-5f91-6d13-000000000700}\r\nProcessId: 10164\r\nImage: C:\\Windows\\System32\\conhost.exe\r\nImageLoaded: C:\\Windows\\System32\\oleaut32.dll\r\nFileVersion: 10.0.18362.1110 (WinBuild.160101.0800)\r\nDescription: OLEAUT32.DLL\r\nProduct: Microsoft Windows Operating System\r\nCompany: Microsoft Corporation\r\nOriginalFileName: OLEAUT32.DLL\r\nHashes: SHA1=35C3365E5F385CB7025DC51D1359BC92CEACB8F4,MD5=81CC27927690AC3A552D92269CBA4899,SHA256=49C1A7FFB5DC382E35F19C1771A0B43120BBB4159EE5BFE23E0410A76A36D68A,IMPHASH=F010E2DB51A2E86CCF6052A1ACC0854F\r\nSigned: true\r\nSignature: Microsoft Windows\r\nSignatureStatus: Valid"}
{"GrantedAccess":"0x1000","@timestamp":"2020-10-22T02:58:00.633Z","TimeCreated":"2020-10-22T02:58:00.633Z","SourceThreadId":"4688","SourceImage":"C:\\windows\\Explorer.EXE","ProviderGuid":"{5770385f-c22a-43e0-bf4c-06f5698ffbd9}","CallTrace":"C:\\windows\\SYSTEM32\\ntdll.dll+9c584|C:\\windows\\System32\\KERNELBASE.dll+305fe|C:\\windows\\SYSTEM32\\TWINAPI.dll+6d4c|C:\\windows\\system32\\twinui.pcshell.dll+20880|C:\\windows\\system32\\twinui.pcshell.dll+20082|C:\\windows\\system32\\twinui.dll+1780b|C:\\windows\\system32\\twinui.dll+1734c|C:\\windows\\system32\\twinui.dll+68f7a|C:\\windows\\system32\\twinui.dll+16e09|C:\\windows\\system32\\twinui.dll+16f4b|C:\\windows\\system32\\twinui.dll+16ecd|C:\\windows\\System32\\USER32.dll+15c1d|C:\\windows\\System32\\USER32.dll+15612|C:\\Windows\\System32\\windows.immersiveshell.serviceprovider.dll+45f0|C:\\Windows\\System32\\windows.immersiveshell.serviceprovider.dll+41b9|C:\\Windows\\System32\\windows.immersiveshell.serviceprovider.dll+3e4f|C:\\windows\\System32\\KERNEL32.DLL+17c24|C:\\windows\\SYSTEM32\\ntdll.dll+6cea1","UtcTime":"2020-10-22 06:58:00.631","TargetProcessGUID":"{39e4a257-2d78-5f91-6d13-000000000700}","SourceProcessId":"1072","Level":"4","Channel":"Microsoft-Windows-Sysmon/Operational","Task":"10","RuleName":"-","SourceName":"Microsoft-Windows-Sysmon","Hostname":"WORKSTATION5","SourceProcessGUID":"{39e4a257-f1b3-5f8b-a700-000000000700}","TargetProcessId":"10164","EventID":10,"Keywords":"0x8000000000000000","TargetImage":"C:\\windows\\system32\\conhost.exe","Message":"Process accessed:\r\nRuleName: -\r\nUtcTime: 2020-10-22 06:58:00.631\r\nSourceProcessGUID: {39e4a257-f1b3-5f8b-a700-000000000700}\r\nSourceProcessId: 1072\r\nSourceThreadId: 4688\r\nSourceImage: C:\\windows\\Explorer.EXE\r\nTargetProcessGUID: {39e4a257-2d78-5f91-6d13-000000000700}\r\nTargetProcessId: 10164\r\nTargetImage: C:\\windows\\system32\\conhost.exe\r\nGrantedAccess: 0x1000\r\nCallTrace: C:\\windows\\SYSTEM32\\ntdll.dll+9c584|C:\\windows\\System32\\KERNELBASE.dll+305fe|C:\\windows\\SYSTEM32\\TWINAPI.dll+6d4c|C:\\windows\\system32\\twinui.pcshell.dll+20880|C:\\windows\\system32\\twinui.pcshell.dll+20082|C:\\windows\\system32\\twinui.dll+1780b|C:\\windows\\system32\\twinui.dll+1734c|C:\\windows\\system32\\twinui.dll+68f7a|C:\\windows\\system32\\twinui.dll+16e09|C:\\windows\\system32\\twinui.dll+16f4b|C:\\windows\\system32\\twinui.dll+16ecd|C:\\windows\\System32\\USER32.dll+15c1d|C:\\windows\\System32\\USER32.dll+15612|C:\\Windows\\System32\\windows.immersiveshell.serviceprovider.dll+45f0|C:\\Windows\\System32\\windows.immersiveshell.serviceprovider.dll+41b9|C:\\Windows\\System32\\windows.immersiveshell.serviceprovider.dll+3e4f|C:\\windows\\System32\\KERNEL32.DLL+17c24|C:\\windows\\SYSTEM32\\ntdll.dll+6cea1"}
{"GrantedAccess":"0x1000","@timestamp":"2020-10-22T02:58:00.636Z","TimeCreated":"2020-10-22T02:58:00.636Z","SourceThreadId":"4688","SourceImage":"C:\\windows\\Explorer.EXE","ProviderGuid":"{5770385f-c22a-43e0-bf4c-06f5698ffbd9}","CallTrace":"C:\\windows\\SYSTEM32\\ntdll.dll+9c584|C:\\windows\\System32\\KERNELBASE.dll+305fe|C:\\windows\\SYSTEM32\\TWINAPI.dll+6d4c|C:\\windows\\system32\\twinui.pcshell.dll+20880|C:\\windows\\system32\\twinui.pcshell.dll+20082|C:\\windows\\system32\\twinui.dll+1780b|C:\\windows\\system32\\twinui.dll+1734c|C:\\windows\\system32\\twinui.dll+68f7a|C:\\windows\\system32\\twinui.dll+16e09|C:\\windows\\system32\\twinui.dll+16f4b|C:\\windows\\system32\\twinui.dll+16ecd|C:\\windows\\System32\\USER32.dll+15c1d|C:\\windows\\System32\\USER32.dll+15612|C:\\Windows\\System32\\windows.immersiveshell.serviceprovider.dll+45f0|C:\\Windows\\System32\\windows.immersiveshell.serviceprovider.dll+41b9|C:\\Windows\\System32\\windows.immersiveshell.serviceprovider.dll+3e4f|C:\\windows\\System32\\KERNEL32.DLL+17c24|C:\\windows\\SYSTEM32\\ntdll.dll+6cea1","UtcTime":"2020-10-22 06:58:00.631","TargetProcessGUID":"{39e4a257-2d78-5f91-6d13-000000000700}","SourceProcessId":"1072","Level":"4","Channel":"Microsoft-Windows-Sysmon/Operational","Task":"10","RuleName":"-","SourceName":"Microsoft-Windows-Sysmon","Hostname":"WORKSTATION5","SourceProcessGUID":"{39e4a257-f1b3-5f8b-a700-000000000700}","TargetProcessId":"10164","EventID":10,"Keywords":"0x8000000000000000","TargetImage":"C:\\windows\\system32\\conhost.exe","Message":"Process accessed:\r\nRuleName: -\r\nUtcTime: 2020-10-22 06:58:00.631\r\nSourceProcessGUID: {39e4a257-f1b3-5f8b-a700-000000000700}\r\nSourceProcessId: 1072\r\nSourceThreadId: 4688\r\nSourceImage: C:\\windows\\Explorer.EXE\r\nTargetProcessGUID: {39e4a257-2d78-5f91-6d13-000000000700}\r\nTargetProcessId: 10164\r\nTargetImage: C:\\windows\\system32\\conhost.exe\r\nGrantedAccess: 0x1000\r\nCallTrace: C:\\windows\\SYSTEM32\\ntdll.dll+9c584|C:\\windows\\System32\\KERNELBASE.dll+305fe|C:\\windows\\SYSTEM32\\TWINAPI.dll+6d4c|C:\\windows\\system32\\twinui.pcshell.dll+20880|C:\\windows\\system32\\twinui.pcshell.dll+20082|C:\\windows\\system32\\twinui.dll+1780b|C:\\windows\\system32\\twinui.dll+1734c|C:\\windows\\system32\\twinui.dll+68f7a|C:\\windows\\system32\\twinui.dll+16e09|C:\\windows\\system32\\twinui.dll+16f4b|C:\\windows\\system32\\twinui.dll+16ecd|C:\\windows\\System32\\USER32.dll+15c1d|C:\\windows\\System32\\USER32.dll+15612|C:\\Windows\\System32\\windows.immersiveshell.serviceprovider.dll+45f0|C:\\Windows\\System32\\windows.immersiveshell.serviceprovider.dll+41b9|C:\\Windows\\System32\\windows.immersiveshell.serviceprovider.dll+3e4f|C:\\windows\\System32\\KERNEL32.DLL+17c24|C:\\windows\\SYSTEM32\\ntdll.dll+6cea1"}
