{"@timestamp":"2020-10-22T02:58:02.633Z","TimeCreated":"2020-10-22T02:58:02.633Z","ProviderGuid":"{5770385f-c22a-43e0-bf4c-06f5698ffbd9}","UtcTime":"2020-10-22 06:58:02.615","ProcessGuid":"{39e4a257-2d78-5f91-6c13-000000000700}","Image":"C:\\Windows\\System32\\WindowsPowerShell\\v1.0\\powershell.exe","Level":"4","Channel":"Microsoft-Windows-Sysmon/Operational","Task":"12","RuleName":"-","SourceName":"Microsoft-Windows-Sysmon","Hostname":"WORKSTATION5","ProcessId":"9572","EventType":"CreateKey","EventID":12,"Keywords":"0x8000000000000000","TargetObject":"HKLM\\SOFTWARE\\Policies\\Microsoft\\SystemCertificates\\Disallowed\\CTLs","Message":"Registry object added or deleted:\r\nRuleName: -\r\nEventType: CreateKey\r\nUtcTime: 2020-10-22 06:58:02.615\r\nProcessGuid: {39e4a257-2d78-5f91-6c13-000000000700}\r\nProcessId: 9572\r\nImage: C:\\Windows\\System32\\WindowsPowerShell\\v1.0\\powershell.exe\r\nTargetObject: HKLM\\SOFTWARE\\Policies\\Microsoft\\SystemCertificates\\Disallowed\\CTLs"}
{"@timestamp":"2020-10-22T02:58:02.633Z","TimeCreated":"2020-10-22T02:58:02.633Z","ProviderGuid":"{5770385f-c22a-43e0-bf4c-06f5698ffbd9}","UtcTime":"2020-10-22 06:58:02.615","ProcessGuid":"{39e4a257-2d78-5f91-6c13-000000000700}","Image":"C:\\Windows\\System32\\WindowsPowerShell\\v1.0\\powershell.exe","Level":"4","Channel":"Microsoft-Windows-Sysmon/Operational","Task":"12","RuleName":"-","SourceName":"Microsoft-Windows-Sysmon","Hostname":"WORKSTATION5","ProcessId":"9572","EventType":"CreateKey","EventID":12,"Keywords":"0x8000000000000000","TargetObject":"HKLM\\SOFTWARE\\Microsoft\\EnterpriseCertificates\\Disallowed","Message":"Registry object added or deleted:\r\nRuleName: -\r\nEventType: CreateKey\r\nUtcTime: 2020-10-22 06:58:02.615\r\nProcessGuid: {39e4a257-2d78-5f91-6c13-000000000700}\r\nProcessId: 9572\r\nImage: C:\\Windows\\System32\\WindowsPowerShell\\v1.0\\powershell.exe\r\nTargetObject: HKLM\\SOFTWARE\\Microsoft\\EnterpriseCertificates\\Disallowed"}
{"@timestamp":"2020-10-22T02:58:02.633Z","TimeCreated":"2020-10-22T02:58:02.633Z","ProviderGuid":"{5770385f-c22a-43e0-bf4c-06f5698ffbd9}","UtcTime":"2020-10-22 06:58:02.615","ProcessGuid":"{39e4a257-2d78-5f91-6c13-000000000700}","Image":"C:\\Windows\\System32\\WindowsPowerShell\\v1.0\\powershell.exe","Level":"4","Channel":"Microsoft-Windows-Sysmon/Operational","Task":"12","RuleName":"-","SourceName":"Microsoft-Windows-Sysmon","Hostname":"WORKSTATION5","ProcessId":"9572","EventType":"CreateKey","EventID":12,"Keywords":"0x8000000000000000","TargetObject":"HKLM\\SOFTWARE\\Microsoft\\EnterpriseCertificates\\Disallowed","Message":"Registry object added or deleted:\r\nRuleName: -\r\nEventType: CreateKey\r\nUtcTime: 2020-10-22 06:58:02.615\r\nProcessGuid: {39e4a257-2d78-5f91-6c13-000000000700}\r\nProcessId: 9572\r\nImage: C:\\Windows\\System32\\WindowsPowerShell\\v1.0\\powershell.exe\r\nTargetObject: HKLM\\SOFTWARE\\Microsoft\\EnterpriseCertificates\\Disallowed"}
{"@timestamp":"2020-10-22T02:58:02.633Z","TimeCreated":"2020-10-22T02:58:02.633Z","ProviderGuid":"{5770385f-c22a-43e0-bf4c-06f5698ffbd9}","UtcTime":"2020-10-22 06:58:02.615","ProcessGuid":"{39e4a257-2d78-5f91-6c13-000000000700}","Image":"C:\\Windows\\System32\\WindowsPowerShell\\v1.0\\powershell.exe","Level":"4","Channel":"Microsoft-Windows-Sysmon/Operational","Task":"12","RuleName":"-","SourceName":"Microsoft-Windows-Sysmon","Hostname":"WORKSTATION5","ProcessId":"9572","EventType":"CreateKey","EventID":12,"Keywords":"0x8000000000000000","TargetObject":"HKLM\\SOFTWARE\\Microsoft\\EnterpriseCertificates\\Disallowed\\Certificates","Message":"Registry object added or deleted:\r\nRuleName: -\r\nEventType: CreateKey\r\nUtcTime: 2020-10-22 06:58:02.615\r\nProcessGuid: {39e4a257-2d78-5f91-6c13-000000000700}\r\nProcessId: 9572\r\nImage: C:\\Windows\\System32\\WindowsPowerShell\\v1.0\\powershell.exe\r\nTargetObject: HKLM\\SOFTWARE\\Microsoft\\EnterpriseCertificates\\Disallowed\\Certificates"}
{"@timestamp":"2020-10-22T02:58:02.633Z","TimeCreated":"2020-10-22T02:58:02.633Z","ProviderGuid":"{5770385f-c22a-43e0-bf4c-06f5698ffbd9}","UtcTime":"2020-10-22 06:58:02.615","ProcessGuid":"{39e4a257-2d78-5f91-6c13-000000000700}","Image":"C:\\Windows\\System32\\WindowsPowerShell\\v1.0\\powershell.exe","Level":"4","Channel":"Microsoft-Windows-Sysmon/Operational","Task":"12","RuleName":"-","SourceName":"Microsoft-Windows-Sysmon","Hostname":"WORKSTATION5","ProcessId":"9572","EventType":"CreateKey","EventID":12,"Keywords":"0x8000000000000000","TargetObject":"HKLM\\SOFTWARE\\Microsoft\\EnterpriseCertificates\\Disallowed\\CRLs","Message":"Registry object added or deleted:\r\nRuleName: -\r\nEventType: CreateKey\r\nUtcTime: 2020-10-22 06:58:02.615\r\nProcessGuid: {39e4a257-2d78-5f91-6c13-000000000700}\r\nProcessId: 9572\r\nImage: C:\\Windows\\System32\\WindowsPowerShell\\v1.0\\powershell.exe\r\nTargetObject: HKLM\\SOFTWARE\\Microsoft\\EnterpriseCertificates\\Disallowed\\CRLs"}
{"@timestamp":"2020-10-22T02:58:02.633Z","TimeCreated":"2020-10-22T02:58:02.633Z","ProviderGuid":"{5770385f-c22a-43e0-bf4c-06f5698ffbd9}","UtcTime":"2020-10-22 06:58:02.615","ProcessGuid":"{39e4a257-2d78-5f91-6c13-000000000700}","Image":"C:\\Windows\\System32\\WindowsPowerShell\\v1.0\\powershell.exe","Level":"4","Channel":"Microsoft-Windows-Sysmon/Operational","Task":"12","RuleName":"-","SourceName":"Microsoft-Windows-Sysmon","Hostname":"WORKSTATION5","ProcessId":"9572","EventType":"CreateKey","EventID":12,"Keywords":"0x8000000000000000","TargetObject":"HKLM\\SOFTWARE\\Microsoft\\EnterpriseCertificates\\Disallowed\\CTLs","Message":"Registry object added or deleted:\r\nRuleName: -\r\nEventType: CreateKey\r\nUtcTime: 2020-10-22 06:58:02.615\r\nProcessGuid: {39e4a257-2d78-5f91-6c13-000000000700}\r\nProcessId: 9572\r\nImage: C:\\Windows\\System32\\WindowsPowerShell\\v1.0\\powershell.exe\r\nTargetObject: HKLM\\SOFTWARE\\Microsoft\\EnterpriseCertificates\\Disallowed\\CTLs"}
{"@timestamp":"2020-10-22T02:58:02.643Z","TimeCreated":"2020-10-22T02:58:02.643Z","ProviderGuid":"{5770385f-c22a-43e0-bf4c-06f5698ffbd9}","UtcTime":"2020-10-22 06:58:02.631","ProcessGuid":"{39e4a257-2d78-5f91-6c13-000000000700}","Image":"C:\\Windows\\System32\\WindowsPowerShell\\v1.0\\powershell.exe","Level":"4","Channel":"Microsoft-Windows-Sysmon/Operational","Task":"12","RuleName":"-","SourceName":"Microsoft-Windows-Sysmon","Hostname":"WORKSTATION5","ProcessId":"9572","EventType":"CreateKey","EventID":12,"Keywords":"0x8000000000000000","TargetObject":"HKU\\S-1-5-21-3940915590-64593676-1414006259-500\\Software\\Microsoft\\Windows\\CurrentVersion\\Internet Settings\\ZoneMap","Message":"Registry object added or deleted:\r\nRuleName: -\r\nEventType: CreateKey\r\nUtcTime: 2020-10-22 06:58:02.631\r\nProcessGuid: {39e4a257-2d78-5f91-6c13-000000000700}\r\nProcessId: 9572\r\nImage: C:\\Windows\\System32\\WindowsPowerShell\\v1.0\\powershell.exe\r\nTargetObject: HKU\\S-1-5-21-3940915590-64593676-1414006259-500\\Software\\Microsoft\\Windows\\CurrentVersion\\Internet Settings\\ZoneMap"}
{"@timestamp":"2020-10-22T02:58:02.643Z","TimeCreated":"2020-10-22T02:58:02.643Z","ProviderGuid":"{5770385f-c22a-43e0-bf4c-06f5698ffbd9}","UtcTime":"2020-10-22 06:58:02.631","ProcessGuid":"{39e4a257-2d78-5f91-6c13-000000000700}","Image":"C:\\Windows\\System32\\WindowsPowerShell\\v1.0\\powershell.exe","Level":"4","Channel":"Microsoft-Windows-Sysmon/Operational","Task":"13","RuleName":"-","SourceName":"Microsoft-Windows-Sysmon","Hostname":"WORKSTATION5","Details":"DWORD (0x00000001)","ProcessId":"9572","EventType":"SetValue","EventID":13,"Keywords":"0x8000000000000000","TargetObject":"HKU\\S-1-5-21-3940915590-64593676-1414006259-500\\Software\\Microsoft\\Windows\\CurrentVersion\\Internet Settings\\ZoneMap\\ProxyBypass","Message":"Registry value set:\r\nRuleName: -\r\nEventType: SetValue\r\nUtcTime: 2020-10-22 06:58:02.631\r\nProcessGuid: {39e4a257-2d78-5f91-6c13-000000000700}\r\nProcessId: 9572\r\nImage: C:\\Windows\\System32\\WindowsPowerShell\\v1.0\\powershell.exe\r\nTargetObject: HKU\\S-1-5-21-3940915590-64593676-1414006259-500\\Software\\Microsoft\\Windows\\CurrentVersion\\Internet Settings\\ZoneMap\\ProxyBypass\r\nDetails: DWORD (0x00000001)"}
{"@timestamp":"2020-10-22T02:58:02.643Z","TimeCreated":"2020-10-22T02:58:02.643Z","ProviderGuid":"{5770385f-c22a-43e0-bf4c-06f5698ffbd9}","UtcTime":"2020-10-22 06:58:02.631","ProcessGuid":"{39e4a257-2d78-5f91-6c13-000000000700}","Image":"C:\\Windows\\System32\\WindowsPowerShell\\v1.0\\powershell.exe","Level":"4","Channel":"Microsoft-Windows-Sysmon/Operational","Task":"13","RuleName":"-","SourceName":"Microsoft-Windows-Sysmon","Hostname":"WORKSTATION5","Details":"DWORD (0x00000001)","ProcessId":"9572","EventType":"SetValue","EventID":13,"Keywords":"0x8000000000000000","TargetObject":"HKU\\S-1-5-21-3940915590-64593676-1414006259-500\\Software\\Microsoft\\Windows\\CurrentVersion\\Internet Settings\\ZoneMap\\IntranetName","Message":"Registry value set:\r\nRuleName: -\r\nEventType: SetValue\r\nUtcTime: 2020-10-22 06:58:02.631\r\nProcessGuid: {39e4a257-2d78-5f91-6c13-000000000700}\r\nProcessId: 9572\r\nImage: C:\\Windows\\System32\\WindowsPowerShell\\v1.0\\powershell.exe\r\nTargetObject: HKU\\S-1-5-21-3940915590-64593676-1414006259-500\\Software\\Microsoft\\Windows\\CurrentVersion\\Internet Settings\\ZoneMap\\IntranetName\r\nDetails: DWORD (0x00000001)"}
{"@timestamp":"2020-10-22T02:58:02.643Z","TimeCreated":"2020-10-22T02:58:02.643Z","ProviderGuid":"{5770385f-c22a-43e0-bf4c-06f5698ffbd9}","UtcTime":"2020-10-22 06:58:02.631","ProcessGuid":"{39e4a257-2d78-5f91-6c13-000000000700}","Image":"C:\\Windows\\System32\\WindowsPowerShell\\v1.0\\powershell.exe","Level":"4","Channel":"Microsoft-Windows-Sysmon/Operational","Task":"13","RuleName":"-","SourceName":"Microsoft-Windows-Sysmon","Hostname":"WORKSTATION5","Details":"DWORD (0x00000001)","ProcessId":"9572","EventType":"SetValue","EventID":13,"Keywords":"0x8000000000000000","TargetObject":"HKU\\S-1-5-21-3940915590-64593676-1414006259-500\\Software\\Microsoft\\Windows\\CurrentVersion\\Internet Settings\\ZoneMap\\UNCAsIntranet","Message":"Registry value set:\r\nRuleName: -\r\nEventType: SetValue\r\nUtcTime: 2020-10-22 06:58:02.631\r\nProcessGuid: {39e4a257-2d78-5f91-6c13-000000000700}\r\nProcessId: 9572\r\nImage: C:\\Windows\\System32\\WindowsPowerShell\\v1.0\\powershell.exe\r\nTargetObject: HKU\\S-1-5-21-3940915590-64593676-1414006259-500\\Software\\Microsoft\\Windows\\CurrentVersion\\Internet Settings\\ZoneMap\\UNCAsIntranet\r\nDetails: DWORD (0x00000001)"}
{"@timestamp":"2020-10-22T02:58:02.643Z","TimeCreated":"2020-10-22T02:58:02.643Z","ProviderGuid":"{5770385f-c22a-43e0-bf4c-06f5698ffbd9}","UtcTime":"2020-10-22 06:58:02.631","ProcessGuid":"{39e4a257-2d78-5f91-6c13-000000000700}","Image":"C:\\Windows\\System32\\WindowsPowerShell\\v1.0\\powershell.exe","Level":"4","Channel":"Microsoft-Windows-Sysmon/Operational","Task":"13","RuleName":"-","SourceName":"Microsoft-Windows-Sysmon","Hostname":"WORKSTATION5","Details":"DWORD (0x00000000)","ProcessId":"9572","EventType":"SetValue","EventID":13,"Keywords":"0x8000000000000000","TargetObject":"HKU\\S-1-5-21-3940915590-64593676-1414006259-500\\Software\\Microsoft\\Windows\\CurrentVersion\\Internet Settings\\ZoneMap\\AutoDetect","Message":"Registry value set:\r\nRuleName: -\r\nEventType: SetValue\r\nUtcTime: 2020-10-22 06:58:02.631\r\nProcessGuid: {39e4a257-2d78-5f91-6c13-000000000700}\r\nProcessId: 9572\r\nImage: C:\\Windows\\System32\\WindowsPowerShell\\v1.0\\powershell.exe\r\nTargetObject: HKU\\S-1-5-21-3940915590-64593676-1414006259-500\\Software\\Microsoft\\Windows\\CurrentVersion\\Internet Settings\\ZoneMap\\AutoDetect\r\nDetails: DWORD (0x00000000)"}
{"@timestamp":"2020-10-22T02:58:02.643Z","TimeCreated":"2020-10-22T02:58:02.643Z","ProviderGuid":"{5770385f-c22a-43e0-bf4c-06f5698ffbd9}","UtcTime":"2020-10-22 06:58:02.631","ProcessGuid":"{39e4a257-2d78-5f91-6c13-000000000700}","Image":"C:\\Windows\\System32\\WindowsPowerShell\\v1.0\\powershell.exe","Level":"4","Channel":"Microsoft-Windows-Sysmon/Operational","Task":"13","RuleName":"-","SourceName":"Microsoft-Windows-Sysmon","Hostname":"WORKSTATION5","Details":"DWORD (0x00000001)","ProcessId":"9572","EventType":"SetValue","EventID":13,"Keywords":"0x8000000000000000","TargetObject":"HKU\\S-1-5-21-3940915590-64593676-1414006259-500\\Software\\Microsoft\\Windows\\CurrentVersion\\Internet Settings\\ZoneMap\\ProxyBypass","Message":"Registry value set:\r\nRuleName: -\r\nEventType: SetValue\r\nUtcTime: 2020-10-22 06:58:02.631\r\nProcessGuid: {39e4a257-2d78-5f91-6c13-000000000700}\r\nProcessId: 9572\r\nImage: C:\\Windows\\System32\\WindowsPowerShell\\v1.0\\powershell.exe\r\nTargetObject: HKU\\S-1-5-21-3940915590-64593676-1414006259-500\\Software\\Microsoft\\Windows\\CurrentVersion\\Internet Settings\\ZoneMap\\ProxyBypass\r\nDetails: DWORD (0x00000001)"}
{"@timestamp":"2020-10-22T02:58:02.643Z","TimeCreated":"2020-10-22T02:58:02.643Z","ProviderGuid":"{5770385f-c22a-43e0-bf4c-06f5698ffbd9}","UtcTime":"2020-10-22 06:58:02.631","ProcessGuid":"{39e4a257-2d78-5f91-6c13-000000000700}","Image":"C:\\Windows\\System32\\WindowsPowerShell\\v1.0\\powershell.exe","Level":"4","Channel":"Microsoft-Windows-Sysmon/Operational","Task":"13","RuleName":"-","SourceName":"Microsoft-Windows-Sysmon","Hostname":"WORKSTATION5","Details":"DWORD (0x00000001)","ProcessId":"9572","EventType":"SetValue","EventID":13,"Keywords":"0x8000000000000000","TargetObject":"HKU\\S-1-5-21-3940915590-64593676-1414006259-500\\Software\\Microsoft\\Windows\\CurrentVersion\\Internet Settings\\ZoneMap\\IntranetName","Message":"Registry value set:\r\nRuleName: -\r\nEventType: SetValue\r\nUtcTime: 2020-10-22 06:58:02.631\r\nProcessGuid: {39e4a257-2d78-5f91-6c13-000000000700}\r\nProcessId: 9572\r\nImage: C:\\Windows\\System32\\WindowsPowerShell\\v1.0\\powershell.exe\r\nTargetObject: HKU\\S-1-5-21-3940915590-64593676-1414006259-500\\Software\\Microsoft\\Windows\\CurrentVersion\\Internet Settings\\ZoneMap\\IntranetName\r\nDetails: DWORD (0x00000001)"}
{"@timestamp":"2020-10-22T02:58:02.643Z","TimeCreated":"2020-10-22T02:58:02.643Z","ProviderGuid":"{5770385f-c22a-43e0-bf4c-06f5698ffbd9}","UtcTime":"2020-10-22 06:58:02.631","ProcessGuid":"{39e4a257-2d78-5f91-6c13-000000000700}","Image":"C:\\Windows\\System32\\WindowsPowerShell\\v1.0\\powershell.exe","Level":"4","Channel":"Microsoft-Windows-Sysmon/Operational","Task":"13","RuleName":"-","SourceName":"Microsoft-Windows-Sysmon","Hostname":"WORKSTATION5","Details":"DWORD (0x00000001)","ProcessId":"9572","EventType":"SetValue","EventID":13,"Keywords":"0x8000000000000000","TargetObject":"HKU\\S-1-5-21-3940915590-64593676-1414006259-500\\Software\\Microsoft\\Windows\\CurrentVersion\\Internet Settings\\ZoneMap\\UNCAsIntranet","Message":"Registry value set:\r\nRuleName: -\r\nEventType: SetValue\r\nUtcTime: 2020-10-22 06:58:02.631\r\nProcessGuid: {39e4a257-2d78-5f91-6c13-000000000700}\r\nProcessId: 9572\r\nImage: C:\\Windows\\System32\\WindowsPowerShell\\v1.0\\powershell.exe\r\nTargetObject: HKU\\S-1-5-21-3940915590-64593676-1414006259-500\\Software\\Microsoft\\Windows\\CurrentVersion\\Internet Settings\\ZoneMap\\UNCAsIntranet\r\nDetails: DWORD (0x00000001)"}
{"@timestamp":"2020-10-22T02:58:02.643Z","TimeCreated":"2020-10-22T02:58:02.643Z","ProviderGuid":"{5770385f-c22a-43e0-bf4c-06f5698ffbd9}","UtcTime":"2020-10-22 06:58:02.631","ProcessGuid":"{39e4a257-2d78-5f91-6c13-000000000700}","Image":"C:\\Windows\\System32\\WindowsPowerShell\\v1.0\\powershell.exe","Level":"4","Channel":"Microsoft-Windows-Sysmon/Operational","Task":"13","RuleName":"-","SourceName":"Microsoft-Windows-Sysmon","Hostname":"WORKSTATION5","Details":"DWORD (0x00000000)","ProcessId":"9572","EventType":"SetValue","EventID":13,"Keywords":"0x8000000000000000","TargetObject":"HKU\\S-1-5-21-3940915590-64593676-1414006259-500\\Software\\Microsoft\\Windows\\CurrentVersion\\Internet Settings\\ZoneMap\\AutoDetect","Message":"Registry value set:\r\nRuleName: -\r\nEventType: SetValue\r\nUtcTime: 2020-10-22 06:58:02.631\r\nProcessGuid: {39e4a257-2d78-5f91-6c13-000000000700}\r\nProcessId: 9572\r\nImage: C:\\Windows\\System32\\WindowsPowerShell\\v1.0\\powershell.exe\r\nTargetObject: HKU\\S-1-5-21-3940915590-64593676-1414006259-500\\Software\\Microsoft\\Windows\\CurrentVersion\\Internet Settings\\ZoneMap\\AutoDetect\r\nDetails: DWORD (0x00000000)"}
{"@timestamp":"2020-10-22T02:58:02.643Z","TimeCreated":"2020-10-22T02:58:02.643Z","ProviderGuid":"{5770385f-c22a-43e0-bf4c-06f5698ffbd9}","UtcTime":"2020-10-22 06:58:02.631","ProcessGuid":"{39e4a257-2d78-5f91-6c13-000000000700}","Image":"C:\\Windows\\System32\\WindowsPowerShell\\v1.0\\powershell.exe","Level":"4","Channel":"Microsoft-Windows-Sysmon/Operational","Task":"12","RuleName":"-","SourceName":"Microsoft-Windows-Sysmon","Hostname":"WORKSTATION5","ProcessId":"9572","EventType":"CreateKey","EventID":12,"Keywords":"0x8000000000000000","TargetObject":"HKU\\S-1-5-21-3940915590-64593676-1414006259-500\\Software\\Microsoft\\Windows\\CurrentVersion\\WinTrust\\Trust Providers\\Software Publishing","Message":"Registry object added or deleted:\r\nRuleName: -\r\nEventType: CreateKey\r\nUtcTime: 2020-10-22 06:58:02.631\r\nProcessGuid: {39e4a257-2d78-5f91-6c13-000000000700}\r\nProcessId: 9572\r\nImage: C:\\Windows\\System32\\WindowsPowerShell\\v1.0\\powershell.exe\r\nTargetObject: HKU\\S-1-5-21-3940915590-64593676-1414006259-500\\Software\\Microsoft\\Windows\\CurrentVersion\\WinTrust\\Trust Providers\\Software Publishing"}
{"@timestamp":"2020-10-22T02:58:02.644Z","TimeCreated":"2020-10-22T02:58:02.644Z","Hashes":"SHA1=F896B78B69F104E99DBF96708CD13DB9A8D31111,MD5=DE04D07E7C17D89D5FA2F633E24B0B41,SHA256=F374EF5466E3C3466B2FE980DC726328CE6F09DAE204224130C70A40F3EC906A,IMPHASH=00000000000000000000000000000000","Signature":"-","ProviderGuid":"{5770385f-c22a-43e0-bf4c-06f5698ffbd9}","Company":"Microsoft Corporation","UtcTime":"2020-10-22 06:58:02.147","ProcessGuid":"{39e4a257-2d78-5f91-6c13-000000000700}","Image":"C:\\Windows\\System32\\WindowsPowerShell\\v1.0\\powershell.exe","ImageLoaded":"C:\\Windows\\assembly\\NativeImages_v4.0.30319_64\\System.Management\\7bdb01d70f7f2aabb86f8ca19cc4ff28\\System.Management.ni.dll","Level":"4","Channel":"Microsoft-Windows-Sysmon/Operational","Task":"7","RuleName":"-","FileVersion":"4.8.3752.0 built by: NET48REL1","SourceName":"Microsoft-Windows-Sysmon","Hostname":"WORKSTATION5","ProcessId":"9572","Description":".NET Framework","SignatureStatus":"Unavailable","Product":"Microsoft .NET Framework","EventID":7,"Keywords":"0x8000000000000000","Signed":"false","OriginalFileName":"System.Management.dll","Message":"Image loaded:\r\nRuleName: -\r\nUtcTime: 2020-10-22 06:58:02.147\r\nProcessGuid: {39e4a257-2d78-5f91-6c13-000000000700}\r\nProcessId: 9572\r\nImage: C:\\Windows\\System32\\WindowsPowerShell\\v1.0\\powershell.exe\r\nImageLoaded: C:\\Windows\\assembly\\NativeImages_v4.0.30319_64\\System.Management\\7bdb01d70f7f2aabb86f8ca19cc4ff28\\System.Management.ni.dll\r\nFileVersion: 4.8.3752.0 built by: NET48REL1\r\nDescription: .NET Framework\r\nProduct: Microsoft .NET Framework\r\nCompany: Microsoft Corporation\r\nOriginalFileName: System.Management.dll\r\nHashes: SHA1=F896B78B69F104E99DBF96708CD13DB9A8D31111,MD5=DE04D07E7C17D89D5FA2F633E24B0B41,SHA256=F374EF5466E3C3466B2FE980DC726328CE6F09DAE204224130C70A40F3EC906A,IMPHASH=00000000000000000000000000000000\r\nSigned: false\r\nSignature: -\r\nSignatureStatus: Unavailable"}
{"@timestamp":"2020-10-22T02:58:02.649Z","TimeCreated":"2020-10-22T02:58:02.649Z","ProviderGuid":"{5770385f-c22a-43e0-bf4c-06f5698ffbd9}","UtcTime":"2020-10-22 06:58:02.631","ProcessGuid":"{39e4a257-2d78-5f91-6c13-000000000700}","Image":"C:\\Windows\\System32\\WindowsPowerShell\\v1.0\\powershell.exe","Level":"4","Channel":"Microsoft-Windows-Sysmon/Operational","Task":"12","RuleName":"-","SourceName":"Microsoft-Windows-Sysmon","Hostname":"WORKSTATION5","ProcessId":"9572","EventType":"CreateKey","EventID":12,"Keywords":"0x8000000000000000","TargetObject":"HKU\\S-1-5-21-3940915590-64593676-1414006259-500\\Software\\Microsoft\\SystemCertificates\\Disallowed","Message":"Registry object added or deleted:\r\nRuleName: -\r\nEventType: CreateKey\r\nUtcTime: 2020-10-22 06:58:02.631\r\nProcessGuid: {39e4a257-2d78-5f91-6c13-000000000700}\r\nProcessId: 9572\r\nImage: C:\\Windows\\System32\\WindowsPowerShell\\v1.0\\powershell.exe\r\nTargetObject: HKU\\S-1-5-21-3940915590-64593676-1414006259-500\\Software\\Microsoft\\SystemCertificates\\Disallowed"}
{"@timestamp":"2020-10-22T02:58:02.650Z","TimeCreated":"2020-10-22T02:58:02.650Z","ProviderGuid":"{5770385f-c22a-43e0-bf4c-06f5698ffbd9}","UtcTime":"2020-10-22 06:58:02.631","ProcessGuid":"{39e4a257-2d78-5f91-6c13-000000000700}","Image":"C:\\Windows\\System32\\WindowsPowerShell\\v1.0\\powershell.exe","Level":"4","Channel":"Microsoft-Windows-Sysmon/Operational","Task":"12","RuleName":"-","SourceName":"Microsoft-Windows-Sysmon","Hostname":"WORKSTATION5","ProcessId":"9572","EventType":"CreateKey","EventID":12,"Keywords":"0x8000000000000000","TargetObject":"HKU\\S-1-5-21-3940915590-64593676-1414006259-500\\Software\\Microsoft\\SystemCertificates\\Disallowed","Message":"Registry object added or deleted:\r\nRuleName: -\r\nEventType: CreateKey\r\nUtcTime: 2020-10-22 06:58:02.631\r\nProcessGuid: {39e4a257-2d78-5f91-6c13-000000000700}\r\nProcessId: 9572\r\nImage: C:\\Windows\\System32\\WindowsPowerShell\\v1.0\\powershell.exe\r\nTargetObject: HKU\\S-1-5-21-3940915590-64593676-1414006259-500\\Software\\Microsoft\\SystemCertificates\\Disallowed"}
{"@timestamp":"2020-10-22T02:58:02.650Z","TimeCreated":"2020-10-22T02:58:02.650Z","ProviderGuid":"{5770385f-c22a-43e0-bf4c-06f5698ffbd9}","UtcTime":"2020-10-22 06:58:02.631","ProcessGuid":"{39e4a257-2d78-5f91-6c13-000000000700}","Image":"C:\\Windows\\System32\\WindowsPowerShell\\v1.0\\powershell.exe","Level":"4","Channel":"Microsoft-Windows-Sysmon/Operational","Task":"12","RuleName":"-","SourceName":"Microsoft-Windows-Sysmon","Hostname":"WORKSTATION5","ProcessId":"9572","EventType":"CreateKey","EventID":12,"Keywords":"0x8000000000000000","TargetObject":"HKU\\S-1-5-21-3940915590-64593676-1414006259-500\\Software\\Microsoft\\SystemCertificates\\Disallowed\\Certificates","Message":"Registry object added or deleted:\r\nRuleName: -\r\nEventType: CreateKey\r\nUtcTime: 2020-10-22 06:58:02.631\r\nProcessGuid: {39e4a257-2d78-5f91-6c13-000000000700}\r\nProcessId: 9572\r\nImage: C:\\Windows\\System32\\WindowsPowerShell\\v1.0\\powershell.exe\r\nTargetObject: HKU\\S-1-5-21-3940915590-64593676-1414006259-500\\Software\\Microsoft\\SystemCertificates\\Disallowed\\Certificates"}
{"@timestamp":"2020-10-22T02:58:02.650Z","TimeCreated":"2020-10-22T02:58:02.650Z","ProviderGuid":"{5770385f-c22a-43e0-bf4c-06f5698ffbd9}","UtcTime":"2020-10-22 06:58:02.631","ProcessGuid":"{39e4a257-2d78-5f91-6c13-000000000700}","Image":"C:\\Windows\\System32\\WindowsPowerShell\\v1.0\\powershell.exe","Level":"4","Channel":"Microsoft-Windows-Sysmon/Operational","Task":"12","RuleName":"-","SourceName":"Microsoft-Windows-Sysmon","Hostname":"WORKSTATION5","ProcessId":"9572","EventType":"CreateKey","EventID":12,"Keywords":"0x8000000000000000","TargetObject":"HKU\\S-1-5-21-3940915590-64593676-1414006259-500\\Software\\Microsoft\\SystemCertificates\\Disallowed\\CRLs","Message":"Registry object added or deleted:\r\nRuleName: -\r\nEventType: CreateKey\r\nUtcTime: 2020-10-22 06:58:02.631\r\nProcessGuid: {39e4a257-2d78-5f91-6c13-000000000700}\r\nProcessId: 9572\r\nImage: C:\\Windows\\System32\\WindowsPowerShell\\v1.0\\powershell.exe\r\nTargetObject: HKU\\S-1-5-21-3940915590-64593676-1414006259-500\\Software\\Microsoft\\SystemCertificates\\Disallowed\\CRLs"}
{"@timestamp":"2020-10-22T02:58:02.650Z","TimeCreated":"2020-10-22T02:58:02.650Z","ProviderGuid":"{5770385f-c22a-43e0-bf4c-06f5698ffbd9}","UtcTime":"2020-10-22 06:58:02.631","ProcessGuid":"{39e4a257-2d78-5f91-6c13-000000000700}","Image":"C:\\Windows\\System32\\WindowsPowerShell\\v1.0\\powershell.exe","Level":"4","Channel":"Microsoft-Windows-Sysmon/Operational","Task":"12","RuleName":"-","SourceName":"Microsoft-Windows-Sysmon","Hostname":"WORKSTATION5","ProcessId":"9572","EventType":"CreateKey","EventID":12,"Keywords":"0x8000000000000000","TargetObject":"HKU\\S-1-5-21-3940915590-64593676-1414006259-500\\Software\\Microsoft\\SystemCertificates\\Disallowed\\CTLs","Message":"Registry object added or deleted:\r\nRuleName: -\r\nEventType: CreateKey\r\nUtcTime: 2020-10-22 06:58:02.631\r\nProcessGuid: {39e4a257-2d78-5f91-6c13-000000000700}\r\nProcessId: 9572\r\nImage: C:\\Windows\\System32\\WindowsPowerShell\\v1.0\\powershell.exe\r\nTargetObject: HKU\\S-1-5-21-3940915590-64593676-1414006259-500\\Software\\Microsoft\\SystemCertificates\\Disallowed\\CTLs"}
{"@timestamp":"2020-10-22T02:58:02.650Z","TimeCreated":"2020-10-22T02:58:02.650Z","ProviderGuid":"{5770385f-c22a-43e0-bf4c-06f5698ffbd9}","UtcTime":"2020-10-22 06:58:02.631","ProcessGuid":"{39e4a257-2d78-5f91-6c13-000000000700}","Image":"C:\\Windows\\System32\\WindowsPowerShell\\v1.0\\powershell.exe","Level":"4","Channel":"Microsoft-Windows-Sysmon/Operational","Task":"12","RuleName":"-","SourceName":"Microsoft-Windows-Sysmon","Hostname":"WORKSTATION5","ProcessId":"9572","EventType":"CreateKey","EventID":12,"Keywords":"0x8000000000000000","TargetObject":"HKU\\S-1-5-21-3940915590-64593676-1414006259-500\\Software\\Policies\\Microsoft\\SystemCertificates\\Disallowed","Message":"Registry object added or deleted:\r\nRuleName: -\r\nEventType: CreateKey\r\nUtcTime: 2020-10-22 06:58:02.631\r\nProcessGuid: {39e4a257-2d78-5f91-6c13-000000000700}\r\nProcessId: 9572\r\nImage: C:\\Windows\\System32\\WindowsPowerShell\\v1.0\\powershell.exe\r\nTargetObject: HKU\\S-1-5-21-3940915590-64593676-1414006259-500\\Software\\Policies\\Microsoft\\SystemCertificates\\Disallowed"}
{"@timestamp":"2020-10-22T02:58:02.650Z","TimeCreated":"2020-10-22T02:58:02.650Z","ProviderGuid":"{5770385f-c22a-43e0-bf4c-06f5698ffbd9}","UtcTime":"2020-10-22 06:58:02.631","ProcessGuid":"{39e4a257-2d78-5f91-6c13-000000000700}","Image":"C:\\Windows\\System32\\WindowsPowerShell\\v1.0\\powershell.exe","Level":"4","Channel":"Microsoft-Windows-Sysmon/Operational","Task":"12","RuleName":"-","SourceName":"Microsoft-Windows-Sysmon","Hostname":"WORKSTATION5","ProcessId":"9572","EventType":"CreateKey","EventID":12,"Keywords":"0x8000000000000000","TargetObject":"HKU\\S-1-5-21-3940915590-64593676-1414006259-500\\Software\\Policies\\Microsoft\\SystemCertificates\\Disallowed\\Certificates","Message":"Registry object added or deleted:\r\nRuleName: -\r\nEventType: CreateKey\r\nUtcTime: 2020-10-22 06:58:02.631\r\nProcessGuid: {39e4a257-2d78-5f91-6c13-000000000700}\r\nProcessId: 9572\r\nImage: C:\\Windows\\System32\\WindowsPowerShell\\v1.0\\powershell.exe\r\nTargetObject: HKU\\S-1-5-21-3940915590-64593676-1414006259-500\\Software\\Policies\\Microsoft\\SystemCertificates\\Disallowed\\Certificates"}
{"@timestamp":"2020-10-22T02:58:02.650Z","TimeCreated":"2020-10-22T02:58:02.650Z","ProviderGuid":"{5770385f-c22a-43e0-bf4c-06f5698ffbd9}","UtcTime":"2020-10-22 06:58:02.631","ProcessGuid":"{39e4a257-2d78-5f91-6c13-000000000700}","Image":"C:\\Windows\\System32\\WindowsPowerShell\\v1.0\\powershell.exe","Level":"4","Channel":"Microsoft-Windows-Sysmon/Operational","Task":"12","RuleName":"-","SourceName":"Microsoft-Windows-Sysmon","Hostname":"WORKSTATION5","ProcessId":"9572","EventType":"CreateKey","EventID":12,"Keywords":"0x8000000000000000","TargetObject":"HKU\\S-1-5-21-3940915590-64593676-1414006259-500\\Software\\Policies\\Microsoft\\SystemCertificates\\Disallowed\\CRLs","Message":"Registry object added or deleted:\r\nRuleName: -\r\nEventType: CreateKey\r\nUtcTime: 2020-10-22 06:58:02.631\r\nProcessGuid: {39e4a257-2d78-5f91-6c13-000000000700}\r\nProcessId: 9572\r\nImage: C:\\Windows\\System32\\WindowsPowerShell\\v1.0\\powershell.exe\r\nTargetObject: HKU\\S-1-5-21-3940915590-64593676-1414006259-500\\Software\\Policies\\Microsoft\\SystemCertificates\\Disallowed\\CRLs"}
{"@timestamp":"2020-10-22T02:58:02.650Z","TimeCreated":"2020-10-22T02:58:02.650Z","ProviderGuid":"{5770385f-c22a-43e0-bf4c-06f5698ffbd9}","UtcTime":"2020-10-22 06:58:02.631","ProcessGuid":"{39e4a257-2d78-5f91-6c13-000000000700}","Image":"C:\\Windows\\System32\\WindowsPowerShell\\v1.0\\powershell.exe","Level":"4","Channel":"Microsoft-Windows-Sysmon/Operational","Task":"12","RuleName":"-","SourceName":"Microsoft-Windows-Sysmon","Hostname":"WORKSTATION5","ProcessId":"9572","EventType":"CreateKey","EventID":12,"Keywords":"0x8000000000000000","TargetObject":"HKU\\S-1-5-21-3940915590-64593676-1414006259-500\\Software\\Policies\\Microsoft\\SystemCertificates\\Disallowed\\CTLs","Message":"Registry object added or deleted:\r\nRuleName: -\r\nEventType: CreateKey\r\nUtcTime: 2020-10-22 06:58:02.631\r\nProcessGuid: {39e4a257-2d78-5f91-6c13-000000000700}\r\nProcessId: 9572\r\nImage: C:\\Windows\\System32\\WindowsPowerShell\\v1.0\\powershell.exe\r\nTargetObject: HKU\\S-1-5-21-3940915590-64593676-1414006259-500\\Software\\Policies\\Microsoft\\SystemCertificates\\Disallowed\\CTLs"}
{"@timestamp":"2020-10-22T02:58:02.650Z","TimeCreated":"2020-10-22T02:58:02.650Z","ProviderGuid":"{5770385f-c22a-43e0-bf4c-06f5698ffbd9}","UtcTime":"2020-10-22 06:58:02.631","ProcessGuid":"{39e4a257-2d78-5f91-6c13-000000000700}","Image":"C:\\Windows\\System32\\WindowsPowerShell\\v1.0\\powershell.exe","Level":"4","Channel":"Microsoft-Windows-Sysmon/Operational","Task":"12","RuleName":"-","SourceName":"Microsoft-Windows-Sysmon","Hostname":"WORKSTATION5","ProcessId":"9572","EventType":"CreateKey","EventID":12,"Keywords":"0x8000000000000000","TargetObject":"HKLM\\SOFTWARE\\Microsoft\\SystemCertificates\\Disallowed","Message":"Registry object added or deleted:\r\nRuleName: -\r\nEventType: CreateKey\r\nUtcTime: 2020-10-22 06:58:02.631\r\nProcessGuid: {39e4a257-2d78-5f91-6c13-000000000700}\r\nProcessId: 9572\r\nImage: C:\\Windows\\System32\\WindowsPowerShell\\v1.0\\powershell.exe\r\nTargetObject: HKLM\\SOFTWARE\\Microsoft\\SystemCertificates\\Disallowed"}
{"@timestamp":"2020-10-22T02:58:02.650Z","TimeCreated":"2020-10-22T02:58:02.650Z","ProviderGuid":"{5770385f-c22a-43e0-bf4c-06f5698ffbd9}","UtcTime":"2020-10-22 06:58:02.631","ProcessGuid":"{39e4a257-2d78-5f91-6c13-000000000700}","Image":"C:\\Windows\\System32\\WindowsPowerShell\\v1.0\\powershell.exe","Level":"4","Channel":"Microsoft-Windows-Sysmon/Operational","Task":"12","RuleName":"-","SourceName":"Microsoft-Windows-Sysmon","Hostname":"WORKSTATION5","ProcessId":"9572","EventType":"CreateKey","EventID":12,"Keywords":"0x8000000000000000","TargetObject":"HKLM\\SOFTWARE\\Microsoft\\SystemCertificates\\Disallowed","Message":"Registry object added or deleted:\r\nRuleName: -\r\nEventType: CreateKey\r\nUtcTime: 2020-10-22 06:58:02.631\r\nProcessGuid: {39e4a257-2d78-5f91-6c13-000000000700}\r\nProcessId: 9572\r\nImage: C:\\Windows\\System32\\WindowsPowerShell\\v1.0\\powershell.exe\r\nTargetObject: HKLM\\SOFTWARE\\Microsoft\\SystemCertificates\\Disallowed"}
{"@timestamp":"2020-10-22T02:58:02.650Z","TimeCreated":"2020-10-22T02:58:02.650Z","ProviderGuid":"{5770385f-c22a-43e0-bf4c-06f5698ffbd9}","UtcTime":"2020-10-22 06:58:02.631","ProcessGuid":"{39e4a257-2d78-5f91-6c13-000000000700}","Image":"C:\\Windows\\System32\\WindowsPowerShell\\v1.0\\powershell.exe","Level":"4","Channel":"Microsoft-Windows-Sysmon/Operational","Task":"12","RuleName":"-","SourceName":"Microsoft-Windows-Sysmon","Hostname":"WORKSTATION5","ProcessId":"9572","EventType":"CreateKey","EventID":12,"Keywords":"0x8000000000000000","TargetObject":"HKLM\\SOFTWARE\\Microsoft\\SystemCertificates\\Disallowed\\Certificates","Message":"Registry object added or deleted:\r\nRuleName: -\r\nEventType: CreateKey\r\nUtcTime: 2020-10-22 06:58:02.631\r\nProcessGuid: {39e4a257-2d78-5f91-6c13-000000000700}\r\nProcessId: 9572\r\nImage: C:\\Windows\\System32\\WindowsPowerShell\\v1.0\\powershell.exe\r\nTargetObject: HKLM\\SOFTWARE\\Microsoft\\SystemCertificates\\Disallowed\\Certificates"}
{"@timestamp":"2020-10-22T02:58:02.650Z","TimeCreated":"2020-10-22T02:58:02.650Z","ProviderGuid":"{5770385f-c22a-43e0-bf4c-06f5698ffbd9}","UtcTime":"2020-10-22 06:58:02.631","ProcessGuid":"{39e4a257-2d78-5f91-6c13-000000000700}","Image":"C:\\Windows\\System32\\WindowsPowerShell\\v1.0\\powershell.exe","Level":"4","Channel":"Microsoft-Windows-Sysmon/Operational","Task":"12","RuleName":"-","SourceName":"Microsoft-Windows-Sysmon","Hostname":"WORKSTATION5","ProcessId":"9572","EventType":"CreateKey","EventID":12,"Keywords":"0x8000000000000000","TargetObject":"HKLM\\SOFTWARE\\Microsoft\\SystemCertificates\\Disallowed\\CRLs","Message":"Registry object added or deleted:\r\nRuleName: -\r\nEventType: CreateKey\r\nUtcTime: 2020-10-22 06:58:02.631\r\nProcessGuid: {39e4a257-2d78-5f91-6c13-000000000700}\r\nProcessId: 9572\r\nImage: C:\\Windows\\System32\\WindowsPowerShell\\v1.0\\powershell.exe\r\nTargetObject: HKLM\\SOFTWARE\\Microsoft\\SystemCertificates\\Disallowed\\CRLs"}
{"@timestamp":"2020-10-22T02:58:02.650Z","TimeCreated":"2020-10-22T02:58:02.650Z","ProviderGuid":"{5770385f-c22a-43e0-bf4c-06f5698ffbd9}","UtcTime":"2020-10-22 06:58:02.631","ProcessGuid":"{39e4a257-2d78-5f91-6c13-000000000700}","Image":"C:\\Windows\\System32\\WindowsPowerShell\\v1.0\\powershell.exe","Level":"4","Channel":"Microsoft-Windows-Sysmon/Operational","Task":"12","RuleName":"-","SourceName":"Microsoft-Windows-Sysmon","Hostname":"WORKSTATION5","ProcessId":"9572","EventType":"CreateKey","EventID":12,"Keywords":"0x8000000000000000","TargetObject":"HKLM\\SOFTWARE\\Microsoft\\SystemCertificates\\Disallowed\\CTLs","Message":"Registry object added or deleted:\r\nRuleName: -\r\nEventType: CreateKey\r\nUtcTime: 2020-10-22 06:58:02.631\r\nProcessGuid: {39e4a257-2d78-5f91-6c13-000000000700}\r\nProcessId: 9572\r\nImage: C:\\Windows\\System32\\WindowsPowerShell\\v1.0\\powershell.exe\r\nTargetObject: HKLM\\SOFTWARE\\Microsoft\\SystemCertificates\\Disallowed\\CTLs"}
{"@timestamp":"2020-10-22T02:58:02.650Z","TimeCreated":"2020-10-22T02:58:02.650Z","ProviderGuid":"{5770385f-c22a-43e0-bf4c-06f5698ffbd9}","UtcTime":"2020-10-22 06:58:02.647","ProcessGuid":"{39e4a257-2d78-5f91-6c13-000000000700}","Image":"C:\\Windows\\System32\\WindowsPowerShell\\v1.0\\powershell.exe","Level":"4","Channel":"Microsoft-Windows-Sysmon/Operational","Task":"12","RuleName":"-","SourceName":"Microsoft-Windows-Sysmon","Hostname":"WORKSTATION5","ProcessId":"9572","EventType":"CreateKey","EventID":12,"Keywords":"0x8000000000000000","TargetObject":"HKLM\\SOFTWARE\\Policies\\Microsoft\\SystemCertificates\\Disallowed","Message":"Registry object added or deleted:\r\nRuleName: -\r\nEventType: CreateKey\r\nUtcTime: 2020-10-22 06:58:02.647\r\nProcessGuid: {39e4a257-2d78-5f91-6c13-000000000700}\r\nProcessId: 9572\r\nImage: C:\\Windows\\System32\\WindowsPowerShell\\v1.0\\powershell.exe\r\nTargetObject: HKLM\\SOFTWARE\\Policies\\Microsoft\\SystemCertificates\\Disallowed"}
{"@timestamp":"2020-10-22T02:58:02.650Z","TimeCreated":"2020-10-22T02:58:02.650Z","ProviderGuid":"{5770385f-c22a-43e0-bf4c-06f5698ffbd9}","UtcTime":"2020-10-22 06:58:02.647","ProcessGuid":"{39e4a257-2d78-5f91-6c13-000000000700}","Image":"C:\\Windows\\System32\\WindowsPowerShell\\v1.0\\powershell.exe","Level":"4","Channel":"Microsoft-Windows-Sysmon/Operational","Task":"12","RuleName":"-","SourceName":"Microsoft-Windows-Sysmon","Hostname":"WORKSTATION5","ProcessId":"9572","EventType":"CreateKey","EventID":12,"Keywords":"0x8000000000000000","TargetObject":"HKLM\\SOFTWARE\\Policies\\Microsoft\\SystemCertificates\\Disallowed\\Certificates","Message":"Registry object added or deleted:\r\nRuleName: -\r\nEventType: CreateKey\r\nUtcTime: 2020-10-22 06:58:02.647\r\nProcessGuid: {39e4a257-2d78-5f91-6c13-000000000700}\r\nProcessId: 9572\r\nImage: C:\\Windows\\System32\\WindowsPowerShell\\v1.0\\powershell.exe\r\nTargetObject: HKLM\\SOFTWARE\\Policies\\Microsoft\\SystemCertificates\\Disallowed\\Certificates"}
{"@timestamp":"2020-10-22T02:58:02.650Z","TimeCreated":"2020-10-22T02:58:02.650Z","ProviderGuid":"{5770385f-c22a-43e0-bf4c-06f5698ffbd9}","UtcTime":"2020-10-22 06:58:02.647","ProcessGuid":"{39e4a257-2d78-5f91-6c13-000000000700}","Image":"C:\\Windows\\System32\\WindowsPowerShell\\v1.0\\powershell.exe","Level":"4","Channel":"Microsoft-Windows-Sysmon/Operational","Task":"12","RuleName":"-","SourceName":"Microsoft-Windows-Sysmon","Hostname":"WORKSTATION5","ProcessId":"9572","EventType":"CreateKey","EventID":12,"Keywords":"0x8000000000000000","TargetObject":"HKLM\\SOFTWARE\\Policies\\Microsoft\\SystemCertificates\\Disallowed\\CRLs","Message":"Registry object added or deleted:\r\nRuleName: -\r\nEventType: CreateKey\r\nUtcTime: 2020-10-22 06:58:02.647\r\nProcessGuid: {39e4a257-2d78-5f91-6c13-000000000700}\r\nProcessId: 9572\r\nImage: C:\\Windows\\System32\\WindowsPowerShell\\v1.0\\powershell.exe\r\nTargetObject: HKLM\\SOFTWARE\\Policies\\Microsoft\\SystemCertificates\\Disallowed\\CRLs"}
{"@timestamp":"2020-10-22T02:58:02.650Z","TimeCreated":"2020-10-22T02:58:02.650Z","ProviderGuid":"{5770385f-c22a-43e0-bf4c-06f5698ffbd9}","UtcTime":"2020-10-22 06:58:02.647","ProcessGuid":"{39e4a257-2d78-5f91-6c13-000000000700}","Image":"C:\\Windows\\System32\\WindowsPowerShell\\v1.0\\powershell.exe","Level":"4","Channel":"Microsoft-Windows-Sysmon/Operational","Task":"12","RuleName":"-","SourceName":"Microsoft-Windows-Sysmon","Hostname":"WORKSTATION5","ProcessId":"9572","EventType":"CreateKey","EventID":12,"Keywords":"0x8000000000000000","TargetObject":"HKLM\\SOFTWARE\\Policies\\Microsoft\\SystemCertificates\\Disallowed\\CTLs","Message":"Registry object added or deleted:\r\nRuleName: -\r\nEventType: CreateKey\r\nUtcTime: 2020-10-22 06:58:02.647\r\nProcessGuid: {39e4a257-2d78-5f91-6c13-000000000700}\r\nProcessId: 9572\r\nImage: C:\\Windows\\System32\\WindowsPowerShell\\v1.0\\powershell.exe\r\nTargetObject: HKLM\\SOFTWARE\\Policies\\Microsoft\\SystemCertificates\\Disallowed\\CTLs"}
{"@timestamp":"2020-10-22T02:58:02.651Z","TimeCreated":"2020-10-22T02:58:02.651Z","ProviderGuid":"{5770385f-c22a-43e0-bf4c-06f5698ffbd9}","UtcTime":"2020-10-22 06:58:02.647","ProcessGuid":"{39e4a257-2d78-5f91-6c13-000000000700}","Image":"C:\\Windows\\System32\\WindowsPowerShell\\v1.0\\powershell.exe","Level":"4","Channel":"Microsoft-Windows-Sysmon/Operational","Task":"12","RuleName":"-","SourceName":"Microsoft-Windows-Sysmon","Hostname":"WORKSTATION5","ProcessId":"9572","EventType":"CreateKey","EventID":12,"Keywords":"0x8000000000000000","TargetObject":"HKLM\\SOFTWARE\\Microsoft\\EnterpriseCertificates\\Disallowed","Message":"Registry object added or deleted:\r\nRuleName: -\r\nEventType: CreateKey\r\nUtcTime: 2020-10-22 06:58:02.647\r\nProcessGuid: {39e4a257-2d78-5f91-6c13-000000000700}\r\nProcessId: 9572\r\nImage: C:\\Windows\\System32\\WindowsPowerShell\\v1.0\\powershell.exe\r\nTargetObject: HKLM\\SOFTWARE\\Microsoft\\EnterpriseCertificates\\Disallowed"}
{"@timestamp":"2020-10-22T02:58:02.651Z","TimeCreated":"2020-10-22T02:58:02.651Z","ProviderGuid":"{5770385f-c22a-43e0-bf4c-06f5698ffbd9}","UtcTime":"2020-10-22 06:58:02.647","ProcessGuid":"{39e4a257-2d78-5f91-6c13-000000000700}","Image":"C:\\Windows\\System32\\WindowsPowerShell\\v1.0\\powershell.exe","Level":"4","Channel":"Microsoft-Windows-Sysmon/Operational","Task":"12","RuleName":"-","SourceName":"Microsoft-Windows-Sysmon","Hostname":"WORKSTATION5","ProcessId":"9572","EventType":"CreateKey","EventID":12,"Keywords":"0x8000000000000000","TargetObject":"HKLM\\SOFTWARE\\Microsoft\\EnterpriseCertificates\\Disallowed","Message":"Registry object added or deleted:\r\nRuleName: -\r\nEventType: CreateKey\r\nUtcTime: 2020-10-22 06:58:02.647\r\nProcessGuid: {39e4a257-2d78-5f91-6c13-000000000700}\r\nProcessId: 9572\r\nImage: C:\\Windows\\System32\\WindowsPowerShell\\v1.0\\powershell.exe\r\nTargetObject: HKLM\\SOFTWARE\\Microsoft\\EnterpriseCertificates\\Disallowed"}
{"@timestamp":"2020-10-22T02:58:02.651Z","TimeCreated":"2020-10-22T02:58:02.651Z","ProviderGuid":"{5770385f-c22a-43e0-bf4c-06f5698ffbd9}","UtcTime":"2020-10-22 06:58:02.647","ProcessGuid":"{39e4a257-2d78-5f91-6c13-000000000700}","Image":"C:\\Windows\\System32\\WindowsPowerShell\\v1.0\\powershell.exe","Level":"4","Channel":"Microsoft-Windows-Sysmon/Operational","Task":"12","RuleName":"-","SourceName":"Microsoft-Windows-Sysmon","Hostname":"WORKSTATION5","ProcessId":"9572","EventType":"CreateKey","EventID":12,"Keywords":"0x8000000000000000","TargetObject":"HKLM\\SOFTWARE\\Microsoft\\EnterpriseCertificates\\Disallowed\\Certificates","Message":"Registry object added or deleted:\r\nRuleName: -\r\nEventType: CreateKey\r\nUtcTime: 2020-10-22 06:58:02.647\r\nProcessGuid: {39e4a257-2d78-5f91-6c13-000000000700}\r\nProcessId: 9572\r\nImage: C:\\Windows\\System32\\WindowsPowerShell\\v1.0\\powershell.exe\r\nTargetObject: HKLM\\SOFTWARE\\Microsoft\\EnterpriseCertificates\\Disallowed\\Certificates"}
{"@timestamp":"2020-10-22T02:58:02.651Z","TimeCreated":"2020-10-22T02:58:02.651Z","ProviderGuid":"{5770385f-c22a-43e0-bf4c-06f5698ffbd9}","UtcTime":"2020-10-22 06:58:02.647","ProcessGuid":"{39e4a257-2d78-5f91-6c13-000000000700}","Image":"C:\\Windows\\System32\\WindowsPowerShell\\v1.0\\powershell.exe","Level":"4","Channel":"Microsoft-Windows-Sysmon/Operational","Task":"12","RuleName":"-","SourceName":"Microsoft-Windows-Sysmon","Hostname":"WORKSTATION5","ProcessId":"9572","EventType":"CreateKey","EventID":12,"Keywords":"0x8000000000000000","TargetObject":"HKLM\\SOFTWARE\\Microsoft\\EnterpriseCertificates\\Disallowed\\CRLs","Message":"Registry object added or deleted:\r\nRuleName: -\r\nEventType: CreateKey\r\nUtcTime: 2020-10-22 06:58:02.647\r\nProcessGuid: {39e4a257-2d78-5f91-6c13-000000000700}\r\nProcessId: 9572\r\nImage: C:\\Windows\\System32\\WindowsPowerShell\\v1.0\\powershell.exe\r\nTargetObject: HKLM\\SOFTWARE\\Microsoft\\EnterpriseCertificates\\Disallowed\\CRLs"}
{"@timestamp":"2020-10-22T02:58:02.651Z","TimeCreated":"2020-10-22T02:58:02.651Z","ProviderGuid":"{5770385f-c22a-43e0-bf4c-06f5698ffbd9}","UtcTime":"2020-10-22 06:58:02.647","ProcessGuid":"{39e4a257-2d78-5f91-6c13-000000000700}","Image":"C:\\Windows\\System32\\WindowsPowerShell\\v1.0\\powershell.exe","Level":"4","Channel":"Microsoft-Windows-Sysmon/Operational","Task":"12","RuleName":"-","SourceName":"Microsoft-Windows-Sysmon","Hostname":"WORKSTATION5","ProcessId":"9572","EventType":"CreateKey","EventID":12,"Keywords":"0x8000000000000000","TargetObject":"HKLM\\SOFTWARE\\Microsoft\\EnterpriseCertificates\\Disallowed\\CTLs","Message":"Registry object added or deleted:\r\nRuleName: -\r\nEventType: CreateKey\r\nUtcTime: 2020-10-22 06:58:02.647\r\nProcessGuid: {39e4a257-2d78-5f91-6c13-000000000700}\r\nProcessId: 9572\r\nImage: C:\\Windows\\System32\\WindowsPowerShell\\v1.0\\powershell.exe\r\nTargetObject: HKLM\\SOFTWARE\\Microsoft\\EnterpriseCertificates\\Disallowed\\CTLs"}
{"@timestamp":"2020-10-22T02:58:02.659Z","TimeCreated":"2020-10-22T02:58:02.659Z","ProviderGuid":"{5770385f-c22a-43e0-bf4c-06f5698ffbd9}","UtcTime":"2020-10-22 06:58:02.647","ProcessGuid":"{39e4a257-2d78-5f91-6c13-000000000700}","Image":"C:\\Windows\\System32\\WindowsPowerShell\\v1.0\\powershell.exe","Level":"4","Channel":"Microsoft-Windows-Sysmon/Operational","Task":"12","RuleName":"-","SourceName":"Microsoft-Windows-Sysmon","Hostname":"WORKSTATION5","ProcessId":"9572","EventType":"CreateKey","EventID":12,"Keywords":"0x8000000000000000","TargetObject":"HKU\\S-1-5-21-3940915590-64593676-1414006259-500\\Software\\Microsoft\\Windows\\CurrentVersion\\WinTrust\\Trust Providers\\Software Publishing","Message":"Registry object added or deleted:\r\nRuleName: -\r\nEventType: CreateKey\r\nUtcTime: 2020-10-22 06:58:02.647\r\nProcessGuid: {39e4a257-2d78-5f91-6c13-000000000700}\r\nProcessId: 9572\r\nImage: C:\\Windows\\System32\\WindowsPowerShell\\v1.0\\powershell.exe\r\nTargetObject: HKU\\S-1-5-21-3940915590-64593676-1414006259-500\\Software\\Microsoft\\Windows\\CurrentVersion\\WinTrust\\Trust Providers\\Software Publishing"}
{"@timestamp":"2020-10-22T02:58:02.659Z","TimeCreated":"2020-10-22T02:58:02.659Z","ProviderGuid":"{5770385f-c22a-43e0-bf4c-06f5698ffbd9}","UtcTime":"2020-10-22 06:58:02.647","ProcessGuid":"{39e4a257-2d78-5f91-6c13-000000000700}","Image":"C:\\Windows\\System32\\WindowsPowerShell\\v1.0\\powershell.exe","Level":"4","Channel":"Microsoft-Windows-Sysmon/Operational","Task":"12","RuleName":"-","SourceName":"Microsoft-Windows-Sysmon","Hostname":"WORKSTATION5","ProcessId":"9572","EventType":"CreateKey","EventID":12,"Keywords":"0x8000000000000000","TargetObject":"HKU\\S-1-5-21-3940915590-64593676-1414006259-500\\Software\\Microsoft\\SystemCertificates\\Disallowed","Message":"Registry object added or deleted:\r\nRuleName: -\r\nEventType: CreateKey\r\nUtcTime: 2020-10-22 06:58:02.647\r\nProcessGuid: {39e4a257-2d78-5f91-6c13-000000000700}\r\nProcessId: 9572\r\nImage: C:\\Windows\\System32\\WindowsPowerShell\\v1.0\\powershell.exe\r\nTargetObject: HKU\\S-1-5-21-3940915590-64593676-1414006259-500\\Software\\Microsoft\\SystemCertificates\\Disallowed"}
{"@timestamp":"2020-10-22T02:58:02.659Z","TimeCreated":"2020-10-22T02:58:02.659Z","ProviderGuid":"{5770385f-c22a-43e0-bf4c-06f5698ffbd9}","UtcTime":"2020-10-22 06:58:02.647","ProcessGuid":"{39e4a257-2d78-5f91-6c13-000000000700}","Image":"C:\\Windows\\System32\\WindowsPowerShell\\v1.0\\powershell.exe","Level":"4","Channel":"Microsoft-Windows-Sysmon/Operational","Task":"12","RuleName":"-","SourceName":"Microsoft-Windows-Sysmon","Hostname":"WORKSTATION5","ProcessId":"9572","EventType":"CreateKey","EventID":12,"Keywords":"0x8000000000000000","TargetObject":"HKU\\S-1-5-21-3940915590-64593676-1414006259-500\\Software\\Microsoft\\SystemCertificates\\Disallowed","Message":"Registry object added or deleted:\r\nRuleName: -\r\nEventType: CreateKey\r\nUtcTime: 2020-10-22 06:58:02.647\r\nProcessGuid: {39e4a257-2d78-5f91-6c13-000000000700}\r\nProcessId: 9572\r\nImage: C:\\Windows\\System32\\WindowsPowerShell\\v1.0\\powershell.exe\r\nTargetObject: HKU\\S-1-5-21-3940915590-64593676-1414006259-500\\Software\\Microsoft\\SystemCertificates\\Disallowed"}
{"@timestamp":"2020-10-22T02:58:02.659Z","TimeCreated":"2020-10-22T02:58:02.659Z","ProviderGuid":"{5770385f-c22a-43e0-bf4c-06f5698ffbd9}","UtcTime":"2020-10-22 06:58:02.647","ProcessGuid":"{39e4a257-2d78-5f91-6c13-000000000700}","Image":"C:\\Windows\\System32\\WindowsPowerShell\\v1.0\\powershell.exe","Level":"4","Channel":"Microsoft-Windows-Sysmon/Operational","Task":"12","RuleName":"-","SourceName":"Microsoft-Windows-Sysmon","Hostname":"WORKSTATION5","ProcessId":"9572","EventType":"CreateKey","EventID":12,"Keywords":"0x8000000000000000","TargetObject":"HKU\\S-1-5-21-3940915590-64593676-1414006259-500\\Software\\Microsoft\\SystemCertificates\\Disallowed\\Certificates","Message":"Registry object added or deleted:\r\nRuleName: -\r\nEventType: CreateKey\r\nUtcTime: 2020-10-22 06:58:02.647\r\nProcessGuid: {39e4a257-2d78-5f91-6c13-000000000700}\r\nProcessId: 9572\r\nImage: C:\\Windows\\System32\\WindowsPowerShell\\v1.0\\powershell.exe\r\nTargetObject: HKU\\S-1-5-21-3940915590-64593676-1414006259-500\\Software\\Microsoft\\SystemCertificates\\Disallowed\\Certificates"}
{"@timestamp":"2020-10-22T02:58:02.659Z","TimeCreated":"2020-10-22T02:58:02.659Z","ProviderGuid":"{5770385f-c22a-43e0-bf4c-06f5698ffbd9}","UtcTime":"2020-10-22 06:58:02.647","ProcessGuid":"{39e4a257-2d78-5f91-6c13-000000000700}","Image":"C:\\Windows\\System32\\WindowsPowerShell\\v1.0\\powershell.exe","Level":"4","Channel":"Microsoft-Windows-Sysmon/Operational","Task":"12","RuleName":"-","SourceName":"Microsoft-Windows-Sysmon","Hostname":"WORKSTATION5","ProcessId":"9572","EventType":"CreateKey","EventID":12,"Keywords":"0x8000000000000000","TargetObject":"HKU\\S-1-5-21-3940915590-64593676-1414006259-500\\Software\\Microsoft\\SystemCertificates\\Disallowed\\CRLs","Message":"Registry object added or deleted:\r\nRuleName: -\r\nEventType: CreateKey\r\nUtcTime: 2020-10-22 06:58:02.647\r\nProcessGuid: {39e4a257-2d78-5f91-6c13-000000000700}\r\nProcessId: 9572\r\nImage: C:\\Windows\\System32\\WindowsPowerShell\\v1.0\\powershell.exe\r\nTargetObject: HKU\\S-1-5-21-3940915590-64593676-1414006259-500\\Software\\Microsoft\\SystemCertificates\\Disallowed\\CRLs"}
{"@timestamp":"2020-10-22T02:58:02.659Z","TimeCreated":"2020-10-22T02:58:02.659Z","ProviderGuid":"{5770385f-c22a-43e0-bf4c-06f5698ffbd9}","UtcTime":"2020-10-22 06:58:02.647","ProcessGuid":"{39e4a257-2d78-5f91-6c13-000000000700}","Image":"C:\\Windows\\System32\\WindowsPowerShell\\v1.0\\powershell.exe","Level":"4","Channel":"Microsoft-Windows-Sysmon/Operational","Task":"12","RuleName":"-","SourceName":"Microsoft-Windows-Sysmon","Hostname":"WORKSTATION5","ProcessId":"9572","EventType":"CreateKey","EventID":12,"Keywords":"0x8000000000000000","TargetObject":"HKU\\S-1-5-21-3940915590-64593676-1414006259-500\\Software\\Microsoft\\SystemCertificates\\Disallowed\\CTLs","Message":"Registry object added or deleted:\r\nRuleName: -\r\nEventType: CreateKey\r\nUtcTime: 2020-10-22 06:58:02.647\r\nProcessGuid: {39e4a257-2d78-5f91-6c13-000000000700}\r\nProcessId: 9572\r\nImage: C:\\Windows\\System32\\WindowsPowerShell\\v1.0\\powershell.exe\r\nTargetObject: HKU\\S-1-5-21-3940915590-64593676-1414006259-500\\Software\\Microsoft\\SystemCertificates\\Disallowed\\CTLs"}
