{"@timestamp":"2020-10-22T02:58:02.691Z","TimeCreated":"2020-10-22T02:58:02.691Z","ProviderGuid":"{5770385f-c22a-43e0-bf4c-06f5698ffbd9}","UtcTime":"2020-10-22 06:58:02.678","ProcessGuid":"{39e4a257-2d78-5f91-6c13-000000000700}","Image":"C:\\Windows\\System32\\WindowsPowerShell\\v1.0\\powershell.exe","Level":"4","Channel":"Microsoft-Windows-Sysmon/Operational","Task":"12","RuleName":"-","SourceName":"Microsoft-Windows-Sysmon","Hostname":"WORKSTATION5","ProcessId":"9572","EventType":"CreateKey","EventID":12,"Keywords":"0x8000000000000000","TargetObject":"HKLM\\SOFTWARE\\Microsoft\\EnterpriseCertificates\\Disallowed","Message":"Registry object added or deleted:\r\nRuleName: -\r\nEventType: CreateKey\r\nUtcTime: 2020-10-22 06:58:02.678\r\nProcessGuid: {39e4a257-2d78-5f91-6c13-000000000700}\r\nProcessId: 9572\r\nImage: C:\\Windows\\System32\\WindowsPowerShell\\v1.0\\powershell.exe\r\nTargetObject: HKLM\\SOFTWARE\\Microsoft\\EnterpriseCertificates\\Disallowed"}
{"@timestamp":"2020-10-22T02:58:02.691Z","TimeCreated":"2020-10-22T02:58:02.691Z","ProviderGuid":"{5770385f-c22a-43e0-bf4c-06f5698ffbd9}","UtcTime":"2020-10-22 06:58:02.678","ProcessGuid":"{39e4a257-2d78-5f91-6c13-000000000700}","Image":"C:\\Windows\\System32\\WindowsPowerShell\\v1.0\\powershell.exe","Level":"4","Channel":"Microsoft-Windows-Sysmon/Operational","Task":"12","RuleName":"-","SourceName":"Microsoft-Windows-Sysmon","Hostname":"WORKSTATION5","ProcessId":"9572","EventType":"CreateKey","EventID":12,"Keywords":"0x8000000000000000","TargetObject":"HKLM\\SOFTWARE\\Microsoft\\EnterpriseCertificates\\Disallowed\\Certificates","Message":"Registry object added or deleted:\r\nRuleName: -\r\nEventType: CreateKey\r\nUtcTime: 2020-10-22 06:58:02.678\r\nProcessGuid: {39e4a257-2d78-5f91-6c13-000000000700}\r\nProcessId: 9572\r\nImage: C:\\Windows\\System32\\WindowsPowerShell\\v1.0\\powershell.exe\r\nTargetObject: HKLM\\SOFTWARE\\Microsoft\\EnterpriseCertificates\\Disallowed\\Certificates"}
{"@timestamp":"2020-10-22T02:58:02.692Z","TimeCreated":"2020-10-22T02:58:02.692Z","ProviderGuid":"{5770385f-c22a-43e0-bf4c-06f5698ffbd9}","UtcTime":"2020-10-22 06:58:02.678","ProcessGuid":"{39e4a257-2d78-5f91-6c13-000000000700}","Image":"C:\\Windows\\System32\\WindowsPowerShell\\v1.0\\powershell.exe","Level":"4","Channel":"Microsoft-Windows-Sysmon/Operational","Task":"12","RuleName":"-","SourceName":"Microsoft-Windows-Sysmon","Hostname":"WORKSTATION5","ProcessId":"9572","EventType":"CreateKey","EventID":12,"Keywords":"0x8000000000000000","TargetObject":"HKLM\\SOFTWARE\\Microsoft\\EnterpriseCertificates\\Disallowed\\CRLs","Message":"Registry object added or deleted:\r\nRuleName: -\r\nEventType: CreateKey\r\nUtcTime: 2020-10-22 06:58:02.678\r\nProcessGuid: {39e4a257-2d78-5f91-6c13-000000000700}\r\nProcessId: 9572\r\nImage: C:\\Windows\\System32\\WindowsPowerShell\\v1.0\\powershell.exe\r\nTargetObject: HKLM\\SOFTWARE\\Microsoft\\EnterpriseCertificates\\Disallowed\\CRLs"}
{"@timestamp":"2020-10-22T02:58:02.692Z","TimeCreated":"2020-10-22T02:58:02.692Z","ProviderGuid":"{5770385f-c22a-43e0-bf4c-06f5698ffbd9}","UtcTime":"2020-10-22 06:58:02.678","ProcessGuid":"{39e4a257-2d78-5f91-6c13-000000000700}","Image":"C:\\Windows\\System32\\WindowsPowerShell\\v1.0\\powershell.exe","Level":"4","Channel":"Microsoft-Windows-Sysmon/Operational","Task":"12","RuleName":"-","SourceName":"Microsoft-Windows-Sysmon","Hostname":"WORKSTATION5","ProcessId":"9572","EventType":"CreateKey","EventID":12,"Keywords":"0x8000000000000000","TargetObject":"HKLM\\SOFTWARE\\Microsoft\\EnterpriseCertificates\\Disallowed\\CTLs","Message":"Registry object added or deleted:\r\nRuleName: -\r\nEventType: CreateKey\r\nUtcTime: 2020-10-22 06:58:02.678\r\nProcessGuid: {39e4a257-2d78-5f91-6c13-000000000700}\r\nProcessId: 9572\r\nImage: C:\\Windows\\System32\\WindowsPowerShell\\v1.0\\powershell.exe\r\nTargetObject: HKLM\\SOFTWARE\\Microsoft\\EnterpriseCertificates\\Disallowed\\CTLs"}
{"@timestamp":"2020-10-22T02:58:02.694Z","TimeCreated":"2020-10-22T02:58:02.694Z","Hashes":"SHA1=6E80248FAA4F43FC7E532ABB2B8BDD78D9769600,MD5=5A776842CAE054D8D7C1ACB7A582E3CC,SHA256=2FD72F0AD516158E0DFBBC31C114F685D1B117318F9F184A2AF903744F1107AB,IMPHASH=1C67DA46DE146D5C03F7C75A4E4CCCA4","Signature":"Microsoft Corporation","ProviderGuid":"{5770385f-c22a-43e0-bf4c-06f5698ffbd9}","Company":"Microsoft Corporation","UtcTime":"2020-10-22 06:58:02.553","ProcessGuid":"{39e4a257-2d78-5f91-6c13-000000000700}","Image":"C:\\Windows\\System32\\WindowsPowerShell\\v1.0\\powershell.exe","ImageLoaded":"C:\\Windows\\Microsoft.NET\\assembly\\GAC_64\\System.Transactions\\v4.0_4.0.0.0__b77a5c561934e089\\System.Transactions.dll","Level":"4","Channel":"Microsoft-Windows-Sysmon/Operational","Task":"7","RuleName":"-","FileVersion":"4.8.3752.0 built by: NET48REL1","SourceName":"Microsoft-Windows-Sysmon","Hostname":"WORKSTATION5","ProcessId":"9572","Description":".NET Framework","SignatureStatus":"Valid","Product":"Microsoft .NET Framework","EventID":7,"Keywords":"0x8000000000000000","Signed":"true","OriginalFileName":"system.transactions.dll","Message":"Image loaded:\r\nRuleName: -\r\nUtcTime: 2020-10-22 06:58:02.553\r\nProcessGuid: {39e4a257-2d78-5f91-6c13-000000000700}\r\nProcessId: 9572\r\nImage: C:\\Windows\\System32\\WindowsPowerShell\\v1.0\\powershell.exe\r\nImageLoaded: C:\\Windows\\Microsoft.NET\\assembly\\GAC_64\\System.Transactions\\v4.0_4.0.0.0__b77a5c561934e089\\System.Transactions.dll\r\nFileVersion: 4.8.3752.0 built by: NET48REL1\r\nDescription: .NET Framework\r\nProduct: Microsoft .NET Framework\r\nCompany: Microsoft Corporation\r\nOriginalFileName: system.transactions.dll\r\nHashes: SHA1=6E80248FAA4F43FC7E532ABB2B8BDD78D9769600,MD5=5A776842CAE054D8D7C1ACB7A582E3CC,SHA256=2FD72F0AD516158E0DFBBC31C114F685D1B117318F9F184A2AF903744F1107AB,IMPHASH=1C67DA46DE146D5C03F7C75A4E4CCCA4\r\nSigned: true\r\nSignature: Microsoft Corporation\r\nSignatureStatus: Valid"}
{"@timestamp":"2020-10-22T02:58:02.703Z","TimeCreated":"2020-10-22T02:58:02.703Z","Hashes":"SHA1=BB449564B72F3687C311648D8E5C02EDD5D51D96,MD5=2C98AA00D1633E9AFAEAABA6CC87F287,SHA256=5DD8571132EF404927ADF7A1AC7EB26823D89271F62883F1E56C6EEEABC3D466,IMPHASH=F90C2A389F295606533D615109FB248B","Signature":"Microsoft Windows","ProviderGuid":"{5770385f-c22a-43e0-bf4c-06f5698ffbd9}","Company":"Microsoft Corporation","UtcTime":"2020-10-22 06:58:02.553","ProcessGuid":"{39e4a257-2d78-5f91-6c13-000000000700}","Image":"C:\\Windows\\System32\\WindowsPowerShell\\v1.0\\powershell.exe","ImageLoaded":"C:\\Windows\\System32\\secur32.dll","Level":"4","Channel":"Microsoft-Windows-Sysmon/Operational","Task":"7","RuleName":"-","FileVersion":"10.0.18362.1 (WinBuild.160101.0800)","SourceName":"Microsoft-Windows-Sysmon","Hostname":"WORKSTATION5","ProcessId":"9572","Description":"Security Support Provider Interface","SignatureStatus":"Valid","Product":"Microsoft Windows Operating System","EventID":7,"Keywords":"0x8000000000000000","Signed":"true","OriginalFileName":"secur32.dll","Message":"Image loaded:\r\nRuleName: -\r\nUtcTime: 2020-10-22 06:58:02.553\r\nProcessGuid: {39e4a257-2d78-5f91-6c13-000000000700}\r\nProcessId: 9572\r\nImage: C:\\Windows\\System32\\WindowsPowerShell\\v1.0\\powershell.exe\r\nImageLoaded: C:\\Windows\\System32\\secur32.dll\r\nFileVersion: 10.0.18362.1 (WinBuild.160101.0800)\r\nDescription: Security Support Provider Interface\r\nProduct: Microsoft Windows Operating System\r\nCompany: Microsoft Corporation\r\nOriginalFileName: secur32.dll\r\nHashes: SHA1=BB449564B72F3687C311648D8E5C02EDD5D51D96,MD5=2C98AA00D1633E9AFAEAABA6CC87F287,SHA256=5DD8571132EF404927ADF7A1AC7EB26823D89271F62883F1E56C6EEEABC3D466,IMPHASH=F90C2A389F295606533D615109FB248B\r\nSigned: true\r\nSignature: Microsoft Windows\r\nSignatureStatus: Valid"}
{"@timestamp":"2020-10-22T02:58:02.760Z","TimeCreated":"2020-10-22T02:58:02.760Z","Hashes":"SHA1=B68C60F3D4978B8CF02A2ECC6170556D64471327,MD5=F0021BEE7C055BBF55E79AC3103B8B21,SHA256=94A83A9A6335EA736956CFB1240C6E8FFDB93273A1BBF4CF13EF99519873A8B2,IMPHASH=00000000000000000000000000000000","Signature":"-","ProviderGuid":"{5770385f-c22a-43e0-bf4c-06f5698ffbd9}","Company":"Microsoft Corporation","UtcTime":"2020-10-22 06:58:02.725","ProcessGuid":"{39e4a257-2d78-5f91-6c13-000000000700}","Image":"C:\\Windows\\System32\\WindowsPowerShell\\v1.0\\powershell.exe","ImageLoaded":"C:\\Windows\\assembly\\NativeImages_v4.0.30319_64\\Microsoft.Pae3498d9#\\0f1e626fa4479bdc8c1d24fc5b9ff36e\\Microsoft.PowerShell.Commands.Management.ni.dll","Level":"4","Channel":"Microsoft-Windows-Sysmon/Operational","Task":"7","RuleName":"-","FileVersion":"10.0.18362.1","SourceName":"Microsoft-Windows-Sysmon","Hostname":"WORKSTATION5","ProcessId":"9572","Description":"Microsoft Windows PowerShell Management Commands","SignatureStatus":"Unavailable","Product":"Microsoft (R) Windows (R) Operating System","EventID":7,"Keywords":"0x8000000000000000","Signed":"false","OriginalFileName":"Microsoft.PowerShell.Commands.Management.dll","Message":"Image loaded:\r\nRuleName: -\r\nUtcTime: 2020-10-22 06:58:02.725\r\nProcessGuid: {39e4a257-2d78-5f91-6c13-000000000700}\r\nProcessId: 9572\r\nImage: C:\\Windows\\System32\\WindowsPowerShell\\v1.0\\powershell.exe\r\nImageLoaded: C:\\Windows\\assembly\\NativeImages_v4.0.30319_64\\Microsoft.Pae3498d9#\\0f1e626fa4479bdc8c1d24fc5b9ff36e\\Microsoft.PowerShell.Commands.Management.ni.dll\r\nFileVersion: 10.0.18362.1\r\nDescription: Microsoft Windows PowerShell Management Commands\r\nProduct: Microsoft (R) Windows (R) Operating System\r\nCompany: Microsoft Corporation\r\nOriginalFileName: Microsoft.PowerShell.Commands.Management.dll\r\nHashes: SHA1=B68C60F3D4978B8CF02A2ECC6170556D64471327,MD5=F0021BEE7C055BBF55E79AC3103B8B21,SHA256=94A83A9A6335EA736956CFB1240C6E8FFDB93273A1BBF4CF13EF99519873A8B2,IMPHASH=00000000000000000000000000000000\r\nSigned: false\r\nSignature: -\r\nSignatureStatus: Unavailable"}
{"@timestamp":"2020-10-22T02:58:02.766Z","TimeCreated":"2020-10-22T02:58:02.766Z","Hashes":"SHA1=FC557AD6136503E82FE1B07EDCF570FF08E89441,MD5=C9AC6D9820C5833CFC3F443B25EE73F3,SHA256=74B9A302F50FED6666FF08F8B56457D80BFEE9D9E1D4B5E209EA8E1EE068A71C,IMPHASH=00000000000000000000000000000000","Signature":"-","ProviderGuid":"{5770385f-c22a-43e0-bf4c-06f5698ffbd9}","Company":"Microsoft Corporation","UtcTime":"2020-10-22 06:58:02.725","ProcessGuid":"{39e4a257-2d78-5f91-6c13-000000000700}","Image":"C:\\Windows\\System32\\WindowsPowerShell\\v1.0\\powershell.exe","ImageLoaded":"C:\\Windows\\assembly\\NativeImages_v4.0.30319_64\\System.Confe64a9051#\\cf7a5330122a766c153b195c096d2127\\System.Configuration.Install.ni.dll","Level":"4","Channel":"Microsoft-Windows-Sysmon/Operational","Task":"7","RuleName":"-","FileVersion":"4.8.3752.0 built by: NET48REL1","SourceName":"Microsoft-Windows-Sysmon","Hostname":"WORKSTATION5","ProcessId":"9572","Description":".NET Framework","SignatureStatus":"Unavailable","Product":"Microsoft .NET Framework","EventID":7,"Keywords":"0x8000000000000000","Signed":"false","OriginalFileName":"System.Configuration.Install.dll","Message":"Image loaded:\r\nRuleName: -\r\nUtcTime: 2020-10-22 06:58:02.725\r\nProcessGuid: {39e4a257-2d78-5f91-6c13-000000000700}\r\nProcessId: 9572\r\nImage: C:\\Windows\\System32\\WindowsPowerShell\\v1.0\\powershell.exe\r\nImageLoaded: C:\\Windows\\assembly\\NativeImages_v4.0.30319_64\\System.Confe64a9051#\\cf7a5330122a766c153b195c096d2127\\System.Configuration.Install.ni.dll\r\nFileVersion: 4.8.3752.0 built by: NET48REL1\r\nDescription: .NET Framework\r\nProduct: Microsoft .NET Framework\r\nCompany: Microsoft Corporation\r\nOriginalFileName: System.Configuration.Install.dll\r\nHashes: SHA1=FC557AD6136503E82FE1B07EDCF570FF08E89441,MD5=C9AC6D9820C5833CFC3F443B25EE73F3,SHA256=74B9A302F50FED6666FF08F8B56457D80BFEE9D9E1D4B5E209EA8E1EE068A71C,IMPHASH=00000000000000000000000000000000\r\nSigned: false\r\nSignature: -\r\nSignatureStatus: Unavailable"}
{"@timestamp":"2020-10-22T02:58:02.774Z","TimeCreated":"2020-10-22T02:58:02.774Z","Hashes":"SHA1=F279B6C81C4C518D9DF34E86905280BA73515B1B,MD5=27DEF9D9FE448BC372887D780E43F866,SHA256=A5706ECF80F6771F5C011E75DD2BDD4292D8AC061460C989967591A42C75D745,IMPHASH=00000000000000000000000000000000","Signature":"-","ProviderGuid":"{5770385f-c22a-43e0-bf4c-06f5698ffbd9}","Company":"Microsoft Corporation","UtcTime":"2020-10-22 06:58:02.740","ProcessGuid":"{39e4a257-2d78-5f91-6c13-000000000700}","Image":"C:\\Windows\\System32\\WindowsPowerShell\\v1.0\\powershell.exe","ImageLoaded":"C:\\Windows\\assembly\\NativeImages_v4.0.30319_64\\System.Serv759bfb78#\\e7a789cc74fa40f427a7e4c2d79ca3b6\\System.ServiceProcess.ni.dll","Level":"4","Channel":"Microsoft-Windows-Sysmon/Operational","Task":"7","RuleName":"-","FileVersion":"4.8.3752.0 built by: NET48REL1","SourceName":"Microsoft-Windows-Sysmon","Hostname":"WORKSTATION5","ProcessId":"9572","Description":".NET Framework","SignatureStatus":"Unavailable","Product":"Microsoft .NET Framework","EventID":7,"Keywords":"0x8000000000000000","Signed":"false","OriginalFileName":"System.ServiceProcess.dll","Message":"Image loaded:\r\nRuleName: -\r\nUtcTime: 2020-10-22 06:58:02.740\r\nProcessGuid: {39e4a257-2d78-5f91-6c13-000000000700}\r\nProcessId: 9572\r\nImage: C:\\Windows\\System32\\WindowsPowerShell\\v1.0\\powershell.exe\r\nImageLoaded: C:\\Windows\\assembly\\NativeImages_v4.0.30319_64\\System.Serv759bfb78#\\e7a789cc74fa40f427a7e4c2d79ca3b6\\System.ServiceProcess.ni.dll\r\nFileVersion: 4.8.3752.0 built by: NET48REL1\r\nDescription: .NET Framework\r\nProduct: Microsoft .NET Framework\r\nCompany: Microsoft Corporation\r\nOriginalFileName: System.ServiceProcess.dll\r\nHashes: SHA1=F279B6C81C4C518D9DF34E86905280BA73515B1B,MD5=27DEF9D9FE448BC372887D780E43F866,SHA256=A5706ECF80F6771F5C011E75DD2BDD4292D8AC061460C989967591A42C75D745,IMPHASH=00000000000000000000000000000000\r\nSigned: false\r\nSignature: -\r\nSignatureStatus: Unavailable"}
{"@timestamp":"2020-10-22T02:58:02.797Z","TimeCreated":"2020-10-22T02:58:02.797Z","ProviderGuid":"{5770385f-c22a-43e0-bf4c-06f5698ffbd9}","UtcTime":"2020-10-22 06:58:02.787","ProcessGuid":"{39e4a257-2d78-5f91-6c13-000000000700}","Image":"C:\\Windows\\System32\\WindowsPowerShell\\v1.0\\powershell.exe","Level":"4","Channel":"Microsoft-Windows-Sysmon/Operational","Task":"12","RuleName":"-","SourceName":"Microsoft-Windows-Sysmon","Hostname":"WORKSTATION5","ProcessId":"9572","EventType":"CreateKey","EventID":12,"Keywords":"0x8000000000000000","TargetObject":"HKU\\S-1-5-21-3940915590-64593676-1414006259-500\\Software\\Microsoft\\Windows\\CurrentVersion\\WinTrust\\Trust Providers\\Software Publishing","Message":"Registry object added or deleted:\r\nRuleName: -\r\nEventType: CreateKey\r\nUtcTime: 2020-10-22 06:58:02.787\r\nProcessGuid: {39e4a257-2d78-5f91-6c13-000000000700}\r\nProcessId: 9572\r\nImage: C:\\Windows\\System32\\WindowsPowerShell\\v1.0\\powershell.exe\r\nTargetObject: HKU\\S-1-5-21-3940915590-64593676-1414006259-500\\Software\\Microsoft\\Windows\\CurrentVersion\\WinTrust\\Trust Providers\\Software Publishing"}
{"@timestamp":"2020-10-22T02:58:02.799Z","TimeCreated":"2020-10-22T02:58:02.799Z","ProviderGuid":"{5770385f-c22a-43e0-bf4c-06f5698ffbd9}","UtcTime":"2020-10-22 06:58:02.787","ProcessGuid":"{39e4a257-2d78-5f91-6c13-000000000700}","Image":"C:\\Windows\\System32\\WindowsPowerShell\\v1.0\\powershell.exe","Level":"4","Channel":"Microsoft-Windows-Sysmon/Operational","Task":"12","RuleName":"-","SourceName":"Microsoft-Windows-Sysmon","Hostname":"WORKSTATION5","ProcessId":"9572","EventType":"CreateKey","EventID":12,"Keywords":"0x8000000000000000","TargetObject":"HKU\\S-1-5-21-3940915590-64593676-1414006259-500\\Software\\Microsoft\\SystemCertificates\\Disallowed","Message":"Registry object added or deleted:\r\nRuleName: -\r\nEventType: CreateKey\r\nUtcTime: 2020-10-22 06:58:02.787\r\nProcessGuid: {39e4a257-2d78-5f91-6c13-000000000700}\r\nProcessId: 9572\r\nImage: C:\\Windows\\System32\\WindowsPowerShell\\v1.0\\powershell.exe\r\nTargetObject: HKU\\S-1-5-21-3940915590-64593676-1414006259-500\\Software\\Microsoft\\SystemCertificates\\Disallowed"}
{"@timestamp":"2020-10-22T02:58:02.799Z","TimeCreated":"2020-10-22T02:58:02.799Z","ProviderGuid":"{5770385f-c22a-43e0-bf4c-06f5698ffbd9}","UtcTime":"2020-10-22 06:58:02.787","ProcessGuid":"{39e4a257-2d78-5f91-6c13-000000000700}","Image":"C:\\Windows\\System32\\WindowsPowerShell\\v1.0\\powershell.exe","Level":"4","Channel":"Microsoft-Windows-Sysmon/Operational","Task":"12","RuleName":"-","SourceName":"Microsoft-Windows-Sysmon","Hostname":"WORKSTATION5","ProcessId":"9572","EventType":"CreateKey","EventID":12,"Keywords":"0x8000000000000000","TargetObject":"HKU\\S-1-5-21-3940915590-64593676-1414006259-500\\Software\\Microsoft\\SystemCertificates\\Disallowed","Message":"Registry object added or deleted:\r\nRuleName: -\r\nEventType: CreateKey\r\nUtcTime: 2020-10-22 06:58:02.787\r\nProcessGuid: {39e4a257-2d78-5f91-6c13-000000000700}\r\nProcessId: 9572\r\nImage: C:\\Windows\\System32\\WindowsPowerShell\\v1.0\\powershell.exe\r\nTargetObject: HKU\\S-1-5-21-3940915590-64593676-1414006259-500\\Software\\Microsoft\\SystemCertificates\\Disallowed"}
{"@timestamp":"2020-10-22T02:58:02.799Z","TimeCreated":"2020-10-22T02:58:02.799Z","ProviderGuid":"{5770385f-c22a-43e0-bf4c-06f5698ffbd9}","UtcTime":"2020-10-22 06:58:02.787","ProcessGuid":"{39e4a257-2d78-5f91-6c13-000000000700}","Image":"C:\\Windows\\System32\\WindowsPowerShell\\v1.0\\powershell.exe","Level":"4","Channel":"Microsoft-Windows-Sysmon/Operational","Task":"12","RuleName":"-","SourceName":"Microsoft-Windows-Sysmon","Hostname":"WORKSTATION5","ProcessId":"9572","EventType":"CreateKey","EventID":12,"Keywords":"0x8000000000000000","TargetObject":"HKU\\S-1-5-21-3940915590-64593676-1414006259-500\\Software\\Microsoft\\SystemCertificates\\Disallowed\\Certificates","Message":"Registry object added or deleted:\r\nRuleName: -\r\nEventType: CreateKey\r\nUtcTime: 2020-10-22 06:58:02.787\r\nProcessGuid: {39e4a257-2d78-5f91-6c13-000000000700}\r\nProcessId: 9572\r\nImage: C:\\Windows\\System32\\WindowsPowerShell\\v1.0\\powershell.exe\r\nTargetObject: HKU\\S-1-5-21-3940915590-64593676-1414006259-500\\Software\\Microsoft\\SystemCertificates\\Disallowed\\Certificates"}
{"@timestamp":"2020-10-22T02:58:02.799Z","TimeCreated":"2020-10-22T02:58:02.799Z","ProviderGuid":"{5770385f-c22a-43e0-bf4c-06f5698ffbd9}","UtcTime":"2020-10-22 06:58:02.787","ProcessGuid":"{39e4a257-2d78-5f91-6c13-000000000700}","Image":"C:\\Windows\\System32\\WindowsPowerShell\\v1.0\\powershell.exe","Level":"4","Channel":"Microsoft-Windows-Sysmon/Operational","Task":"12","RuleName":"-","SourceName":"Microsoft-Windows-Sysmon","Hostname":"WORKSTATION5","ProcessId":"9572","EventType":"CreateKey","EventID":12,"Keywords":"0x8000000000000000","TargetObject":"HKU\\S-1-5-21-3940915590-64593676-1414006259-500\\Software\\Microsoft\\SystemCertificates\\Disallowed\\CRLs","Message":"Registry object added or deleted:\r\nRuleName: -\r\nEventType: CreateKey\r\nUtcTime: 2020-10-22 06:58:02.787\r\nProcessGuid: {39e4a257-2d78-5f91-6c13-000000000700}\r\nProcessId: 9572\r\nImage: C:\\Windows\\System32\\WindowsPowerShell\\v1.0\\powershell.exe\r\nTargetObject: HKU\\S-1-5-21-3940915590-64593676-1414006259-500\\Software\\Microsoft\\SystemCertificates\\Disallowed\\CRLs"}
{"@timestamp":"2020-10-22T02:58:02.799Z","TimeCreated":"2020-10-22T02:58:02.799Z","ProviderGuid":"{5770385f-c22a-43e0-bf4c-06f5698ffbd9}","UtcTime":"2020-10-22 06:58:02.787","ProcessGuid":"{39e4a257-2d78-5f91-6c13-000000000700}","Image":"C:\\Windows\\System32\\WindowsPowerShell\\v1.0\\powershell.exe","Level":"4","Channel":"Microsoft-Windows-Sysmon/Operational","Task":"12","RuleName":"-","SourceName":"Microsoft-Windows-Sysmon","Hostname":"WORKSTATION5","ProcessId":"9572","EventType":"CreateKey","EventID":12,"Keywords":"0x8000000000000000","TargetObject":"HKU\\S-1-5-21-3940915590-64593676-1414006259-500\\Software\\Microsoft\\SystemCertificates\\Disallowed\\CTLs","Message":"Registry object added or deleted:\r\nRuleName: -\r\nEventType: CreateKey\r\nUtcTime: 2020-10-22 06:58:02.787\r\nProcessGuid: {39e4a257-2d78-5f91-6c13-000000000700}\r\nProcessId: 9572\r\nImage: C:\\Windows\\System32\\WindowsPowerShell\\v1.0\\powershell.exe\r\nTargetObject: HKU\\S-1-5-21-3940915590-64593676-1414006259-500\\Software\\Microsoft\\SystemCertificates\\Disallowed\\CTLs"}
{"@timestamp":"2020-10-22T02:58:02.800Z","TimeCreated":"2020-10-22T02:58:02.800Z","ProviderGuid":"{5770385f-c22a-43e0-bf4c-06f5698ffbd9}","UtcTime":"2020-10-22 06:58:02.787","ProcessGuid":"{39e4a257-2d78-5f91-6c13-000000000700}","Image":"C:\\Windows\\System32\\WindowsPowerShell\\v1.0\\powershell.exe","Level":"4","Channel":"Microsoft-Windows-Sysmon/Operational","Task":"12","RuleName":"-","SourceName":"Microsoft-Windows-Sysmon","Hostname":"WORKSTATION5","ProcessId":"9572","EventType":"CreateKey","EventID":12,"Keywords":"0x8000000000000000","TargetObject":"HKU\\S-1-5-21-3940915590-64593676-1414006259-500\\Software\\Policies\\Microsoft\\SystemCertificates\\Disallowed","Message":"Registry object added or deleted:\r\nRuleName: -\r\nEventType: CreateKey\r\nUtcTime: 2020-10-22 06:58:02.787\r\nProcessGuid: {39e4a257-2d78-5f91-6c13-000000000700}\r\nProcessId: 9572\r\nImage: C:\\Windows\\System32\\WindowsPowerShell\\v1.0\\powershell.exe\r\nTargetObject: HKU\\S-1-5-21-3940915590-64593676-1414006259-500\\Software\\Policies\\Microsoft\\SystemCertificates\\Disallowed"}
{"@timestamp":"2020-10-22T02:58:02.800Z","TimeCreated":"2020-10-22T02:58:02.800Z","ProviderGuid":"{5770385f-c22a-43e0-bf4c-06f5698ffbd9}","UtcTime":"2020-10-22 06:58:02.787","ProcessGuid":"{39e4a257-2d78-5f91-6c13-000000000700}","Image":"C:\\Windows\\System32\\WindowsPowerShell\\v1.0\\powershell.exe","Level":"4","Channel":"Microsoft-Windows-Sysmon/Operational","Task":"12","RuleName":"-","SourceName":"Microsoft-Windows-Sysmon","Hostname":"WORKSTATION5","ProcessId":"9572","EventType":"CreateKey","EventID":12,"Keywords":"0x8000000000000000","TargetObject":"HKU\\S-1-5-21-3940915590-64593676-1414006259-500\\Software\\Policies\\Microsoft\\SystemCertificates\\Disallowed\\Certificates","Message":"Registry object added or deleted:\r\nRuleName: -\r\nEventType: CreateKey\r\nUtcTime: 2020-10-22 06:58:02.787\r\nProcessGuid: {39e4a257-2d78-5f91-6c13-000000000700}\r\nProcessId: 9572\r\nImage: C:\\Windows\\System32\\WindowsPowerShell\\v1.0\\powershell.exe\r\nTargetObject: HKU\\S-1-5-21-3940915590-64593676-1414006259-500\\Software\\Policies\\Microsoft\\SystemCertificates\\Disallowed\\Certificates"}
{"@timestamp":"2020-10-22T02:58:02.800Z","TimeCreated":"2020-10-22T02:58:02.800Z","ProviderGuid":"{5770385f-c22a-43e0-bf4c-06f5698ffbd9}","UtcTime":"2020-10-22 06:58:02.787","ProcessGuid":"{39e4a257-2d78-5f91-6c13-000000000700}","Image":"C:\\Windows\\System32\\WindowsPowerShell\\v1.0\\powershell.exe","Level":"4","Channel":"Microsoft-Windows-Sysmon/Operational","Task":"12","RuleName":"-","SourceName":"Microsoft-Windows-Sysmon","Hostname":"WORKSTATION5","ProcessId":"9572","EventType":"CreateKey","EventID":12,"Keywords":"0x8000000000000000","TargetObject":"HKU\\S-1-5-21-3940915590-64593676-1414006259-500\\Software\\Policies\\Microsoft\\SystemCertificates\\Disallowed\\CRLs","Message":"Registry object added or deleted:\r\nRuleName: -\r\nEventType: CreateKey\r\nUtcTime: 2020-10-22 06:58:02.787\r\nProcessGuid: {39e4a257-2d78-5f91-6c13-000000000700}\r\nProcessId: 9572\r\nImage: C:\\Windows\\System32\\WindowsPowerShell\\v1.0\\powershell.exe\r\nTargetObject: HKU\\S-1-5-21-3940915590-64593676-1414006259-500\\Software\\Policies\\Microsoft\\SystemCertificates\\Disallowed\\CRLs"}
{"@timestamp":"2020-10-22T02:58:02.800Z","TimeCreated":"2020-10-22T02:58:02.800Z","ProviderGuid":"{5770385f-c22a-43e0-bf4c-06f5698ffbd9}","UtcTime":"2020-10-22 06:58:02.787","ProcessGuid":"{39e4a257-2d78-5f91-6c13-000000000700}","Image":"C:\\Windows\\System32\\WindowsPowerShell\\v1.0\\powershell.exe","Level":"4","Channel":"Microsoft-Windows-Sysmon/Operational","Task":"12","RuleName":"-","SourceName":"Microsoft-Windows-Sysmon","Hostname":"WORKSTATION5","ProcessId":"9572","EventType":"CreateKey","EventID":12,"Keywords":"0x8000000000000000","TargetObject":"HKU\\S-1-5-21-3940915590-64593676-1414006259-500\\Software\\Policies\\Microsoft\\SystemCertificates\\Disallowed\\CTLs","Message":"Registry object added or deleted:\r\nRuleName: -\r\nEventType: CreateKey\r\nUtcTime: 2020-10-22 06:58:02.787\r\nProcessGuid: {39e4a257-2d78-5f91-6c13-000000000700}\r\nProcessId: 9572\r\nImage: C:\\Windows\\System32\\WindowsPowerShell\\v1.0\\powershell.exe\r\nTargetObject: HKU\\S-1-5-21-3940915590-64593676-1414006259-500\\Software\\Policies\\Microsoft\\SystemCertificates\\Disallowed\\CTLs"}
{"@timestamp":"2020-10-22T02:58:02.800Z","TimeCreated":"2020-10-22T02:58:02.800Z","ProviderGuid":"{5770385f-c22a-43e0-bf4c-06f5698ffbd9}","UtcTime":"2020-10-22 06:58:02.787","ProcessGuid":"{39e4a257-2d78-5f91-6c13-000000000700}","Image":"C:\\Windows\\System32\\WindowsPowerShell\\v1.0\\powershell.exe","Level":"4","Channel":"Microsoft-Windows-Sysmon/Operational","Task":"12","RuleName":"-","SourceName":"Microsoft-Windows-Sysmon","Hostname":"WORKSTATION5","ProcessId":"9572","EventType":"CreateKey","EventID":12,"Keywords":"0x8000000000000000","TargetObject":"HKLM\\SOFTWARE\\Microsoft\\SystemCertificates\\Disallowed","Message":"Registry object added or deleted:\r\nRuleName: -\r\nEventType: CreateKey\r\nUtcTime: 2020-10-22 06:58:02.787\r\nProcessGuid: {39e4a257-2d78-5f91-6c13-000000000700}\r\nProcessId: 9572\r\nImage: C:\\Windows\\System32\\WindowsPowerShell\\v1.0\\powershell.exe\r\nTargetObject: HKLM\\SOFTWARE\\Microsoft\\SystemCertificates\\Disallowed"}
{"@timestamp":"2020-10-22T02:58:02.800Z","TimeCreated":"2020-10-22T02:58:02.800Z","ProviderGuid":"{5770385f-c22a-43e0-bf4c-06f5698ffbd9}","UtcTime":"2020-10-22 06:58:02.787","ProcessGuid":"{39e4a257-2d78-5f91-6c13-000000000700}","Image":"C:\\Windows\\System32\\WindowsPowerShell\\v1.0\\powershell.exe","Level":"4","Channel":"Microsoft-Windows-Sysmon/Operational","Task":"12","RuleName":"-","SourceName":"Microsoft-Windows-Sysmon","Hostname":"WORKSTATION5","ProcessId":"9572","EventType":"CreateKey","EventID":12,"Keywords":"0x8000000000000000","TargetObject":"HKLM\\SOFTWARE\\Microsoft\\SystemCertificates\\Disallowed","Message":"Registry object added or deleted:\r\nRuleName: -\r\nEventType: CreateKey\r\nUtcTime: 2020-10-22 06:58:02.787\r\nProcessGuid: {39e4a257-2d78-5f91-6c13-000000000700}\r\nProcessId: 9572\r\nImage: C:\\Windows\\System32\\WindowsPowerShell\\v1.0\\powershell.exe\r\nTargetObject: HKLM\\SOFTWARE\\Microsoft\\SystemCertificates\\Disallowed"}
{"@timestamp":"2020-10-22T02:58:02.800Z","TimeCreated":"2020-10-22T02:58:02.800Z","ProviderGuid":"{5770385f-c22a-43e0-bf4c-06f5698ffbd9}","UtcTime":"2020-10-22 06:58:02.787","ProcessGuid":"{39e4a257-2d78-5f91-6c13-000000000700}","Image":"C:\\Windows\\System32\\WindowsPowerShell\\v1.0\\powershell.exe","Level":"4","Channel":"Microsoft-Windows-Sysmon/Operational","Task":"12","RuleName":"-","SourceName":"Microsoft-Windows-Sysmon","Hostname":"WORKSTATION5","ProcessId":"9572","EventType":"CreateKey","EventID":12,"Keywords":"0x8000000000000000","TargetObject":"HKLM\\SOFTWARE\\Microsoft\\SystemCertificates\\Disallowed\\Certificates","Message":"Registry object added or deleted:\r\nRuleName: -\r\nEventType: CreateKey\r\nUtcTime: 2020-10-22 06:58:02.787\r\nProcessGuid: {39e4a257-2d78-5f91-6c13-000000000700}\r\nProcessId: 9572\r\nImage: C:\\Windows\\System32\\WindowsPowerShell\\v1.0\\powershell.exe\r\nTargetObject: HKLM\\SOFTWARE\\Microsoft\\SystemCertificates\\Disallowed\\Certificates"}
{"@timestamp":"2020-10-22T02:58:02.800Z","TimeCreated":"2020-10-22T02:58:02.800Z","ProviderGuid":"{5770385f-c22a-43e0-bf4c-06f5698ffbd9}","UtcTime":"2020-10-22 06:58:02.787","ProcessGuid":"{39e4a257-2d78-5f91-6c13-000000000700}","Image":"C:\\Windows\\System32\\WindowsPowerShell\\v1.0\\powershell.exe","Level":"4","Channel":"Microsoft-Windows-Sysmon/Operational","Task":"12","RuleName":"-","SourceName":"Microsoft-Windows-Sysmon","Hostname":"WORKSTATION5","ProcessId":"9572","EventType":"CreateKey","EventID":12,"Keywords":"0x8000000000000000","TargetObject":"HKLM\\SOFTWARE\\Microsoft\\SystemCertificates\\Disallowed\\CRLs","Message":"Registry object added or deleted:\r\nRuleName: -\r\nEventType: CreateKey\r\nUtcTime: 2020-10-22 06:58:02.787\r\nProcessGuid: {39e4a257-2d78-5f91-6c13-000000000700}\r\nProcessId: 9572\r\nImage: C:\\Windows\\System32\\WindowsPowerShell\\v1.0\\powershell.exe\r\nTargetObject: HKLM\\SOFTWARE\\Microsoft\\SystemCertificates\\Disallowed\\CRLs"}
{"@timestamp":"2020-10-22T02:58:02.800Z","TimeCreated":"2020-10-22T02:58:02.800Z","ProviderGuid":"{5770385f-c22a-43e0-bf4c-06f5698ffbd9}","UtcTime":"2020-10-22 06:58:02.787","ProcessGuid":"{39e4a257-2d78-5f91-6c13-000000000700}","Image":"C:\\Windows\\System32\\WindowsPowerShell\\v1.0\\powershell.exe","Level":"4","Channel":"Microsoft-Windows-Sysmon/Operational","Task":"12","RuleName":"-","SourceName":"Microsoft-Windows-Sysmon","Hostname":"WORKSTATION5","ProcessId":"9572","EventType":"CreateKey","EventID":12,"Keywords":"0x8000000000000000","TargetObject":"HKLM\\SOFTWARE\\Microsoft\\SystemCertificates\\Disallowed\\CTLs","Message":"Registry object added or deleted:\r\nRuleName: -\r\nEventType: CreateKey\r\nUtcTime: 2020-10-22 06:58:02.787\r\nProcessGuid: {39e4a257-2d78-5f91-6c13-000000000700}\r\nProcessId: 9572\r\nImage: C:\\Windows\\System32\\WindowsPowerShell\\v1.0\\powershell.exe\r\nTargetObject: HKLM\\SOFTWARE\\Microsoft\\SystemCertificates\\Disallowed\\CTLs"}
{"@timestamp":"2020-10-22T02:58:02.800Z","TimeCreated":"2020-10-22T02:58:02.800Z","ProviderGuid":"{5770385f-c22a-43e0-bf4c-06f5698ffbd9}","UtcTime":"2020-10-22 06:58:02.787","ProcessGuid":"{39e4a257-2d78-5f91-6c13-000000000700}","Image":"C:\\Windows\\System32\\WindowsPowerShell\\v1.0\\powershell.exe","Level":"4","Channel":"Microsoft-Windows-Sysmon/Operational","Task":"12","RuleName":"-","SourceName":"Microsoft-Windows-Sysmon","Hostname":"WORKSTATION5","ProcessId":"9572","EventType":"CreateKey","EventID":12,"Keywords":"0x8000000000000000","TargetObject":"HKLM\\SOFTWARE\\Policies\\Microsoft\\SystemCertificates\\Disallowed","Message":"Registry object added or deleted:\r\nRuleName: -\r\nEventType: CreateKey\r\nUtcTime: 2020-10-22 06:58:02.787\r\nProcessGuid: {39e4a257-2d78-5f91-6c13-000000000700}\r\nProcessId: 9572\r\nImage: C:\\Windows\\System32\\WindowsPowerShell\\v1.0\\powershell.exe\r\nTargetObject: HKLM\\SOFTWARE\\Policies\\Microsoft\\SystemCertificates\\Disallowed"}
{"@timestamp":"2020-10-22T02:58:02.800Z","TimeCreated":"2020-10-22T02:58:02.800Z","ProviderGuid":"{5770385f-c22a-43e0-bf4c-06f5698ffbd9}","UtcTime":"2020-10-22 06:58:02.787","ProcessGuid":"{39e4a257-2d78-5f91-6c13-000000000700}","Image":"C:\\Windows\\System32\\WindowsPowerShell\\v1.0\\powershell.exe","Level":"4","Channel":"Microsoft-Windows-Sysmon/Operational","Task":"12","RuleName":"-","SourceName":"Microsoft-Windows-Sysmon","Hostname":"WORKSTATION5","ProcessId":"9572","EventType":"CreateKey","EventID":12,"Keywords":"0x8000000000000000","TargetObject":"HKLM\\SOFTWARE\\Policies\\Microsoft\\SystemCertificates\\Disallowed\\Certificates","Message":"Registry object added or deleted:\r\nRuleName: -\r\nEventType: CreateKey\r\nUtcTime: 2020-10-22 06:58:02.787\r\nProcessGuid: {39e4a257-2d78-5f91-6c13-000000000700}\r\nProcessId: 9572\r\nImage: C:\\Windows\\System32\\WindowsPowerShell\\v1.0\\powershell.exe\r\nTargetObject: HKLM\\SOFTWARE\\Policies\\Microsoft\\SystemCertificates\\Disallowed\\Certificates"}
{"@timestamp":"2020-10-22T02:58:02.800Z","TimeCreated":"2020-10-22T02:58:02.800Z","ProviderGuid":"{5770385f-c22a-43e0-bf4c-06f5698ffbd9}","UtcTime":"2020-10-22 06:58:02.787","ProcessGuid":"{39e4a257-2d78-5f91-6c13-000000000700}","Image":"C:\\Windows\\System32\\WindowsPowerShell\\v1.0\\powershell.exe","Level":"4","Channel":"Microsoft-Windows-Sysmon/Operational","Task":"12","RuleName":"-","SourceName":"Microsoft-Windows-Sysmon","Hostname":"WORKSTATION5","ProcessId":"9572","EventType":"CreateKey","EventID":12,"Keywords":"0x8000000000000000","TargetObject":"HKLM\\SOFTWARE\\Policies\\Microsoft\\SystemCertificates\\Disallowed\\CRLs","Message":"Registry object added or deleted:\r\nRuleName: -\r\nEventType: CreateKey\r\nUtcTime: 2020-10-22 06:58:02.787\r\nProcessGuid: {39e4a257-2d78-5f91-6c13-000000000700}\r\nProcessId: 9572\r\nImage: C:\\Windows\\System32\\WindowsPowerShell\\v1.0\\powershell.exe\r\nTargetObject: HKLM\\SOFTWARE\\Policies\\Microsoft\\SystemCertificates\\Disallowed\\CRLs"}
{"@timestamp":"2020-10-22T02:58:02.800Z","TimeCreated":"2020-10-22T02:58:02.800Z","ProviderGuid":"{5770385f-c22a-43e0-bf4c-06f5698ffbd9}","UtcTime":"2020-10-22 06:58:02.787","ProcessGuid":"{39e4a257-2d78-5f91-6c13-000000000700}","Image":"C:\\Windows\\System32\\WindowsPowerShell\\v1.0\\powershell.exe","Level":"4","Channel":"Microsoft-Windows-Sysmon/Operational","Task":"12","RuleName":"-","SourceName":"Microsoft-Windows-Sysmon","Hostname":"WORKSTATION5","ProcessId":"9572","EventType":"CreateKey","EventID":12,"Keywords":"0x8000000000000000","TargetObject":"HKLM\\SOFTWARE\\Policies\\Microsoft\\SystemCertificates\\Disallowed\\CTLs","Message":"Registry object added or deleted:\r\nRuleName: -\r\nEventType: CreateKey\r\nUtcTime: 2020-10-22 06:58:02.787\r\nProcessGuid: {39e4a257-2d78-5f91-6c13-000000000700}\r\nProcessId: 9572\r\nImage: C:\\Windows\\System32\\WindowsPowerShell\\v1.0\\powershell.exe\r\nTargetObject: HKLM\\SOFTWARE\\Policies\\Microsoft\\SystemCertificates\\Disallowed\\CTLs"}
{"@timestamp":"2020-10-22T02:58:02.800Z","TimeCreated":"2020-10-22T02:58:02.800Z","ProviderGuid":"{5770385f-c22a-43e0-bf4c-06f5698ffbd9}","UtcTime":"2020-10-22 06:58:02.787","ProcessGuid":"{39e4a257-2d78-5f91-6c13-000000000700}","Image":"C:\\Windows\\System32\\WindowsPowerShell\\v1.0\\powershell.exe","Level":"4","Channel":"Microsoft-Windows-Sysmon/Operational","Task":"12","RuleName":"-","SourceName":"Microsoft-Windows-Sysmon","Hostname":"WORKSTATION5","ProcessId":"9572","EventType":"CreateKey","EventID":12,"Keywords":"0x8000000000000000","TargetObject":"HKLM\\SOFTWARE\\Microsoft\\EnterpriseCertificates\\Disallowed","Message":"Registry object added or deleted:\r\nRuleName: -\r\nEventType: CreateKey\r\nUtcTime: 2020-10-22 06:58:02.787\r\nProcessGuid: {39e4a257-2d78-5f91-6c13-000000000700}\r\nProcessId: 9572\r\nImage: C:\\Windows\\System32\\WindowsPowerShell\\v1.0\\powershell.exe\r\nTargetObject: HKLM\\SOFTWARE\\Microsoft\\EnterpriseCertificates\\Disallowed"}
{"@timestamp":"2020-10-22T02:58:02.800Z","TimeCreated":"2020-10-22T02:58:02.800Z","ProviderGuid":"{5770385f-c22a-43e0-bf4c-06f5698ffbd9}","UtcTime":"2020-10-22 06:58:02.787","ProcessGuid":"{39e4a257-2d78-5f91-6c13-000000000700}","Image":"C:\\Windows\\System32\\WindowsPowerShell\\v1.0\\powershell.exe","Level":"4","Channel":"Microsoft-Windows-Sysmon/Operational","Task":"12","RuleName":"-","SourceName":"Microsoft-Windows-Sysmon","Hostname":"WORKSTATION5","ProcessId":"9572","EventType":"CreateKey","EventID":12,"Keywords":"0x8000000000000000","TargetObject":"HKLM\\SOFTWARE\\Microsoft\\EnterpriseCertificates\\Disallowed","Message":"Registry object added or deleted:\r\nRuleName: -\r\nEventType: CreateKey\r\nUtcTime: 2020-10-22 06:58:02.787\r\nProcessGuid: {39e4a257-2d78-5f91-6c13-000000000700}\r\nProcessId: 9572\r\nImage: C:\\Windows\\System32\\WindowsPowerShell\\v1.0\\powershell.exe\r\nTargetObject: HKLM\\SOFTWARE\\Microsoft\\EnterpriseCertificates\\Disallowed"}
{"@timestamp":"2020-10-22T02:58:02.800Z","TimeCreated":"2020-10-22T02:58:02.800Z","ProviderGuid":"{5770385f-c22a-43e0-bf4c-06f5698ffbd9}","UtcTime":"2020-10-22 06:58:02.787","ProcessGuid":"{39e4a257-2d78-5f91-6c13-000000000700}","Image":"C:\\Windows\\System32\\WindowsPowerShell\\v1.0\\powershell.exe","Level":"4","Channel":"Microsoft-Windows-Sysmon/Operational","Task":"12","RuleName":"-","SourceName":"Microsoft-Windows-Sysmon","Hostname":"WORKSTATION5","ProcessId":"9572","EventType":"CreateKey","EventID":12,"Keywords":"0x8000000000000000","TargetObject":"HKLM\\SOFTWARE\\Microsoft\\EnterpriseCertificates\\Disallowed\\Certificates","Message":"Registry object added or deleted:\r\nRuleName: -\r\nEventType: CreateKey\r\nUtcTime: 2020-10-22 06:58:02.787\r\nProcessGuid: {39e4a257-2d78-5f91-6c13-000000000700}\r\nProcessId: 9572\r\nImage: C:\\Windows\\System32\\WindowsPowerShell\\v1.0\\powershell.exe\r\nTargetObject: HKLM\\SOFTWARE\\Microsoft\\EnterpriseCertificates\\Disallowed\\Certificates"}
{"@timestamp":"2020-10-22T02:58:02.801Z","TimeCreated":"2020-10-22T02:58:02.801Z","ProviderGuid":"{5770385f-c22a-43e0-bf4c-06f5698ffbd9}","UtcTime":"2020-10-22 06:58:02.787","ProcessGuid":"{39e4a257-2d78-5f91-6c13-000000000700}","Image":"C:\\Windows\\System32\\WindowsPowerShell\\v1.0\\powershell.exe","Level":"4","Channel":"Microsoft-Windows-Sysmon/Operational","Task":"12","RuleName":"-","SourceName":"Microsoft-Windows-Sysmon","Hostname":"WORKSTATION5","ProcessId":"9572","EventType":"CreateKey","EventID":12,"Keywords":"0x8000000000000000","TargetObject":"HKLM\\SOFTWARE\\Microsoft\\EnterpriseCertificates\\Disallowed\\CRLs","Message":"Registry object added or deleted:\r\nRuleName: -\r\nEventType: CreateKey\r\nUtcTime: 2020-10-22 06:58:02.787\r\nProcessGuid: {39e4a257-2d78-5f91-6c13-000000000700}\r\nProcessId: 9572\r\nImage: C:\\Windows\\System32\\WindowsPowerShell\\v1.0\\powershell.exe\r\nTargetObject: HKLM\\SOFTWARE\\Microsoft\\EnterpriseCertificates\\Disallowed\\CRLs"}
{"@timestamp":"2020-10-22T02:58:02.801Z","TimeCreated":"2020-10-22T02:58:02.801Z","ProviderGuid":"{5770385f-c22a-43e0-bf4c-06f5698ffbd9}","UtcTime":"2020-10-22 06:58:02.787","ProcessGuid":"{39e4a257-2d78-5f91-6c13-000000000700}","Image":"C:\\Windows\\System32\\WindowsPowerShell\\v1.0\\powershell.exe","Level":"4","Channel":"Microsoft-Windows-Sysmon/Operational","Task":"12","RuleName":"-","SourceName":"Microsoft-Windows-Sysmon","Hostname":"WORKSTATION5","ProcessId":"9572","EventType":"CreateKey","EventID":12,"Keywords":"0x8000000000000000","TargetObject":"HKLM\\SOFTWARE\\Microsoft\\EnterpriseCertificates\\Disallowed\\CTLs","Message":"Registry object added or deleted:\r\nRuleName: -\r\nEventType: CreateKey\r\nUtcTime: 2020-10-22 06:58:02.787\r\nProcessGuid: {39e4a257-2d78-5f91-6c13-000000000700}\r\nProcessId: 9572\r\nImage: C:\\Windows\\System32\\WindowsPowerShell\\v1.0\\powershell.exe\r\nTargetObject: HKLM\\SOFTWARE\\Microsoft\\EnterpriseCertificates\\Disallowed\\CTLs"}
{"@timestamp":"2020-10-22T02:58:02.874Z","TimeCreated":"2020-10-22T02:58:02.874Z","ProviderGuid":"{5770385f-c22a-43e0-bf4c-06f5698ffbd9}","UtcTime":"2020-10-22 06:58:02.865","ProcessGuid":"{39e4a257-2d78-5f91-6c13-000000000700}","Image":"C:\\Windows\\System32\\WindowsPowerShell\\v1.0\\powershell.exe","Level":"4","Channel":"Microsoft-Windows-Sysmon/Operational","Task":"12","RuleName":"-","SourceName":"Microsoft-Windows-Sysmon","Hostname":"WORKSTATION5","ProcessId":"9572","EventType":"CreateKey","EventID":12,"Keywords":"0x8000000000000000","TargetObject":"HKU\\S-1-5-21-3940915590-64593676-1414006259-500\\Software\\Microsoft\\Windows\\CurrentVersion\\WinTrust\\Trust Providers\\Software Publishing","Message":"Registry object added or deleted:\r\nRuleName: -\r\nEventType: CreateKey\r\nUtcTime: 2020-10-22 06:58:02.865\r\nProcessGuid: {39e4a257-2d78-5f91-6c13-000000000700}\r\nProcessId: 9572\r\nImage: C:\\Windows\\System32\\WindowsPowerShell\\v1.0\\powershell.exe\r\nTargetObject: HKU\\S-1-5-21-3940915590-64593676-1414006259-500\\Software\\Microsoft\\Windows\\CurrentVersion\\WinTrust\\Trust Providers\\Software Publishing"}
{"@timestamp":"2020-10-22T02:58:02.874Z","TimeCreated":"2020-10-22T02:58:02.874Z","ProviderGuid":"{5770385f-c22a-43e0-bf4c-06f5698ffbd9}","UtcTime":"2020-10-22 06:58:02.865","ProcessGuid":"{39e4a257-2d78-5f91-6c13-000000000700}","Image":"C:\\Windows\\System32\\WindowsPowerShell\\v1.0\\powershell.exe","Level":"4","Channel":"Microsoft-Windows-Sysmon/Operational","Task":"12","RuleName":"-","SourceName":"Microsoft-Windows-Sysmon","Hostname":"WORKSTATION5","ProcessId":"9572","EventType":"CreateKey","EventID":12,"Keywords":"0x8000000000000000","TargetObject":"HKU\\S-1-5-21-3940915590-64593676-1414006259-500\\Software\\Microsoft\\SystemCertificates\\Disallowed","Message":"Registry object added or deleted:\r\nRuleName: -\r\nEventType: CreateKey\r\nUtcTime: 2020-10-22 06:58:02.865\r\nProcessGuid: {39e4a257-2d78-5f91-6c13-000000000700}\r\nProcessId: 9572\r\nImage: C:\\Windows\\System32\\WindowsPowerShell\\v1.0\\powershell.exe\r\nTargetObject: HKU\\S-1-5-21-3940915590-64593676-1414006259-500\\Software\\Microsoft\\SystemCertificates\\Disallowed"}
{"@timestamp":"2020-10-22T02:58:02.874Z","TimeCreated":"2020-10-22T02:58:02.874Z","ProviderGuid":"{5770385f-c22a-43e0-bf4c-06f5698ffbd9}","UtcTime":"2020-10-22 06:58:02.865","ProcessGuid":"{39e4a257-2d78-5f91-6c13-000000000700}","Image":"C:\\Windows\\System32\\WindowsPowerShell\\v1.0\\powershell.exe","Level":"4","Channel":"Microsoft-Windows-Sysmon/Operational","Task":"12","RuleName":"-","SourceName":"Microsoft-Windows-Sysmon","Hostname":"WORKSTATION5","ProcessId":"9572","EventType":"CreateKey","EventID":12,"Keywords":"0x8000000000000000","TargetObject":"HKU\\S-1-5-21-3940915590-64593676-1414006259-500\\Software\\Microsoft\\SystemCertificates\\Disallowed","Message":"Registry object added or deleted:\r\nRuleName: -\r\nEventType: CreateKey\r\nUtcTime: 2020-10-22 06:58:02.865\r\nProcessGuid: {39e4a257-2d78-5f91-6c13-000000000700}\r\nProcessId: 9572\r\nImage: C:\\Windows\\System32\\WindowsPowerShell\\v1.0\\powershell.exe\r\nTargetObject: HKU\\S-1-5-21-3940915590-64593676-1414006259-500\\Software\\Microsoft\\SystemCertificates\\Disallowed"}
{"@timestamp":"2020-10-22T02:58:02.875Z","TimeCreated":"2020-10-22T02:58:02.875Z","ProviderGuid":"{5770385f-c22a-43e0-bf4c-06f5698ffbd9}","UtcTime":"2020-10-22 06:58:02.865","ProcessGuid":"{39e4a257-2d78-5f91-6c13-000000000700}","Image":"C:\\Windows\\System32\\WindowsPowerShell\\v1.0\\powershell.exe","Level":"4","Channel":"Microsoft-Windows-Sysmon/Operational","Task":"12","RuleName":"-","SourceName":"Microsoft-Windows-Sysmon","Hostname":"WORKSTATION5","ProcessId":"9572","EventType":"CreateKey","EventID":12,"Keywords":"0x8000000000000000","TargetObject":"HKU\\S-1-5-21-3940915590-64593676-1414006259-500\\Software\\Microsoft\\SystemCertificates\\Disallowed\\Certificates","Message":"Registry object added or deleted:\r\nRuleName: -\r\nEventType: CreateKey\r\nUtcTime: 2020-10-22 06:58:02.865\r\nProcessGuid: {39e4a257-2d78-5f91-6c13-000000000700}\r\nProcessId: 9572\r\nImage: C:\\Windows\\System32\\WindowsPowerShell\\v1.0\\powershell.exe\r\nTargetObject: HKU\\S-1-5-21-3940915590-64593676-1414006259-500\\Software\\Microsoft\\SystemCertificates\\Disallowed\\Certificates"}
{"@timestamp":"2020-10-22T02:58:02.875Z","TimeCreated":"2020-10-22T02:58:02.875Z","ProviderGuid":"{5770385f-c22a-43e0-bf4c-06f5698ffbd9}","UtcTime":"2020-10-22 06:58:02.865","ProcessGuid":"{39e4a257-2d78-5f91-6c13-000000000700}","Image":"C:\\Windows\\System32\\WindowsPowerShell\\v1.0\\powershell.exe","Level":"4","Channel":"Microsoft-Windows-Sysmon/Operational","Task":"12","RuleName":"-","SourceName":"Microsoft-Windows-Sysmon","Hostname":"WORKSTATION5","ProcessId":"9572","EventType":"CreateKey","EventID":12,"Keywords":"0x8000000000000000","TargetObject":"HKU\\S-1-5-21-3940915590-64593676-1414006259-500\\Software\\Microsoft\\SystemCertificates\\Disallowed\\CRLs","Message":"Registry object added or deleted:\r\nRuleName: -\r\nEventType: CreateKey\r\nUtcTime: 2020-10-22 06:58:02.865\r\nProcessGuid: {39e4a257-2d78-5f91-6c13-000000000700}\r\nProcessId: 9572\r\nImage: C:\\Windows\\System32\\WindowsPowerShell\\v1.0\\powershell.exe\r\nTargetObject: HKU\\S-1-5-21-3940915590-64593676-1414006259-500\\Software\\Microsoft\\SystemCertificates\\Disallowed\\CRLs"}
{"@timestamp":"2020-10-22T02:58:02.875Z","TimeCreated":"2020-10-22T02:58:02.875Z","ProviderGuid":"{5770385f-c22a-43e0-bf4c-06f5698ffbd9}","UtcTime":"2020-10-22 06:58:02.865","ProcessGuid":"{39e4a257-2d78-5f91-6c13-000000000700}","Image":"C:\\Windows\\System32\\WindowsPowerShell\\v1.0\\powershell.exe","Level":"4","Channel":"Microsoft-Windows-Sysmon/Operational","Task":"12","RuleName":"-","SourceName":"Microsoft-Windows-Sysmon","Hostname":"WORKSTATION5","ProcessId":"9572","EventType":"CreateKey","EventID":12,"Keywords":"0x8000000000000000","TargetObject":"HKU\\S-1-5-21-3940915590-64593676-1414006259-500\\Software\\Microsoft\\SystemCertificates\\Disallowed\\CTLs","Message":"Registry object added or deleted:\r\nRuleName: -\r\nEventType: CreateKey\r\nUtcTime: 2020-10-22 06:58:02.865\r\nProcessGuid: {39e4a257-2d78-5f91-6c13-000000000700}\r\nProcessId: 9572\r\nImage: C:\\Windows\\System32\\WindowsPowerShell\\v1.0\\powershell.exe\r\nTargetObject: HKU\\S-1-5-21-3940915590-64593676-1414006259-500\\Software\\Microsoft\\SystemCertificates\\Disallowed\\CTLs"}
{"@timestamp":"2020-10-22T02:58:02.875Z","TimeCreated":"2020-10-22T02:58:02.875Z","ProviderGuid":"{5770385f-c22a-43e0-bf4c-06f5698ffbd9}","UtcTime":"2020-10-22 06:58:02.865","ProcessGuid":"{39e4a257-2d78-5f91-6c13-000000000700}","Image":"C:\\Windows\\System32\\WindowsPowerShell\\v1.0\\powershell.exe","Level":"4","Channel":"Microsoft-Windows-Sysmon/Operational","Task":"12","RuleName":"-","SourceName":"Microsoft-Windows-Sysmon","Hostname":"WORKSTATION5","ProcessId":"9572","EventType":"CreateKey","EventID":12,"Keywords":"0x8000000000000000","TargetObject":"HKU\\S-1-5-21-3940915590-64593676-1414006259-500\\Software\\Policies\\Microsoft\\SystemCertificates\\Disallowed","Message":"Registry object added or deleted:\r\nRuleName: -\r\nEventType: CreateKey\r\nUtcTime: 2020-10-22 06:58:02.865\r\nProcessGuid: {39e4a257-2d78-5f91-6c13-000000000700}\r\nProcessId: 9572\r\nImage: C:\\Windows\\System32\\WindowsPowerShell\\v1.0\\powershell.exe\r\nTargetObject: HKU\\S-1-5-21-3940915590-64593676-1414006259-500\\Software\\Policies\\Microsoft\\SystemCertificates\\Disallowed"}
{"@timestamp":"2020-10-22T02:58:02.875Z","TimeCreated":"2020-10-22T02:58:02.875Z","ProviderGuid":"{5770385f-c22a-43e0-bf4c-06f5698ffbd9}","UtcTime":"2020-10-22 06:58:02.865","ProcessGuid":"{39e4a257-2d78-5f91-6c13-000000000700}","Image":"C:\\Windows\\System32\\WindowsPowerShell\\v1.0\\powershell.exe","Level":"4","Channel":"Microsoft-Windows-Sysmon/Operational","Task":"12","RuleName":"-","SourceName":"Microsoft-Windows-Sysmon","Hostname":"WORKSTATION5","ProcessId":"9572","EventType":"CreateKey","EventID":12,"Keywords":"0x8000000000000000","TargetObject":"HKU\\S-1-5-21-3940915590-64593676-1414006259-500\\Software\\Policies\\Microsoft\\SystemCertificates\\Disallowed\\Certificates","Message":"Registry object added or deleted:\r\nRuleName: -\r\nEventType: CreateKey\r\nUtcTime: 2020-10-22 06:58:02.865\r\nProcessGuid: {39e4a257-2d78-5f91-6c13-000000000700}\r\nProcessId: 9572\r\nImage: C:\\Windows\\System32\\WindowsPowerShell\\v1.0\\powershell.exe\r\nTargetObject: HKU\\S-1-5-21-3940915590-64593676-1414006259-500\\Software\\Policies\\Microsoft\\SystemCertificates\\Disallowed\\Certificates"}
{"@timestamp":"2020-10-22T02:58:02.875Z","TimeCreated":"2020-10-22T02:58:02.875Z","ProviderGuid":"{5770385f-c22a-43e0-bf4c-06f5698ffbd9}","UtcTime":"2020-10-22 06:58:02.865","ProcessGuid":"{39e4a257-2d78-5f91-6c13-000000000700}","Image":"C:\\Windows\\System32\\WindowsPowerShell\\v1.0\\powershell.exe","Level":"4","Channel":"Microsoft-Windows-Sysmon/Operational","Task":"12","RuleName":"-","SourceName":"Microsoft-Windows-Sysmon","Hostname":"WORKSTATION5","ProcessId":"9572","EventType":"CreateKey","EventID":12,"Keywords":"0x8000000000000000","TargetObject":"HKU\\S-1-5-21-3940915590-64593676-1414006259-500\\Software\\Policies\\Microsoft\\SystemCertificates\\Disallowed\\CRLs","Message":"Registry object added or deleted:\r\nRuleName: -\r\nEventType: CreateKey\r\nUtcTime: 2020-10-22 06:58:02.865\r\nProcessGuid: {39e4a257-2d78-5f91-6c13-000000000700}\r\nProcessId: 9572\r\nImage: C:\\Windows\\System32\\WindowsPowerShell\\v1.0\\powershell.exe\r\nTargetObject: HKU\\S-1-5-21-3940915590-64593676-1414006259-500\\Software\\Policies\\Microsoft\\SystemCertificates\\Disallowed\\CRLs"}
{"@timestamp":"2020-10-22T02:58:02.875Z","TimeCreated":"2020-10-22T02:58:02.875Z","ProviderGuid":"{5770385f-c22a-43e0-bf4c-06f5698ffbd9}","UtcTime":"2020-10-22 06:58:02.865","ProcessGuid":"{39e4a257-2d78-5f91-6c13-000000000700}","Image":"C:\\Windows\\System32\\WindowsPowerShell\\v1.0\\powershell.exe","Level":"4","Channel":"Microsoft-Windows-Sysmon/Operational","Task":"12","RuleName":"-","SourceName":"Microsoft-Windows-Sysmon","Hostname":"WORKSTATION5","ProcessId":"9572","EventType":"CreateKey","EventID":12,"Keywords":"0x8000000000000000","TargetObject":"HKU\\S-1-5-21-3940915590-64593676-1414006259-500\\Software\\Policies\\Microsoft\\SystemCertificates\\Disallowed\\CTLs","Message":"Registry object added or deleted:\r\nRuleName: -\r\nEventType: CreateKey\r\nUtcTime: 2020-10-22 06:58:02.865\r\nProcessGuid: {39e4a257-2d78-5f91-6c13-000000000700}\r\nProcessId: 9572\r\nImage: C:\\Windows\\System32\\WindowsPowerShell\\v1.0\\powershell.exe\r\nTargetObject: HKU\\S-1-5-21-3940915590-64593676-1414006259-500\\Software\\Policies\\Microsoft\\SystemCertificates\\Disallowed\\CTLs"}
