{"GrantedAccess":"0x1410","@timestamp":"2020-10-22T02:58:05.748Z","TimeCreated":"2020-10-22T02:58:05.748Z","SourceThreadId":"1388","SourceImage":"C:\\windows\\Explorer.EXE","ProviderGuid":"{5770385f-c22a-43e0-bf4c-06f5698ffbd9}","CallTrace":"C:\\windows\\SYSTEM32\\ntdll.dll+9c584|C:\\windows\\System32\\KERNELBASE.dll+305fe|C:\\Windows\\System32\\appresolver.dll+21ee8|C:\\Windows\\System32\\appresolver.dll+1ef46|C:\\windows\\system32\\twinui.pcshell.dll+1d434|C:\\windows\\system32\\twinui.pcshell.dll+fadd0|C:\\windows\\System32\\KERNEL32.DLL+17c24|C:\\windows\\SYSTEM32\\ntdll.dll+6cea1","UtcTime":"2020-10-22 06:58:05.736","TargetProcessGUID":"{39e4a257-f1cc-5f8b-c300-000000000700}","SourceProcessId":"1072","Level":"4","Channel":"Microsoft-Windows-Sysmon/Operational","Task":"10","RuleName":"-","SourceName":"Microsoft-Windows-Sysmon","Hostname":"WORKSTATION5","SourceProcessGUID":"{39e4a257-f1b3-5f8b-a700-000000000700}","TargetProcessId":"7592","EventID":10,"Keywords":"0x8000000000000000","TargetImage":"C:\\windows\\system32\\conhost.exe","Message":"Process accessed:\r\nRuleName: -\r\nUtcTime: 2020-10-22 06:58:05.736\r\nSourceProcessGUID: {39e4a257-f1b3-5f8b-a700-000000000700}\r\nSourceProcessId: 1072\r\nSourceThreadId: 1388\r\nSourceImage: C:\\windows\\Explorer.EXE\r\nTargetProcessGUID: {39e4a257-f1cc-5f8b-c300-000000000700}\r\nTargetProcessId: 7592\r\nTargetImage: C:\\windows\\system32\\conhost.exe\r\nGrantedAccess: 0x1410\r\nCallTrace: C:\\windows\\SYSTEM32\\ntdll.dll+9c584|C:\\windows\\System32\\KERNELBASE.dll+305fe|C:\\Windows\\System32\\appresolver.dll+21ee8|C:\\Windows\\System32\\appresolver.dll+1ef46|C:\\windows\\system32\\twinui.pcshell.dll+1d434|C:\\windows\\system32\\twinui.pcshell.dll+fadd0|C:\\windows\\System32\\KERNEL32.DLL+17c24|C:\\windows\\SYSTEM32\\ntdll.dll+6cea1"}
{"GrantedAccess":"0x1000","@timestamp":"2020-10-22T02:58:05.748Z","TimeCreated":"2020-10-22T02:58:05.748Z","SourceThreadId":"7392","SourceImage":"C:\\windows\\Explorer.EXE","ProviderGuid":"{5770385f-c22a-43e0-bf4c-06f5698ffbd9}","CallTrace":"C:\\windows\\SYSTEM32\\ntdll.dll+9c584|C:\\windows\\System32\\KERNELBASE.dll+305fe|C:\\Windows\\System32\\appresolver.dll+221c5|C:\\Windows\\System32\\appresolver.dll+1edcc|C:\\Windows\\System32\\appresolver.dll+1ecb7|C:\\windows\\Explorer.EXE+5b1a7|C:\\windows\\Explorer.EXE+5b0a4|C:\\windows\\Explorer.EXE+29a50|C:\\windows\\System32\\windows.storage.dll+16e1c4|C:\\windows\\System32\\windows.storage.dll+16de05|C:\\windows\\System32\\windows.storage.dll+16dce5|C:\\windows\\System32\\shcore.dll+31636|C:\\windows\\SYSTEM32\\ntdll.dll+2f655|C:\\windows\\SYSTEM32\\ntdll.dll+345b4|C:\\windows\\System32\\KERNEL32.DLL+17c24|C:\\windows\\SYSTEM32\\ntdll.dll+6cea1","UtcTime":"2020-10-22 06:58:05.736","TargetProcessGUID":"{39e4a257-f1cd-5f8b-c400-000000000700}","SourceProcessId":"1072","Level":"4","Channel":"Microsoft-Windows-Sysmon/Operational","Task":"10","RuleName":"-","SourceName":"Microsoft-Windows-Sysmon","Hostname":"WORKSTATION5","SourceProcessGUID":"{39e4a257-f1b3-5f8b-a700-000000000700}","TargetProcessId":"7652","EventID":10,"Keywords":"0x8000000000000000","TargetImage":"C:\\Windows\\System32\\WindowsPowerShell\\v1.0\\powershell.exe","Message":"Process accessed:\r\nRuleName: -\r\nUtcTime: 2020-10-22 06:58:05.736\r\nSourceProcessGUID: {39e4a257-f1b3-5f8b-a700-000000000700}\r\nSourceProcessId: 1072\r\nSourceThreadId: 7392\r\nSourceImage: C:\\windows\\Explorer.EXE\r\nTargetProcessGUID: {39e4a257-f1cd-5f8b-c400-000000000700}\r\nTargetProcessId: 7652\r\nTargetImage: C:\\Windows\\System32\\WindowsPowerShell\\v1.0\\powershell.exe\r\nGrantedAccess: 0x1000\r\nCallTrace: C:\\windows\\SYSTEM32\\ntdll.dll+9c584|C:\\windows\\System32\\KERNELBASE.dll+305fe|C:\\Windows\\System32\\appresolver.dll+221c5|C:\\Windows\\System32\\appresolver.dll+1edcc|C:\\Windows\\System32\\appresolver.dll+1ecb7|C:\\windows\\Explorer.EXE+5b1a7|C:\\windows\\Explorer.EXE+5b0a4|C:\\windows\\Explorer.EXE+29a50|C:\\windows\\System32\\windows.storage.dll+16e1c4|C:\\windows\\System32\\windows.storage.dll+16de05|C:\\windows\\System32\\windows.storage.dll+16dce5|C:\\windows\\System32\\shcore.dll+31636|C:\\windows\\SYSTEM32\\ntdll.dll+2f655|C:\\windows\\SYSTEM32\\ntdll.dll+345b4|C:\\windows\\System32\\KERNEL32.DLL+17c24|C:\\windows\\SYSTEM32\\ntdll.dll+6cea1"}
{"GrantedAccess":"0x1000","@timestamp":"2020-10-22T02:58:05.748Z","TimeCreated":"2020-10-22T02:58:05.748Z","SourceThreadId":"7392","SourceImage":"C:\\windows\\Explorer.EXE","ProviderGuid":"{5770385f-c22a-43e0-bf4c-06f5698ffbd9}","CallTrace":"C:\\windows\\SYSTEM32\\ntdll.dll+9c584|C:\\windows\\System32\\KERNELBASE.dll+305fe|C:\\Windows\\System32\\appresolver.dll+1ee93|C:\\Windows\\System32\\appresolver.dll+1ecb7|C:\\windows\\Explorer.EXE+5b1a7|C:\\windows\\Explorer.EXE+5b0a4|C:\\windows\\Explorer.EXE+29a50|C:\\windows\\System32\\windows.storage.dll+16e1c4|C:\\windows\\System32\\windows.storage.dll+16de05|C:\\windows\\System32\\windows.storage.dll+16dce5|C:\\windows\\System32\\shcore.dll+31636|C:\\windows\\SYSTEM32\\ntdll.dll+2f655|C:\\windows\\SYSTEM32\\ntdll.dll+345b4|C:\\windows\\System32\\KERNEL32.DLL+17c24|C:\\windows\\SYSTEM32\\ntdll.dll+6cea1","UtcTime":"2020-10-22 06:58:05.736","TargetProcessGUID":"{39e4a257-f1cd-5f8b-c400-000000000700}","SourceProcessId":"1072","Level":"4","Channel":"Microsoft-Windows-Sysmon/Operational","Task":"10","RuleName":"-","SourceName":"Microsoft-Windows-Sysmon","Hostname":"WORKSTATION5","SourceProcessGUID":"{39e4a257-f1b3-5f8b-a700-000000000700}","TargetProcessId":"7652","EventID":10,"Keywords":"0x8000000000000000","TargetImage":"C:\\Windows\\System32\\WindowsPowerShell\\v1.0\\powershell.exe","Message":"Process accessed:\r\nRuleName: -\r\nUtcTime: 2020-10-22 06:58:05.736\r\nSourceProcessGUID: {39e4a257-f1b3-5f8b-a700-000000000700}\r\nSourceProcessId: 1072\r\nSourceThreadId: 7392\r\nSourceImage: C:\\windows\\Explorer.EXE\r\nTargetProcessGUID: {39e4a257-f1cd-5f8b-c400-000000000700}\r\nTargetProcessId: 7652\r\nTargetImage: C:\\Windows\\System32\\WindowsPowerShell\\v1.0\\powershell.exe\r\nGrantedAccess: 0x1000\r\nCallTrace: C:\\windows\\SYSTEM32\\ntdll.dll+9c584|C:\\windows\\System32\\KERNELBASE.dll+305fe|C:\\Windows\\System32\\appresolver.dll+1ee93|C:\\Windows\\System32\\appresolver.dll+1ecb7|C:\\windows\\Explorer.EXE+5b1a7|C:\\windows\\Explorer.EXE+5b0a4|C:\\windows\\Explorer.EXE+29a50|C:\\windows\\System32\\windows.storage.dll+16e1c4|C:\\windows\\System32\\windows.storage.dll+16de05|C:\\windows\\System32\\windows.storage.dll+16dce5|C:\\windows\\System32\\shcore.dll+31636|C:\\windows\\SYSTEM32\\ntdll.dll+2f655|C:\\windows\\SYSTEM32\\ntdll.dll+345b4|C:\\windows\\System32\\KERNEL32.DLL+17c24|C:\\windows\\SYSTEM32\\ntdll.dll+6cea1"}
{"GrantedAccess":"0x1410","@timestamp":"2020-10-22T02:58:05.748Z","TimeCreated":"2020-10-22T02:58:05.748Z","SourceThreadId":"7392","SourceImage":"C:\\windows\\Explorer.EXE","ProviderGuid":"{5770385f-c22a-43e0-bf4c-06f5698ffbd9}","CallTrace":"C:\\windows\\SYSTEM32\\ntdll.dll+9c584|C:\\windows\\System32\\KERNELBASE.dll+305fe|C:\\Windows\\System32\\appresolver.dll+21ee8|C:\\Windows\\System32\\appresolver.dll+1ef46|C:\\Windows\\System32\\appresolver.dll+1ecb7|C:\\windows\\Explorer.EXE+5b1a7|C:\\windows\\Explorer.EXE+5b0a4|C:\\windows\\Explorer.EXE+29a50|C:\\windows\\System32\\windows.storage.dll+16e1c4|C:\\windows\\System32\\windows.storage.dll+16de05|C:\\windows\\System32\\windows.storage.dll+16dce5|C:\\windows\\System32\\shcore.dll+31636|C:\\windows\\SYSTEM32\\ntdll.dll+2f655|C:\\windows\\SYSTEM32\\ntdll.dll+345b4|C:\\windows\\System32\\KERNEL32.DLL+17c24|C:\\windows\\SYSTEM32\\ntdll.dll+6cea1","UtcTime":"2020-10-22 06:58:05.736","TargetProcessGUID":"{39e4a257-f1cd-5f8b-c400-000000000700}","SourceProcessId":"1072","Level":"4","Channel":"Microsoft-Windows-Sysmon/Operational","Task":"10","RuleName":"-","SourceName":"Microsoft-Windows-Sysmon","Hostname":"WORKSTATION5","SourceProcessGUID":"{39e4a257-f1b3-5f8b-a700-000000000700}","TargetProcessId":"7652","EventID":10,"Keywords":"0x8000000000000000","TargetImage":"C:\\Windows\\System32\\WindowsPowerShell\\v1.0\\powershell.exe","Message":"Process accessed:\r\nRuleName: -\r\nUtcTime: 2020-10-22 06:58:05.736\r\nSourceProcessGUID: {39e4a257-f1b3-5f8b-a700-000000000700}\r\nSourceProcessId: 1072\r\nSourceThreadId: 7392\r\nSourceImage: C:\\windows\\Explorer.EXE\r\nTargetProcessGUID: {39e4a257-f1cd-5f8b-c400-000000000700}\r\nTargetProcessId: 7652\r\nTargetImage: C:\\Windows\\System32\\WindowsPowerShell\\v1.0\\powershell.exe\r\nGrantedAccess: 0x1410\r\nCallTrace: C:\\windows\\SYSTEM32\\ntdll.dll+9c584|C:\\windows\\System32\\KERNELBASE.dll+305fe|C:\\Windows\\System32\\appresolver.dll+21ee8|C:\\Windows\\System32\\appresolver.dll+1ef46|C:\\Windows\\System32\\appresolver.dll+1ecb7|C:\\windows\\Explorer.EXE+5b1a7|C:\\windows\\Explorer.EXE+5b0a4|C:\\windows\\Explorer.EXE+29a50|C:\\windows\\System32\\windows.storage.dll+16e1c4|C:\\windows\\System32\\windows.storage.dll+16de05|C:\\windows\\System32\\windows.storage.dll+16dce5|C:\\windows\\System32\\shcore.dll+31636|C:\\windows\\SYSTEM32\\ntdll.dll+2f655|C:\\windows\\SYSTEM32\\ntdll.dll+345b4|C:\\windows\\System32\\KERNEL32.DLL+17c24|C:\\windows\\SYSTEM32\\ntdll.dll+6cea1"}
{"@timestamp":"2020-10-22T02:58:05.748Z","TimeCreated":"2020-10-22T02:58:05.748Z","ProviderGuid":"{5770385f-c22a-43e0-bf4c-06f5698ffbd9}","UtcTime":"2020-10-22 06:58:05.736","ProcessGuid":"{39e4a257-f1b3-5f8b-a700-000000000700}","Image":"C:\\windows\\Explorer.EXE","Level":"4","Channel":"Microsoft-Windows-Sysmon/Operational","Task":"13","RuleName":"-","SourceName":"Microsoft-Windows-Sysmon","Hostname":"WORKSTATION5","Details":"Binary Data","ProcessId":"1072","EventType":"SetValue","EventID":13,"Keywords":"0x8000000000000000","TargetObject":"HKU\\S-1-5-21-3940915590-64593676-1414006259-500\\Software\\Microsoft\\Windows\\CurrentVersion\\Explorer\\UserAssist\\{CEBFF5CD-ACE2-4F4F-9178-9926F41749EA}\\Count\\{1NP14R77-02R7-4R5Q-O744-2RO1NR5198O7}\\JvaqbjfCbjreFuryy\\i1.0\\cbjrefuryy.rkr","Message":"Registry value set:\r\nRuleName: -\r\nEventType: SetValue\r\nUtcTime: 2020-10-22 06:58:05.736\r\nProcessGuid: {39e4a257-f1b3-5f8b-a700-000000000700}\r\nProcessId: 1072\r\nImage: C:\\windows\\Explorer.EXE\r\nTargetObject: HKU\\S-1-5-21-3940915590-64593676-1414006259-500\\Software\\Microsoft\\Windows\\CurrentVersion\\Explorer\\UserAssist\\{CEBFF5CD-ACE2-4F4F-9178-9926F41749EA}\\Count\\{1NP14R77-02R7-4R5Q-O744-2RO1NR5198O7}\\JvaqbjfCbjreFuryy\\i1.0\\cbjrefuryy.rkr\r\nDetails: Binary Data"}
{"@timestamp":"2020-10-22T02:58:05.748Z","TimeCreated":"2020-10-22T02:58:05.748Z","ProviderGuid":"{5770385f-c22a-43e0-bf4c-06f5698ffbd9}","UtcTime":"2020-10-22 06:58:05.736","ProcessGuid":"{39e4a257-f1b3-5f8b-a700-000000000700}","Image":"C:\\windows\\Explorer.EXE","Level":"4","Channel":"Microsoft-Windows-Sysmon/Operational","Task":"13","RuleName":"-","SourceName":"Microsoft-Windows-Sysmon","Hostname":"WORKSTATION5","Details":"Binary Data","ProcessId":"1072","EventType":"SetValue","EventID":13,"Keywords":"0x8000000000000000","TargetObject":"HKU\\S-1-5-21-3940915590-64593676-1414006259-500\\Software\\Microsoft\\Windows\\CurrentVersion\\Explorer\\UserAssist\\{CEBFF5CD-ACE2-4F4F-9178-9926F41749EA}\\Count\\HRZR_PGYFRFFVBA","Message":"Registry value set:\r\nRuleName: -\r\nEventType: SetValue\r\nUtcTime: 2020-10-22 06:58:05.736\r\nProcessGuid: {39e4a257-f1b3-5f8b-a700-000000000700}\r\nProcessId: 1072\r\nImage: C:\\windows\\Explorer.EXE\r\nTargetObject: HKU\\S-1-5-21-3940915590-64593676-1414006259-500\\Software\\Microsoft\\Windows\\CurrentVersion\\Explorer\\UserAssist\\{CEBFF5CD-ACE2-4F4F-9178-9926F41749EA}\\Count\\HRZR_PGYFRFFVBA\r\nDetails: Binary Data"}
{"GrantedAccess":"0x1000","@timestamp":"2020-10-22T02:58:05.750Z","TimeCreated":"2020-10-22T02:58:05.750Z","SourceThreadId":"4688","SourceImage":"C:\\windows\\Explorer.EXE","ProviderGuid":"{5770385f-c22a-43e0-bf4c-06f5698ffbd9}","CallTrace":"C:\\windows\\SYSTEM32\\ntdll.dll+9c584|C:\\windows\\System32\\KERNELBASE.dll+305fe|C:\\windows\\SYSTEM32\\TWINAPI.dll+6d4c|C:\\windows\\system32\\twinui.pcshell.dll+20880|C:\\windows\\system32\\twinui.pcshell.dll+20082|C:\\windows\\system32\\twinui.dll+1780b|C:\\windows\\system32\\twinui.dll+1734c|C:\\windows\\system32\\twinui.dll+68f7a|C:\\windows\\system32\\twinui.dll+16e09|C:\\windows\\system32\\twinui.dll+16f4b|C:\\windows\\system32\\twinui.dll+16ecd|C:\\windows\\System32\\USER32.dll+15c1d|C:\\windows\\System32\\USER32.dll+15612|C:\\Windows\\System32\\windows.immersiveshell.serviceprovider.dll+45f0|C:\\Windows\\System32\\windows.immersiveshell.serviceprovider.dll+41b9|C:\\Windows\\System32\\windows.immersiveshell.serviceprovider.dll+3e4f|C:\\windows\\System32\\KERNEL32.DLL+17c24|C:\\windows\\SYSTEM32\\ntdll.dll+6cea1","UtcTime":"2020-10-22 06:58:05.736","TargetProcessGUID":"{39e4a257-f1cd-5f8b-c400-000000000700}","SourceProcessId":"1072","Level":"4","Channel":"Microsoft-Windows-Sysmon/Operational","Task":"10","RuleName":"-","SourceName":"Microsoft-Windows-Sysmon","Hostname":"WORKSTATION5","SourceProcessGUID":"{39e4a257-f1b3-5f8b-a700-000000000700}","TargetProcessId":"7652","EventID":10,"Keywords":"0x8000000000000000","TargetImage":"C:\\Windows\\System32\\WindowsPowerShell\\v1.0\\powershell.exe","Message":"Process accessed:\r\nRuleName: -\r\nUtcTime: 2020-10-22 06:58:05.736\r\nSourceProcessGUID: {39e4a257-f1b3-5f8b-a700-000000000700}\r\nSourceProcessId: 1072\r\nSourceThreadId: 4688\r\nSourceImage: C:\\windows\\Explorer.EXE\r\nTargetProcessGUID: {39e4a257-f1cd-5f8b-c400-000000000700}\r\nTargetProcessId: 7652\r\nTargetImage: C:\\Windows\\System32\\WindowsPowerShell\\v1.0\\powershell.exe\r\nGrantedAccess: 0x1000\r\nCallTrace: C:\\windows\\SYSTEM32\\ntdll.dll+9c584|C:\\windows\\System32\\KERNELBASE.dll+305fe|C:\\windows\\SYSTEM32\\TWINAPI.dll+6d4c|C:\\windows\\system32\\twinui.pcshell.dll+20880|C:\\windows\\system32\\twinui.pcshell.dll+20082|C:\\windows\\system32\\twinui.dll+1780b|C:\\windows\\system32\\twinui.dll+1734c|C:\\windows\\system32\\twinui.dll+68f7a|C:\\windows\\system32\\twinui.dll+16e09|C:\\windows\\system32\\twinui.dll+16f4b|C:\\windows\\system32\\twinui.dll+16ecd|C:\\windows\\System32\\USER32.dll+15c1d|C:\\windows\\System32\\USER32.dll+15612|C:\\Windows\\System32\\windows.immersiveshell.serviceprovider.dll+45f0|C:\\Windows\\System32\\windows.immersiveshell.serviceprovider.dll+41b9|C:\\Windows\\System32\\windows.immersiveshell.serviceprovider.dll+3e4f|C:\\windows\\System32\\KERNEL32.DLL+17c24|C:\\windows\\SYSTEM32\\ntdll.dll+6cea1"}
{"GrantedAccess":"0x2000","@timestamp":"2020-10-22T02:58:05.750Z","TimeCreated":"2020-10-22T02:58:05.750Z","SourceThreadId":"4688","SourceImage":"C:\\windows\\Explorer.EXE","ProviderGuid":"{5770385f-c22a-43e0-bf4c-06f5698ffbd9}","CallTrace":"C:\\windows\\SYSTEM32\\ntdll.dll+9c584|C:\\windows\\System32\\KERNELBASE.dll+305fe|C:\\windows\\system32\\twinui.dll+783a3|C:\\windows\\system32\\twinui.dll+1780b|C:\\windows\\system32\\twinui.dll+1734c|C:\\windows\\system32\\twinui.dll+68f7a|C:\\windows\\system32\\twinui.dll+16e09|C:\\windows\\system32\\twinui.dll+16f4b|C:\\windows\\system32\\twinui.dll+16ecd|C:\\windows\\System32\\USER32.dll+15c1d|C:\\windows\\System32\\USER32.dll+15612|C:\\Windows\\System32\\windows.immersiveshell.serviceprovider.dll+45f0|C:\\Windows\\System32\\windows.immersiveshell.serviceprovider.dll+41b9|C:\\Windows\\System32\\windows.immersiveshell.serviceprovider.dll+3e4f|C:\\windows\\System32\\KERNEL32.DLL+17c24|C:\\windows\\SYSTEM32\\ntdll.dll+6cea1","UtcTime":"2020-10-22 06:58:05.736","TargetProcessGUID":"{39e4a257-f1cd-5f8b-c400-000000000700}","SourceProcessId":"1072","Level":"4","Channel":"Microsoft-Windows-Sysmon/Operational","Task":"10","RuleName":"-","SourceName":"Microsoft-Windows-Sysmon","Hostname":"WORKSTATION5","SourceProcessGUID":"{39e4a257-f1b3-5f8b-a700-000000000700}","TargetProcessId":"7652","EventID":10,"Keywords":"0x8000000000000000","TargetImage":"C:\\Windows\\System32\\WindowsPowerShell\\v1.0\\powershell.exe","Message":"Process accessed:\r\nRuleName: -\r\nUtcTime: 2020-10-22 06:58:05.736\r\nSourceProcessGUID: {39e4a257-f1b3-5f8b-a700-000000000700}\r\nSourceProcessId: 1072\r\nSourceThreadId: 4688\r\nSourceImage: C:\\windows\\Explorer.EXE\r\nTargetProcessGUID: {39e4a257-f1cd-5f8b-c400-000000000700}\r\nTargetProcessId: 7652\r\nTargetImage: C:\\Windows\\System32\\WindowsPowerShell\\v1.0\\powershell.exe\r\nGrantedAccess: 0x2000\r\nCallTrace: C:\\windows\\SYSTEM32\\ntdll.dll+9c584|C:\\windows\\System32\\KERNELBASE.dll+305fe|C:\\windows\\system32\\twinui.dll+783a3|C:\\windows\\system32\\twinui.dll+1780b|C:\\windows\\system32\\twinui.dll+1734c|C:\\windows\\system32\\twinui.dll+68f7a|C:\\windows\\system32\\twinui.dll+16e09|C:\\windows\\system32\\twinui.dll+16f4b|C:\\windows\\system32\\twinui.dll+16ecd|C:\\windows\\System32\\USER32.dll+15c1d|C:\\windows\\System32\\USER32.dll+15612|C:\\Windows\\System32\\windows.immersiveshell.serviceprovider.dll+45f0|C:\\Windows\\System32\\windows.immersiveshell.serviceprovider.dll+41b9|C:\\Windows\\System32\\windows.immersiveshell.serviceprovider.dll+3e4f|C:\\windows\\System32\\KERNEL32.DLL+17c24|C:\\windows\\SYSTEM32\\ntdll.dll+6cea1"}
{"GrantedAccess":"0x2000","@timestamp":"2020-10-22T02:58:05.751Z","TimeCreated":"2020-10-22T02:58:05.751Z","SourceThreadId":"4688","SourceImage":"C:\\windows\\Explorer.EXE","ProviderGuid":"{5770385f-c22a-43e0-bf4c-06f5698ffbd9}","CallTrace":"C:\\windows\\SYSTEM32\\ntdll.dll+9c584|C:\\windows\\System32\\KERNELBASE.dll+305fe|C:\\windows\\system32\\twinui.dll+72a89|C:\\windows\\system32\\twinui.dll+785b2|C:\\windows\\system32\\twinui.dll+1780b|C:\\windows\\system32\\twinui.dll+1734c|C:\\windows\\system32\\twinui.dll+68f7a|C:\\windows\\system32\\twinui.dll+16e09|C:\\windows\\system32\\twinui.dll+16f4b|C:\\windows\\system32\\twinui.dll+16ecd|C:\\windows\\System32\\USER32.dll+15c1d|C:\\windows\\System32\\USER32.dll+15612|C:\\Windows\\System32\\windows.immersiveshell.serviceprovider.dll+45f0|C:\\Windows\\System32\\windows.immersiveshell.serviceprovider.dll+41b9|C:\\Windows\\System32\\windows.immersiveshell.serviceprovider.dll+3e4f|C:\\windows\\System32\\KERNEL32.DLL+17c24|C:\\windows\\SYSTEM32\\ntdll.dll+6cea1","UtcTime":"2020-10-22 06:58:05.736","TargetProcessGUID":"{39e4a257-f247-5f8b-d300-000000000700}","SourceProcessId":"1072","Level":"4","Channel":"Microsoft-Windows-Sysmon/Operational","Task":"10","RuleName":"-","SourceName":"Microsoft-Windows-Sysmon","Hostname":"WORKSTATION5","SourceProcessGUID":"{39e4a257-f1b3-5f8b-a700-000000000700}","TargetProcessId":"4368","EventID":10,"Keywords":"0x8000000000000000","TargetImage":"C:\\Windows\\SystemApps\\InputApp_cw5n1h2txyewy\\WindowsInternal.ComposableShell.Experiences.TextInput.InputApp.exe","Message":"Process accessed:\r\nRuleName: -\r\nUtcTime: 2020-10-22 06:58:05.736\r\nSourceProcessGUID: {39e4a257-f1b3-5f8b-a700-000000000700}\r\nSourceProcessId: 1072\r\nSourceThreadId: 4688\r\nSourceImage: C:\\windows\\Explorer.EXE\r\nTargetProcessGUID: {39e4a257-f247-5f8b-d300-000000000700}\r\nTargetProcessId: 4368\r\nTargetImage: C:\\Windows\\SystemApps\\InputApp_cw5n1h2txyewy\\WindowsInternal.ComposableShell.Experiences.TextInput.InputApp.exe\r\nGrantedAccess: 0x2000\r\nCallTrace: C:\\windows\\SYSTEM32\\ntdll.dll+9c584|C:\\windows\\System32\\KERNELBASE.dll+305fe|C:\\windows\\system32\\twinui.dll+72a89|C:\\windows\\system32\\twinui.dll+785b2|C:\\windows\\system32\\twinui.dll+1780b|C:\\windows\\system32\\twinui.dll+1734c|C:\\windows\\system32\\twinui.dll+68f7a|C:\\windows\\system32\\twinui.dll+16e09|C:\\windows\\system32\\twinui.dll+16f4b|C:\\windows\\system32\\twinui.dll+16ecd|C:\\windows\\System32\\USER32.dll+15c1d|C:\\windows\\System32\\USER32.dll+15612|C:\\Windows\\System32\\windows.immersiveshell.serviceprovider.dll+45f0|C:\\Windows\\System32\\windows.immersiveshell.serviceprovider.dll+41b9|C:\\Windows\\System32\\windows.immersiveshell.serviceprovider.dll+3e4f|C:\\windows\\System32\\KERNEL32.DLL+17c24|C:\\windows\\SYSTEM32\\ntdll.dll+6cea1"}
{"GrantedAccess":"0x2000","@timestamp":"2020-10-22T02:58:05.752Z","TimeCreated":"2020-10-22T02:58:05.752Z","SourceThreadId":"4688","SourceImage":"C:\\windows\\Explorer.EXE","ProviderGuid":"{5770385f-c22a-43e0-bf4c-06f5698ffbd9}","CallTrace":"C:\\windows\\SYSTEM32\\ntdll.dll+9c584|C:\\windows\\System32\\KERNELBASE.dll+305fe|C:\\windows\\system32\\twinui.dll+72a89|C:\\windows\\system32\\twinui.dll+785b2|C:\\windows\\system32\\twinui.dll+1780b|C:\\windows\\system32\\twinui.dll+1734c|C:\\windows\\system32\\twinui.dll+68f7a|C:\\windows\\system32\\twinui.dll+16e09|C:\\windows\\system32\\twinui.dll+16f4b|C:\\windows\\system32\\twinui.dll+16ecd|C:\\windows\\System32\\USER32.dll+15c1d|C:\\windows\\System32\\USER32.dll+15612|C:\\Windows\\System32\\windows.immersiveshell.serviceprovider.dll+45f0|C:\\Windows\\System32\\windows.immersiveshell.serviceprovider.dll+41b9|C:\\Windows\\System32\\windows.immersiveshell.serviceprovider.dll+3e4f|C:\\windows\\System32\\KERNEL32.DLL+17c24|C:\\windows\\SYSTEM32\\ntdll.dll+6cea1","UtcTime":"2020-10-22 06:58:05.736","TargetProcessGUID":"{39e4a257-f1cd-5f8b-c400-000000000700}","SourceProcessId":"1072","Level":"4","Channel":"Microsoft-Windows-Sysmon/Operational","Task":"10","RuleName":"-","SourceName":"Microsoft-Windows-Sysmon","Hostname":"WORKSTATION5","SourceProcessGUID":"{39e4a257-f1b3-5f8b-a700-000000000700}","TargetProcessId":"7652","EventID":10,"Keywords":"0x8000000000000000","TargetImage":"C:\\Windows\\System32\\WindowsPowerShell\\v1.0\\powershell.exe","Message":"Process accessed:\r\nRuleName: -\r\nUtcTime: 2020-10-22 06:58:05.736\r\nSourceProcessGUID: {39e4a257-f1b3-5f8b-a700-000000000700}\r\nSourceProcessId: 1072\r\nSourceThreadId: 4688\r\nSourceImage: C:\\windows\\Explorer.EXE\r\nTargetProcessGUID: {39e4a257-f1cd-5f8b-c400-000000000700}\r\nTargetProcessId: 7652\r\nTargetImage: C:\\Windows\\System32\\WindowsPowerShell\\v1.0\\powershell.exe\r\nGrantedAccess: 0x2000\r\nCallTrace: C:\\windows\\SYSTEM32\\ntdll.dll+9c584|C:\\windows\\System32\\KERNELBASE.dll+305fe|C:\\windows\\system32\\twinui.dll+72a89|C:\\windows\\system32\\twinui.dll+785b2|C:\\windows\\system32\\twinui.dll+1780b|C:\\windows\\system32\\twinui.dll+1734c|C:\\windows\\system32\\twinui.dll+68f7a|C:\\windows\\system32\\twinui.dll+16e09|C:\\windows\\system32\\twinui.dll+16f4b|C:\\windows\\system32\\twinui.dll+16ecd|C:\\windows\\System32\\USER32.dll+15c1d|C:\\windows\\System32\\USER32.dll+15612|C:\\Windows\\System32\\windows.immersiveshell.serviceprovider.dll+45f0|C:\\Windows\\System32\\windows.immersiveshell.serviceprovider.dll+41b9|C:\\Windows\\System32\\windows.immersiveshell.serviceprovider.dll+3e4f|C:\\windows\\System32\\KERNEL32.DLL+17c24|C:\\windows\\SYSTEM32\\ntdll.dll+6cea1"}
{"GrantedAccess":"0x2000","@timestamp":"2020-10-22T02:58:05.752Z","TimeCreated":"2020-10-22T02:58:05.752Z","SourceThreadId":"4688","SourceImage":"C:\\windows\\Explorer.EXE","ProviderGuid":"{5770385f-c22a-43e0-bf4c-06f5698ffbd9}","CallTrace":"C:\\windows\\SYSTEM32\\ntdll.dll+9c584|C:\\windows\\System32\\KERNELBASE.dll+305fe|C:\\windows\\system32\\twinui.dll+72a89|C:\\windows\\system32\\twinui.dll+785b2|C:\\windows\\system32\\twinui.dll+1780b|C:\\windows\\system32\\twinui.dll+1734c|C:\\windows\\system32\\twinui.dll+68f7a|C:\\windows\\system32\\twinui.dll+16e09|C:\\windows\\system32\\twinui.dll+16f4b|C:\\windows\\system32\\twinui.dll+16ecd|C:\\windows\\System32\\USER32.dll+15c1d|C:\\windows\\System32\\USER32.dll+15612|C:\\Windows\\System32\\windows.immersiveshell.serviceprovider.dll+45f0|C:\\Windows\\System32\\windows.immersiveshell.serviceprovider.dll+41b9|C:\\Windows\\System32\\windows.immersiveshell.serviceprovider.dll+3e4f|C:\\windows\\System32\\KERNEL32.DLL+17c24|C:\\windows\\SYSTEM32\\ntdll.dll+6cea1","UtcTime":"2020-10-22 06:58:05.736","TargetProcessGUID":"{39e4a257-2d78-5f91-6c13-000000000700}","SourceProcessId":"1072","Level":"4","Channel":"Microsoft-Windows-Sysmon/Operational","Task":"10","RuleName":"-","SourceName":"Microsoft-Windows-Sysmon","Hostname":"WORKSTATION5","SourceProcessGUID":"{39e4a257-f1b3-5f8b-a700-000000000700}","TargetProcessId":"9572","EventID":10,"Keywords":"0x8000000000000000","TargetImage":"C:\\Windows\\System32\\WindowsPowerShell\\v1.0\\powershell.exe","Message":"Process accessed:\r\nRuleName: -\r\nUtcTime: 2020-10-22 06:58:05.736\r\nSourceProcessGUID: {39e4a257-f1b3-5f8b-a700-000000000700}\r\nSourceProcessId: 1072\r\nSourceThreadId: 4688\r\nSourceImage: C:\\windows\\Explorer.EXE\r\nTargetProcessGUID: {39e4a257-2d78-5f91-6c13-000000000700}\r\nTargetProcessId: 9572\r\nTargetImage: C:\\Windows\\System32\\WindowsPowerShell\\v1.0\\powershell.exe\r\nGrantedAccess: 0x2000\r\nCallTrace: C:\\windows\\SYSTEM32\\ntdll.dll+9c584|C:\\windows\\System32\\KERNELBASE.dll+305fe|C:\\windows\\system32\\twinui.dll+72a89|C:\\windows\\system32\\twinui.dll+785b2|C:\\windows\\system32\\twinui.dll+1780b|C:\\windows\\system32\\twinui.dll+1734c|C:\\windows\\system32\\twinui.dll+68f7a|C:\\windows\\system32\\twinui.dll+16e09|C:\\windows\\system32\\twinui.dll+16f4b|C:\\windows\\system32\\twinui.dll+16ecd|C:\\windows\\System32\\USER32.dll+15c1d|C:\\windows\\System32\\USER32.dll+15612|C:\\Windows\\System32\\windows.immersiveshell.serviceprovider.dll+45f0|C:\\Windows\\System32\\windows.immersiveshell.serviceprovider.dll+41b9|C:\\Windows\\System32\\windows.immersiveshell.serviceprovider.dll+3e4f|C:\\windows\\System32\\KERNEL32.DLL+17c24|C:\\windows\\SYSTEM32\\ntdll.dll+6cea1"}
{"GrantedAccess":"0x2000","@timestamp":"2020-10-22T02:58:05.753Z","TimeCreated":"2020-10-22T02:58:05.753Z","SourceThreadId":"4688","SourceImage":"C:\\windows\\Explorer.EXE","ProviderGuid":"{5770385f-c22a-43e0-bf4c-06f5698ffbd9}","CallTrace":"C:\\windows\\SYSTEM32\\ntdll.dll+9c584|C:\\windows\\System32\\KERNELBASE.dll+305fe|C:\\windows\\system32\\twinui.dll+72a89|C:\\windows\\system32\\twinui.dll+785b2|C:\\windows\\system32\\twinui.dll+1780b|C:\\windows\\system32\\twinui.dll+1734c|C:\\windows\\system32\\twinui.dll+68f7a|C:\\windows\\system32\\twinui.dll+16e09|C:\\windows\\system32\\twinui.dll+16f4b|C:\\windows\\system32\\twinui.dll+16ecd|C:\\windows\\System32\\USER32.dll+15c1d|C:\\windows\\System32\\USER32.dll+15612|C:\\Windows\\System32\\windows.immersiveshell.serviceprovider.dll+45f0|C:\\Windows\\System32\\windows.immersiveshell.serviceprovider.dll+41b9|C:\\Windows\\System32\\windows.immersiveshell.serviceprovider.dll+3e4f|C:\\windows\\System32\\KERNEL32.DLL+17c24|C:\\windows\\SYSTEM32\\ntdll.dll+6cea1","UtcTime":"2020-10-22 06:58:05.736","TargetProcessGUID":"{39e4a257-2d59-5f91-6813-000000000700}","SourceProcessId":"1072","Level":"4","Channel":"Microsoft-Windows-Sysmon/Operational","Task":"10","RuleName":"-","SourceName":"Microsoft-Windows-Sysmon","Hostname":"WORKSTATION5","SourceProcessGUID":"{39e4a257-f1b3-5f8b-a700-000000000700}","TargetProcessId":"5888","EventID":10,"Keywords":"0x8000000000000000","TargetImage":"C:\\windows\\system32\\cmd.exe","Message":"Process accessed:\r\nRuleName: -\r\nUtcTime: 2020-10-22 06:58:05.736\r\nSourceProcessGUID: {39e4a257-f1b3-5f8b-a700-000000000700}\r\nSourceProcessId: 1072\r\nSourceThreadId: 4688\r\nSourceImage: C:\\windows\\Explorer.EXE\r\nTargetProcessGUID: {39e4a257-2d59-5f91-6813-000000000700}\r\nTargetProcessId: 5888\r\nTargetImage: C:\\windows\\system32\\cmd.exe\r\nGrantedAccess: 0x2000\r\nCallTrace: C:\\windows\\SYSTEM32\\ntdll.dll+9c584|C:\\windows\\System32\\KERNELBASE.dll+305fe|C:\\windows\\system32\\twinui.dll+72a89|C:\\windows\\system32\\twinui.dll+785b2|C:\\windows\\system32\\twinui.dll+1780b|C:\\windows\\system32\\twinui.dll+1734c|C:\\windows\\system32\\twinui.dll+68f7a|C:\\windows\\system32\\twinui.dll+16e09|C:\\windows\\system32\\twinui.dll+16f4b|C:\\windows\\system32\\twinui.dll+16ecd|C:\\windows\\System32\\USER32.dll+15c1d|C:\\windows\\System32\\USER32.dll+15612|C:\\Windows\\System32\\windows.immersiveshell.serviceprovider.dll+45f0|C:\\Windows\\System32\\windows.immersiveshell.serviceprovider.dll+41b9|C:\\Windows\\System32\\windows.immersiveshell.serviceprovider.dll+3e4f|C:\\windows\\System32\\KERNEL32.DLL+17c24|C:\\windows\\SYSTEM32\\ntdll.dll+6cea1"}
{"GrantedAccess":"0x1000","@timestamp":"2020-10-22T02:58:05.753Z","TimeCreated":"2020-10-22T02:58:05.753Z","SourceThreadId":"10932","SourceImage":"C:\\windows\\Explorer.EXE","ProviderGuid":"{5770385f-c22a-43e0-bf4c-06f5698ffbd9}","CallTrace":"C:\\windows\\SYSTEM32\\ntdll.dll+9c584|C:\\windows\\System32\\KERNELBASE.dll+305fe|C:\\windows\\System32\\NPSMDesktopProvider.dll+1dbfa|C:\\windows\\System32\\NPSMDesktopProvider.dll+139e2|C:\\windows\\System32\\NPSMDesktopProvider.dll+1415b|C:\\windows\\System32\\shcore.dll+c540|C:\\windows\\System32\\shcore.dll+c1c8|C:\\windows\\System32\\shcore.dll+ac61|C:\\windows\\System32\\KERNEL32.DLL+17c24|C:\\windows\\SYSTEM32\\ntdll.dll+6cea1","UtcTime":"2020-10-22 06:58:05.752","TargetProcessGUID":"{39e4a257-f1cd-5f8b-c400-000000000700}","SourceProcessId":"1072","Level":"4","Channel":"Microsoft-Windows-Sysmon/Operational","Task":"10","RuleName":"-","SourceName":"Microsoft-Windows-Sysmon","Hostname":"WORKSTATION5","SourceProcessGUID":"{39e4a257-f1b3-5f8b-a700-000000000700}","TargetProcessId":"7652","EventID":10,"Keywords":"0x8000000000000000","TargetImage":"C:\\Windows\\System32\\WindowsPowerShell\\v1.0\\powershell.exe","Message":"Process accessed:\r\nRuleName: -\r\nUtcTime: 2020-10-22 06:58:05.752\r\nSourceProcessGUID: {39e4a257-f1b3-5f8b-a700-000000000700}\r\nSourceProcessId: 1072\r\nSourceThreadId: 10932\r\nSourceImage: C:\\windows\\Explorer.EXE\r\nTargetProcessGUID: {39e4a257-f1cd-5f8b-c400-000000000700}\r\nTargetProcessId: 7652\r\nTargetImage: C:\\Windows\\System32\\WindowsPowerShell\\v1.0\\powershell.exe\r\nGrantedAccess: 0x1000\r\nCallTrace: C:\\windows\\SYSTEM32\\ntdll.dll+9c584|C:\\windows\\System32\\KERNELBASE.dll+305fe|C:\\windows\\System32\\NPSMDesktopProvider.dll+1dbfa|C:\\windows\\System32\\NPSMDesktopProvider.dll+139e2|C:\\windows\\System32\\NPSMDesktopProvider.dll+1415b|C:\\windows\\System32\\shcore.dll+c540|C:\\windows\\System32\\shcore.dll+c1c8|C:\\windows\\System32\\shcore.dll+ac61|C:\\windows\\System32\\KERNEL32.DLL+17c24|C:\\windows\\SYSTEM32\\ntdll.dll+6cea1"}
{"@timestamp":"2020-10-22T02:58:05.765Z","TimeCreated":"2020-10-22T02:58:05.765Z","ProviderGuid":"{5770385f-c22a-43e0-bf4c-06f5698ffbd9}","UtcTime":"2020-10-22 06:58:05.752","ProcessGuid":"{39e4a257-f1b3-5f8b-a700-000000000700}","Image":"C:\\windows\\Explorer.EXE","Level":"4","Channel":"Microsoft-Windows-Sysmon/Operational","Task":"13","RuleName":"-","SourceName":"Microsoft-Windows-Sysmon","Hostname":"WORKSTATION5","Details":"Binary Data","ProcessId":"1072","EventType":"SetValue","EventID":13,"Keywords":"0x8000000000000000","TargetObject":"HKU\\S-1-5-21-3940915590-64593676-1414006259-500\\Software\\Microsoft\\Windows\\CurrentVersion\\ActivityDataModel\\ReaderRevisionInfo\\A972977C-95EC-9F21-DCC4-595CA3A0E033","Message":"Registry value set:\r\nRuleName: -\r\nEventType: SetValue\r\nUtcTime: 2020-10-22 06:58:05.752\r\nProcessGuid: {39e4a257-f1b3-5f8b-a700-000000000700}\r\nProcessId: 1072\r\nImage: C:\\windows\\Explorer.EXE\r\nTargetObject: HKU\\S-1-5-21-3940915590-64593676-1414006259-500\\Software\\Microsoft\\Windows\\CurrentVersion\\ActivityDataModel\\ReaderRevisionInfo\\A972977C-95EC-9F21-DCC4-595CA3A0E033\r\nDetails: Binary Data"}
{"@timestamp":"2020-10-22T02:58:05.768Z","TimeCreated":"2020-10-22T02:58:05.768Z","ProviderGuid":"{5770385f-c22a-43e0-bf4c-06f5698ffbd9}","UtcTime":"2020-10-22 06:58:05.767","ProcessGuid":"{39e4a257-f1b3-5f8b-a700-000000000700}","Image":"C:\\windows\\Explorer.EXE","Level":"4","Channel":"Microsoft-Windows-Sysmon/Operational","Task":"13","RuleName":"-","SourceName":"Microsoft-Windows-Sysmon","Hostname":"WORKSTATION5","Details":"Binary Data","ProcessId":"1072","EventType":"SetValue","EventID":13,"Keywords":"0x8000000000000000","TargetObject":"HKU\\S-1-5-21-3940915590-64593676-1414006259-500\\Software\\Microsoft\\Windows\\CurrentVersion\\ActivityDataModel\\ReaderRevisionInfo\\A972977C-95EC-9F21-DCC4-595CA3A0E033","Message":"Registry value set:\r\nRuleName: -\r\nEventType: SetValue\r\nUtcTime: 2020-10-22 06:58:05.767\r\nProcessGuid: {39e4a257-f1b3-5f8b-a700-000000000700}\r\nProcessId: 1072\r\nImage: C:\\windows\\Explorer.EXE\r\nTargetObject: HKU\\S-1-5-21-3940915590-64593676-1414006259-500\\Software\\Microsoft\\Windows\\CurrentVersion\\ActivityDataModel\\ReaderRevisionInfo\\A972977C-95EC-9F21-DCC4-595CA3A0E033\r\nDetails: Binary Data"}
{"GrantedAccess":"0x1000","@timestamp":"2020-10-22T02:58:06.695Z","TimeCreated":"2020-10-22T02:58:06.695Z","SourceThreadId":"1060","SourceImage":"C:\\windows\\system32\\svchost.exe","ProviderGuid":"{5770385f-c22a-43e0-bf4c-06f5698ffbd9}","CallTrace":"C:\\windows\\SYSTEM32\\ntdll.dll+9c584|C:\\windows\\SYSTEM32\\psmserviceexthost.dll+222a3|C:\\windows\\SYSTEM32\\psmserviceexthost.dll+37ea0|C:\\windows\\SYSTEM32\\psmserviceexthost.dll+37929|C:\\windows\\SYSTEM32\\psmserviceexthost.dll+686f8|C:\\windows\\SYSTEM32\\psmserviceexthost.dll+6e84a|C:\\windows\\SYSTEM32\\psmserviceexthost.dll+6f700|C:\\windows\\SYSTEM32\\psmserviceexthost.dll+34be4|C:\\windows\\SYSTEM32\\psmserviceexthost.dll+6f63e|C:\\windows\\SYSTEM32\\psmserviceexthost.dll+713b5|C:\\windows\\SYSTEM32\\psmserviceexthost.dll+50bda|C:\\windows\\SYSTEM32\\psmserviceexthost.dll+4500a|C:\\windows\\System32\\KERNEL32.DLL+17c24|C:\\windows\\SYSTEM32\\ntdll.dll+6cea1","UtcTime":"2020-10-22 06:58:06.694","TargetProcessGUID":"{39e4a257-f247-5f8b-d300-000000000700}","SourceProcessId":"944","Level":"4","Channel":"Microsoft-Windows-Sysmon/Operational","Task":"10","RuleName":"-","SourceName":"Microsoft-Windows-Sysmon","Hostname":"WORKSTATION5","SourceProcessGUID":"{39e4a257-f132-5f8b-1000-000000000700}","TargetProcessId":"4368","EventID":10,"Keywords":"0x8000000000000000","TargetImage":"C:\\Windows\\SystemApps\\InputApp_cw5n1h2txyewy\\WindowsInternal.ComposableShell.Experiences.TextInput.InputApp.exe","Message":"Process accessed:\r\nRuleName: -\r\nUtcTime: 2020-10-22 06:58:06.694\r\nSourceProcessGUID: {39e4a257-f132-5f8b-1000-000000000700}\r\nSourceProcessId: 944\r\nSourceThreadId: 1060\r\nSourceImage: C:\\windows\\system32\\svchost.exe\r\nTargetProcessGUID: {39e4a257-f247-5f8b-d300-000000000700}\r\nTargetProcessId: 4368\r\nTargetImage: C:\\Windows\\SystemApps\\InputApp_cw5n1h2txyewy\\WindowsInternal.ComposableShell.Experiences.TextInput.InputApp.exe\r\nGrantedAccess: 0x1000\r\nCallTrace: C:\\windows\\SYSTEM32\\ntdll.dll+9c584|C:\\windows\\SYSTEM32\\psmserviceexthost.dll+222a3|C:\\windows\\SYSTEM32\\psmserviceexthost.dll+37ea0|C:\\windows\\SYSTEM32\\psmserviceexthost.dll+37929|C:\\windows\\SYSTEM32\\psmserviceexthost.dll+686f8|C:\\windows\\SYSTEM32\\psmserviceexthost.dll+6e84a|C:\\windows\\SYSTEM32\\psmserviceexthost.dll+6f700|C:\\windows\\SYSTEM32\\psmserviceexthost.dll+34be4|C:\\windows\\SYSTEM32\\psmserviceexthost.dll+6f63e|C:\\windows\\SYSTEM32\\psmserviceexthost.dll+713b5|C:\\windows\\SYSTEM32\\psmserviceexthost.dll+50bda|C:\\windows\\SYSTEM32\\psmserviceexthost.dll+4500a|C:\\windows\\System32\\KERNEL32.DLL+17c24|C:\\windows\\SYSTEM32\\ntdll.dll+6cea1"}
{"GrantedAccess":"0x1000","@timestamp":"2020-10-22T02:58:06.695Z","TimeCreated":"2020-10-22T02:58:06.695Z","SourceThreadId":"1060","SourceImage":"C:\\windows\\system32\\svchost.exe","ProviderGuid":"{5770385f-c22a-43e0-bf4c-06f5698ffbd9}","CallTrace":"C:\\windows\\SYSTEM32\\ntdll.dll+9c584|C:\\windows\\SYSTEM32\\psmserviceexthost.dll+222a3|C:\\windows\\SYSTEM32\\psmserviceexthost.dll+37ea0|C:\\windows\\SYSTEM32\\psmserviceexthost.dll+37929|C:\\windows\\SYSTEM32\\psmserviceexthost.dll+686f8|C:\\windows\\SYSTEM32\\psmserviceexthost.dll+6e84a|C:\\windows\\SYSTEM32\\psmserviceexthost.dll+6f700|C:\\windows\\SYSTEM32\\psmserviceexthost.dll+34be4|C:\\windows\\SYSTEM32\\psmserviceexthost.dll+6f63e|C:\\windows\\SYSTEM32\\psmserviceexthost.dll+713b5|C:\\windows\\SYSTEM32\\psmserviceexthost.dll+50bda|C:\\windows\\SYSTEM32\\psmserviceexthost.dll+4500a|C:\\windows\\System32\\KERNEL32.DLL+17c24|C:\\windows\\SYSTEM32\\ntdll.dll+6cea1","UtcTime":"2020-10-22 06:58:06.694","TargetProcessGUID":"{39e4a257-2d5c-5f91-6a13-000000000700}","SourceProcessId":"944","Level":"4","Channel":"Microsoft-Windows-Sysmon/Operational","Task":"10","RuleName":"-","SourceName":"Microsoft-Windows-Sysmon","Hostname":"WORKSTATION5","SourceProcessGUID":"{39e4a257-f132-5f8b-1000-000000000700}","TargetProcessId":"10588","EventID":10,"Keywords":"0x8000000000000000","TargetImage":"C:\\windows\\system32\\backgroundTaskHost.exe","Message":"Process accessed:\r\nRuleName: -\r\nUtcTime: 2020-10-22 06:58:06.694\r\nSourceProcessGUID: {39e4a257-f132-5f8b-1000-000000000700}\r\nSourceProcessId: 944\r\nSourceThreadId: 1060\r\nSourceImage: C:\\windows\\system32\\svchost.exe\r\nTargetProcessGUID: {39e4a257-2d5c-5f91-6a13-000000000700}\r\nTargetProcessId: 10588\r\nTargetImage: C:\\windows\\system32\\backgroundTaskHost.exe\r\nGrantedAccess: 0x1000\r\nCallTrace: C:\\windows\\SYSTEM32\\ntdll.dll+9c584|C:\\windows\\SYSTEM32\\psmserviceexthost.dll+222a3|C:\\windows\\SYSTEM32\\psmserviceexthost.dll+37ea0|C:\\windows\\SYSTEM32\\psmserviceexthost.dll+37929|C:\\windows\\SYSTEM32\\psmserviceexthost.dll+686f8|C:\\windows\\SYSTEM32\\psmserviceexthost.dll+6e84a|C:\\windows\\SYSTEM32\\psmserviceexthost.dll+6f700|C:\\windows\\SYSTEM32\\psmserviceexthost.dll+34be4|C:\\windows\\SYSTEM32\\psmserviceexthost.dll+6f63e|C:\\windows\\SYSTEM32\\psmserviceexthost.dll+713b5|C:\\windows\\SYSTEM32\\psmserviceexthost.dll+50bda|C:\\windows\\SYSTEM32\\psmserviceexthost.dll+4500a|C:\\windows\\System32\\KERNEL32.DLL+17c24|C:\\windows\\SYSTEM32\\ntdll.dll+6cea1"}
{"GrantedAccess":"0x1000","@timestamp":"2020-10-22T02:58:07.695Z","TimeCreated":"2020-10-22T02:58:07.695Z","SourceThreadId":"1060","SourceImage":"C:\\windows\\system32\\svchost.exe","ProviderGuid":"{5770385f-c22a-43e0-bf4c-06f5698ffbd9}","CallTrace":"C:\\windows\\SYSTEM32\\ntdll.dll+9c584|C:\\windows\\SYSTEM32\\psmserviceexthost.dll+222a3|C:\\windows\\SYSTEM32\\psmserviceexthost.dll+37ea0|C:\\windows\\SYSTEM32\\psmserviceexthost.dll+37929|C:\\windows\\SYSTEM32\\psmserviceexthost.dll+686f8|C:\\windows\\SYSTEM32\\psmserviceexthost.dll+6e84a|C:\\windows\\SYSTEM32\\psmserviceexthost.dll+6f700|C:\\windows\\SYSTEM32\\psmserviceexthost.dll+34be4|C:\\windows\\SYSTEM32\\psmserviceexthost.dll+6f63e|C:\\windows\\SYSTEM32\\psmserviceexthost.dll+713b5|C:\\windows\\SYSTEM32\\psmserviceexthost.dll+50bda|C:\\windows\\SYSTEM32\\psmserviceexthost.dll+4500a|C:\\windows\\System32\\KERNEL32.DLL+17c24|C:\\windows\\SYSTEM32\\ntdll.dll+6cea1","UtcTime":"2020-10-22 06:58:07.694","TargetProcessGUID":"{39e4a257-f247-5f8b-d300-000000000700}","SourceProcessId":"944","Level":"4","Channel":"Microsoft-Windows-Sysmon/Operational","Task":"10","RuleName":"-","SourceName":"Microsoft-Windows-Sysmon","Hostname":"WORKSTATION5","SourceProcessGUID":"{39e4a257-f132-5f8b-1000-000000000700}","TargetProcessId":"4368","EventID":10,"Keywords":"0x8000000000000000","TargetImage":"C:\\Windows\\SystemApps\\InputApp_cw5n1h2txyewy\\WindowsInternal.ComposableShell.Experiences.TextInput.InputApp.exe","Message":"Process accessed:\r\nRuleName: -\r\nUtcTime: 2020-10-22 06:58:07.694\r\nSourceProcessGUID: {39e4a257-f132-5f8b-1000-000000000700}\r\nSourceProcessId: 944\r\nSourceThreadId: 1060\r\nSourceImage: C:\\windows\\system32\\svchost.exe\r\nTargetProcessGUID: {39e4a257-f247-5f8b-d300-000000000700}\r\nTargetProcessId: 4368\r\nTargetImage: C:\\Windows\\SystemApps\\InputApp_cw5n1h2txyewy\\WindowsInternal.ComposableShell.Experiences.TextInput.InputApp.exe\r\nGrantedAccess: 0x1000\r\nCallTrace: C:\\windows\\SYSTEM32\\ntdll.dll+9c584|C:\\windows\\SYSTEM32\\psmserviceexthost.dll+222a3|C:\\windows\\SYSTEM32\\psmserviceexthost.dll+37ea0|C:\\windows\\SYSTEM32\\psmserviceexthost.dll+37929|C:\\windows\\SYSTEM32\\psmserviceexthost.dll+686f8|C:\\windows\\SYSTEM32\\psmserviceexthost.dll+6e84a|C:\\windows\\SYSTEM32\\psmserviceexthost.dll+6f700|C:\\windows\\SYSTEM32\\psmserviceexthost.dll+34be4|C:\\windows\\SYSTEM32\\psmserviceexthost.dll+6f63e|C:\\windows\\SYSTEM32\\psmserviceexthost.dll+713b5|C:\\windows\\SYSTEM32\\psmserviceexthost.dll+50bda|C:\\windows\\SYSTEM32\\psmserviceexthost.dll+4500a|C:\\windows\\System32\\KERNEL32.DLL+17c24|C:\\windows\\SYSTEM32\\ntdll.dll+6cea1"}
{"GrantedAccess":"0x1000","@timestamp":"2020-10-22T02:58:07.695Z","TimeCreated":"2020-10-22T02:58:07.695Z","SourceThreadId":"1060","SourceImage":"C:\\windows\\system32\\svchost.exe","ProviderGuid":"{5770385f-c22a-43e0-bf4c-06f5698ffbd9}","CallTrace":"C:\\windows\\SYSTEM32\\ntdll.dll+9c584|C:\\windows\\SYSTEM32\\psmserviceexthost.dll+222a3|C:\\windows\\SYSTEM32\\psmserviceexthost.dll+37ea0|C:\\windows\\SYSTEM32\\psmserviceexthost.dll+37929|C:\\windows\\SYSTEM32\\psmserviceexthost.dll+686f8|C:\\windows\\SYSTEM32\\psmserviceexthost.dll+6e84a|C:\\windows\\SYSTEM32\\psmserviceexthost.dll+6f700|C:\\windows\\SYSTEM32\\psmserviceexthost.dll+34be4|C:\\windows\\SYSTEM32\\psmserviceexthost.dll+6f63e|C:\\windows\\SYSTEM32\\psmserviceexthost.dll+713b5|C:\\windows\\SYSTEM32\\psmserviceexthost.dll+50bda|C:\\windows\\SYSTEM32\\psmserviceexthost.dll+4500a|C:\\windows\\System32\\KERNEL32.DLL+17c24|C:\\windows\\SYSTEM32\\ntdll.dll+6cea1","UtcTime":"2020-10-22 06:58:07.694","TargetProcessGUID":"{39e4a257-2d5c-5f91-6a13-000000000700}","SourceProcessId":"944","Level":"4","Channel":"Microsoft-Windows-Sysmon/Operational","Task":"10","RuleName":"-","SourceName":"Microsoft-Windows-Sysmon","Hostname":"WORKSTATION5","SourceProcessGUID":"{39e4a257-f132-5f8b-1000-000000000700}","TargetProcessId":"10588","EventID":10,"Keywords":"0x8000000000000000","TargetImage":"C:\\windows\\system32\\backgroundTaskHost.exe","Message":"Process accessed:\r\nRuleName: -\r\nUtcTime: 2020-10-22 06:58:07.694\r\nSourceProcessGUID: {39e4a257-f132-5f8b-1000-000000000700}\r\nSourceProcessId: 944\r\nSourceThreadId: 1060\r\nSourceImage: C:\\windows\\system32\\svchost.exe\r\nTargetProcessGUID: {39e4a257-2d5c-5f91-6a13-000000000700}\r\nTargetProcessId: 10588\r\nTargetImage: C:\\windows\\system32\\backgroundTaskHost.exe\r\nGrantedAccess: 0x1000\r\nCallTrace: C:\\windows\\SYSTEM32\\ntdll.dll+9c584|C:\\windows\\SYSTEM32\\psmserviceexthost.dll+222a3|C:\\windows\\SYSTEM32\\psmserviceexthost.dll+37ea0|C:\\windows\\SYSTEM32\\psmserviceexthost.dll+37929|C:\\windows\\SYSTEM32\\psmserviceexthost.dll+686f8|C:\\windows\\SYSTEM32\\psmserviceexthost.dll+6e84a|C:\\windows\\SYSTEM32\\psmserviceexthost.dll+6f700|C:\\windows\\SYSTEM32\\psmserviceexthost.dll+34be4|C:\\windows\\SYSTEM32\\psmserviceexthost.dll+6f63e|C:\\windows\\SYSTEM32\\psmserviceexthost.dll+713b5|C:\\windows\\SYSTEM32\\psmserviceexthost.dll+50bda|C:\\windows\\SYSTEM32\\psmserviceexthost.dll+4500a|C:\\windows\\System32\\KERNEL32.DLL+17c24|C:\\windows\\SYSTEM32\\ntdll.dll+6cea1"}
{"GrantedAccess":"0x1000","@timestamp":"2020-10-22T02:58:08.695Z","TimeCreated":"2020-10-22T02:58:08.695Z","SourceThreadId":"1060","SourceImage":"C:\\windows\\system32\\svchost.exe","ProviderGuid":"{5770385f-c22a-43e0-bf4c-06f5698ffbd9}","CallTrace":"C:\\windows\\SYSTEM32\\ntdll.dll+9c584|C:\\windows\\SYSTEM32\\psmserviceexthost.dll+222a3|C:\\windows\\SYSTEM32\\psmserviceexthost.dll+37ea0|C:\\windows\\SYSTEM32\\psmserviceexthost.dll+37929|C:\\windows\\SYSTEM32\\psmserviceexthost.dll+686f8|C:\\windows\\SYSTEM32\\psmserviceexthost.dll+6e84a|C:\\windows\\SYSTEM32\\psmserviceexthost.dll+6f700|C:\\windows\\SYSTEM32\\psmserviceexthost.dll+34be4|C:\\windows\\SYSTEM32\\psmserviceexthost.dll+6f63e|C:\\windows\\SYSTEM32\\psmserviceexthost.dll+713b5|C:\\windows\\SYSTEM32\\psmserviceexthost.dll+50bda|C:\\windows\\SYSTEM32\\psmserviceexthost.dll+4500a|C:\\windows\\System32\\KERNEL32.DLL+17c24|C:\\windows\\SYSTEM32\\ntdll.dll+6cea1","UtcTime":"2020-10-22 06:58:08.694","TargetProcessGUID":"{39e4a257-f247-5f8b-d300-000000000700}","SourceProcessId":"944","Level":"4","Channel":"Microsoft-Windows-Sysmon/Operational","Task":"10","RuleName":"-","SourceName":"Microsoft-Windows-Sysmon","Hostname":"WORKSTATION5","SourceProcessGUID":"{39e4a257-f132-5f8b-1000-000000000700}","TargetProcessId":"4368","EventID":10,"Keywords":"0x8000000000000000","TargetImage":"C:\\Windows\\SystemApps\\InputApp_cw5n1h2txyewy\\WindowsInternal.ComposableShell.Experiences.TextInput.InputApp.exe","Message":"Process accessed:\r\nRuleName: -\r\nUtcTime: 2020-10-22 06:58:08.694\r\nSourceProcessGUID: {39e4a257-f132-5f8b-1000-000000000700}\r\nSourceProcessId: 944\r\nSourceThreadId: 1060\r\nSourceImage: C:\\windows\\system32\\svchost.exe\r\nTargetProcessGUID: {39e4a257-f247-5f8b-d300-000000000700}\r\nTargetProcessId: 4368\r\nTargetImage: C:\\Windows\\SystemApps\\InputApp_cw5n1h2txyewy\\WindowsInternal.ComposableShell.Experiences.TextInput.InputApp.exe\r\nGrantedAccess: 0x1000\r\nCallTrace: C:\\windows\\SYSTEM32\\ntdll.dll+9c584|C:\\windows\\SYSTEM32\\psmserviceexthost.dll+222a3|C:\\windows\\SYSTEM32\\psmserviceexthost.dll+37ea0|C:\\windows\\SYSTEM32\\psmserviceexthost.dll+37929|C:\\windows\\SYSTEM32\\psmserviceexthost.dll+686f8|C:\\windows\\SYSTEM32\\psmserviceexthost.dll+6e84a|C:\\windows\\SYSTEM32\\psmserviceexthost.dll+6f700|C:\\windows\\SYSTEM32\\psmserviceexthost.dll+34be4|C:\\windows\\SYSTEM32\\psmserviceexthost.dll+6f63e|C:\\windows\\SYSTEM32\\psmserviceexthost.dll+713b5|C:\\windows\\SYSTEM32\\psmserviceexthost.dll+50bda|C:\\windows\\SYSTEM32\\psmserviceexthost.dll+4500a|C:\\windows\\System32\\KERNEL32.DLL+17c24|C:\\windows\\SYSTEM32\\ntdll.dll+6cea1"}
{"GrantedAccess":"0x1000","@timestamp":"2020-10-22T02:58:08.695Z","TimeCreated":"2020-10-22T02:58:08.695Z","SourceThreadId":"1060","SourceImage":"C:\\windows\\system32\\svchost.exe","ProviderGuid":"{5770385f-c22a-43e0-bf4c-06f5698ffbd9}","CallTrace":"C:\\windows\\SYSTEM32\\ntdll.dll+9c584|C:\\windows\\SYSTEM32\\psmserviceexthost.dll+222a3|C:\\windows\\SYSTEM32\\psmserviceexthost.dll+37ea0|C:\\windows\\SYSTEM32\\psmserviceexthost.dll+37929|C:\\windows\\SYSTEM32\\psmserviceexthost.dll+686f8|C:\\windows\\SYSTEM32\\psmserviceexthost.dll+6e84a|C:\\windows\\SYSTEM32\\psmserviceexthost.dll+6f700|C:\\windows\\SYSTEM32\\psmserviceexthost.dll+34be4|C:\\windows\\SYSTEM32\\psmserviceexthost.dll+6f63e|C:\\windows\\SYSTEM32\\psmserviceexthost.dll+713b5|C:\\windows\\SYSTEM32\\psmserviceexthost.dll+50bda|C:\\windows\\SYSTEM32\\psmserviceexthost.dll+4500a|C:\\windows\\System32\\KERNEL32.DLL+17c24|C:\\windows\\SYSTEM32\\ntdll.dll+6cea1","UtcTime":"2020-10-22 06:58:08.694","TargetProcessGUID":"{39e4a257-2d5c-5f91-6a13-000000000700}","SourceProcessId":"944","Level":"4","Channel":"Microsoft-Windows-Sysmon/Operational","Task":"10","RuleName":"-","SourceName":"Microsoft-Windows-Sysmon","Hostname":"WORKSTATION5","SourceProcessGUID":"{39e4a257-f132-5f8b-1000-000000000700}","TargetProcessId":"10588","EventID":10,"Keywords":"0x8000000000000000","TargetImage":"C:\\windows\\system32\\backgroundTaskHost.exe","Message":"Process accessed:\r\nRuleName: -\r\nUtcTime: 2020-10-22 06:58:08.694\r\nSourceProcessGUID: {39e4a257-f132-5f8b-1000-000000000700}\r\nSourceProcessId: 944\r\nSourceThreadId: 1060\r\nSourceImage: C:\\windows\\system32\\svchost.exe\r\nTargetProcessGUID: {39e4a257-2d5c-5f91-6a13-000000000700}\r\nTargetProcessId: 10588\r\nTargetImage: C:\\windows\\system32\\backgroundTaskHost.exe\r\nGrantedAccess: 0x1000\r\nCallTrace: C:\\windows\\SYSTEM32\\ntdll.dll+9c584|C:\\windows\\SYSTEM32\\psmserviceexthost.dll+222a3|C:\\windows\\SYSTEM32\\psmserviceexthost.dll+37ea0|C:\\windows\\SYSTEM32\\psmserviceexthost.dll+37929|C:\\windows\\SYSTEM32\\psmserviceexthost.dll+686f8|C:\\windows\\SYSTEM32\\psmserviceexthost.dll+6e84a|C:\\windows\\SYSTEM32\\psmserviceexthost.dll+6f700|C:\\windows\\SYSTEM32\\psmserviceexthost.dll+34be4|C:\\windows\\SYSTEM32\\psmserviceexthost.dll+6f63e|C:\\windows\\SYSTEM32\\psmserviceexthost.dll+713b5|C:\\windows\\SYSTEM32\\psmserviceexthost.dll+50bda|C:\\windows\\SYSTEM32\\psmserviceexthost.dll+4500a|C:\\windows\\System32\\KERNEL32.DLL+17c24|C:\\windows\\SYSTEM32\\ntdll.dll+6cea1"}
{"Message":"The System log file was cleared.","EventID":104,"SourceName":"Microsoft-Windows-Eventlog","TimeCreated":"2020-10-22T02:57:56.240Z","Hostname":"WORKSTATION5","Task":"104","Level":"4","Keywords":"0x8000000000000000","Channel":"System","ProviderGuid":"{fc65ddd8-d6ef-4962-83d5-6e5cfe9ce148}","@timestamp":"2020-10-22T02:57:56.240Z"}
{"Message":"The Application log file was cleared.","EventID":104,"SourceName":"Microsoft-Windows-Eventlog","TimeCreated":"2020-10-22T02:57:56.256Z","Hostname":"WORKSTATION5","Task":"104","Level":"4","Keywords":"0x8000000000000000","Channel":"System","ProviderGuid":"{fc65ddd8-d6ef-4962-83d5-6e5cfe9ce148}","@timestamp":"2020-10-22T02:57:56.256Z"}
