{"@timestamp":"2020-10-22T02:58:00.919Z","TimeCreated":"2020-10-22T02:58:00.919Z","Hashes":"SHA1=F1F2A398A07419B588494558430A141884AD66EF,MD5=23D95BFDCD23EC6AFFF7E4B0703CE464,SHA256=18DE438E2C068383700C5A87423B70B251302F0D5107F331BC7EDE5097504907,IMPHASH=F79599CA729D557E0381EC0A41471A27","Signature":"Microsoft Windows","ProviderGuid":"{5770385f-c22a-43e0-bf4c-06f5698ffbd9}","Company":"Microsoft Corporation","UtcTime":"2020-10-22 06:58:00.912","ProcessGuid":"{39e4a257-2d78-5f91-6c13-000000000700}","Image":"C:\\Windows\\System32\\WindowsPowerShell\\v1.0\\powershell.exe","ImageLoaded":"C:\\Windows\\System32\\msasn1.dll","Level":"4","Channel":"Microsoft-Windows-Sysmon/Operational","Task":"7","RuleName":"-","FileVersion":"10.0.18362.1 (WinBuild.160101.0800)","SourceName":"Microsoft-Windows-Sysmon","Hostname":"WORKSTATION5","ProcessId":"9572","Description":"ASN.1 Runtime APIs","SignatureStatus":"Valid","Product":"Microsoft Windows Operating System","EventID":7,"Keywords":"0x8000000000000000","Signed":"true","OriginalFileName":"msasn1.dll","Message":"Image loaded:\r\nRuleName: -\r\nUtcTime: 2020-10-22 06:58:00.912\r\nProcessGuid: {39e4a257-2d78-5f91-6c13-000000000700}\r\nProcessId: 9572\r\nImage: C:\\Windows\\System32\\WindowsPowerShell\\v1.0\\powershell.exe\r\nImageLoaded: C:\\Windows\\System32\\msasn1.dll\r\nFileVersion: 10.0.18362.1 (WinBuild.160101.0800)\r\nDescription: ASN.1 Runtime APIs\r\nProduct: Microsoft Windows Operating System\r\nCompany: Microsoft Corporation\r\nOriginalFileName: msasn1.dll\r\nHashes: SHA1=F1F2A398A07419B588494558430A141884AD66EF,MD5=23D95BFDCD23EC6AFFF7E4B0703CE464,SHA256=18DE438E2C068383700C5A87423B70B251302F0D5107F331BC7EDE5097504907,IMPHASH=F79599CA729D557E0381EC0A41471A27\r\nSigned: true\r\nSignature: Microsoft Windows\r\nSignatureStatus: Valid"}
{"@timestamp":"2020-10-22T02:58:00.924Z","TimeCreated":"2020-10-22T02:58:00.924Z","Hashes":"SHA1=A41B65A11638C58B99039B5099D4229E33761541,MD5=7EBFDCF78039F8A62E76687F29973FDE,SHA256=DC80D03DBCBB7D276E6D14EC19EAF6A31C6BE4EEFE8562FDF086BF73DF3BE5F6,IMPHASH=E20DAD2DC874B17CCC1F3ED8FB387E79","Signature":"Microsoft Windows","ProviderGuid":"{5770385f-c22a-43e0-bf4c-06f5698ffbd9}","Company":"Microsoft Corporation","UtcTime":"2020-10-22 06:58:00.912","ProcessGuid":"{39e4a257-2d78-5f91-6c13-000000000700}","Image":"C:\\Windows\\System32\\WindowsPowerShell\\v1.0\\powershell.exe","ImageLoaded":"C:\\Windows\\System32\\OneCoreCommonProxyStub.dll","Level":"4","Channel":"Microsoft-Windows-Sysmon/Operational","Task":"7","RuleName":"-","FileVersion":"10.0.18362.1 (WinBuild.160101.0800)","SourceName":"Microsoft-Windows-Sysmon","Hostname":"WORKSTATION5","ProcessId":"9572","Description":"OneCore Common Proxy Stub","SignatureStatus":"Valid","Product":"Microsoft Windows Operating System","EventID":7,"Keywords":"0x8000000000000000","Signed":"true","OriginalFileName":"OneCoreCommonProxyStub.dll","Message":"Image loaded:\r\nRuleName: -\r\nUtcTime: 2020-10-22 06:58:00.912\r\nProcessGuid: {39e4a257-2d78-5f91-6c13-000000000700}\r\nProcessId: 9572\r\nImage: C:\\Windows\\System32\\WindowsPowerShell\\v1.0\\powershell.exe\r\nImageLoaded: C:\\Windows\\System32\\OneCoreCommonProxyStub.dll\r\nFileVersion: 10.0.18362.1 (WinBuild.160101.0800)\r\nDescription: OneCore Common Proxy Stub\r\nProduct: Microsoft Windows Operating System\r\nCompany: Microsoft Corporation\r\nOriginalFileName: OneCoreCommonProxyStub.dll\r\nHashes: SHA1=A41B65A11638C58B99039B5099D4229E33761541,MD5=7EBFDCF78039F8A62E76687F29973FDE,SHA256=DC80D03DBCBB7D276E6D14EC19EAF6A31C6BE4EEFE8562FDF086BF73DF3BE5F6,IMPHASH=E20DAD2DC874B17CCC1F3ED8FB387E79\r\nSigned: true\r\nSignature: Microsoft Windows\r\nSignatureStatus: Valid"}
{"@timestamp":"2020-10-22T02:58:00.956Z","TimeCreated":"2020-10-22T02:58:00.956Z","Hashes":"SHA1=7E2B27A458DD84720990950D8399F9D1F093EDF5,MD5=14D2F592F287F59E1C84CFD2FB31B449,SHA256=F083B1A652ED746526BAFC6EC1C8CD67681D18B8738D47C7CE3052357F3B5385,IMPHASH=069B9B3149C7A82E43CB53A3A54F50EA","Signature":"Microsoft Windows","ProviderGuid":"{5770385f-c22a-43e0-bf4c-06f5698ffbd9}","Company":"Microsoft Corporation","UtcTime":"2020-10-22 06:58:00.537","ProcessGuid":"{39e4a257-2d77-5f91-6b13-000000000700}","Image":"C:\\Windows\\System32\\mshta.exe","ImageLoaded":"C:\\Windows\\System32\\jscript9.dll","Level":"4","Channel":"Microsoft-Windows-Sysmon/Operational","Task":"7","RuleName":"-","FileVersion":"11.00.18362.1082 (WinBuild.160101.0800)","SourceName":"Microsoft-Windows-Sysmon","Hostname":"WORKSTATION5","ProcessId":"10980","Description":"Microsoft  JScript","SignatureStatus":"Valid","Product":"Internet Explorer","EventID":7,"Keywords":"0x8000000000000000","Signed":"true","OriginalFileName":"jscript9.dll","Message":"Image loaded:\r\nRuleName: -\r\nUtcTime: 2020-10-22 06:58:00.537\r\nProcessGuid: {39e4a257-2d77-5f91-6b13-000000000700}\r\nProcessId: 10980\r\nImage: C:\\Windows\\System32\\mshta.exe\r\nImageLoaded: C:\\Windows\\System32\\jscript9.dll\r\nFileVersion: 11.00.18362.1082 (WinBuild.160101.0800)\r\nDescription: Microsoft  JScript\r\nProduct: Internet Explorer\r\nCompany: Microsoft Corporation\r\nOriginalFileName: jscript9.dll\r\nHashes: SHA1=7E2B27A458DD84720990950D8399F9D1F093EDF5,MD5=14D2F592F287F59E1C84CFD2FB31B449,SHA256=F083B1A652ED746526BAFC6EC1C8CD67681D18B8738D47C7CE3052357F3B5385,IMPHASH=069B9B3149C7A82E43CB53A3A54F50EA\r\nSigned: true\r\nSignature: Microsoft Windows\r\nSignatureStatus: Valid"}
{"GrantedAccess":"0x40","@timestamp":"2020-10-22T02:58:00.960Z","TimeCreated":"2020-10-22T02:58:00.960Z","SourceThreadId":"4208","SourceImage":"C:\\Windows\\System32\\WindowsPowerShell\\v1.0\\powershell.exe","ProviderGuid":"{5770385f-c22a-43e0-bf4c-06f5698ffbd9}","CallTrace":"C:\\windows\\SYSTEM32\\ntdll.dll+9c584|C:\\windows\\System32\\KERNELBASE.dll+305fe|C:\\windows\\System32\\shcore.dll+12cd4|C:\\windows\\System32\\shcore.dll+faa4|C:\\windows\\System32\\shcore.dll+dd1d|C:\\windows\\System32\\shcore.dll+dcaf|C:\\windows\\System32\\shcore.dll+dbb4|C:\\windows\\System32\\windows.storage.dll+6d7dd|C:\\windows\\System32\\windows.storage.dll+ce2f2|C:\\windows\\System32\\windows.storage.dll+ce090|C:\\windows\\System32\\windows.storage.dll+194d6a|C:\\windows\\System32\\windows.storage.dll+1500c7|C:\\windows\\System32\\windows.storage.dll+aab7a|C:\\Windows\\System32\\WindowsPowerShell\\v1.0\\powershell.exe+6a94|C:\\Windows\\System32\\WindowsPowerShell\\v1.0\\powershell.exe+1892|C:\\Windows\\System32\\WindowsPowerShell\\v1.0\\powershell.exe+3acd|C:\\windows\\System32\\KERNEL32.DLL+17c24|C:\\windows\\SYSTEM32\\ntdll.dll+6cea1","UtcTime":"2020-10-22 06:58:00.912","TargetProcessGUID":"{39e4a257-f1b3-5f8b-a700-000000000700}","SourceProcessId":"9572","Level":"4","Channel":"Microsoft-Windows-Sysmon/Operational","Task":"10","RuleName":"-","SourceName":"Microsoft-Windows-Sysmon","Hostname":"WORKSTATION5","SourceProcessGUID":"{39e4a257-2d78-5f91-6c13-000000000700}","TargetProcessId":"1072","EventID":10,"Keywords":"0x8000000000000000","TargetImage":"C:\\windows\\Explorer.EXE","Message":"Process accessed:\r\nRuleName: -\r\nUtcTime: 2020-10-22 06:58:00.912\r\nSourceProcessGUID: {39e4a257-2d78-5f91-6c13-000000000700}\r\nSourceProcessId: 9572\r\nSourceThreadId: 4208\r\nSourceImage: C:\\Windows\\System32\\WindowsPowerShell\\v1.0\\powershell.exe\r\nTargetProcessGUID: {39e4a257-f1b3-5f8b-a700-000000000700}\r\nTargetProcessId: 1072\r\nTargetImage: C:\\windows\\Explorer.EXE\r\nGrantedAccess: 0x40\r\nCallTrace: C:\\windows\\SYSTEM32\\ntdll.dll+9c584|C:\\windows\\System32\\KERNELBASE.dll+305fe|C:\\windows\\System32\\shcore.dll+12cd4|C:\\windows\\System32\\shcore.dll+faa4|C:\\windows\\System32\\shcore.dll+dd1d|C:\\windows\\System32\\shcore.dll+dcaf|C:\\windows\\System32\\shcore.dll+dbb4|C:\\windows\\System32\\windows.storage.dll+6d7dd|C:\\windows\\System32\\windows.storage.dll+ce2f2|C:\\windows\\System32\\windows.storage.dll+ce090|C:\\windows\\System32\\windows.storage.dll+194d6a|C:\\windows\\System32\\windows.storage.dll+1500c7|C:\\windows\\System32\\windows.storage.dll+aab7a|C:\\Windows\\System32\\WindowsPowerShell\\v1.0\\powershell.exe+6a94|C:\\Windows\\System32\\WindowsPowerShell\\v1.0\\powershell.exe+1892|C:\\Windows\\System32\\WindowsPowerShell\\v1.0\\powershell.exe+3acd|C:\\windows\\System32\\KERNEL32.DLL+17c24|C:\\windows\\SYSTEM32\\ntdll.dll+6cea1"}
{"GrantedAccess":"0x40","@timestamp":"2020-10-22T02:58:00.960Z","TimeCreated":"2020-10-22T02:58:00.960Z","SourceThreadId":"4208","SourceImage":"C:\\Windows\\System32\\WindowsPowerShell\\v1.0\\powershell.exe","ProviderGuid":"{5770385f-c22a-43e0-bf4c-06f5698ffbd9}","CallTrace":"C:\\windows\\SYSTEM32\\ntdll.dll+9c584|C:\\windows\\System32\\KERNELBASE.dll+305fe|C:\\windows\\System32\\shcore.dll+12cd4|C:\\windows\\System32\\shcore.dll+ffc2|C:\\windows\\System32\\shcore.dll+facd|C:\\windows\\System32\\shcore.dll+dd1d|C:\\windows\\System32\\shcore.dll+dcaf|C:\\windows\\System32\\shcore.dll+dbb4|C:\\windows\\System32\\windows.storage.dll+6d7dd|C:\\windows\\System32\\windows.storage.dll+ce2f2|C:\\windows\\System32\\windows.storage.dll+ce090|C:\\windows\\System32\\windows.storage.dll+194d6a|C:\\windows\\System32\\windows.storage.dll+1500c7|C:\\windows\\System32\\windows.storage.dll+aab7a|C:\\Windows\\System32\\WindowsPowerShell\\v1.0\\powershell.exe+6a94|C:\\Windows\\System32\\WindowsPowerShell\\v1.0\\powershell.exe+1892|C:\\Windows\\System32\\WindowsPowerShell\\v1.0\\powershell.exe+3acd|C:\\windows\\System32\\KERNEL32.DLL+17c24|C:\\windows\\SYSTEM32\\ntdll.dll+6cea1","UtcTime":"2020-10-22 06:58:00.912","TargetProcessGUID":"{39e4a257-f1b3-5f8b-a700-000000000700}","SourceProcessId":"9572","Level":"4","Channel":"Microsoft-Windows-Sysmon/Operational","Task":"10","RuleName":"-","SourceName":"Microsoft-Windows-Sysmon","Hostname":"WORKSTATION5","SourceProcessGUID":"{39e4a257-2d78-5f91-6c13-000000000700}","TargetProcessId":"1072","EventID":10,"Keywords":"0x8000000000000000","TargetImage":"C:\\windows\\Explorer.EXE","Message":"Process accessed:\r\nRuleName: -\r\nUtcTime: 2020-10-22 06:58:00.912\r\nSourceProcessGUID: {39e4a257-2d78-5f91-6c13-000000000700}\r\nSourceProcessId: 9572\r\nSourceThreadId: 4208\r\nSourceImage: C:\\Windows\\System32\\WindowsPowerShell\\v1.0\\powershell.exe\r\nTargetProcessGUID: {39e4a257-f1b3-5f8b-a700-000000000700}\r\nTargetProcessId: 1072\r\nTargetImage: C:\\windows\\Explorer.EXE\r\nGrantedAccess: 0x40\r\nCallTrace: C:\\windows\\SYSTEM32\\ntdll.dll+9c584|C:\\windows\\System32\\KERNELBASE.dll+305fe|C:\\windows\\System32\\shcore.dll+12cd4|C:\\windows\\System32\\shcore.dll+ffc2|C:\\windows\\System32\\shcore.dll+facd|C:\\windows\\System32\\shcore.dll+dd1d|C:\\windows\\System32\\shcore.dll+dcaf|C:\\windows\\System32\\shcore.dll+dbb4|C:\\windows\\System32\\windows.storage.dll+6d7dd|C:\\windows\\System32\\windows.storage.dll+ce2f2|C:\\windows\\System32\\windows.storage.dll+ce090|C:\\windows\\System32\\windows.storage.dll+194d6a|C:\\windows\\System32\\windows.storage.dll+1500c7|C:\\windows\\System32\\windows.storage.dll+aab7a|C:\\Windows\\System32\\WindowsPowerShell\\v1.0\\powershell.exe+6a94|C:\\Windows\\System32\\WindowsPowerShell\\v1.0\\powershell.exe+1892|C:\\Windows\\System32\\WindowsPowerShell\\v1.0\\powershell.exe+3acd|C:\\windows\\System32\\KERNEL32.DLL+17c24|C:\\windows\\SYSTEM32\\ntdll.dll+6cea1"}
{"GrantedAccess":"0x40","@timestamp":"2020-10-22T02:58:00.960Z","TimeCreated":"2020-10-22T02:58:00.960Z","SourceThreadId":"4208","SourceImage":"C:\\Windows\\System32\\WindowsPowerShell\\v1.0\\powershell.exe","ProviderGuid":"{5770385f-c22a-43e0-bf4c-06f5698ffbd9}","CallTrace":"C:\\windows\\SYSTEM32\\ntdll.dll+9c584|C:\\windows\\System32\\KERNELBASE.dll+305fe|C:\\windows\\System32\\shcore.dll+12cd4|C:\\windows\\System32\\shcore.dll+ffd7|C:\\windows\\System32\\shcore.dll+fea7|C:\\windows\\System32\\shcore.dll+fe31|C:\\windows\\System32\\shcore.dll+fb5a|C:\\windows\\System32\\windows.storage.dll+6d7f5|C:\\windows\\System32\\windows.storage.dll+ce2f2|C:\\windows\\System32\\windows.storage.dll+ce090|C:\\windows\\System32\\windows.storage.dll+194d6a|C:\\windows\\System32\\windows.storage.dll+1500c7|C:\\windows\\System32\\windows.storage.dll+aab7a|C:\\Windows\\System32\\WindowsPowerShell\\v1.0\\powershell.exe+6a94|C:\\Windows\\System32\\WindowsPowerShell\\v1.0\\powershell.exe+1892|C:\\Windows\\System32\\WindowsPowerShell\\v1.0\\powershell.exe+3acd|C:\\windows\\System32\\KERNEL32.DLL+17c24|C:\\windows\\SYSTEM32\\ntdll.dll+6cea1","UtcTime":"2020-10-22 06:58:00.912","TargetProcessGUID":"{39e4a257-f1b3-5f8b-a700-000000000700}","SourceProcessId":"9572","Level":"4","Channel":"Microsoft-Windows-Sysmon/Operational","Task":"10","RuleName":"-","SourceName":"Microsoft-Windows-Sysmon","Hostname":"WORKSTATION5","SourceProcessGUID":"{39e4a257-2d78-5f91-6c13-000000000700}","TargetProcessId":"1072","EventID":10,"Keywords":"0x8000000000000000","TargetImage":"C:\\windows\\Explorer.EXE","Message":"Process accessed:\r\nRuleName: -\r\nUtcTime: 2020-10-22 06:58:00.912\r\nSourceProcessGUID: {39e4a257-2d78-5f91-6c13-000000000700}\r\nSourceProcessId: 9572\r\nSourceThreadId: 4208\r\nSourceImage: C:\\Windows\\System32\\WindowsPowerShell\\v1.0\\powershell.exe\r\nTargetProcessGUID: {39e4a257-f1b3-5f8b-a700-000000000700}\r\nTargetProcessId: 1072\r\nTargetImage: C:\\windows\\Explorer.EXE\r\nGrantedAccess: 0x40\r\nCallTrace: C:\\windows\\SYSTEM32\\ntdll.dll+9c584|C:\\windows\\System32\\KERNELBASE.dll+305fe|C:\\windows\\System32\\shcore.dll+12cd4|C:\\windows\\System32\\shcore.dll+ffd7|C:\\windows\\System32\\shcore.dll+fea7|C:\\windows\\System32\\shcore.dll+fe31|C:\\windows\\System32\\shcore.dll+fb5a|C:\\windows\\System32\\windows.storage.dll+6d7f5|C:\\windows\\System32\\windows.storage.dll+ce2f2|C:\\windows\\System32\\windows.storage.dll+ce090|C:\\windows\\System32\\windows.storage.dll+194d6a|C:\\windows\\System32\\windows.storage.dll+1500c7|C:\\windows\\System32\\windows.storage.dll+aab7a|C:\\Windows\\System32\\WindowsPowerShell\\v1.0\\powershell.exe+6a94|C:\\Windows\\System32\\WindowsPowerShell\\v1.0\\powershell.exe+1892|C:\\Windows\\System32\\WindowsPowerShell\\v1.0\\powershell.exe+3acd|C:\\windows\\System32\\KERNEL32.DLL+17c24|C:\\windows\\SYSTEM32\\ntdll.dll+6cea1"}
{"GrantedAccess":"0x40","@timestamp":"2020-10-22T02:58:00.960Z","TimeCreated":"2020-10-22T02:58:00.960Z","SourceThreadId":"4208","SourceImage":"C:\\Windows\\System32\\WindowsPowerShell\\v1.0\\powershell.exe","ProviderGuid":"{5770385f-c22a-43e0-bf4c-06f5698ffbd9}","CallTrace":"C:\\windows\\SYSTEM32\\ntdll.dll+9c584|C:\\windows\\System32\\KERNELBASE.dll+305fe|C:\\windows\\System32\\shcore.dll+12cd4|C:\\windows\\System32\\shcore.dll+faa4|C:\\windows\\System32\\shcore.dll+dd1d|C:\\windows\\System32\\shcore.dll+dcaf|C:\\windows\\System32\\shcore.dll+dbb4|C:\\windows\\System32\\windows.storage.dll+cdc98|C:\\windows\\System32\\windows.storage.dll+cdb07|C:\\windows\\System32\\windows.storage.dll+ce1de|C:\\windows\\System32\\windows.storage.dll+194d6a|C:\\windows\\System32\\windows.storage.dll+1500c7|C:\\windows\\System32\\windows.storage.dll+aab7a|C:\\Windows\\System32\\WindowsPowerShell\\v1.0\\powershell.exe+6a94|C:\\Windows\\System32\\WindowsPowerShell\\v1.0\\powershell.exe+1892|C:\\Windows\\System32\\WindowsPowerShell\\v1.0\\powershell.exe+3acd|C:\\windows\\System32\\KERNEL32.DLL+17c24|C:\\windows\\SYSTEM32\\ntdll.dll+6cea1","UtcTime":"2020-10-22 06:58:00.912","TargetProcessGUID":"{39e4a257-f1b3-5f8b-a700-000000000700}","SourceProcessId":"9572","Level":"4","Channel":"Microsoft-Windows-Sysmon/Operational","Task":"10","RuleName":"-","SourceName":"Microsoft-Windows-Sysmon","Hostname":"WORKSTATION5","SourceProcessGUID":"{39e4a257-2d78-5f91-6c13-000000000700}","TargetProcessId":"1072","EventID":10,"Keywords":"0x8000000000000000","TargetImage":"C:\\windows\\Explorer.EXE","Message":"Process accessed:\r\nRuleName: -\r\nUtcTime: 2020-10-22 06:58:00.912\r\nSourceProcessGUID: {39e4a257-2d78-5f91-6c13-000000000700}\r\nSourceProcessId: 9572\r\nSourceThreadId: 4208\r\nSourceImage: C:\\Windows\\System32\\WindowsPowerShell\\v1.0\\powershell.exe\r\nTargetProcessGUID: {39e4a257-f1b3-5f8b-a700-000000000700}\r\nTargetProcessId: 1072\r\nTargetImage: C:\\windows\\Explorer.EXE\r\nGrantedAccess: 0x40\r\nCallTrace: C:\\windows\\SYSTEM32\\ntdll.dll+9c584|C:\\windows\\System32\\KERNELBASE.dll+305fe|C:\\windows\\System32\\shcore.dll+12cd4|C:\\windows\\System32\\shcore.dll+faa4|C:\\windows\\System32\\shcore.dll+dd1d|C:\\windows\\System32\\shcore.dll+dcaf|C:\\windows\\System32\\shcore.dll+dbb4|C:\\windows\\System32\\windows.storage.dll+cdc98|C:\\windows\\System32\\windows.storage.dll+cdb07|C:\\windows\\System32\\windows.storage.dll+ce1de|C:\\windows\\System32\\windows.storage.dll+194d6a|C:\\windows\\System32\\windows.storage.dll+1500c7|C:\\windows\\System32\\windows.storage.dll+aab7a|C:\\Windows\\System32\\WindowsPowerShell\\v1.0\\powershell.exe+6a94|C:\\Windows\\System32\\WindowsPowerShell\\v1.0\\powershell.exe+1892|C:\\Windows\\System32\\WindowsPowerShell\\v1.0\\powershell.exe+3acd|C:\\windows\\System32\\KERNEL32.DLL+17c24|C:\\windows\\SYSTEM32\\ntdll.dll+6cea1"}
{"GrantedAccess":"0x40","@timestamp":"2020-10-22T02:58:00.960Z","TimeCreated":"2020-10-22T02:58:00.960Z","SourceThreadId":"4208","SourceImage":"C:\\Windows\\System32\\WindowsPowerShell\\v1.0\\powershell.exe","ProviderGuid":"{5770385f-c22a-43e0-bf4c-06f5698ffbd9}","CallTrace":"C:\\windows\\SYSTEM32\\ntdll.dll+9c584|C:\\windows\\System32\\KERNELBASE.dll+305fe|C:\\windows\\System32\\shcore.dll+12cd4|C:\\windows\\System32\\shcore.dll+ffc2|C:\\windows\\System32\\shcore.dll+facd|C:\\windows\\System32\\shcore.dll+dd1d|C:\\windows\\System32\\shcore.dll+dcaf|C:\\windows\\System32\\shcore.dll+dbb4|C:\\windows\\System32\\windows.storage.dll+cdc98|C:\\windows\\System32\\windows.storage.dll+cdb07|C:\\windows\\System32\\windows.storage.dll+ce1de|C:\\windows\\System32\\windows.storage.dll+194d6a|C:\\windows\\System32\\windows.storage.dll+1500c7|C:\\windows\\System32\\windows.storage.dll+aab7a|C:\\Windows\\System32\\WindowsPowerShell\\v1.0\\powershell.exe+6a94|C:\\Windows\\System32\\WindowsPowerShell\\v1.0\\powershell.exe+1892|C:\\Windows\\System32\\WindowsPowerShell\\v1.0\\powershell.exe+3acd|C:\\windows\\System32\\KERNEL32.DLL+17c24|C:\\windows\\SYSTEM32\\ntdll.dll+6cea1","UtcTime":"2020-10-22 06:58:00.912","TargetProcessGUID":"{39e4a257-f1b3-5f8b-a700-000000000700}","SourceProcessId":"9572","Level":"4","Channel":"Microsoft-Windows-Sysmon/Operational","Task":"10","RuleName":"-","SourceName":"Microsoft-Windows-Sysmon","Hostname":"WORKSTATION5","SourceProcessGUID":"{39e4a257-2d78-5f91-6c13-000000000700}","TargetProcessId":"1072","EventID":10,"Keywords":"0x8000000000000000","TargetImage":"C:\\windows\\Explorer.EXE","Message":"Process accessed:\r\nRuleName: -\r\nUtcTime: 2020-10-22 06:58:00.912\r\nSourceProcessGUID: {39e4a257-2d78-5f91-6c13-000000000700}\r\nSourceProcessId: 9572\r\nSourceThreadId: 4208\r\nSourceImage: C:\\Windows\\System32\\WindowsPowerShell\\v1.0\\powershell.exe\r\nTargetProcessGUID: {39e4a257-f1b3-5f8b-a700-000000000700}\r\nTargetProcessId: 1072\r\nTargetImage: C:\\windows\\Explorer.EXE\r\nGrantedAccess: 0x40\r\nCallTrace: C:\\windows\\SYSTEM32\\ntdll.dll+9c584|C:\\windows\\System32\\KERNELBASE.dll+305fe|C:\\windows\\System32\\shcore.dll+12cd4|C:\\windows\\System32\\shcore.dll+ffc2|C:\\windows\\System32\\shcore.dll+facd|C:\\windows\\System32\\shcore.dll+dd1d|C:\\windows\\System32\\shcore.dll+dcaf|C:\\windows\\System32\\shcore.dll+dbb4|C:\\windows\\System32\\windows.storage.dll+cdc98|C:\\windows\\System32\\windows.storage.dll+cdb07|C:\\windows\\System32\\windows.storage.dll+ce1de|C:\\windows\\System32\\windows.storage.dll+194d6a|C:\\windows\\System32\\windows.storage.dll+1500c7|C:\\windows\\System32\\windows.storage.dll+aab7a|C:\\Windows\\System32\\WindowsPowerShell\\v1.0\\powershell.exe+6a94|C:\\Windows\\System32\\WindowsPowerShell\\v1.0\\powershell.exe+1892|C:\\Windows\\System32\\WindowsPowerShell\\v1.0\\powershell.exe+3acd|C:\\windows\\System32\\KERNEL32.DLL+17c24|C:\\windows\\SYSTEM32\\ntdll.dll+6cea1"}
{"GrantedAccess":"0x40","@timestamp":"2020-10-22T02:58:00.960Z","TimeCreated":"2020-10-22T02:58:00.960Z","SourceThreadId":"4208","SourceImage":"C:\\Windows\\System32\\WindowsPowerShell\\v1.0\\powershell.exe","ProviderGuid":"{5770385f-c22a-43e0-bf4c-06f5698ffbd9}","CallTrace":"C:\\windows\\SYSTEM32\\ntdll.dll+9c584|C:\\windows\\System32\\KERNELBASE.dll+305fe|C:\\windows\\System32\\shcore.dll+12cd4|C:\\windows\\System32\\shcore.dll+13737|C:\\windows\\System32\\windows.storage.dll+cdcb9|C:\\windows\\System32\\windows.storage.dll+cdb07|C:\\windows\\System32\\windows.storage.dll+ce1de|C:\\windows\\System32\\windows.storage.dll+194d6a|C:\\windows\\System32\\windows.storage.dll+1500c7|C:\\windows\\System32\\windows.storage.dll+aab7a|C:\\Windows\\System32\\WindowsPowerShell\\v1.0\\powershell.exe+6a94|C:\\Windows\\System32\\WindowsPowerShell\\v1.0\\powershell.exe+1892|C:\\Windows\\System32\\WindowsPowerShell\\v1.0\\powershell.exe+3acd|C:\\windows\\System32\\KERNEL32.DLL+17c24|C:\\windows\\SYSTEM32\\ntdll.dll+6cea1","UtcTime":"2020-10-22 06:58:00.912","TargetProcessGUID":"{39e4a257-f1b3-5f8b-a700-000000000700}","SourceProcessId":"9572","Level":"4","Channel":"Microsoft-Windows-Sysmon/Operational","Task":"10","RuleName":"-","SourceName":"Microsoft-Windows-Sysmon","Hostname":"WORKSTATION5","SourceProcessGUID":"{39e4a257-2d78-5f91-6c13-000000000700}","TargetProcessId":"1072","EventID":10,"Keywords":"0x8000000000000000","TargetImage":"C:\\windows\\Explorer.EXE","Message":"Process accessed:\r\nRuleName: -\r\nUtcTime: 2020-10-22 06:58:00.912\r\nSourceProcessGUID: {39e4a257-2d78-5f91-6c13-000000000700}\r\nSourceProcessId: 9572\r\nSourceThreadId: 4208\r\nSourceImage: C:\\Windows\\System32\\WindowsPowerShell\\v1.0\\powershell.exe\r\nTargetProcessGUID: {39e4a257-f1b3-5f8b-a700-000000000700}\r\nTargetProcessId: 1072\r\nTargetImage: C:\\windows\\Explorer.EXE\r\nGrantedAccess: 0x40\r\nCallTrace: C:\\windows\\SYSTEM32\\ntdll.dll+9c584|C:\\windows\\System32\\KERNELBASE.dll+305fe|C:\\windows\\System32\\shcore.dll+12cd4|C:\\windows\\System32\\shcore.dll+13737|C:\\windows\\System32\\windows.storage.dll+cdcb9|C:\\windows\\System32\\windows.storage.dll+cdb07|C:\\windows\\System32\\windows.storage.dll+ce1de|C:\\windows\\System32\\windows.storage.dll+194d6a|C:\\windows\\System32\\windows.storage.dll+1500c7|C:\\windows\\System32\\windows.storage.dll+aab7a|C:\\Windows\\System32\\WindowsPowerShell\\v1.0\\powershell.exe+6a94|C:\\Windows\\System32\\WindowsPowerShell\\v1.0\\powershell.exe+1892|C:\\Windows\\System32\\WindowsPowerShell\\v1.0\\powershell.exe+3acd|C:\\windows\\System32\\KERNEL32.DLL+17c24|C:\\windows\\SYSTEM32\\ntdll.dll+6cea1"}
{"GrantedAccess":"0x40","@timestamp":"2020-10-22T02:58:00.960Z","TimeCreated":"2020-10-22T02:58:00.960Z","SourceThreadId":"4208","SourceImage":"C:\\Windows\\System32\\WindowsPowerShell\\v1.0\\powershell.exe","ProviderGuid":"{5770385f-c22a-43e0-bf4c-06f5698ffbd9}","CallTrace":"C:\\windows\\SYSTEM32\\ntdll.dll+9c584|C:\\windows\\System32\\KERNELBASE.dll+305fe|C:\\windows\\System32\\shcore.dll+12cd4|C:\\windows\\System32\\shcore.dll+13737|C:\\windows\\System32\\windows.storage.dll+cddb9|C:\\windows\\System32\\windows.storage.dll+cdd57|C:\\windows\\System32\\windows.storage.dll+cdb07|C:\\windows\\System32\\windows.storage.dll+ce1de|C:\\windows\\System32\\windows.storage.dll+194d6a|C:\\windows\\System32\\windows.storage.dll+1500c7|C:\\windows\\System32\\windows.storage.dll+aab7a|C:\\Windows\\System32\\WindowsPowerShell\\v1.0\\powershell.exe+6a94|C:\\Windows\\System32\\WindowsPowerShell\\v1.0\\powershell.exe+1892|C:\\Windows\\System32\\WindowsPowerShell\\v1.0\\powershell.exe+3acd|C:\\windows\\System32\\KERNEL32.DLL+17c24|C:\\windows\\SYSTEM32\\ntdll.dll+6cea1","UtcTime":"2020-10-22 06:58:00.912","TargetProcessGUID":"{39e4a257-f1b3-5f8b-a700-000000000700}","SourceProcessId":"9572","Level":"4","Channel":"Microsoft-Windows-Sysmon/Operational","Task":"10","RuleName":"-","SourceName":"Microsoft-Windows-Sysmon","Hostname":"WORKSTATION5","SourceProcessGUID":"{39e4a257-2d78-5f91-6c13-000000000700}","TargetProcessId":"1072","EventID":10,"Keywords":"0x8000000000000000","TargetImage":"C:\\windows\\Explorer.EXE","Message":"Process accessed:\r\nRuleName: -\r\nUtcTime: 2020-10-22 06:58:00.912\r\nSourceProcessGUID: {39e4a257-2d78-5f91-6c13-000000000700}\r\nSourceProcessId: 9572\r\nSourceThreadId: 4208\r\nSourceImage: C:\\Windows\\System32\\WindowsPowerShell\\v1.0\\powershell.exe\r\nTargetProcessGUID: {39e4a257-f1b3-5f8b-a700-000000000700}\r\nTargetProcessId: 1072\r\nTargetImage: C:\\windows\\Explorer.EXE\r\nGrantedAccess: 0x40\r\nCallTrace: C:\\windows\\SYSTEM32\\ntdll.dll+9c584|C:\\windows\\System32\\KERNELBASE.dll+305fe|C:\\windows\\System32\\shcore.dll+12cd4|C:\\windows\\System32\\shcore.dll+13737|C:\\windows\\System32\\windows.storage.dll+cddb9|C:\\windows\\System32\\windows.storage.dll+cdd57|C:\\windows\\System32\\windows.storage.dll+cdb07|C:\\windows\\System32\\windows.storage.dll+ce1de|C:\\windows\\System32\\windows.storage.dll+194d6a|C:\\windows\\System32\\windows.storage.dll+1500c7|C:\\windows\\System32\\windows.storage.dll+aab7a|C:\\Windows\\System32\\WindowsPowerShell\\v1.0\\powershell.exe+6a94|C:\\Windows\\System32\\WindowsPowerShell\\v1.0\\powershell.exe+1892|C:\\Windows\\System32\\WindowsPowerShell\\v1.0\\powershell.exe+3acd|C:\\windows\\System32\\KERNEL32.DLL+17c24|C:\\windows\\SYSTEM32\\ntdll.dll+6cea1"}
{"@timestamp":"2020-10-22T02:58:00.960Z","TimeCreated":"2020-10-22T02:58:00.960Z","ProviderGuid":"{5770385f-c22a-43e0-bf4c-06f5698ffbd9}","UtcTime":"2020-10-22 06:58:00.928","ProcessGuid":"{39e4a257-f1b3-5f8b-a700-000000000700}","Image":"C:\\windows\\Explorer.EXE","Level":"4","Channel":"Microsoft-Windows-Sysmon/Operational","Task":"12","RuleName":"-","SourceName":"Microsoft-Windows-Sysmon","Hostname":"WORKSTATION5","ProcessId":"1072","EventType":"CreateKey","EventID":12,"Keywords":"0x8000000000000000","TargetObject":"HKU\\S-1-5-21-3940915590-64593676-1414006259-500\\Software\\Microsoft\\Windows\\CurrentVersion\\Search\\JumplistData","Message":"Registry object added or deleted:\r\nRuleName: -\r\nEventType: CreateKey\r\nUtcTime: 2020-10-22 06:58:00.928\r\nProcessGuid: {39e4a257-f1b3-5f8b-a700-000000000700}\r\nProcessId: 1072\r\nImage: C:\\windows\\Explorer.EXE\r\nTargetObject: HKU\\S-1-5-21-3940915590-64593676-1414006259-500\\Software\\Microsoft\\Windows\\CurrentVersion\\Search\\JumplistData"}
{"@timestamp":"2020-10-22T02:58:00.961Z","TimeCreated":"2020-10-22T02:58:00.961Z","ProviderGuid":"{5770385f-c22a-43e0-bf4c-06f5698ffbd9}","UtcTime":"2020-10-22 06:58:00.928","ProcessGuid":"{39e4a257-f1b3-5f8b-a700-000000000700}","Image":"C:\\windows\\Explorer.EXE","Level":"4","Channel":"Microsoft-Windows-Sysmon/Operational","Task":"13","RuleName":"-","SourceName":"Microsoft-Windows-Sysmon","Hostname":"WORKSTATION5","Details":"QWORD (0x01d6a840-0xae4734df)","ProcessId":"1072","EventType":"SetValue","EventID":13,"Keywords":"0x8000000000000000","TargetObject":"HKU\\S-1-5-21-3940915590-64593676-1414006259-500\\Software\\Microsoft\\Windows\\CurrentVersion\\Search\\JumplistData\\{1AC14E77-02E7-4E5D-B744-2EB1AE5198B7}\\WindowsPowerShell\\v1.0\\powershell.exe","Message":"Registry value set:\r\nRuleName: -\r\nEventType: SetValue\r\nUtcTime: 2020-10-22 06:58:00.928\r\nProcessGuid: {39e4a257-f1b3-5f8b-a700-000000000700}\r\nProcessId: 1072\r\nImage: C:\\windows\\Explorer.EXE\r\nTargetObject: HKU\\S-1-5-21-3940915590-64593676-1414006259-500\\Software\\Microsoft\\Windows\\CurrentVersion\\Search\\JumplistData\\{1AC14E77-02E7-4E5D-B744-2EB1AE5198B7}\\WindowsPowerShell\\v1.0\\powershell.exe\r\nDetails: QWORD (0x01d6a840-0xae4734df)"}
{"@timestamp":"2020-10-22T02:58:00.961Z","TimeCreated":"2020-10-22T02:58:00.961Z","Hashes":"SHA1=1283EF637FA53D571118F269F9B8C0A5CCA2BF01,MD5=899A8B655E52A061B33571D97C5C06ED,SHA256=DE05B03E37FB9BA5D74CF8FA36A6F0B15AB61705285B738BC90D14FDE580A45E,IMPHASH=005299FA213F652A596AC31760C5340B","Signature":"Microsoft Corporation","ProviderGuid":"{5770385f-c22a-43e0-bf4c-06f5698ffbd9}","Company":"Microsoft Corporation","UtcTime":"2020-10-22 06:58:00.928","ProcessGuid":"{39e4a257-2d78-5f91-6c13-000000000700}","Image":"C:\\Windows\\System32\\WindowsPowerShell\\v1.0\\powershell.exe","ImageLoaded":"C:\\Windows\\Microsoft.NET\\Framework64\\v4.0.30319\\mscoreei.dll","Level":"4","Channel":"Microsoft-Windows-Sysmon/Operational","Task":"7","RuleName":"-","FileVersion":"4.8.4180.0 built by: NET48REL1LAST_B","SourceName":"Microsoft-Windows-Sysmon","Hostname":"WORKSTATION5","ProcessId":"9572","Description":"Microsoft .NET Runtime Execution Engine","SignatureStatus":"Valid","Product":"Microsoft .NET Framework","EventID":7,"Keywords":"0x8000000000000000","Signed":"true","OriginalFileName":"mscoreei.dll","Message":"Image loaded:\r\nRuleName: -\r\nUtcTime: 2020-10-22 06:58:00.928\r\nProcessGuid: {39e4a257-2d78-5f91-6c13-000000000700}\r\nProcessId: 9572\r\nImage: C:\\Windows\\System32\\WindowsPowerShell\\v1.0\\powershell.exe\r\nImageLoaded: C:\\Windows\\Microsoft.NET\\Framework64\\v4.0.30319\\mscoreei.dll\r\nFileVersion: 4.8.4180.0 built by: NET48REL1LAST_B\r\nDescription: Microsoft .NET Runtime Execution Engine\r\nProduct: Microsoft .NET Framework\r\nCompany: Microsoft Corporation\r\nOriginalFileName: mscoreei.dll\r\nHashes: SHA1=1283EF637FA53D571118F269F9B8C0A5CCA2BF01,MD5=899A8B655E52A061B33571D97C5C06ED,SHA256=DE05B03E37FB9BA5D74CF8FA36A6F0B15AB61705285B738BC90D14FDE580A45E,IMPHASH=005299FA213F652A596AC31760C5340B\r\nSigned: true\r\nSignature: Microsoft Corporation\r\nSignatureStatus: Valid"}
{"@timestamp":"2020-10-22T02:58:00.961Z","TimeCreated":"2020-10-22T02:58:00.961Z","Hashes":"SHA1=119724CC09BB52731D86A6B9F94003ED88E0E3FE,MD5=2C7C14627CFF3384C52E61D4DBD0ECC3,SHA256=41B4D85D84A86E41B948694B9B5F398A0D79F47629D6D969EB5B461D4F5D0347,IMPHASH=34340C2C4E9AA6EF6AD12BB695FC695B","Signature":"Microsoft Windows","ProviderGuid":"{5770385f-c22a-43e0-bf4c-06f5698ffbd9}","Company":"Microsoft Corporation","UtcTime":"2020-10-22 06:58:00.928","ProcessGuid":"{39e4a257-2d78-5f91-6c13-000000000700}","Image":"C:\\Windows\\System32\\WindowsPowerShell\\v1.0\\powershell.exe","ImageLoaded":"C:\\Windows\\System32\\version.dll","Level":"4","Channel":"Microsoft-Windows-Sysmon/Operational","Task":"7","RuleName":"-","FileVersion":"10.0.18362.1 (WinBuild.160101.0800)","SourceName":"Microsoft-Windows-Sysmon","Hostname":"WORKSTATION5","ProcessId":"9572","Description":"Version Checking and File Installation Libraries","SignatureStatus":"Valid","Product":"Microsoft Windows Operating System","EventID":7,"Keywords":"0x8000000000000000","Signed":"true","OriginalFileName":"VERSION.DLL","Message":"Image loaded:\r\nRuleName: -\r\nUtcTime: 2020-10-22 06:58:00.928\r\nProcessGuid: {39e4a257-2d78-5f91-6c13-000000000700}\r\nProcessId: 9572\r\nImage: C:\\Windows\\System32\\WindowsPowerShell\\v1.0\\powershell.exe\r\nImageLoaded: C:\\Windows\\System32\\version.dll\r\nFileVersion: 10.0.18362.1 (WinBuild.160101.0800)\r\nDescription: Version Checking and File Installation Libraries\r\nProduct: Microsoft Windows Operating System\r\nCompany: Microsoft Corporation\r\nOriginalFileName: VERSION.DLL\r\nHashes: SHA1=119724CC09BB52731D86A6B9F94003ED88E0E3FE,MD5=2C7C14627CFF3384C52E61D4DBD0ECC3,SHA256=41B4D85D84A86E41B948694B9B5F398A0D79F47629D6D969EB5B461D4F5D0347,IMPHASH=34340C2C4E9AA6EF6AD12BB695FC695B\r\nSigned: true\r\nSignature: Microsoft Windows\r\nSignatureStatus: Valid"}
{"@timestamp":"2020-10-22T02:58:00.967Z","TimeCreated":"2020-10-22T02:58:00.967Z","Hashes":"SHA1=286C922F439500B6C58020CAE5F6377B58B4F049,MD5=DB1A3745023D9DDC62579BB824628928,SHA256=92086C2F7E15C341B8D195BD2EC91E556DAF61145BDF92DDCDD35FBB82B55D27,IMPHASH=D15202401C121E13ACFB0EED0FA1C497","Signature":"Microsoft Windows","ProviderGuid":"{5770385f-c22a-43e0-bf4c-06f5698ffbd9}","Company":"Microsoft Corporation","UtcTime":"2020-10-22 06:58:00.553","ProcessGuid":"{39e4a257-2d77-5f91-6b13-000000000700}","Image":"C:\\Windows\\System32\\mshta.exe","ImageLoaded":"C:\\Windows\\WinSxS\\amd64_microsoft.windows.common-controls_6595b64144ccf1df_5.82.18362.1139_none_73b3ffb6d815397f\\comctl32.dll","Level":"4","Channel":"Microsoft-Windows-Sysmon/Operational","Task":"7","RuleName":"-","FileVersion":"5.82 (WinBuild.160101.0800)","SourceName":"Microsoft-Windows-Sysmon","Hostname":"WORKSTATION5","ProcessId":"10980","Description":"Common Controls Library","SignatureStatus":"Valid","Product":"Microsoft Windows Operating System","EventID":7,"Keywords":"0x8000000000000000","Signed":"true","OriginalFileName":"COMCTL32.DLL","Message":"Image loaded:\r\nRuleName: -\r\nUtcTime: 2020-10-22 06:58:00.553\r\nProcessGuid: {39e4a257-2d77-5f91-6b13-000000000700}\r\nProcessId: 10980\r\nImage: C:\\Windows\\System32\\mshta.exe\r\nImageLoaded: C:\\Windows\\WinSxS\\amd64_microsoft.windows.common-controls_6595b64144ccf1df_5.82.18362.1139_none_73b3ffb6d815397f\\comctl32.dll\r\nFileVersion: 5.82 (WinBuild.160101.0800)\r\nDescription: Common Controls Library\r\nProduct: Microsoft Windows Operating System\r\nCompany: Microsoft Corporation\r\nOriginalFileName: COMCTL32.DLL\r\nHashes: SHA1=286C922F439500B6C58020CAE5F6377B58B4F049,MD5=DB1A3745023D9DDC62579BB824628928,SHA256=92086C2F7E15C341B8D195BD2EC91E556DAF61145BDF92DDCDD35FBB82B55D27,IMPHASH=D15202401C121E13ACFB0EED0FA1C497\r\nSigned: true\r\nSignature: Microsoft Windows\r\nSignatureStatus: Valid"}
{"@timestamp":"2020-10-22T02:58:00.978Z","TimeCreated":"2020-10-22T02:58:00.978Z","Hashes":"SHA1=D0B255A8904901DDA6970A0FB10FF267E06AB762,MD5=2DD59B232203B19117D2E578B833972E,SHA256=ACFA8306326131BBE98E3DFD0A336FABEDE49DC49D781D3D1E928C920F49F82E,IMPHASH=75FE4D242CDB81C8FD19F8165A4D313D","Signature":"Microsoft Windows","ProviderGuid":"{5770385f-c22a-43e0-bf4c-06f5698ffbd9}","Company":"Microsoft Corporation","UtcTime":"2020-10-22 06:58:00.740","ProcessGuid":"{39e4a257-2d78-5f91-6c13-000000000700}","Image":"C:\\Windows\\System32\\WindowsPowerShell\\v1.0\\powershell.exe","ImageLoaded":"C:\\Windows\\System32\\atl.dll","Level":"4","Channel":"Microsoft-Windows-Sysmon/Operational","Task":"7","RuleName":"-","FileVersion":"3.05.2284","SourceName":"Microsoft-Windows-Sysmon","Hostname":"WORKSTATION5","ProcessId":"9572","Description":"ATL Module for Windows XP (Unicode)","SignatureStatus":"Valid","Product":"Microsoft (R) Visual C++","EventID":7,"Keywords":"0x8000000000000000","Signed":"true","OriginalFileName":"ATL.DLL","Message":"Image loaded:\r\nRuleName: -\r\nUtcTime: 2020-10-22 06:58:00.740\r\nProcessGuid: {39e4a257-2d78-5f91-6c13-000000000700}\r\nProcessId: 9572\r\nImage: C:\\Windows\\System32\\WindowsPowerShell\\v1.0\\powershell.exe\r\nImageLoaded: C:\\Windows\\System32\\atl.dll\r\nFileVersion: 3.05.2284\r\nDescription: ATL Module for Windows XP (Unicode)\r\nProduct: Microsoft (R) Visual C++\r\nCompany: Microsoft Corporation\r\nOriginalFileName: ATL.DLL\r\nHashes: SHA1=D0B255A8904901DDA6970A0FB10FF267E06AB762,MD5=2DD59B232203B19117D2E578B833972E,SHA256=ACFA8306326131BBE98E3DFD0A336FABEDE49DC49D781D3D1E928C920F49F82E,IMPHASH=75FE4D242CDB81C8FD19F8165A4D313D\r\nSigned: true\r\nSignature: Microsoft Windows\r\nSignatureStatus: Valid"}
{"@timestamp":"2020-10-22T02:58:01.005Z","TimeCreated":"2020-10-22T02:58:01.005Z","Hashes":"SHA1=FD7E2F24B4BB36326C8B2C42E5B5B3AD5E79305D,MD5=45652A5FE5B678CFDB86A147EA55D4D7,SHA256=E1AED0C7A22B22D9B7E83CCE1B59BB6C4EAB4831AAFDD955B6F67839F95764B3,IMPHASH=DD5BD49440D5569A1B2EA5238CB1F990","Signature":"Microsoft Windows","ProviderGuid":"{5770385f-c22a-43e0-bf4c-06f5698ffbd9}","Company":"Microsoft Corporation","UtcTime":"2020-10-22 06:58:00.912","ProcessGuid":"{39e4a257-2d78-5f91-6c13-000000000700}","Image":"C:\\Windows\\System32\\WindowsPowerShell\\v1.0\\powershell.exe","ImageLoaded":"C:\\Windows\\System32\\TaskFlowDataEngine.dll","Level":"4","Channel":"Microsoft-Windows-Sysmon/Operational","Task":"7","RuleName":"-","FileVersion":"10.0.18362.959 (WinBuild.160101.0800)","SourceName":"Microsoft-Windows-Sysmon","Hostname":"WORKSTATION5","ProcessId":"9572","Description":"Task Flow Data Engine DLL","SignatureStatus":"Valid","Product":"Microsoft Windows Operating System","EventID":7,"Keywords":"0x8000000000000000","Signed":"true","OriginalFileName":"TaskFlowDataEngine.dll","Message":"Image loaded:\r\nRuleName: -\r\nUtcTime: 2020-10-22 06:58:00.912\r\nProcessGuid: {39e4a257-2d78-5f91-6c13-000000000700}\r\nProcessId: 9572\r\nImage: C:\\Windows\\System32\\WindowsPowerShell\\v1.0\\powershell.exe\r\nImageLoaded: C:\\Windows\\System32\\TaskFlowDataEngine.dll\r\nFileVersion: 10.0.18362.959 (WinBuild.160101.0800)\r\nDescription: Task Flow Data Engine DLL\r\nProduct: Microsoft Windows Operating System\r\nCompany: Microsoft Corporation\r\nOriginalFileName: TaskFlowDataEngine.dll\r\nHashes: SHA1=FD7E2F24B4BB36326C8B2C42E5B5B3AD5E79305D,MD5=45652A5FE5B678CFDB86A147EA55D4D7,SHA256=E1AED0C7A22B22D9B7E83CCE1B59BB6C4EAB4831AAFDD955B6F67839F95764B3,IMPHASH=DD5BD49440D5569A1B2EA5238CB1F990\r\nSigned: true\r\nSignature: Microsoft Windows\r\nSignatureStatus: Valid"}
{"@timestamp":"2020-10-22T02:58:01.076Z","TimeCreated":"2020-10-22T02:58:01.076Z","Hashes":"SHA1=F87233A38F5317E386CC33B28C23F75E1BE214B8,MD5=061CB10DC6589F30594EB82D47BD8496,SHA256=DDB1BB309E21F8AE03FA058D9DB60901CEBC25FBB1836EADE04E80AD90839ADB,IMPHASH=2BC2B098BC197051D6B424CC7B54426F","Signature":"Microsoft Corporation","ProviderGuid":"{5770385f-c22a-43e0-bf4c-06f5698ffbd9}","Company":"Microsoft Corporation","UtcTime":"2020-10-22 06:58:01.069","ProcessGuid":"{39e4a257-2d78-5f91-6c13-000000000700}","Image":"C:\\Windows\\System32\\WindowsPowerShell\\v1.0\\powershell.exe","ImageLoaded":"C:\\Windows\\Microsoft.NET\\Framework64\\v4.0.30319\\clr.dll","Level":"4","Channel":"Microsoft-Windows-Sysmon/Operational","Task":"7","RuleName":"-","FileVersion":"4.8.4250.0 built by: NET48REL1LAST_C","SourceName":"Microsoft-Windows-Sysmon","Hostname":"WORKSTATION5","ProcessId":"9572","Description":"Microsoft .NET Runtime Common Language Runtime - WorkStation","SignatureStatus":"Valid","Product":"Microsoft .NET Framework","EventID":7,"Keywords":"0x8000000000000000","Signed":"true","OriginalFileName":"clr.dll","Message":"Image loaded:\r\nRuleName: -\r\nUtcTime: 2020-10-22 06:58:01.069\r\nProcessGuid: {39e4a257-2d78-5f91-6c13-000000000700}\r\nProcessId: 9572\r\nImage: C:\\Windows\\System32\\WindowsPowerShell\\v1.0\\powershell.exe\r\nImageLoaded: C:\\Windows\\Microsoft.NET\\Framework64\\v4.0.30319\\clr.dll\r\nFileVersion: 4.8.4250.0 built by: NET48REL1LAST_C\r\nDescription: Microsoft .NET Runtime Common Language Runtime - WorkStation\r\nProduct: Microsoft .NET Framework\r\nCompany: Microsoft Corporation\r\nOriginalFileName: clr.dll\r\nHashes: SHA1=F87233A38F5317E386CC33B28C23F75E1BE214B8,MD5=061CB10DC6589F30594EB82D47BD8496,SHA256=DDB1BB309E21F8AE03FA058D9DB60901CEBC25FBB1836EADE04E80AD90839ADB,IMPHASH=2BC2B098BC197051D6B424CC7B54426F\r\nSigned: true\r\nSignature: Microsoft Corporation\r\nSignatureStatus: Valid"}
{"@timestamp":"2020-10-22T02:58:01.082Z","TimeCreated":"2020-10-22T02:58:01.082Z","Hashes":"SHA1=D8E356490DC91435F8150AF7724C2D78E7595D69,MD5=0F56E1C652207D1105CFF1C604FD1E36,SHA256=A92D8857A9370DAE5E710DB3C64E0A20E533CDFA185DDF253C1DF3BA215E1F84,IMPHASH=07B9A9716D48041A7318C56FE72EB020","Signature":"Microsoft Windows","ProviderGuid":"{5770385f-c22a-43e0-bf4c-06f5698ffbd9}","Company":"Microsoft Corporation","UtcTime":"2020-10-22 06:58:00.912","ProcessGuid":"{39e4a257-2d78-5f91-6c13-000000000700}","Image":"C:\\Windows\\System32\\WindowsPowerShell\\v1.0\\powershell.exe","ImageLoaded":"C:\\Windows\\System32\\cdp.dll","Level":"4","Channel":"Microsoft-Windows-Sysmon/Operational","Task":"7","RuleName":"-","FileVersion":"10.0.18362.1110 (WinBuild.160101.0800)","SourceName":"Microsoft-Windows-Sysmon","Hostname":"WORKSTATION5","ProcessId":"9572","Description":"Microsoft (R) CDP Client API","SignatureStatus":"Valid","Product":"Microsoft Windows Operating System","EventID":7,"Keywords":"0x8000000000000000","Signed":"true","OriginalFileName":"CDP.dll","Message":"Image loaded:\r\nRuleName: -\r\nUtcTime: 2020-10-22 06:58:00.912\r\nProcessGuid: {39e4a257-2d78-5f91-6c13-000000000700}\r\nProcessId: 9572\r\nImage: C:\\Windows\\System32\\WindowsPowerShell\\v1.0\\powershell.exe\r\nImageLoaded: C:\\Windows\\System32\\cdp.dll\r\nFileVersion: 10.0.18362.1110 (WinBuild.160101.0800)\r\nDescription: Microsoft (R) CDP Client API\r\nProduct: Microsoft Windows Operating System\r\nCompany: Microsoft Corporation\r\nOriginalFileName: CDP.dll\r\nHashes: SHA1=D8E356490DC91435F8150AF7724C2D78E7595D69,MD5=0F56E1C652207D1105CFF1C604FD1E36,SHA256=A92D8857A9370DAE5E710DB3C64E0A20E533CDFA185DDF253C1DF3BA215E1F84,IMPHASH=07B9A9716D48041A7318C56FE72EB020\r\nSigned: true\r\nSignature: Microsoft Windows\r\nSignatureStatus: Valid"}
{"@timestamp":"2020-10-22T02:58:01.100Z","TimeCreated":"2020-10-22T02:58:01.100Z","Hashes":"SHA1=1373042D5FD6459FAB89222D2515EE3417318FCC,MD5=4625D9EE474B1349D5F0C35E752EC25C,SHA256=A073FFC08A2211103521D0031525C969205A7C44770ABFBE2DA617FA06CB278C,IMPHASH=C23F9FB9BA9C6CE0AC794C5B4203EFF8","Signature":"Microsoft Windows","ProviderGuid":"{5770385f-c22a-43e0-bf4c-06f5698ffbd9}","Company":"Microsoft Corporation","UtcTime":"2020-10-22 06:58:00.912","ProcessGuid":"{39e4a257-2d78-5f91-6c13-000000000700}","Image":"C:\\Windows\\System32\\WindowsPowerShell\\v1.0\\powershell.exe","ImageLoaded":"C:\\Windows\\System32\\dsreg.dll","Level":"4","Channel":"Microsoft-Windows-Sysmon/Operational","Task":"7","RuleName":"-","FileVersion":"10.0.18362.815 (WinBuild.160101.0800)","SourceName":"Microsoft-Windows-Sysmon","Hostname":"WORKSTATION5","ProcessId":"9572","Description":"AD/AAD User Device Registration","SignatureStatus":"Valid","Product":"Microsoft Windows Operating System","EventID":7,"Keywords":"0x8000000000000000","Signed":"true","OriginalFileName":"dsreg.dll","Message":"Image loaded:\r\nRuleName: -\r\nUtcTime: 2020-10-22 06:58:00.912\r\nProcessGuid: {39e4a257-2d78-5f91-6c13-000000000700}\r\nProcessId: 9572\r\nImage: C:\\Windows\\System32\\WindowsPowerShell\\v1.0\\powershell.exe\r\nImageLoaded: C:\\Windows\\System32\\dsreg.dll\r\nFileVersion: 10.0.18362.815 (WinBuild.160101.0800)\r\nDescription: AD/AAD User Device Registration\r\nProduct: Microsoft Windows Operating System\r\nCompany: Microsoft Corporation\r\nOriginalFileName: dsreg.dll\r\nHashes: SHA1=1373042D5FD6459FAB89222D2515EE3417318FCC,MD5=4625D9EE474B1349D5F0C35E752EC25C,SHA256=A073FFC08A2211103521D0031525C969205A7C44770ABFBE2DA617FA06CB278C,IMPHASH=C23F9FB9BA9C6CE0AC794C5B4203EFF8\r\nSigned: true\r\nSignature: Microsoft Windows\r\nSignatureStatus: Valid"}
{"@timestamp":"2020-10-22T02:58:01.100Z","TimeCreated":"2020-10-22T02:58:01.100Z","Hashes":"SHA1=6790994B2E72E7FE8690CD8EBA1FCF4577389280,MD5=63936588122BDEE9624D02CE3F8F54EA,SHA256=21F7E6165CE8DD92DB8CDF48CEE83DE64B2B0807B7B499CF87678B70C6F8C32F,IMPHASH=CD244BF7A749BF0B13E038D2EE842BFC","Signature":"Microsoft Corporation","ProviderGuid":"{5770385f-c22a-43e0-bf4c-06f5698ffbd9}","Company":"Microsoft Corporation","UtcTime":"2020-10-22 06:58:01.069","ProcessGuid":"{39e4a257-2d78-5f91-6c13-000000000700}","Image":"C:\\Windows\\System32\\WindowsPowerShell\\v1.0\\powershell.exe","ImageLoaded":"C:\\Windows\\System32\\vcruntime140_clr0400.dll","Level":"4","Channel":"Microsoft-Windows-Sysmon/Operational","Task":"7","RuleName":"-","FileVersion":"14.10.25028.0 built by: VCTOOLSD15RTM","SourceName":"Microsoft-Windows-Sysmon","Hostname":"WORKSTATION5","ProcessId":"9572","Description":"Microsoft C Runtime Library","SignatureStatus":"Valid","Product":"Microsoft Visual Studio 2017","EventID":7,"Keywords":"0x8000000000000000","Signed":"true","OriginalFileName":"vcruntime140_clr0400.dll","Message":"Image loaded:\r\nRuleName: -\r\nUtcTime: 2020-10-22 06:58:01.069\r\nProcessGuid: {39e4a257-2d78-5f91-6c13-000000000700}\r\nProcessId: 9572\r\nImage: C:\\Windows\\System32\\WindowsPowerShell\\v1.0\\powershell.exe\r\nImageLoaded: C:\\Windows\\System32\\vcruntime140_clr0400.dll\r\nFileVersion: 14.10.25028.0 built by: VCTOOLSD15RTM\r\nDescription: Microsoft C Runtime Library\r\nProduct: Microsoft Visual Studio 2017\r\nCompany: Microsoft Corporation\r\nOriginalFileName: vcruntime140_clr0400.dll\r\nHashes: SHA1=6790994B2E72E7FE8690CD8EBA1FCF4577389280,MD5=63936588122BDEE9624D02CE3F8F54EA,SHA256=21F7E6165CE8DD92DB8CDF48CEE83DE64B2B0807B7B499CF87678B70C6F8C32F,IMPHASH=CD244BF7A749BF0B13E038D2EE842BFC\r\nSigned: true\r\nSignature: Microsoft Corporation\r\nSignatureStatus: Valid"}
{"@timestamp":"2020-10-22T02:58:01.101Z","TimeCreated":"2020-10-22T02:58:01.101Z","Hashes":"SHA1=FF572BE9C4959684F64CF1EAD2636FE983E59627,MD5=F8F171BE1820544E15B555847005355C,SHA256=CDDF9A2BF085AE59BA464B3BA6394AACFC342DA5F17D77FD5306054C8AABF153,IMPHASH=0524DC27AA10ADA72FFB6F88F5FD8829","Signature":"Microsoft Corporation","ProviderGuid":"{5770385f-c22a-43e0-bf4c-06f5698ffbd9}","Company":"Microsoft Corporation","UtcTime":"2020-10-22 06:58:01.084","ProcessGuid":"{39e4a257-2d78-5f91-6c13-000000000700}","Image":"C:\\Windows\\System32\\WindowsPowerShell\\v1.0\\powershell.exe","ImageLoaded":"C:\\Windows\\System32\\ucrtbase_clr0400.dll","Level":"4","Channel":"Microsoft-Windows-Sysmon/Operational","Task":"7","RuleName":"-","FileVersion":"14.10.25028.0 built by: VCTOOLSD15RTM","SourceName":"Microsoft-Windows-Sysmon","Hostname":"WORKSTATION5","ProcessId":"9572","Description":"Microsoft C Runtime Library","SignatureStatus":"Valid","Product":"Microsoft Visual Studio 2017","EventID":7,"Keywords":"0x8000000000000000","Signed":"true","OriginalFileName":"ucrtbase_clr0400.dll","Message":"Image loaded:\r\nRuleName: -\r\nUtcTime: 2020-10-22 06:58:01.084\r\nProcessGuid: {39e4a257-2d78-5f91-6c13-000000000700}\r\nProcessId: 9572\r\nImage: C:\\Windows\\System32\\WindowsPowerShell\\v1.0\\powershell.exe\r\nImageLoaded: C:\\Windows\\System32\\ucrtbase_clr0400.dll\r\nFileVersion: 14.10.25028.0 built by: VCTOOLSD15RTM\r\nDescription: Microsoft C Runtime Library\r\nProduct: Microsoft Visual Studio 2017\r\nCompany: Microsoft Corporation\r\nOriginalFileName: ucrtbase_clr0400.dll\r\nHashes: SHA1=FF572BE9C4959684F64CF1EAD2636FE983E59627,MD5=F8F171BE1820544E15B555847005355C,SHA256=CDDF9A2BF085AE59BA464B3BA6394AACFC342DA5F17D77FD5306054C8AABF153,IMPHASH=0524DC27AA10ADA72FFB6F88F5FD8829\r\nSigned: true\r\nSignature: Microsoft Corporation\r\nSignatureStatus: Valid"}
{"@timestamp":"2020-10-22T02:58:01.357Z","TimeCreated":"2020-10-22T02:58:01.357Z","Hashes":"SHA1=27AD125439888ACFA100F6669C29D2AE83968795,MD5=1E38A571505014482B151EC57F5ECCA1,SHA256=F1E5A9E1F2BFC87BD4CA209B5FB631B35ADC4D7480B381467C3FC018A090FCD2,IMPHASH=00000000000000000000000000000000","Signature":"Microsoft Corporation","ProviderGuid":"{5770385f-c22a-43e0-bf4c-06f5698ffbd9}","Company":"Microsoft Corporation","UtcTime":"2020-10-22 06:58:01.350","ProcessGuid":"{39e4a257-2d78-5f91-6c13-000000000700}","Image":"C:\\Windows\\System32\\WindowsPowerShell\\v1.0\\powershell.exe","ImageLoaded":"C:\\Windows\\assembly\\NativeImages_v4.0.30319_64\\mscorlib\\52ce2de93895cec3507794c893974551\\mscorlib.ni.dll","Level":"4","Channel":"Microsoft-Windows-Sysmon/Operational","Task":"7","RuleName":"-","FileVersion":"4.8.4250.0 built by: NET48REL1LAST_C","SourceName":"Microsoft-Windows-Sysmon","Hostname":"WORKSTATION5","ProcessId":"9572","Description":"Microsoft Common Language Runtime Class Library","SignatureStatus":"Valid","Product":"Microsoft .NET Framework","EventID":7,"Keywords":"0x8000000000000000","Signed":"true","OriginalFileName":"mscorlib.dll","Message":"Image loaded:\r\nRuleName: -\r\nUtcTime: 2020-10-22 06:58:01.350\r\nProcessGuid: {39e4a257-2d78-5f91-6c13-000000000700}\r\nProcessId: 9572\r\nImage: C:\\Windows\\System32\\WindowsPowerShell\\v1.0\\powershell.exe\r\nImageLoaded: C:\\Windows\\assembly\\NativeImages_v4.0.30319_64\\mscorlib\\52ce2de93895cec3507794c893974551\\mscorlib.ni.dll\r\nFileVersion: 4.8.4250.0 built by: NET48REL1LAST_C\r\nDescription: Microsoft Common Language Runtime Class Library\r\nProduct: Microsoft .NET Framework\r\nCompany: Microsoft Corporation\r\nOriginalFileName: mscorlib.dll\r\nHashes: SHA1=27AD125439888ACFA100F6669C29D2AE83968795,MD5=1E38A571505014482B151EC57F5ECCA1,SHA256=F1E5A9E1F2BFC87BD4CA209B5FB631B35ADC4D7480B381467C3FC018A090FCD2,IMPHASH=00000000000000000000000000000000\r\nSigned: true\r\nSignature: Microsoft Corporation\r\nSignatureStatus: Valid"}
