{"@timestamp":"2020-10-22T02:58:00.586Z","TimeCreated":"2020-10-22T02:58:00.586Z","SubjectLogonId":"0xc61d9","SubjectDomainName":"WORKSTATION5","ProviderGuid":"{54849625-5478-4994-a5ba-3e3b0328c30d}","ObjectServer":"Security","HandleId":"0x3c58","SubjectUserSid":"S-1-5-21-3940915590-64593676-1414006259-500","Level":"0","Channel":"Security","Task":"12801","SourceName":"Microsoft-Windows-Security-Auditing","Hostname":"WORKSTATION5","ProcessName":"C:\\Windows\\System32\\conhost.exe","ProcessId":"0x27b4","EventID":4658,"Keywords":"0x8020000000000000","SubjectUserName":"wardog","Message":"The handle to an object was closed.\r\n\r\nSubject :\r\n\tSecurity ID:\t\tS-1-5-21-3940915590-64593676-1414006259-500\r\n\tAccount Name:\t\twardog\r\n\tAccount Domain:\t\tWORKSTATION5\r\n\tLogon ID:\t\t0xC61D9\r\n\r\nObject:\r\n\tObject Server:\t\tSecurity\r\n\tHandle ID:\t\t0x3c58\r\n\r\nProcess Information:\r\n\tProcess ID:\t\t0x27b4\r\n\tProcess Name:\t\tC:\\Windows\\System32\\conhost.exe"}
{"Keywords":"0x8020000000000000","Task":"12801","ObjectServer":"Security","TimeCreated":"2020-10-22T02:58:00.586Z","RestrictedSidCount":"0","SubjectUserSid":"S-1-5-21-3940915590-64593676-1414006259-500","ObjectName":"\\REGISTRY\\MACHINE\\SYSTEM\\ControlSet001\\Control\\Lsa","SubjectLogonId":"0xc61d9","ResourceAttributes":"-","PrivilegeList":"-","TransactionId":"{00000000-0000-0000-0000-000000000000}","AccessMask":"0x1","SourceName":"Microsoft-Windows-Security-Auditing","SubjectDomainName":"WORKSTATION5","ObjectType":"Key","ProcessName":"C:\\Windows\\System32\\conhost.exe","AccessReason":"-","ProcessId":"0x27b4","SubjectUserName":"wardog","AccessList":"%%4432\n\t\t\t\t","@timestamp":"2020-10-22T02:58:00.586Z","HandleId":"0x80","Hostname":"WORKSTATION5","Channel":"Security","Level":"0","EventID":4656,"ProviderGuid":"{54849625-5478-4994-a5ba-3e3b0328c30d}","Message":"A handle to an object was requested.\r\n\r\nSubject:\r\n\tSecurity ID:\t\tS-1-5-21-3940915590-64593676-1414006259-500\r\n\tAccount Name:\t\twardog\r\n\tAccount Domain:\t\tWORKSTATION5\r\n\tLogon ID:\t\t0xC61D9\r\n\r\nObject:\r\n\tObject Server:\t\tSecurity\r\n\tObject Type:\t\tKey\r\n\tObject Name:\t\t\\REGISTRY\\MACHINE\\SYSTEM\\ControlSet001\\Control\\Lsa\r\n\tHandle ID:\t\t0x80\r\n\tResource Attributes:\t-\r\n\r\nProcess Information:\r\n\tProcess ID:\t\t0x27b4\r\n\tProcess Name:\t\tC:\\Windows\\System32\\conhost.exe\r\n\r\nAccess Request Information:\r\n\tTransaction ID:\t\t{00000000-0000-0000-0000-000000000000}\r\n\tAccesses:\t\tQuery key value\r\n\t\t\t\t\r\n\tAccess Reasons:\t\t-\r\n\tAccess Mask:\t\t0x1\r\n\tPrivileges Used for Access Check:\t-\r\n\tRestricted SID Count:\t0"}
{"@timestamp":"2020-10-22T02:58:00.586Z","TimeCreated":"2020-10-22T02:58:00.586Z","SubjectLogonId":"0xc61d9","ResourceAttributes":"-","SubjectDomainName":"WORKSTATION5","ProviderGuid":"{54849625-5478-4994-a5ba-3e3b0328c30d}","AccessList":"%%4432\n\t\t\t\t","ObjectServer":"Security","HandleId":"0x80","ObjectType":"Key","SubjectUserSid":"S-1-5-21-3940915590-64593676-1414006259-500","Level":"0","Channel":"Security","Task":"12801","ObjectName":"\\REGISTRY\\MACHINE\\SYSTEM\\ControlSet001\\Control\\Lsa","AccessMask":"0x1","SourceName":"Microsoft-Windows-Security-Auditing","Hostname":"WORKSTATION5","ProcessName":"C:\\Windows\\System32\\conhost.exe","ProcessId":"0x27b4","EventID":4663,"Keywords":"0x8020000000000000","SubjectUserName":"wardog","Message":"An attempt was made to access an object.\r\n\r\nSubject:\r\n\tSecurity ID:\t\tS-1-5-21-3940915590-64593676-1414006259-500\r\n\tAccount Name:\t\twardog\r\n\tAccount Domain:\t\tWORKSTATION5\r\n\tLogon ID:\t\t0xC61D9\r\n\r\nObject:\r\n\tObject Server:\t\tSecurity\r\n\tObject Type:\t\tKey\r\n\tObject Name:\t\t\\REGISTRY\\MACHINE\\SYSTEM\\ControlSet001\\Control\\Lsa\r\n\tHandle ID:\t\t0x80\r\n\tResource Attributes:\t-\r\n\r\nProcess Information:\r\n\tProcess ID:\t\t0x27b4\r\n\tProcess Name:\t\tC:\\Windows\\System32\\conhost.exe\r\n\r\nAccess Request Information:\r\n\tAccesses:\t\tQuery key value\r\n\t\t\t\t\r\n\tAccess Mask:\t\t0x1"}
{"@timestamp":"2020-10-22T02:58:00.586Z","TimeCreated":"2020-10-22T02:58:00.586Z","SubjectLogonId":"0xc61d9","SubjectDomainName":"WORKSTATION5","ProviderGuid":"{54849625-5478-4994-a5ba-3e3b0328c30d}","ObjectServer":"Security","HandleId":"0x80","SubjectUserSid":"S-1-5-21-3940915590-64593676-1414006259-500","Level":"0","Channel":"Security","Task":"12801","SourceName":"Microsoft-Windows-Security-Auditing","Hostname":"WORKSTATION5","ProcessName":"C:\\Windows\\System32\\conhost.exe","ProcessId":"0x27b4","EventID":4658,"Keywords":"0x8020000000000000","SubjectUserName":"wardog","Message":"The handle to an object was closed.\r\n\r\nSubject :\r\n\tSecurity ID:\t\tS-1-5-21-3940915590-64593676-1414006259-500\r\n\tAccount Name:\t\twardog\r\n\tAccount Domain:\t\tWORKSTATION5\r\n\tLogon ID:\t\t0xC61D9\r\n\r\nObject:\r\n\tObject Server:\t\tSecurity\r\n\tHandle ID:\t\t0x80\r\n\r\nProcess Information:\r\n\tProcess ID:\t\t0x27b4\r\n\tProcess Name:\t\tC:\\Windows\\System32\\conhost.exe"}
{"@timestamp":"2020-10-22T02:58:00.599Z","TimeCreated":"2020-10-22T02:58:00.599Z","SubjectLogonId":"0xc61d9","SubjectDomainName":"WORKSTATION5","ProviderGuid":"{54849625-5478-4994-a5ba-3e3b0328c30d}","SubjectUserSid":"S-1-5-21-3940915590-64593676-1414006259-500","Level":"0","Channel":"Security","Task":"13313","SourceName":"Microsoft-Windows-Security-Auditing","Hostname":"WORKSTATION5","ProcessName":"C:\\Windows\\System32\\mshta.exe","ProcessId":"0x2ae4","Status":"0x0","EventID":4689,"Keywords":"0x8020000000000000","SubjectUserName":"wardog","Message":"A process has exited.\r\n\r\nSubject:\r\n\tSecurity ID:\t\tS-1-5-21-3940915590-64593676-1414006259-500\r\n\tAccount Name:\t\twardog\r\n\tAccount Domain:\t\tWORKSTATION5\r\n\tLogon ID:\t\t0xC61D9\r\n\r\nProcess Information:\r\n\tProcess ID:\t0x2ae4\r\n\tProcess Name:\tC:\\Windows\\System32\\mshta.exe\r\n\tExit Status:\t0x0"}
{"@timestamp":"2020-10-22T02:58:00.768Z","TimeCreated":"2020-10-22T02:58:00.768Z","SubjectLogonId":"0xc61d9","SubjectDomainName":"WORKSTATION5","ProviderGuid":"{54849625-5478-4994-a5ba-3e3b0328c30d}","SubjectUserSid":"S-1-5-21-3940915590-64593676-1414006259-500","SourceHandleId":"0xc8","Level":"0","Channel":"Security","Task":"12807","TargetHandleId":"0x41cc","SourceName":"Microsoft-Windows-Security-Auditing","Hostname":"WORKSTATION5","SourceProcessId":"0x2564","EventID":4690,"Keywords":"0x8020000000000000","TargetProcessId":"0x4","SubjectUserName":"wardog","Message":"An attempt was made to duplicate a handle to an object.\r\n\r\nSubject:\r\n\tSecurity ID:\t\tS-1-5-21-3940915590-64593676-1414006259-500\r\n\tAccount Name:\t\twardog\r\n\tAccount Domain:\t\tWORKSTATION5\r\n\tLogon ID:\t\t0xC61D9\r\n\r\nSource Handle Information:\r\n\tSource Handle ID:\t0xc8\r\n\tSource Process ID:\t0x2564\r\n\r\nNew Handle Information:\r\n\tTarget Handle ID:\t0x41cc\r\n\tTarget Process ID:\t0x4"}
{"@timestamp":"2020-10-22T02:58:00.768Z","TimeCreated":"2020-10-22T02:58:00.768Z","SubjectLogonId":"0xc61d9","SubjectDomainName":"WORKSTATION5","ProviderGuid":"{54849625-5478-4994-a5ba-3e3b0328c30d}","ObjectServer":"Security","HandleId":"0x41cc","SubjectUserSid":"S-1-5-21-3940915590-64593676-1414006259-500","Level":"0","Channel":"Security","Task":"12801","SourceName":"Microsoft-Windows-Security-Auditing","Hostname":"WORKSTATION5","ProcessName":"C:\\Windows\\System32\\WindowsPowerShell\\v1.0\\powershell.exe","ProcessId":"0x2564","EventID":4658,"Keywords":"0x8020000000000000","SubjectUserName":"wardog","Message":"The handle to an object was closed.\r\n\r\nSubject :\r\n\tSecurity ID:\t\tS-1-5-21-3940915590-64593676-1414006259-500\r\n\tAccount Name:\t\twardog\r\n\tAccount Domain:\t\tWORKSTATION5\r\n\tLogon ID:\t\t0xC61D9\r\n\r\nObject:\r\n\tObject Server:\t\tSecurity\r\n\tHandle ID:\t\t0x41cc\r\n\r\nProcess Information:\r\n\tProcess ID:\t\t0x2564\r\n\tProcess Name:\t\tC:\\Windows\\System32\\WindowsPowerShell\\v1.0\\powershell.exe"}
{"Keywords":"0x8020000000000000","Task":"12801","ObjectServer":"Security","TimeCreated":"2020-10-22T02:58:00.768Z","RestrictedSidCount":"0","SubjectUserSid":"S-1-5-21-3940915590-64593676-1414006259-500","ObjectName":"\\REGISTRY\\MACHINE\\SYSTEM\\ControlSet001\\Control\\Lsa","SubjectLogonId":"0xc61d9","ResourceAttributes":"-","PrivilegeList":"-","TransactionId":"{00000000-0000-0000-0000-000000000000}","AccessMask":"0x1","SourceName":"Microsoft-Windows-Security-Auditing","SubjectDomainName":"WORKSTATION5","ObjectType":"Key","ProcessName":"C:\\Windows\\System32\\WindowsPowerShell\\v1.0\\powershell.exe","AccessReason":"-","ProcessId":"0x2564","SubjectUserName":"wardog","AccessList":"%%4432\n\t\t\t\t","@timestamp":"2020-10-22T02:58:00.768Z","HandleId":"0xc8","Hostname":"WORKSTATION5","Channel":"Security","Level":"0","EventID":4656,"ProviderGuid":"{54849625-5478-4994-a5ba-3e3b0328c30d}","Message":"A handle to an object was requested.\r\n\r\nSubject:\r\n\tSecurity ID:\t\tS-1-5-21-3940915590-64593676-1414006259-500\r\n\tAccount Name:\t\twardog\r\n\tAccount Domain:\t\tWORKSTATION5\r\n\tLogon ID:\t\t0xC61D9\r\n\r\nObject:\r\n\tObject Server:\t\tSecurity\r\n\tObject Type:\t\tKey\r\n\tObject Name:\t\t\\REGISTRY\\MACHINE\\SYSTEM\\ControlSet001\\Control\\Lsa\r\n\tHandle ID:\t\t0xc8\r\n\tResource Attributes:\t-\r\n\r\nProcess Information:\r\n\tProcess ID:\t\t0x2564\r\n\tProcess Name:\t\tC:\\Windows\\System32\\WindowsPowerShell\\v1.0\\powershell.exe\r\n\r\nAccess Request Information:\r\n\tTransaction ID:\t\t{00000000-0000-0000-0000-000000000000}\r\n\tAccesses:\t\tQuery key value\r\n\t\t\t\t\r\n\tAccess Reasons:\t\t-\r\n\tAccess Mask:\t\t0x1\r\n\tPrivileges Used for Access Check:\t-\r\n\tRestricted SID Count:\t0"}
{"@timestamp":"2020-10-22T02:58:00.768Z","TimeCreated":"2020-10-22T02:58:00.768Z","SubjectLogonId":"0xc61d9","ResourceAttributes":"-","SubjectDomainName":"WORKSTATION5","ProviderGuid":"{54849625-5478-4994-a5ba-3e3b0328c30d}","AccessList":"%%4432\n\t\t\t\t","ObjectServer":"Security","HandleId":"0xc8","ObjectType":"Key","SubjectUserSid":"S-1-5-21-3940915590-64593676-1414006259-500","Level":"0","Channel":"Security","Task":"12801","ObjectName":"\\REGISTRY\\MACHINE\\SYSTEM\\ControlSet001\\Control\\Lsa","AccessMask":"0x1","SourceName":"Microsoft-Windows-Security-Auditing","Hostname":"WORKSTATION5","ProcessName":"C:\\Windows\\System32\\WindowsPowerShell\\v1.0\\powershell.exe","ProcessId":"0x2564","EventID":4663,"Keywords":"0x8020000000000000","SubjectUserName":"wardog","Message":"An attempt was made to access an object.\r\n\r\nSubject:\r\n\tSecurity ID:\t\tS-1-5-21-3940915590-64593676-1414006259-500\r\n\tAccount Name:\t\twardog\r\n\tAccount Domain:\t\tWORKSTATION5\r\n\tLogon ID:\t\t0xC61D9\r\n\r\nObject:\r\n\tObject Server:\t\tSecurity\r\n\tObject Type:\t\tKey\r\n\tObject Name:\t\t\\REGISTRY\\MACHINE\\SYSTEM\\ControlSet001\\Control\\Lsa\r\n\tHandle ID:\t\t0xc8\r\n\tResource Attributes:\t-\r\n\r\nProcess Information:\r\n\tProcess ID:\t\t0x2564\r\n\tProcess Name:\t\tC:\\Windows\\System32\\WindowsPowerShell\\v1.0\\powershell.exe\r\n\r\nAccess Request Information:\r\n\tAccesses:\t\tQuery key value\r\n\t\t\t\t\r\n\tAccess Mask:\t\t0x1"}
{"@timestamp":"2020-10-22T02:58:00.768Z","TimeCreated":"2020-10-22T02:58:00.768Z","SubjectLogonId":"0xc61d9","SubjectDomainName":"WORKSTATION5","ProviderGuid":"{54849625-5478-4994-a5ba-3e3b0328c30d}","ObjectServer":"Security","HandleId":"0xc8","SubjectUserSid":"S-1-5-21-3940915590-64593676-1414006259-500","Level":"0","Channel":"Security","Task":"12801","SourceName":"Microsoft-Windows-Security-Auditing","Hostname":"WORKSTATION5","ProcessName":"C:\\Windows\\System32\\WindowsPowerShell\\v1.0\\powershell.exe","ProcessId":"0x2564","EventID":4658,"Keywords":"0x8020000000000000","SubjectUserName":"wardog","Message":"The handle to an object was closed.\r\n\r\nSubject :\r\n\tSecurity ID:\t\tS-1-5-21-3940915590-64593676-1414006259-500\r\n\tAccount Name:\t\twardog\r\n\tAccount Domain:\t\tWORKSTATION5\r\n\tLogon ID:\t\t0xC61D9\r\n\r\nObject:\r\n\tObject Server:\t\tSecurity\r\n\tHandle ID:\t\t0xc8\r\n\r\nProcess Information:\r\n\tProcess ID:\t\t0x2564\r\n\tProcess Name:\t\tC:\\Windows\\System32\\WindowsPowerShell\\v1.0\\powershell.exe"}
{"@timestamp":"2020-10-22T02:58:00.891Z","TimeCreated":"2020-10-22T02:58:00.891Z","SubjectLogonId":"0xc61d9","SubjectDomainName":"WORKSTATION5","ProviderGuid":"{54849625-5478-4994-a5ba-3e3b0328c30d}","ProcessName":"C:\\Windows\\System32\\WindowsPowerShell\\v1.0\\powershell.exe","ObjectServer":"Security","SubjectUserSid":"S-1-5-21-3940915590-64593676-1414006259-500","Level":"0","Channel":"Security","Task":"13056","Service":"-","SourceName":"Microsoft-Windows-Security-Auditing","Hostname":"WORKSTATION5","PrivilegeList":"SeTcbPrivilege","ProcessId":"0x2564","EventID":4673,"Keywords":"0x8010000000000000","SubjectUserName":"wardog","Message":"A privileged service was called.\r\n\r\nSubject:\r\n\tSecurity ID:\t\tS-1-5-21-3940915590-64593676-1414006259-500\r\n\tAccount Name:\t\twardog\r\n\tAccount Domain:\t\tWORKSTATION5\r\n\tLogon ID:\t\t0xC61D9\r\n\r\nService:\r\n\tServer:\tSecurity\r\n\tService Name:\t-\r\n\r\nProcess:\r\n\tProcess ID:\t0x2564\r\n\tProcess Name:\tC:\\Windows\\System32\\WindowsPowerShell\\v1.0\\powershell.exe\r\n\r\nService Request Information:\r\n\tPrivileges:\t\tSeTcbPrivilege"}
{"@timestamp":"2020-10-22T02:58:00.929Z","TimeCreated":"2020-10-22T02:58:00.929Z","SubjectLogonId":"0xc61d9","SubjectDomainName":"WORKSTATION5","ProviderGuid":"{54849625-5478-4994-a5ba-3e3b0328c30d}","SubjectUserSid":"S-1-5-21-3940915590-64593676-1414006259-500","SourceHandleId":"0x438","Level":"0","Channel":"Security","Task":"12807","TargetHandleId":"0x4378","SourceName":"Microsoft-Windows-Security-Auditing","Hostname":"WORKSTATION5","SourceProcessId":"0x2564","EventID":4690,"Keywords":"0x8020000000000000","TargetProcessId":"0x4","SubjectUserName":"wardog","Message":"An attempt was made to duplicate a handle to an object.\r\n\r\nSubject:\r\n\tSecurity ID:\t\tS-1-5-21-3940915590-64593676-1414006259-500\r\n\tAccount Name:\t\twardog\r\n\tAccount Domain:\t\tWORKSTATION5\r\n\tLogon ID:\t\t0xC61D9\r\n\r\nSource Handle Information:\r\n\tSource Handle ID:\t0x438\r\n\tSource Process ID:\t0x2564\r\n\r\nNew Handle Information:\r\n\tTarget Handle ID:\t0x4378\r\n\tTarget Process ID:\t0x4"}
{"@timestamp":"2020-10-22T02:58:00.929Z","TimeCreated":"2020-10-22T02:58:00.929Z","SubjectLogonId":"0xc61d9","SubjectDomainName":"WORKSTATION5","ProviderGuid":"{54849625-5478-4994-a5ba-3e3b0328c30d}","ObjectServer":"Security","HandleId":"0x4378","SubjectUserSid":"S-1-5-21-3940915590-64593676-1414006259-500","Level":"0","Channel":"Security","Task":"12801","SourceName":"Microsoft-Windows-Security-Auditing","Hostname":"WORKSTATION5","ProcessName":"C:\\Windows\\System32\\WindowsPowerShell\\v1.0\\powershell.exe","ProcessId":"0x2564","EventID":4658,"Keywords":"0x8020000000000000","SubjectUserName":"wardog","Message":"The handle to an object was closed.\r\n\r\nSubject :\r\n\tSecurity ID:\t\tS-1-5-21-3940915590-64593676-1414006259-500\r\n\tAccount Name:\t\twardog\r\n\tAccount Domain:\t\tWORKSTATION5\r\n\tLogon ID:\t\t0xC61D9\r\n\r\nObject:\r\n\tObject Server:\t\tSecurity\r\n\tHandle ID:\t\t0x4378\r\n\r\nProcess Information:\r\n\tProcess ID:\t\t0x2564\r\n\tProcess Name:\t\tC:\\Windows\\System32\\WindowsPowerShell\\v1.0\\powershell.exe"}
{"Keywords":"0x8020000000000000","Task":"12801","ObjectServer":"Security","TimeCreated":"2020-10-22T02:58:00.929Z","RestrictedSidCount":"0","SubjectUserSid":"S-1-5-21-3940915590-64593676-1414006259-500","ObjectName":"\\REGISTRY\\MACHINE\\SOFTWARE\\Microsoft\\.NETFramework","SubjectLogonId":"0xc61d9","ResourceAttributes":"-","PrivilegeList":"-","TransactionId":"{00000000-0000-0000-0000-000000000000}","AccessMask":"0x20019","SourceName":"Microsoft-Windows-Security-Auditing","SubjectDomainName":"WORKSTATION5","ObjectType":"Key","ProcessName":"C:\\Windows\\System32\\WindowsPowerShell\\v1.0\\powershell.exe","AccessReason":"-","ProcessId":"0x2564","SubjectUserName":"wardog","AccessList":"%%1538\n\t\t\t\t%%4432\n\t\t\t\t%%4435\n\t\t\t\t%%4436\n\t\t\t\t","@timestamp":"2020-10-22T02:58:00.929Z","HandleId":"0x438","Hostname":"WORKSTATION5","Channel":"Security","Level":"0","EventID":4656,"ProviderGuid":"{54849625-5478-4994-a5ba-3e3b0328c30d}","Message":"A handle to an object was requested.\r\n\r\nSubject:\r\n\tSecurity ID:\t\tS-1-5-21-3940915590-64593676-1414006259-500\r\n\tAccount Name:\t\twardog\r\n\tAccount Domain:\t\tWORKSTATION5\r\n\tLogon ID:\t\t0xC61D9\r\n\r\nObject:\r\n\tObject Server:\t\tSecurity\r\n\tObject Type:\t\tKey\r\n\tObject Name:\t\t\\REGISTRY\\MACHINE\\SOFTWARE\\Microsoft\\.NETFramework\r\n\tHandle ID:\t\t0x438\r\n\tResource Attributes:\t-\r\n\r\nProcess Information:\r\n\tProcess ID:\t\t0x2564\r\n\tProcess Name:\t\tC:\\Windows\\System32\\WindowsPowerShell\\v1.0\\powershell.exe\r\n\r\nAccess Request Information:\r\n\tTransaction ID:\t\t{00000000-0000-0000-0000-000000000000}\r\n\tAccesses:\t\tREAD_CONTROL\r\n\t\t\t\tQuery key value\r\n\t\t\t\tEnumerate sub-keys\r\n\t\t\t\tNotify about changes to keys\r\n\t\t\t\t\r\n\tAccess Reasons:\t\t-\r\n\tAccess Mask:\t\t0x20019\r\n\tPrivileges Used for Access Check:\t-\r\n\tRestricted SID Count:\t0"}
{"@timestamp":"2020-10-22T02:58:00.929Z","TimeCreated":"2020-10-22T02:58:00.929Z","SubjectLogonId":"0xc61d9","SubjectDomainName":"WORKSTATION5","ProviderGuid":"{54849625-5478-4994-a5ba-3e3b0328c30d}","ObjectServer":"Security","HandleId":"0x438","SubjectUserSid":"S-1-5-21-3940915590-64593676-1414006259-500","Level":"0","Channel":"Security","Task":"12801","SourceName":"Microsoft-Windows-Security-Auditing","Hostname":"WORKSTATION5","ProcessName":"C:\\Windows\\System32\\WindowsPowerShell\\v1.0\\powershell.exe","ProcessId":"0x2564","EventID":4658,"Keywords":"0x8020000000000000","SubjectUserName":"wardog","Message":"The handle to an object was closed.\r\n\r\nSubject :\r\n\tSecurity ID:\t\tS-1-5-21-3940915590-64593676-1414006259-500\r\n\tAccount Name:\t\twardog\r\n\tAccount Domain:\t\tWORKSTATION5\r\n\tLogon ID:\t\t0xC61D9\r\n\r\nObject:\r\n\tObject Server:\t\tSecurity\r\n\tHandle ID:\t\t0x438\r\n\r\nProcess Information:\r\n\tProcess ID:\t\t0x2564\r\n\tProcess Name:\t\tC:\\Windows\\System32\\WindowsPowerShell\\v1.0\\powershell.exe"}
{"@timestamp":"2020-10-22T02:58:00.929Z","TimeCreated":"2020-10-22T02:58:00.929Z","SubjectLogonId":"0xc61d9","SubjectDomainName":"WORKSTATION5","ProviderGuid":"{54849625-5478-4994-a5ba-3e3b0328c30d}","SubjectUserSid":"S-1-5-21-3940915590-64593676-1414006259-500","SourceHandleId":"0x43c","Level":"0","Channel":"Security","Task":"12807","TargetHandleId":"0x4378","SourceName":"Microsoft-Windows-Security-Auditing","Hostname":"WORKSTATION5","SourceProcessId":"0x2564","EventID":4690,"Keywords":"0x8020000000000000","TargetProcessId":"0x4","SubjectUserName":"wardog","Message":"An attempt was made to duplicate a handle to an object.\r\n\r\nSubject:\r\n\tSecurity ID:\t\tS-1-5-21-3940915590-64593676-1414006259-500\r\n\tAccount Name:\t\twardog\r\n\tAccount Domain:\t\tWORKSTATION5\r\n\tLogon ID:\t\t0xC61D9\r\n\r\nSource Handle Information:\r\n\tSource Handle ID:\t0x43c\r\n\tSource Process ID:\t0x2564\r\n\r\nNew Handle Information:\r\n\tTarget Handle ID:\t0x4378\r\n\tTarget Process ID:\t0x4"}
{"@timestamp":"2020-10-22T02:58:00.929Z","TimeCreated":"2020-10-22T02:58:00.929Z","SubjectLogonId":"0xc61d9","SubjectDomainName":"WORKSTATION5","ProviderGuid":"{54849625-5478-4994-a5ba-3e3b0328c30d}","ObjectServer":"Security","HandleId":"0x4378","SubjectUserSid":"S-1-5-21-3940915590-64593676-1414006259-500","Level":"0","Channel":"Security","Task":"12801","SourceName":"Microsoft-Windows-Security-Auditing","Hostname":"WORKSTATION5","ProcessName":"C:\\Windows\\System32\\WindowsPowerShell\\v1.0\\powershell.exe","ProcessId":"0x2564","EventID":4658,"Keywords":"0x8020000000000000","SubjectUserName":"wardog","Message":"The handle to an object was closed.\r\n\r\nSubject :\r\n\tSecurity ID:\t\tS-1-5-21-3940915590-64593676-1414006259-500\r\n\tAccount Name:\t\twardog\r\n\tAccount Domain:\t\tWORKSTATION5\r\n\tLogon ID:\t\t0xC61D9\r\n\r\nObject:\r\n\tObject Server:\t\tSecurity\r\n\tHandle ID:\t\t0x4378\r\n\r\nProcess Information:\r\n\tProcess ID:\t\t0x2564\r\n\tProcess Name:\t\tC:\\Windows\\System32\\WindowsPowerShell\\v1.0\\powershell.exe"}
{"Keywords":"0x8020000000000000","Task":"12801","ObjectServer":"Security","TimeCreated":"2020-10-22T02:58:00.929Z","RestrictedSidCount":"0","SubjectUserSid":"S-1-5-21-3940915590-64593676-1414006259-500","ObjectName":"\\REGISTRY\\MACHINE\\SOFTWARE\\Microsoft\\.NETFramework","SubjectLogonId":"0xc61d9","ResourceAttributes":"-","PrivilegeList":"-","TransactionId":"{00000000-0000-0000-0000-000000000000}","AccessMask":"0x20019","SourceName":"Microsoft-Windows-Security-Auditing","SubjectDomainName":"WORKSTATION5","ObjectType":"Key","ProcessName":"C:\\Windows\\System32\\WindowsPowerShell\\v1.0\\powershell.exe","AccessReason":"-","ProcessId":"0x2564","SubjectUserName":"wardog","AccessList":"%%1538\n\t\t\t\t%%4432\n\t\t\t\t%%4435\n\t\t\t\t%%4436\n\t\t\t\t","@timestamp":"2020-10-22T02:58:00.929Z","HandleId":"0x43c","Hostname":"WORKSTATION5","Channel":"Security","Level":"0","EventID":4656,"ProviderGuid":"{54849625-5478-4994-a5ba-3e3b0328c30d}","Message":"A handle to an object was requested.\r\n\r\nSubject:\r\n\tSecurity ID:\t\tS-1-5-21-3940915590-64593676-1414006259-500\r\n\tAccount Name:\t\twardog\r\n\tAccount Domain:\t\tWORKSTATION5\r\n\tLogon ID:\t\t0xC61D9\r\n\r\nObject:\r\n\tObject Server:\t\tSecurity\r\n\tObject Type:\t\tKey\r\n\tObject Name:\t\t\\REGISTRY\\MACHINE\\SOFTWARE\\Microsoft\\.NETFramework\r\n\tHandle ID:\t\t0x43c\r\n\tResource Attributes:\t-\r\n\r\nProcess Information:\r\n\tProcess ID:\t\t0x2564\r\n\tProcess Name:\t\tC:\\Windows\\System32\\WindowsPowerShell\\v1.0\\powershell.exe\r\n\r\nAccess Request Information:\r\n\tTransaction ID:\t\t{00000000-0000-0000-0000-000000000000}\r\n\tAccesses:\t\tREAD_CONTROL\r\n\t\t\t\tQuery key value\r\n\t\t\t\tEnumerate sub-keys\r\n\t\t\t\tNotify about changes to keys\r\n\t\t\t\t\r\n\tAccess Reasons:\t\t-\r\n\tAccess Mask:\t\t0x20019\r\n\tPrivileges Used for Access Check:\t-\r\n\tRestricted SID Count:\t0"}
{"@timestamp":"2020-10-22T02:58:00.929Z","TimeCreated":"2020-10-22T02:58:00.929Z","SubjectLogonId":"0xc61d9","SubjectDomainName":"WORKSTATION5","ProviderGuid":"{54849625-5478-4994-a5ba-3e3b0328c30d}","ObjectServer":"Security","HandleId":"0x43c","SubjectUserSid":"S-1-5-21-3940915590-64593676-1414006259-500","Level":"0","Channel":"Security","Task":"12801","SourceName":"Microsoft-Windows-Security-Auditing","Hostname":"WORKSTATION5","ProcessName":"C:\\Windows\\System32\\WindowsPowerShell\\v1.0\\powershell.exe","ProcessId":"0x2564","EventID":4658,"Keywords":"0x8020000000000000","SubjectUserName":"wardog","Message":"The handle to an object was closed.\r\n\r\nSubject :\r\n\tSecurity ID:\t\tS-1-5-21-3940915590-64593676-1414006259-500\r\n\tAccount Name:\t\twardog\r\n\tAccount Domain:\t\tWORKSTATION5\r\n\tLogon ID:\t\t0xC61D9\r\n\r\nObject:\r\n\tObject Server:\t\tSecurity\r\n\tHandle ID:\t\t0x43c\r\n\r\nProcess Information:\r\n\tProcess ID:\t\t0x2564\r\n\tProcess Name:\t\tC:\\Windows\\System32\\WindowsPowerShell\\v1.0\\powershell.exe"}
{"@timestamp":"2020-10-22T02:58:00.930Z","TimeCreated":"2020-10-22T02:58:00.930Z","SubjectLogonId":"0xc61d9","SubjectDomainName":"WORKSTATION5","ProviderGuid":"{54849625-5478-4994-a5ba-3e3b0328c30d}","SubjectUserSid":"S-1-5-21-3940915590-64593676-1414006259-500","SourceHandleId":"0x43c","Level":"0","Channel":"Security","Task":"12807","TargetHandleId":"0x4378","SourceName":"Microsoft-Windows-Security-Auditing","Hostname":"WORKSTATION5","SourceProcessId":"0x2564","EventID":4690,"Keywords":"0x8020000000000000","TargetProcessId":"0x4","SubjectUserName":"wardog","Message":"An attempt was made to duplicate a handle to an object.\r\n\r\nSubject:\r\n\tSecurity ID:\t\tS-1-5-21-3940915590-64593676-1414006259-500\r\n\tAccount Name:\t\twardog\r\n\tAccount Domain:\t\tWORKSTATION5\r\n\tLogon ID:\t\t0xC61D9\r\n\r\nSource Handle Information:\r\n\tSource Handle ID:\t0x43c\r\n\tSource Process ID:\t0x2564\r\n\r\nNew Handle Information:\r\n\tTarget Handle ID:\t0x4378\r\n\tTarget Process ID:\t0x4"}
{"@timestamp":"2020-10-22T02:58:00.930Z","TimeCreated":"2020-10-22T02:58:00.930Z","SubjectLogonId":"0xc61d9","SubjectDomainName":"WORKSTATION5","ProviderGuid":"{54849625-5478-4994-a5ba-3e3b0328c30d}","ObjectServer":"Security","HandleId":"0x4378","SubjectUserSid":"S-1-5-21-3940915590-64593676-1414006259-500","Level":"0","Channel":"Security","Task":"12801","SourceName":"Microsoft-Windows-Security-Auditing","Hostname":"WORKSTATION5","ProcessName":"C:\\Windows\\System32\\WindowsPowerShell\\v1.0\\powershell.exe","ProcessId":"0x2564","EventID":4658,"Keywords":"0x8020000000000000","SubjectUserName":"wardog","Message":"The handle to an object was closed.\r\n\r\nSubject :\r\n\tSecurity ID:\t\tS-1-5-21-3940915590-64593676-1414006259-500\r\n\tAccount Name:\t\twardog\r\n\tAccount Domain:\t\tWORKSTATION5\r\n\tLogon ID:\t\t0xC61D9\r\n\r\nObject:\r\n\tObject Server:\t\tSecurity\r\n\tHandle ID:\t\t0x4378\r\n\r\nProcess Information:\r\n\tProcess ID:\t\t0x2564\r\n\tProcess Name:\t\tC:\\Windows\\System32\\WindowsPowerShell\\v1.0\\powershell.exe"}
{"Keywords":"0x8020000000000000","Task":"12801","ObjectServer":"Security","TimeCreated":"2020-10-22T02:58:00.930Z","RestrictedSidCount":"0","SubjectUserSid":"S-1-5-21-3940915590-64593676-1414006259-500","ObjectName":"\\REGISTRY\\MACHINE\\SOFTWARE\\Microsoft\\.NETFramework","SubjectLogonId":"0xc61d9","ResourceAttributes":"-","PrivilegeList":"-","TransactionId":"{00000000-0000-0000-0000-000000000000}","AccessMask":"0x20019","SourceName":"Microsoft-Windows-Security-Auditing","SubjectDomainName":"WORKSTATION5","ObjectType":"Key","ProcessName":"C:\\Windows\\System32\\WindowsPowerShell\\v1.0\\powershell.exe","AccessReason":"-","ProcessId":"0x2564","SubjectUserName":"wardog","AccessList":"%%1538\n\t\t\t\t%%4432\n\t\t\t\t%%4435\n\t\t\t\t%%4436\n\t\t\t\t","@timestamp":"2020-10-22T02:58:00.930Z","HandleId":"0x43c","Hostname":"WORKSTATION5","Channel":"Security","Level":"0","EventID":4656,"ProviderGuid":"{54849625-5478-4994-a5ba-3e3b0328c30d}","Message":"A handle to an object was requested.\r\n\r\nSubject:\r\n\tSecurity ID:\t\tS-1-5-21-3940915590-64593676-1414006259-500\r\n\tAccount Name:\t\twardog\r\n\tAccount Domain:\t\tWORKSTATION5\r\n\tLogon ID:\t\t0xC61D9\r\n\r\nObject:\r\n\tObject Server:\t\tSecurity\r\n\tObject Type:\t\tKey\r\n\tObject Name:\t\t\\REGISTRY\\MACHINE\\SOFTWARE\\Microsoft\\.NETFramework\r\n\tHandle ID:\t\t0x43c\r\n\tResource Attributes:\t-\r\n\r\nProcess Information:\r\n\tProcess ID:\t\t0x2564\r\n\tProcess Name:\t\tC:\\Windows\\System32\\WindowsPowerShell\\v1.0\\powershell.exe\r\n\r\nAccess Request Information:\r\n\tTransaction ID:\t\t{00000000-0000-0000-0000-000000000000}\r\n\tAccesses:\t\tREAD_CONTROL\r\n\t\t\t\tQuery key value\r\n\t\t\t\tEnumerate sub-keys\r\n\t\t\t\tNotify about changes to keys\r\n\t\t\t\t\r\n\tAccess Reasons:\t\t-\r\n\tAccess Mask:\t\t0x20019\r\n\tPrivileges Used for Access Check:\t-\r\n\tRestricted SID Count:\t0"}
{"@timestamp":"2020-10-22T02:58:00.930Z","TimeCreated":"2020-10-22T02:58:00.930Z","SubjectLogonId":"0xc61d9","SubjectDomainName":"WORKSTATION5","ProviderGuid":"{54849625-5478-4994-a5ba-3e3b0328c30d}","ObjectServer":"Security","HandleId":"0x43c","SubjectUserSid":"S-1-5-21-3940915590-64593676-1414006259-500","Level":"0","Channel":"Security","Task":"12801","SourceName":"Microsoft-Windows-Security-Auditing","Hostname":"WORKSTATION5","ProcessName":"C:\\Windows\\System32\\WindowsPowerShell\\v1.0\\powershell.exe","ProcessId":"0x2564","EventID":4658,"Keywords":"0x8020000000000000","SubjectUserName":"wardog","Message":"The handle to an object was closed.\r\n\r\nSubject :\r\n\tSecurity ID:\t\tS-1-5-21-3940915590-64593676-1414006259-500\r\n\tAccount Name:\t\twardog\r\n\tAccount Domain:\t\tWORKSTATION5\r\n\tLogon ID:\t\t0xC61D9\r\n\r\nObject:\r\n\tObject Server:\t\tSecurity\r\n\tHandle ID:\t\t0x43c\r\n\r\nProcess Information:\r\n\tProcess ID:\t\t0x2564\r\n\tProcess Name:\t\tC:\\Windows\\System32\\WindowsPowerShell\\v1.0\\powershell.exe"}
{"@timestamp":"2020-10-22T02:58:00.940Z","TimeCreated":"2020-10-22T02:58:00.940Z","SubjectLogonId":"0xc61d9","SubjectDomainName":"WORKSTATION5","ProviderGuid":"{54849625-5478-4994-a5ba-3e3b0328c30d}","SubjectUserSid":"S-1-5-21-3940915590-64593676-1414006259-500","SourceHandleId":"0x440","Level":"0","Channel":"Security","Task":"12807","TargetHandleId":"0x4378","SourceName":"Microsoft-Windows-Security-Auditing","Hostname":"WORKSTATION5","SourceProcessId":"0x2564","EventID":4690,"Keywords":"0x8020000000000000","TargetProcessId":"0x4","SubjectUserName":"wardog","Message":"An attempt was made to duplicate a handle to an object.\r\n\r\nSubject:\r\n\tSecurity ID:\t\tS-1-5-21-3940915590-64593676-1414006259-500\r\n\tAccount Name:\t\twardog\r\n\tAccount Domain:\t\tWORKSTATION5\r\n\tLogon ID:\t\t0xC61D9\r\n\r\nSource Handle Information:\r\n\tSource Handle ID:\t0x440\r\n\tSource Process ID:\t0x2564\r\n\r\nNew Handle Information:\r\n\tTarget Handle ID:\t0x4378\r\n\tTarget Process ID:\t0x4"}
{"@timestamp":"2020-10-22T02:58:00.940Z","TimeCreated":"2020-10-22T02:58:00.940Z","SubjectLogonId":"0xc61d9","SubjectDomainName":"WORKSTATION5","ProviderGuid":"{54849625-5478-4994-a5ba-3e3b0328c30d}","ObjectServer":"Security","HandleId":"0x4378","SubjectUserSid":"S-1-5-21-3940915590-64593676-1414006259-500","Level":"0","Channel":"Security","Task":"12801","SourceName":"Microsoft-Windows-Security-Auditing","Hostname":"WORKSTATION5","ProcessName":"C:\\Windows\\System32\\WindowsPowerShell\\v1.0\\powershell.exe","ProcessId":"0x2564","EventID":4658,"Keywords":"0x8020000000000000","SubjectUserName":"wardog","Message":"The handle to an object was closed.\r\n\r\nSubject :\r\n\tSecurity ID:\t\tS-1-5-21-3940915590-64593676-1414006259-500\r\n\tAccount Name:\t\twardog\r\n\tAccount Domain:\t\tWORKSTATION5\r\n\tLogon ID:\t\t0xC61D9\r\n\r\nObject:\r\n\tObject Server:\t\tSecurity\r\n\tHandle ID:\t\t0x4378\r\n\r\nProcess Information:\r\n\tProcess ID:\t\t0x2564\r\n\tProcess Name:\t\tC:\\Windows\\System32\\WindowsPowerShell\\v1.0\\powershell.exe"}
{"Keywords":"0x8020000000000000","Task":"12801","ObjectServer":"Security","TimeCreated":"2020-10-22T02:58:00.940Z","RestrictedSidCount":"0","SubjectUserSid":"S-1-5-21-3940915590-64593676-1414006259-500","ObjectName":"\\REGISTRY\\MACHINE\\SOFTWARE\\Microsoft\\.NETFramework","SubjectLogonId":"0xc61d9","ResourceAttributes":"-","PrivilegeList":"-","TransactionId":"{00000000-0000-0000-0000-000000000000}","AccessMask":"0x20019","SourceName":"Microsoft-Windows-Security-Auditing","SubjectDomainName":"WORKSTATION5","ObjectType":"Key","ProcessName":"C:\\Windows\\System32\\WindowsPowerShell\\v1.0\\powershell.exe","AccessReason":"-","ProcessId":"0x2564","SubjectUserName":"wardog","AccessList":"%%1538\n\t\t\t\t%%4432\n\t\t\t\t%%4435\n\t\t\t\t%%4436\n\t\t\t\t","@timestamp":"2020-10-22T02:58:00.940Z","HandleId":"0x440","Hostname":"WORKSTATION5","Channel":"Security","Level":"0","EventID":4656,"ProviderGuid":"{54849625-5478-4994-a5ba-3e3b0328c30d}","Message":"A handle to an object was requested.\r\n\r\nSubject:\r\n\tSecurity ID:\t\tS-1-5-21-3940915590-64593676-1414006259-500\r\n\tAccount Name:\t\twardog\r\n\tAccount Domain:\t\tWORKSTATION5\r\n\tLogon ID:\t\t0xC61D9\r\n\r\nObject:\r\n\tObject Server:\t\tSecurity\r\n\tObject Type:\t\tKey\r\n\tObject Name:\t\t\\REGISTRY\\MACHINE\\SOFTWARE\\Microsoft\\.NETFramework\r\n\tHandle ID:\t\t0x440\r\n\tResource Attributes:\t-\r\n\r\nProcess Information:\r\n\tProcess ID:\t\t0x2564\r\n\tProcess Name:\t\tC:\\Windows\\System32\\WindowsPowerShell\\v1.0\\powershell.exe\r\n\r\nAccess Request Information:\r\n\tTransaction ID:\t\t{00000000-0000-0000-0000-000000000000}\r\n\tAccesses:\t\tREAD_CONTROL\r\n\t\t\t\tQuery key value\r\n\t\t\t\tEnumerate sub-keys\r\n\t\t\t\tNotify about changes to keys\r\n\t\t\t\t\r\n\tAccess Reasons:\t\t-\r\n\tAccess Mask:\t\t0x20019\r\n\tPrivileges Used for Access Check:\t-\r\n\tRestricted SID Count:\t0"}
{"@timestamp":"2020-10-22T02:58:00.940Z","TimeCreated":"2020-10-22T02:58:00.940Z","SubjectLogonId":"0xc61d9","SubjectDomainName":"WORKSTATION5","ProviderGuid":"{54849625-5478-4994-a5ba-3e3b0328c30d}","ObjectServer":"Security","HandleId":"0x440","SubjectUserSid":"S-1-5-21-3940915590-64593676-1414006259-500","Level":"0","Channel":"Security","Task":"12801","SourceName":"Microsoft-Windows-Security-Auditing","Hostname":"WORKSTATION5","ProcessName":"C:\\Windows\\System32\\WindowsPowerShell\\v1.0\\powershell.exe","ProcessId":"0x2564","EventID":4658,"Keywords":"0x8020000000000000","SubjectUserName":"wardog","Message":"The handle to an object was closed.\r\n\r\nSubject :\r\n\tSecurity ID:\t\tS-1-5-21-3940915590-64593676-1414006259-500\r\n\tAccount Name:\t\twardog\r\n\tAccount Domain:\t\tWORKSTATION5\r\n\tLogon ID:\t\t0xC61D9\r\n\r\nObject:\r\n\tObject Server:\t\tSecurity\r\n\tHandle ID:\t\t0x440\r\n\r\nProcess Information:\r\n\tProcess ID:\t\t0x2564\r\n\tProcess Name:\t\tC:\\Windows\\System32\\WindowsPowerShell\\v1.0\\powershell.exe"}
{"@timestamp":"2020-10-22T02:58:00.940Z","TimeCreated":"2020-10-22T02:58:00.940Z","SubjectLogonId":"0xc61d9","SubjectDomainName":"WORKSTATION5","ProviderGuid":"{54849625-5478-4994-a5ba-3e3b0328c30d}","SubjectUserSid":"S-1-5-21-3940915590-64593676-1414006259-500","SourceHandleId":"0x440","Level":"0","Channel":"Security","Task":"12807","TargetHandleId":"0x4378","SourceName":"Microsoft-Windows-Security-Auditing","Hostname":"WORKSTATION5","SourceProcessId":"0x2564","EventID":4690,"Keywords":"0x8020000000000000","TargetProcessId":"0x4","SubjectUserName":"wardog","Message":"An attempt was made to duplicate a handle to an object.\r\n\r\nSubject:\r\n\tSecurity ID:\t\tS-1-5-21-3940915590-64593676-1414006259-500\r\n\tAccount Name:\t\twardog\r\n\tAccount Domain:\t\tWORKSTATION5\r\n\tLogon ID:\t\t0xC61D9\r\n\r\nSource Handle Information:\r\n\tSource Handle ID:\t0x440\r\n\tSource Process ID:\t0x2564\r\n\r\nNew Handle Information:\r\n\tTarget Handle ID:\t0x4378\r\n\tTarget Process ID:\t0x4"}
{"@timestamp":"2020-10-22T02:58:00.940Z","TimeCreated":"2020-10-22T02:58:00.940Z","SubjectLogonId":"0xc61d9","SubjectDomainName":"WORKSTATION5","ProviderGuid":"{54849625-5478-4994-a5ba-3e3b0328c30d}","ObjectServer":"Security","HandleId":"0x4378","SubjectUserSid":"S-1-5-21-3940915590-64593676-1414006259-500","Level":"0","Channel":"Security","Task":"12801","SourceName":"Microsoft-Windows-Security-Auditing","Hostname":"WORKSTATION5","ProcessName":"C:\\Windows\\System32\\WindowsPowerShell\\v1.0\\powershell.exe","ProcessId":"0x2564","EventID":4658,"Keywords":"0x8020000000000000","SubjectUserName":"wardog","Message":"The handle to an object was closed.\r\n\r\nSubject :\r\n\tSecurity ID:\t\tS-1-5-21-3940915590-64593676-1414006259-500\r\n\tAccount Name:\t\twardog\r\n\tAccount Domain:\t\tWORKSTATION5\r\n\tLogon ID:\t\t0xC61D9\r\n\r\nObject:\r\n\tObject Server:\t\tSecurity\r\n\tHandle ID:\t\t0x4378\r\n\r\nProcess Information:\r\n\tProcess ID:\t\t0x2564\r\n\tProcess Name:\t\tC:\\Windows\\System32\\WindowsPowerShell\\v1.0\\powershell.exe"}
{"Keywords":"0x8020000000000000","Task":"12801","ObjectServer":"Security","TimeCreated":"2020-10-22T02:58:00.940Z","RestrictedSidCount":"0","SubjectUserSid":"S-1-5-21-3940915590-64593676-1414006259-500","ObjectName":"\\REGISTRY\\MACHINE\\SOFTWARE\\Microsoft\\.NETFramework","SubjectLogonId":"0xc61d9","ResourceAttributes":"-","PrivilegeList":"-","TransactionId":"{00000000-0000-0000-0000-000000000000}","AccessMask":"0x20019","SourceName":"Microsoft-Windows-Security-Auditing","SubjectDomainName":"WORKSTATION5","ObjectType":"Key","ProcessName":"C:\\Windows\\System32\\WindowsPowerShell\\v1.0\\powershell.exe","AccessReason":"-","ProcessId":"0x2564","SubjectUserName":"wardog","AccessList":"%%1538\n\t\t\t\t%%4432\n\t\t\t\t%%4435\n\t\t\t\t%%4436\n\t\t\t\t","@timestamp":"2020-10-22T02:58:00.940Z","HandleId":"0x440","Hostname":"WORKSTATION5","Channel":"Security","Level":"0","EventID":4656,"ProviderGuid":"{54849625-5478-4994-a5ba-3e3b0328c30d}","Message":"A handle to an object was requested.\r\n\r\nSubject:\r\n\tSecurity ID:\t\tS-1-5-21-3940915590-64593676-1414006259-500\r\n\tAccount Name:\t\twardog\r\n\tAccount Domain:\t\tWORKSTATION5\r\n\tLogon ID:\t\t0xC61D9\r\n\r\nObject:\r\n\tObject Server:\t\tSecurity\r\n\tObject Type:\t\tKey\r\n\tObject Name:\t\t\\REGISTRY\\MACHINE\\SOFTWARE\\Microsoft\\.NETFramework\r\n\tHandle ID:\t\t0x440\r\n\tResource Attributes:\t-\r\n\r\nProcess Information:\r\n\tProcess ID:\t\t0x2564\r\n\tProcess Name:\t\tC:\\Windows\\System32\\WindowsPowerShell\\v1.0\\powershell.exe\r\n\r\nAccess Request Information:\r\n\tTransaction ID:\t\t{00000000-0000-0000-0000-000000000000}\r\n\tAccesses:\t\tREAD_CONTROL\r\n\t\t\t\tQuery key value\r\n\t\t\t\tEnumerate sub-keys\r\n\t\t\t\tNotify about changes to keys\r\n\t\t\t\t\r\n\tAccess Reasons:\t\t-\r\n\tAccess Mask:\t\t0x20019\r\n\tPrivileges Used for Access Check:\t-\r\n\tRestricted SID Count:\t0"}
{"@timestamp":"2020-10-22T02:58:00.940Z","TimeCreated":"2020-10-22T02:58:00.940Z","SubjectLogonId":"0xc61d9","SubjectDomainName":"WORKSTATION5","ProviderGuid":"{54849625-5478-4994-a5ba-3e3b0328c30d}","ObjectServer":"Security","HandleId":"0x440","SubjectUserSid":"S-1-5-21-3940915590-64593676-1414006259-500","Level":"0","Channel":"Security","Task":"12801","SourceName":"Microsoft-Windows-Security-Auditing","Hostname":"WORKSTATION5","ProcessName":"C:\\Windows\\System32\\WindowsPowerShell\\v1.0\\powershell.exe","ProcessId":"0x2564","EventID":4658,"Keywords":"0x8020000000000000","SubjectUserName":"wardog","Message":"The handle to an object was closed.\r\n\r\nSubject :\r\n\tSecurity ID:\t\tS-1-5-21-3940915590-64593676-1414006259-500\r\n\tAccount Name:\t\twardog\r\n\tAccount Domain:\t\tWORKSTATION5\r\n\tLogon ID:\t\t0xC61D9\r\n\r\nObject:\r\n\tObject Server:\t\tSecurity\r\n\tHandle ID:\t\t0x440\r\n\r\nProcess Information:\r\n\tProcess ID:\t\t0x2564\r\n\tProcess Name:\t\tC:\\Windows\\System32\\WindowsPowerShell\\v1.0\\powershell.exe"}
{"@timestamp":"2020-10-22T02:58:00.940Z","TimeCreated":"2020-10-22T02:58:00.940Z","SubjectLogonId":"0xc61d9","SubjectDomainName":"WORKSTATION5","ProviderGuid":"{54849625-5478-4994-a5ba-3e3b0328c30d}","SubjectUserSid":"S-1-5-21-3940915590-64593676-1414006259-500","SourceHandleId":"0x440","Level":"0","Channel":"Security","Task":"12807","TargetHandleId":"0x4378","SourceName":"Microsoft-Windows-Security-Auditing","Hostname":"WORKSTATION5","SourceProcessId":"0x2564","EventID":4690,"Keywords":"0x8020000000000000","TargetProcessId":"0x4","SubjectUserName":"wardog","Message":"An attempt was made to duplicate a handle to an object.\r\n\r\nSubject:\r\n\tSecurity ID:\t\tS-1-5-21-3940915590-64593676-1414006259-500\r\n\tAccount Name:\t\twardog\r\n\tAccount Domain:\t\tWORKSTATION5\r\n\tLogon ID:\t\t0xC61D9\r\n\r\nSource Handle Information:\r\n\tSource Handle ID:\t0x440\r\n\tSource Process ID:\t0x2564\r\n\r\nNew Handle Information:\r\n\tTarget Handle ID:\t0x4378\r\n\tTarget Process ID:\t0x4"}
{"@timestamp":"2020-10-22T02:58:00.940Z","TimeCreated":"2020-10-22T02:58:00.940Z","SubjectLogonId":"0xc61d9","SubjectDomainName":"WORKSTATION5","ProviderGuid":"{54849625-5478-4994-a5ba-3e3b0328c30d}","ObjectServer":"Security","HandleId":"0x4378","SubjectUserSid":"S-1-5-21-3940915590-64593676-1414006259-500","Level":"0","Channel":"Security","Task":"12801","SourceName":"Microsoft-Windows-Security-Auditing","Hostname":"WORKSTATION5","ProcessName":"C:\\Windows\\System32\\WindowsPowerShell\\v1.0\\powershell.exe","ProcessId":"0x2564","EventID":4658,"Keywords":"0x8020000000000000","SubjectUserName":"wardog","Message":"The handle to an object was closed.\r\n\r\nSubject :\r\n\tSecurity ID:\t\tS-1-5-21-3940915590-64593676-1414006259-500\r\n\tAccount Name:\t\twardog\r\n\tAccount Domain:\t\tWORKSTATION5\r\n\tLogon ID:\t\t0xC61D9\r\n\r\nObject:\r\n\tObject Server:\t\tSecurity\r\n\tHandle ID:\t\t0x4378\r\n\r\nProcess Information:\r\n\tProcess ID:\t\t0x2564\r\n\tProcess Name:\t\tC:\\Windows\\System32\\WindowsPowerShell\\v1.0\\powershell.exe"}
{"Keywords":"0x8020000000000000","Task":"12801","ObjectServer":"Security","TimeCreated":"2020-10-22T02:58:00.940Z","RestrictedSidCount":"0","SubjectUserSid":"S-1-5-21-3940915590-64593676-1414006259-500","ObjectName":"\\REGISTRY\\MACHINE\\SOFTWARE\\Microsoft\\.NETFramework","SubjectLogonId":"0xc61d9","ResourceAttributes":"-","PrivilegeList":"-","TransactionId":"{00000000-0000-0000-0000-000000000000}","AccessMask":"0x20019","SourceName":"Microsoft-Windows-Security-Auditing","SubjectDomainName":"WORKSTATION5","ObjectType":"Key","ProcessName":"C:\\Windows\\System32\\WindowsPowerShell\\v1.0\\powershell.exe","AccessReason":"-","ProcessId":"0x2564","SubjectUserName":"wardog","AccessList":"%%1538\n\t\t\t\t%%4432\n\t\t\t\t%%4435\n\t\t\t\t%%4436\n\t\t\t\t","@timestamp":"2020-10-22T02:58:00.940Z","HandleId":"0x440","Hostname":"WORKSTATION5","Channel":"Security","Level":"0","EventID":4656,"ProviderGuid":"{54849625-5478-4994-a5ba-3e3b0328c30d}","Message":"A handle to an object was requested.\r\n\r\nSubject:\r\n\tSecurity ID:\t\tS-1-5-21-3940915590-64593676-1414006259-500\r\n\tAccount Name:\t\twardog\r\n\tAccount Domain:\t\tWORKSTATION5\r\n\tLogon ID:\t\t0xC61D9\r\n\r\nObject:\r\n\tObject Server:\t\tSecurity\r\n\tObject Type:\t\tKey\r\n\tObject Name:\t\t\\REGISTRY\\MACHINE\\SOFTWARE\\Microsoft\\.NETFramework\r\n\tHandle ID:\t\t0x440\r\n\tResource Attributes:\t-\r\n\r\nProcess Information:\r\n\tProcess ID:\t\t0x2564\r\n\tProcess Name:\t\tC:\\Windows\\System32\\WindowsPowerShell\\v1.0\\powershell.exe\r\n\r\nAccess Request Information:\r\n\tTransaction ID:\t\t{00000000-0000-0000-0000-000000000000}\r\n\tAccesses:\t\tREAD_CONTROL\r\n\t\t\t\tQuery key value\r\n\t\t\t\tEnumerate sub-keys\r\n\t\t\t\tNotify about changes to keys\r\n\t\t\t\t\r\n\tAccess Reasons:\t\t-\r\n\tAccess Mask:\t\t0x20019\r\n\tPrivileges Used for Access Check:\t-\r\n\tRestricted SID Count:\t0"}
{"@timestamp":"2020-10-22T02:58:00.940Z","TimeCreated":"2020-10-22T02:58:00.940Z","SubjectLogonId":"0xc61d9","SubjectDomainName":"WORKSTATION5","ProviderGuid":"{54849625-5478-4994-a5ba-3e3b0328c30d}","SubjectUserSid":"S-1-5-21-3940915590-64593676-1414006259-500","SourceHandleId":"0x444","Level":"0","Channel":"Security","Task":"12807","TargetHandleId":"0x4378","SourceName":"Microsoft-Windows-Security-Auditing","Hostname":"WORKSTATION5","SourceProcessId":"0x2564","EventID":4690,"Keywords":"0x8020000000000000","TargetProcessId":"0x4","SubjectUserName":"wardog","Message":"An attempt was made to duplicate a handle to an object.\r\n\r\nSubject:\r\n\tSecurity ID:\t\tS-1-5-21-3940915590-64593676-1414006259-500\r\n\tAccount Name:\t\twardog\r\n\tAccount Domain:\t\tWORKSTATION5\r\n\tLogon ID:\t\t0xC61D9\r\n\r\nSource Handle Information:\r\n\tSource Handle ID:\t0x444\r\n\tSource Process ID:\t0x2564\r\n\r\nNew Handle Information:\r\n\tTarget Handle ID:\t0x4378\r\n\tTarget Process ID:\t0x4"}
{"@timestamp":"2020-10-22T02:58:00.940Z","TimeCreated":"2020-10-22T02:58:00.940Z","SubjectLogonId":"0xc61d9","SubjectDomainName":"WORKSTATION5","ProviderGuid":"{54849625-5478-4994-a5ba-3e3b0328c30d}","ObjectServer":"Security","HandleId":"0x4378","SubjectUserSid":"S-1-5-21-3940915590-64593676-1414006259-500","Level":"0","Channel":"Security","Task":"12801","SourceName":"Microsoft-Windows-Security-Auditing","Hostname":"WORKSTATION5","ProcessName":"C:\\Windows\\System32\\WindowsPowerShell\\v1.0\\powershell.exe","ProcessId":"0x2564","EventID":4658,"Keywords":"0x8020000000000000","SubjectUserName":"wardog","Message":"The handle to an object was closed.\r\n\r\nSubject :\r\n\tSecurity ID:\t\tS-1-5-21-3940915590-64593676-1414006259-500\r\n\tAccount Name:\t\twardog\r\n\tAccount Domain:\t\tWORKSTATION5\r\n\tLogon ID:\t\t0xC61D9\r\n\r\nObject:\r\n\tObject Server:\t\tSecurity\r\n\tHandle ID:\t\t0x4378\r\n\r\nProcess Information:\r\n\tProcess ID:\t\t0x2564\r\n\tProcess Name:\t\tC:\\Windows\\System32\\WindowsPowerShell\\v1.0\\powershell.exe"}
{"Keywords":"0x8020000000000000","Task":"12801","ObjectServer":"Security","TimeCreated":"2020-10-22T02:58:00.940Z","RestrictedSidCount":"0","SubjectUserSid":"S-1-5-21-3940915590-64593676-1414006259-500","ObjectName":"\\REGISTRY\\MACHINE\\SOFTWARE\\Microsoft\\.NETFramework","SubjectLogonId":"0xc61d9","ResourceAttributes":"-","PrivilegeList":"-","TransactionId":"{00000000-0000-0000-0000-000000000000}","AccessMask":"0x20019","SourceName":"Microsoft-Windows-Security-Auditing","SubjectDomainName":"WORKSTATION5","ObjectType":"Key","ProcessName":"C:\\Windows\\System32\\WindowsPowerShell\\v1.0\\powershell.exe","AccessReason":"-","ProcessId":"0x2564","SubjectUserName":"wardog","AccessList":"%%1538\n\t\t\t\t%%4432\n\t\t\t\t%%4435\n\t\t\t\t%%4436\n\t\t\t\t","@timestamp":"2020-10-22T02:58:00.940Z","HandleId":"0x444","Hostname":"WORKSTATION5","Channel":"Security","Level":"0","EventID":4656,"ProviderGuid":"{54849625-5478-4994-a5ba-3e3b0328c30d}","Message":"A handle to an object was requested.\r\n\r\nSubject:\r\n\tSecurity ID:\t\tS-1-5-21-3940915590-64593676-1414006259-500\r\n\tAccount Name:\t\twardog\r\n\tAccount Domain:\t\tWORKSTATION5\r\n\tLogon ID:\t\t0xC61D9\r\n\r\nObject:\r\n\tObject Server:\t\tSecurity\r\n\tObject Type:\t\tKey\r\n\tObject Name:\t\t\\REGISTRY\\MACHINE\\SOFTWARE\\Microsoft\\.NETFramework\r\n\tHandle ID:\t\t0x444\r\n\tResource Attributes:\t-\r\n\r\nProcess Information:\r\n\tProcess ID:\t\t0x2564\r\n\tProcess Name:\t\tC:\\Windows\\System32\\WindowsPowerShell\\v1.0\\powershell.exe\r\n\r\nAccess Request Information:\r\n\tTransaction ID:\t\t{00000000-0000-0000-0000-000000000000}\r\n\tAccesses:\t\tREAD_CONTROL\r\n\t\t\t\tQuery key value\r\n\t\t\t\tEnumerate sub-keys\r\n\t\t\t\tNotify about changes to keys\r\n\t\t\t\t\r\n\tAccess Reasons:\t\t-\r\n\tAccess Mask:\t\t0x20019\r\n\tPrivileges Used for Access Check:\t-\r\n\tRestricted SID Count:\t0"}
{"@timestamp":"2020-10-22T02:58:00.940Z","TimeCreated":"2020-10-22T02:58:00.940Z","SubjectLogonId":"0xc61d9","SubjectDomainName":"WORKSTATION5","ProviderGuid":"{54849625-5478-4994-a5ba-3e3b0328c30d}","ObjectServer":"Security","HandleId":"0x444","SubjectUserSid":"S-1-5-21-3940915590-64593676-1414006259-500","Level":"0","Channel":"Security","Task":"12801","SourceName":"Microsoft-Windows-Security-Auditing","Hostname":"WORKSTATION5","ProcessName":"C:\\Windows\\System32\\WindowsPowerShell\\v1.0\\powershell.exe","ProcessId":"0x2564","EventID":4658,"Keywords":"0x8020000000000000","SubjectUserName":"wardog","Message":"The handle to an object was closed.\r\n\r\nSubject :\r\n\tSecurity ID:\t\tS-1-5-21-3940915590-64593676-1414006259-500\r\n\tAccount Name:\t\twardog\r\n\tAccount Domain:\t\tWORKSTATION5\r\n\tLogon ID:\t\t0xC61D9\r\n\r\nObject:\r\n\tObject Server:\t\tSecurity\r\n\tHandle ID:\t\t0x444\r\n\r\nProcess Information:\r\n\tProcess ID:\t\t0x2564\r\n\tProcess Name:\t\tC:\\Windows\\System32\\WindowsPowerShell\\v1.0\\powershell.exe"}
{"@timestamp":"2020-10-22T02:58:00.940Z","TimeCreated":"2020-10-22T02:58:00.940Z","SubjectLogonId":"0xc61d9","SubjectDomainName":"WORKSTATION5","ProviderGuid":"{54849625-5478-4994-a5ba-3e3b0328c30d}","SubjectUserSid":"S-1-5-21-3940915590-64593676-1414006259-500","SourceHandleId":"0x444","Level":"0","Channel":"Security","Task":"12807","TargetHandleId":"0x4378","SourceName":"Microsoft-Windows-Security-Auditing","Hostname":"WORKSTATION5","SourceProcessId":"0x2564","EventID":4690,"Keywords":"0x8020000000000000","TargetProcessId":"0x4","SubjectUserName":"wardog","Message":"An attempt was made to duplicate a handle to an object.\r\n\r\nSubject:\r\n\tSecurity ID:\t\tS-1-5-21-3940915590-64593676-1414006259-500\r\n\tAccount Name:\t\twardog\r\n\tAccount Domain:\t\tWORKSTATION5\r\n\tLogon ID:\t\t0xC61D9\r\n\r\nSource Handle Information:\r\n\tSource Handle ID:\t0x444\r\n\tSource Process ID:\t0x2564\r\n\r\nNew Handle Information:\r\n\tTarget Handle ID:\t0x4378\r\n\tTarget Process ID:\t0x4"}
{"@timestamp":"2020-10-22T02:58:00.941Z","TimeCreated":"2020-10-22T02:58:00.941Z","SubjectLogonId":"0xc61d9","SubjectDomainName":"WORKSTATION5","ProviderGuid":"{54849625-5478-4994-a5ba-3e3b0328c30d}","ObjectServer":"Security","HandleId":"0x4378","SubjectUserSid":"S-1-5-21-3940915590-64593676-1414006259-500","Level":"0","Channel":"Security","Task":"12801","SourceName":"Microsoft-Windows-Security-Auditing","Hostname":"WORKSTATION5","ProcessName":"C:\\Windows\\System32\\WindowsPowerShell\\v1.0\\powershell.exe","ProcessId":"0x2564","EventID":4658,"Keywords":"0x8020000000000000","SubjectUserName":"wardog","Message":"The handle to an object was closed.\r\n\r\nSubject :\r\n\tSecurity ID:\t\tS-1-5-21-3940915590-64593676-1414006259-500\r\n\tAccount Name:\t\twardog\r\n\tAccount Domain:\t\tWORKSTATION5\r\n\tLogon ID:\t\t0xC61D9\r\n\r\nObject:\r\n\tObject Server:\t\tSecurity\r\n\tHandle ID:\t\t0x4378\r\n\r\nProcess Information:\r\n\tProcess ID:\t\t0x2564\r\n\tProcess Name:\t\tC:\\Windows\\System32\\WindowsPowerShell\\v1.0\\powershell.exe"}
